#
# A fatal error has been detected by the Java Runtime Environment:
#
#  EXCEPTION_ACCESS_VIOLATION (0xc0000005) at pc=0x00007ffaf4f37690, pid=5360, tid=11008
#
# JRE version: Java(TM) SE Runtime Environment (8.0_25-b18) (build 1.8.0_25-b18)
# Java VM: Java HotSpot(TM) 64-Bit Server VM (25.25-b02 mixed mode windows-amd64 compressed oops)
# Problematic frame:
# C  [opencv_core341.dll+0x57690]
#
# Failed to write core dump. Minidumps are not enabled by default on client versions of Windows
#
# If you would like to submit a bug report, please visit:
#   http://bugreport.sun.com/bugreport/crash.jsp
# The crash happened outside the Java Virtual Machine in native code.
# See problematic frame for where to report the bug.
#

---------------  T H R E A D  ---------------

Current thread (0x000000000241b000):  JavaThread "main" [_thread_in_native, id=11008, stack(0x0000000002250000,0x0000000002350000)]

siginfo: ExceptionCode=0xc0000005, reading address 0x000000030c000000

Registers:
RAX=0x000000000016e358, RBX=0x000000000234eed0, RCX=0x000000000016e360, RDX=0x000000000016e360
RSP=0x000000000234ee70, RBP=0x0000000000002ee0, RSI=0x0000000000000bb8, RDI=0x000000030be00000
R8 =0x000000000001dc6c, R9 =0x000000030c000000, R10=0x0000000173a7a080, R11=0x00000001739fa082
R12=0x0000000000000005, R13=0x0000000000000000, R14=0x00000000000000ff, R15=0x00007ffaf4f3a880
RIP=0x00007ffaf4f37690, EFLAGS=0x0000000000010206

Top of Stack: (sp=0x000000000234ee70)
0x000000000234ee70:   0000000000000000 0000000000000000
0x000000000234ee80:   0000000000000003 00007ffaf4f3a8df
0x000000000234ee90:   000000000234eff0 00000000ffffffff
0x000000000234eea0:   0000000000000000 000000015241bc60
0x000000000234eeb0:   000000000234eed0 000001f4437f0000
0x000000000234eec0:   0000000100000000 0000000000000000
0x000000000234eed0:   000000000016e360 fffffffffffffffe
0x000000000234eee0:   0000000000000010 00007ffaf4f2e04d
0x000000000234eef0:   0000000000000000 000000000234f060
0x000000000234ef00:   000000015241bc60 000000000000006b
0x000000000234ef10:   00000001739fa080 0000000000000bb8
0x000000000234ef20:   000000000234ef68 000000000234ef88
0x000000000234ef30:   0016e3600234f000 0000000000000001
0x000000000234ef40:   0000000100002368 000000016eb85430
0x000000000234ef50:   000000000241b780 000001f4000003e8
0x000000000234ef60:   000000000241b000 000000010016e360 

Instructions: (pc=0x00007ffaf4f37690)
0x00007ffaf4f37670:   44 8d 40 08 4c 8b cf 49 c1 e8 03 4d 8d 53 fe 42
0x00007ffaf4f37680:   8d 14 c5 00 00 00 00 4a 8d 0c c5 00 00 00 00 90
0x00007ffaf4f37690:   41 0f 10 01 41 0f 10 49 10 49 83 c1 20 0f 59 c6
0x00007ffaf4f376a0:   0f 59 ce 0f 58 c5 0f 58 cd 66 0f 5b d0 66 0f 5b 


Register to memory mapping:

RAX=0x000000000016e358 is an unknown value
RBX=0x000000000234eed0 is pointing into the stack for thread: 0x000000000241b000
RCX=0x000000000016e360 is an unknown value
RDX=0x000000000016e360 is an unknown value
RSP=0x000000000234ee70 is pointing into the stack for thread: 0x000000000241b000
RBP=0x0000000000002ee0 is an unknown value
RSI=0x0000000000000bb8 is an unknown value
RDI=0x000000030be00000 is an unknown value
R8 =0x000000000001dc6c is an unknown value
R9 =0x000000030c000000 is an unknown value
R10=0x0000000173a7a080 is an unknown value
R11=0x00000001739fa082 is an unknown value
R12=0x0000000000000005 is an unknown value
R13=0x0000000000000000 is an unknown value
R14=0x00000000000000ff is an unknown value
R15=0x00007ffaf4f3a880 is an unknown value


Stack: [0x0000000002250000,0x0000000002350000],  sp=0x000000000234ee70,  free space=1019k
Native frames: (J=compiled Java code, j=interpreted, Vv=VM code, C=native code)
C  [opencv_core341.dll+0x57690]
C  [opencv_core341.dll+0x5a8df]
C  [opencv_core341.dll+0x4e04d]
C  [jniopencv_core.dll+0x450cf]
C  0x0000000002645b74

Java frames: (J=compiled Java code, j=interpreted, Vv=VM code)
j  org.bytedeco.javacpp.opencv_core$Mat.convertTo(Lorg/bytedeco/javacpp/opencv_core$Mat;IDD)V+0
j  org.deeplearning4j.rl4j.learning.HistoryProcessor.transform(Lorg/nd4j/linalg/api/ndarray/INDArray;)Lorg/nd4j/linalg/api/ndarray/INDArray;+66
j  org.deeplearning4j.rl4j.learning.HistoryProcessor.add(Lorg/nd4j/linalg/api/ndarray/INDArray;)V+2
j  org.deeplearning4j.rl4j.learning.Learning.initMdp(Lorg/deeplearning4j/rl4j/mdp/MDP;Lorg/deeplearning4j/rl4j/learning/IHistoryProcessor;)Lorg/deeplearning4j/rl4j/learning/Learning$InitMdp;+130
j  org.deeplearning4j.rl4j.policy.Policy.play(Lorg/deeplearning4j/rl4j/mdp/MDP;Lorg/deeplearning4j/rl4j/learning/IHistoryProcessor;)D+11
j  org.deeplearning4j.rl4j.learning.async.AsyncLearning.train()V+55
j  Main.main([Ljava/lang/String;)V+37
v  ~StubRoutines::call_stub

---------------  P R O C E S S  ---------------

Java Threads: ( => current thread )
  0x000000001aa98800 JavaThread "Thread-16" [_thread_in_native, id=9212, stack(0x00000001737f0000,0x00000001738f0000)]
  0x000000001aa94000 JavaThread "Thread-15" [_thread_in_Java, id=11552, stack(0x000000016e360000,0x000000016e460000)]
  0x000000001aa94800 JavaThread "NativeRandomDeallocator thread 0" daemon [_thread_blocked, id=8972, stack(0x000000016de60000,0x000000016df60000)]
  0x000000001aa97000 JavaThread "UniGC thread 5" daemon [_thread_blocked, id=7700, stack(0x0000000169c60000,0x0000000169d60000)]
  0x000000001aa97800 JavaThread "UniGC thread 4" daemon [_thread_blocked, id=6732, stack(0x00000001506c0000,0x00000001507c0000)]
  0x000000001aa99000 JavaThread "UniGC thread 3" daemon [_thread_blocked, id=1188, stack(0x0000000082090000,0x0000000082190000)]
  0x000000001aa95800 JavaThread "UniGC thread 2" daemon [_thread_blocked, id=11120, stack(0x0000000081f90000,0x0000000082090000)]
  0x000000001aa96000 JavaThread "UniGC thread 1" daemon [_thread_blocked, id=9912, stack(0x000000007fe40000,0x000000007ff40000)]
  0x000000001aa93000 JavaThread "UniGC thread 0" daemon [_thread_blocked, id=7608, stack(0x0000000052ab0000,0x0000000052bb0000)]
  0x000000001aa92800 JavaThread "ResourceGC thread 3" daemon [_thread_blocked, id=8408, stack(0x0000000033cb0000,0x0000000033db0000)]
  0x000000001a59b800 JavaThread "ResourceGC thread 2" daemon [_thread_blocked, id=8592, stack(0x0000000033bb0000,0x0000000033cb0000)]
  0x000000001a754000 JavaThread "ResourceGC thread 1" daemon [_thread_blocked, id=948, stack(0x0000000033ab0000,0x0000000033bb0000)]
  0x000000001a743000 JavaThread "ResourceGC thread 0" daemon [_thread_blocked, id=9756, stack(0x00000000339b0000,0x0000000033ab0000)]
  0x000000001a32d800 JavaThread "Workspace deallocator thread" daemon [_thread_blocked, id=10624, stack(0x00000000336b0000,0x00000000337b0000)]
  0x000000001a4b2800 JavaThread "JavaCPP Deallocator" daemon [_thread_blocked, id=8220, stack(0x0000000022380000,0x0000000022480000)]
  0x000000001a24d000 JavaThread "D3D Screen Updater" daemon [_thread_blocked, id=10128, stack(0x0000000021f10000,0x0000000022010000)]
  0x000000001a8a3800 JavaThread "AWT-EventQueue-0" [_thread_blocked, id=4564, stack(0x0000000021d00000,0x0000000021e00000)]
  0x000000001a41c800 JavaThread "AWT-Windows" daemon [_thread_in_native, id=6720, stack(0x000000001b370000,0x000000001b470000)]
  0x000000001a41a000 JavaThread "AWT-Shutdown" [_thread_blocked, id=172, stack(0x000000001b270000,0x000000001b370000)]
  0x000000001a417000 JavaThread "Java2D Disposer" daemon [_thread_blocked, id=10772, stack(0x000000001b170000,0x000000001b270000)]
  0x0000000019635800 JavaThread "Service Thread" daemon [_thread_blocked, id=2280, stack(0x0000000019ec0000,0x0000000019fc0000)]
  0x000000001959c000 JavaThread "C1 CompilerThread2" daemon [_thread_blocked, id=6096, stack(0x0000000019dc0000,0x0000000019ec0000)]
  0x0000000019599000 JavaThread "C2 CompilerThread1" daemon [_thread_blocked, id=10104, stack(0x0000000019cc0000,0x0000000019dc0000)]
  0x0000000019543000 JavaThread "C2 CompilerThread0" daemon [_thread_blocked, id=1108, stack(0x0000000019bc0000,0x0000000019cc0000)]
  0x000000001954b000 JavaThread "Monitor Ctrl-Break" daemon [_thread_in_native, id=5112, stack(0x0000000019ac0000,0x0000000019bc0000)]
  0x000000001734f000 JavaThread "Attach Listener" daemon [_thread_blocked, id=356, stack(0x00000000191c0000,0x00000000192c0000)]
  0x000000001734d800 JavaThread "Signal Dispatcher" daemon [_thread_blocked, id=11744, stack(0x00000000190c0000,0x00000000191c0000)]
  0x0000000017310800 JavaThread "Finalizer" daemon [_thread_blocked, id=3036, stack(0x0000000018bc0000,0x0000000018cc0000)]
  0x000000001730a000 JavaThread "Reference Handler" daemon [_thread_blocked, id=5496, stack(0x0000000018ac0000,0x0000000018bc0000)]
=>0x000000000241b000 JavaThread "main" [_thread_in_native, id=11008, stack(0x0000000002250000,0x0000000002350000)]

Other Threads:
  0x000000000250d800 VMThread [stack: 0x00000000189c0000,0x0000000018ac0000] [id=2880]
  0x0000000019676000 WatcherThread [stack: 0x0000000019fc0000,0x000000001a0c0000] [id=9508]

VM state:not at safepoint (normal execution)

VM Mutex/Monitor currently owned by a thread: None

Heap:
 PSYoungGen      total 426496K, used 28592K [0x00000000d6100000, 0x00000000f1100000, 0x0000000100000000)
  eden space 411648K, 6% used [0x00000000d6100000,0x00000000d7cec050,0x00000000ef300000)
  from space 14848K, 0% used [0x00000000f0280000,0x00000000f0280000,0x00000000f1100000)
  to   space 15360K, 0% used [0x00000000ef300000,0x00000000ef300000,0x00000000f0200000)
 ParOldGen       total 86016K, used 8437K [0x0000000082200000, 0x0000000087600000, 0x00000000d6100000)
  object space 86016K, 9% used [0x0000000082200000,0x0000000082a3d620,0x0000000087600000)
 Metaspace       used 26805K, capacity 26926K, committed 27264K, reserved 1073152K
  class space    used 2889K, capacity 2924K, committed 2944K, reserved 1048576K

Card table byte_map: [0x00000000119f0000,0x0000000011de0000] byte_map_base: 0x00000000115df000

Marking Bits: (ParMarkBitMap*) 0x00000000533bd490
 Begin Bits: [0x0000000012680000, 0x00000000145f8000)
 End Bits:   [0x00000000145f8000, 0x0000000016570000)

Polling page: 0x0000000000440000

CodeCache: size=245760Kb used=6351Kb max_used=6351Kb free=239408Kb
 bounds [0x0000000002630000, 0x0000000002c90000, 0x0000000011630000]
 total_blobs=2625 nmethods=1690 adapters=848
 compilation: enabled

Compilation events (10 events):
Event: 6.533 Thread 0x000000001959c000 1972       3       java.util.HashMap::clear (50 bytes)
Event: 6.533 Thread 0x000000001959c000 nmethod 1972 0x0000000002c3bc90 code [0x0000000002c3be00, 0x0000000002c3c1d0]
Event: 6.534 Thread 0x000000001959c000 1973       3       sun.nio.fs.WindowsPath::isAbsolute (26 bytes)
Event: 6.534 Thread 0x000000001959c000 nmethod 1973 0x0000000002c3b890 code [0x0000000002c3ba00, 0x0000000002c3bc10]
Event: 6.534 Thread 0x000000001959c000 1974       3       sun.nio.fs.WindowsPath::toWindowsPath (32 bytes)
Event: 6.534 Thread 0x000000001959c000 nmethod 1974 0x0000000002c3aa10 code [0x0000000002c3aba0, 0x0000000002c3b038]
Event: 6.534 Thread 0x000000001959c000 1976       3       sun.nio.fs.WindowsNativeDispatcher::asNativeBuffer (84 bytes)
Event: 6.535 Thread 0x000000001959c000 nmethod 1976 0x0000000002acc8d0 code [0x0000000002accac0, 0x0000000002acd3f8]
Event: 6.535 Thread 0x000000001959c000 1978   !   3       java.lang.ClassLoader::findNative (86 bytes)
Event: 6.535 Thread 0x000000001959c000 nmethod 1978 0x0000000002acbad0 code [0x0000000002acbc80, 0x0000000002acc538]

GC Heap History (10 events):
Event: 6.172 GC heap before
{Heap before GC invocations=47 (full 19):
 PSYoungGen      total 427008K, used 706K [0x00000000d6100000, 0x00000000f1200000, 0x0000000100000000)
  eden space 411648K, 0% used [0x00000000d6100000,0x00000000d6100000,0x00000000ef300000)
  from space 15360K, 4% used [0x00000000f0300000,0x00000000f03b0980,0x00000000f1200000)
  to   space 15872K, 0% used [0x00000000ef300000,0x00000000ef300000,0x00000000f0280000)
 ParOldGen       total 86016K, used 8476K [0x0000000082200000, 0x0000000087600000, 0x00000000d6100000)
  object space 86016K, 9% used [0x0000000082200000,0x0000000082a471e8,0x0000000087600000)
 Metaspace       used 25580K, capacity 25742K, committed 26112K, reserved 1073152K
  class space    used 2711K, capacity 2764K, committed 2816K, reserved 1048576K
Event: 6.226 GC heap after
Heap after GC invocations=47 (full 19):
 PSYoungGen      total 427008K, used 0K [0x00000000d6100000, 0x00000000f1200000, 0x0000000100000000)
  eden space 411648K, 0% used [0x00000000d6100000,0x00000000d6100000,0x00000000ef300000)
  from space 15360K, 0% used [0x00000000f0300000,0x00000000f0300000,0x00000000f1200000)
  to   space 15872K, 0% used [0x00000000ef300000,0x00000000ef300000,0x00000000f0280000)
 ParOldGen       total 86016K, used 8759K [0x0000000082200000, 0x0000000087600000, 0x00000000d6100000)
  object space 86016K, 10% used [0x0000000082200000,0x0000000082a8df08,0x0000000087600000)
 Metaspace       used 25580K, capacity 25742K, committed 26112K, reserved 1073152K
  class space    used 2711K, capacity 2764K, committed 2816K, reserved 1048576K
}
Event: 6.328 GC heap before
{Heap before GC invocations=48 (full 19):
 PSYoungGen      total 427008K, used 20627K [0x00000000d6100000, 0x00000000f1200000, 0x0000000100000000)
  eden space 411648K, 5% used [0x00000000d6100000,0x00000000d7524ca8,0x00000000ef300000)
  from space 15360K, 0% used [0x00000000f0300000,0x00000000f0300000,0x00000000f1200000)
  to   space 15872K, 0% used [0x00000000ef300000,0x00000000ef300000,0x00000000f0280000)
 ParOldGen       total 86016K, used 8759K [0x0000000082200000, 0x0000000087600000, 0x00000000d6100000)
  object space 86016K, 10% used [0x0000000082200000,0x0000000082a8df08,0x0000000087600000)
 Metaspace       used 26531K, capacity 26702K, committed 27008K, reserved 1073152K
  class space    used 2849K, capacity 2892K, committed 2944K, reserved 1048576K
Event: 6.329 GC heap after
Heap after GC invocations=48 (full 19):
 PSYoungGen      total 427520K, used 832K [0x00000000d6100000, 0x00000000f1200000, 0x0000000100000000)
  eden space 411648K, 0% used [0x00000000d6100000,0x00000000d6100000,0x00000000ef300000)
  from space 15872K, 5% used [0x00000000ef300000,0x00000000ef3d0000,0x00000000f0280000)
  to   space 15872K, 0% used [0x00000000f0280000,0x00000000f0280000,0x00000000f1200000)
 ParOldGen       total 86016K, used 8759K [0x0000000082200000, 0x0000000087600000, 0x00000000d6100000)
  object space 86016K, 10% used [0x0000000082200000,0x0000000082a8df08,0x0000000087600000)
 Metaspace       used 26531K, capacity 26702K, committed 27008K, reserved 1073152K
  class space    used 2849K, capacity 2892K, committed 2944K, reserved 1048576K
}
Event: 6.329 GC heap before
{Heap before GC invocations=49 (full 20):
 PSYoungGen      total 427520K, used 832K [0x00000000d6100000, 0x00000000f1200000, 0x0000000100000000)
  eden space 411648K, 0% used [0x00000000d6100000,0x00000000d6100000,0x00000000ef300000)
  from space 15872K, 5% used [0x00000000ef300000,0x00000000ef3d0000,0x00000000f0280000)
  to   space 15872K, 0% used [0x00000000f0280000,0x00000000f0280000,0x00000000f1200000)
 ParOldGen       total 86016K, used 8759K [0x0000000082200000, 0x0000000087600000, 0x00000000d6100000)
  object space 86016K, 10% used [0x0000000082200000,0x0000000082a8df08,0x0000000087600000)
 Metaspace       used 26531K, capacity 26702K, committed 27008K, reserved 1073152K
  class space    used 2849K, capacity 2892K, committed 2944K, reserved 1048576K
Event: 6.351 GC heap after
Heap after GC invocations=49 (full 20):
 PSYoungGen      total 427520K, used 0K [0x00000000d6100000, 0x00000000f1200000, 0x0000000100000000)
  eden space 411648K, 0% used [0x00000000d6100000,0x00000000d6100000,0x00000000ef300000)
  from space 15872K, 0% used [0x00000000ef300000,0x00000000ef300000,0x00000000f0280000)
  to   space 15872K, 0% used [0x00000000f0280000,0x00000000f0280000,0x00000000f1200000)
 ParOldGen       total 86016K, used 8775K [0x0000000082200000, 0x0000000087600000, 0x00000000d6100000)
  object space 86016K, 10% used [0x0000000082200000,0x0000000082a91f38,0x0000000087600000)
 Metaspace       used 26531K, capacity 26702K, committed 27008K, reserved 1073152K
  class space    used 2849K, capacity 2892K, committed 2944K, reserved 1048576K
}
Event: 6.452 GC heap before
{Heap before GC invocations=50 (full 20):
 PSYoungGen      total 427520K, used 32977K [0x00000000d6100000, 0x00000000f1200000, 0x0000000100000000)
  eden space 411648K, 8% used [0x00000000d6100000,0x00000000d81347e8,0x00000000ef300000)
  from space 15872K, 0% used [0x00000000ef300000,0x00000000ef300000,0x00000000f0280000)
  to   space 15872K, 0% used [0x00000000f0280000,0x00000000f0280000,0x00000000f1200000)
 ParOldGen       total 86016K, used 8775K [0x0000000082200000, 0x0000000087600000, 0x00000000d6100000)
  object space 86016K, 10% used [0x0000000082200000,0x0000000082a91f38,0x0000000087600000)
 Metaspace       used 26762K, capacity 26926K, committed 27264K, reserved 1073152K
  class space    used 2888K, capacity 2924K, committed 2944K, reserved 1048576K
Event: 6.452 GC heap after
Heap after GC invocations=50 (full 20):
 PSYoungGen      total 426496K, used 352K [0x00000000d6100000, 0x00000000f1100000, 0x0000000100000000)
  eden space 411648K, 0% used [0x00000000d6100000,0x00000000d6100000,0x00000000ef300000)
  from space 14848K, 2% used [0x00000000f0280000,0x00000000f02d8000,0x00000000f1100000)
  to   space 15360K, 0% used [0x00000000ef300000,0x00000000ef300000,0x00000000f0200000)
 ParOldGen       total 86016K, used 8775K [0x0000000082200000, 0x0000000087600000, 0x00000000d6100000)
  object space 86016K, 10% used [0x0000000082200000,0x0000000082a91f38,0x0000000087600000)
 Metaspace       used 26762K, capacity 26926K, committed 27264K, reserved 1073152K
  class space    used 2888K, capacity 2924K, committed 2944K, reserved 1048576K
}
Event: 6.452 GC heap before
{Heap before GC invocations=51 (full 21):
 PSYoungGen      total 426496K, used 352K [0x00000000d6100000, 0x00000000f1100000, 0x0000000100000000)
  eden space 411648K, 0% used [0x00000000d6100000,0x00000000d6100000,0x00000000ef300000)
  from space 14848K, 2% used [0x00000000f0280000,0x00000000f02d8000,0x00000000f1100000)
  to   space 15360K, 0% used [0x00000000ef300000,0x00000000ef300000,0x00000000f0200000)
 ParOldGen       total 86016K, used 8775K [0x0000000082200000, 0x0000000087600000, 0x00000000d6100000)
  object space 86016K, 10% used [0x0000000082200000,0x0000000082a91f38,0x0000000087600000)
 Metaspace       used 26762K, capacity 26926K, committed 27264K, reserved 1073152K
  class space    used 2888K, capacity 2924K, committed 2944K, reserved 1048576K
Event: 6.466 GC heap after
Heap after GC invocations=51 (full 21):
 PSYoungGen      total 426496K, used 0K [0x00000000d6100000, 0x00000000f1100000, 0x0000000100000000)
  eden space 411648K, 0% used [0x00000000d6100000,0x00000000d6100000,0x00000000ef300000)
  from space 14848K, 0% used [0x00000000f0280000,0x00000000f0280000,0x00000000f1100000)
  to   space 15360K, 0% used [0x00000000ef300000,0x00000000ef300000,0x00000000f0200000)
 ParOldGen       total 86016K, used 8437K [0x0000000082200000, 0x0000000087600000, 0x00000000d6100000)
  object space 86016K, 9% used [0x0000000082200000,0x0000000082a3d620,0x0000000087600000)
 Metaspace       used 26762K, capacity 26926K, committed 27264K, reserved 1073152K
  class space    used 2888K, capacity 2924K, committed 2944K, reserved 1048576K
}

Deoptimization events (10 events):
Event: 5.572 Thread 0x000000000241b000 Uncommon trap: reason=class_check action=maybe_recompile pc=0x0000000002a2c094 method=java.util.regex.Matcher.match(II)Z @ 86
Event: 5.572 Thread 0x000000000241b000 Uncommon trap: reason=class_check action=maybe_recompile pc=0x0000000002a787d8 method=org.reflections.util.FilterBuilder.apply(Ljava/lang/String;)Z @ 29
Event: 5.572 Thread 0x000000000241b000 Uncommon trap: reason=class_check action=maybe_recompile pc=0x0000000002a2c094 method=java.util.regex.Matcher.match(II)Z @ 86
Event: 5.572 Thread 0x000000000241b000 Uncommon trap: reason=unreached action=reinterpret pc=0x0000000002a00998 method=org.reflections.util.ConfigurationBuilder.getMetadataAdapter()Lorg/reflections/adapters/MetadataAdapter; @ 4
Event: 5.847 Thread 0x000000000241b000 Uncommon trap: reason=class_check action=maybe_recompile pc=0x0000000002aa9fd0 method=java.util.concurrent.ConcurrentHashMap.putVal(Ljava/lang/Object;Ljava/lang/Object;Z)Ljava/lang/Object; @ 192
Event: 5.852 Thread 0x000000000241b000 Uncommon trap: reason=class_check action=maybe_recompile pc=0x0000000002aa9fd0 method=java.util.concurrent.ConcurrentHashMap.putVal(Ljava/lang/Object;Ljava/lang/Object;Z)Ljava/lang/Object; @ 192
Event: 5.952 Thread 0x000000001a8a3800 Uncommon trap: reason=unreached action=reinterpret pc=0x0000000002ac38c8 method=java.util.HashMap$HashIterator.<init>(Ljava/util/HashMap;)V @ 38
Event: 5.954 Thread 0x000000001a8a3800 Uncommon trap: reason=unreached action=reinterpret pc=0x0000000002bc5838 method=java.util.HashMap$HashIterator.<init>(Ljava/util/HashMap;)V @ 38
Event: 6.092 Thread 0x000000000241b000 Uncommon trap: reason=unreached action=reinterpret pc=0x0000000002b16f48 method=java.lang.ThreadLocal$ThreadLocalMap.getEntry(Ljava/lang/ThreadLocal;)Ljava/lang/ThreadLocal$ThreadLocalMap$Entry; @ 29
Event: 6.092 Thread 0x000000000241b000 Uncommon trap: reason=unreached action=reinterpret pc=0x0000000002b2b904 method=java.lang.ThreadLocal$ThreadLocalMap.getEntry(Ljava/lang/ThreadLocal;)Ljava/lang/ThreadLocal$ThreadLocalMap$Entry; @ 29

Internal exceptions (10 events):
Event: 6.534 Thread 0x000000001aa98800 Exception <a 'sun/nio/fs/WindowsException'> (0x00000000d744b648) thrown at [D:\re\workspace\8-2-build-windows-amd64-cygwin\jdk8u25\1677\hotspot\src\share\vm\prims\jni.cpp, line 716]
Event: 6.534 Thread 0x000000001aa98800 Exception <a 'sun/nio/fs/WindowsException'> (0x00000000d744c840) thrown at [D:\re\workspace\8-2-build-windows-amd64-cygwin\jdk8u25\1677\hotspot\src\share\vm\prims\jni.cpp, line 716]
Event: 6.534 Thread 0x000000001aa98800 Exception <a 'sun/nio/fs/WindowsException'> (0x00000000d744da38) thrown at [D:\re\workspace\8-2-build-windows-amd64-cygwin\jdk8u25\1677\hotspot\src\share\vm\prims\jni.cpp, line 716]
Event: 6.534 Thread 0x000000001aa98800 Exception <a 'sun/nio/fs/WindowsException'> (0x00000000d744ec80) thrown at [D:\re\workspace\8-2-build-windows-amd64-cygwin\jdk8u25\1677\hotspot\src\share\vm\prims\jni.cpp, line 716]
Event: 6.534 Thread 0x000000001aa98800 Exception <a 'sun/nio/fs/WindowsException'> (0x00000000d744fec8) thrown at [D:\re\workspace\8-2-build-windows-amd64-cygwin\jdk8u25\1677\hotspot\src\share\vm\prims\jni.cpp, line 716]
Event: 6.534 Thread 0x000000001aa98800 Exception <a 'sun/nio/fs/WindowsException'> (0x00000000d7451160) thrown at [D:\re\workspace\8-2-build-windows-amd64-cygwin\jdk8u25\1677\hotspot\src\share\vm\prims\jni.cpp, line 716]
Event: 6.534 Thread 0x000000001aa98800 Exception <a 'sun/nio/fs/WindowsException'> (0x00000000d7452358) thrown at [D:\re\workspace\8-2-build-windows-amd64-cygwin\jdk8u25\1677\hotspot\src\share\vm\prims\jni.cpp, line 716]
Event: 6.534 Thread 0x000000001aa98800 Exception <a 'sun/nio/fs/WindowsException'> (0x00000000d74535e8) thrown at [D:\re\workspace\8-2-build-windows-amd64-cygwin\jdk8u25\1677\hotspot\src\share\vm\prims\jni.cpp, line 716]
Event: 6.534 Thread 0x000000001aa98800 Exception <a 'sun/nio/fs/WindowsException'> (0x00000000d7454830) thrown at [D:\re\workspace\8-2-build-windows-amd64-cygwin\jdk8u25\1677\hotspot\src\share\vm\prims\jni.cpp, line 716]
Event: 6.534 Thread 0x000000001aa98800 Exception <a 'sun/nio/fs/WindowsException'> (0x00000000d7455aa0) thrown at [D:\re\workspace\8-2-build-windows-amd64-cygwin\jdk8u25\1677\hotspot\src\share\vm\prims\jni.cpp, line 716]

Events (10 events):
Event: 6.386 Thread 0x000000001959c000 flushing nmethod 0x0000000002b4a890
Event: 6.394 Thread 0x0000000019543000 flushing nmethod 0x0000000002b99dd0
Event: 6.443 Thread 0x000000001aa98800 DEOPT PACKING pc=0x00000000029c6d13 sp=0x00000001738ed8f0
Event: 6.443 Thread 0x000000001aa98800 DEOPT UNPACKING pc=0x00000000026775bf sp=0x00000001738ed600 mode 0
Event: 6.452 Executing VM operation: ParallelGCSystemGC
Event: 6.466 Executing VM operation: ParallelGCSystemGC done
Event: 6.486 loading class org/bytedeco/javacpp/annotation/Namespace
Event: 6.486 loading class org/bytedeco/javacpp/annotation/Namespace done
Event: 6.509 Thread 0x000000001aa98800 DEOPT PACKING pc=0x0000000002b84988 sp=0x00000001738ee6e0
Event: 6.509 Thread 0x000000001aa98800 DEOPT UNPACKING pc=0x00000000026775bf sp=0x00000001738ee460 mode 0


Dynamic libraries:
0x00007ff7a7c90000 - 0x00007ff7a7cc4000 	C:\Program Files\jdk1.8.0_25\bin\java.exe
0x00007ffb365c0000 - 0x00007ffb36781000 	C:\Windows\SYSTEM32\ntdll.dll
0x00007ffb35a60000 - 0x00007ffb35b0d000 	C:\Windows\system32\KERNEL32.DLL
0x00007ffb32fd0000 - 0x00007ffb331b8000 	C:\Windows\system32\KERNELBASE.dll
0x00007ffb35350000 - 0x00007ffb353f7000 	C:\Windows\system32\ADVAPI32.dll
0x00007ffb36510000 - 0x00007ffb365ad000 	C:\Windows\system32\msvcrt.dll
0x00007ffb364a0000 - 0x00007ffb364fb000 	C:\Windows\system32\sechost.dll
0x00007ffb34f20000 - 0x00007ffb3503c000 	C:\Windows\system32\RPCRT4.dll
0x00007ffb35b70000 - 0x00007ffb35cc6000 	C:\Windows\system32\USER32.dll
0x00007ffb351c0000 - 0x00007ffb35346000 	C:\Windows\system32\GDI32.dll
0x00007ffb21dc0000 - 0x00007ffb22034000 	C:\Windows\WinSxS\amd64_microsoft.windows.common-controls_6595b64144ccf1df_6.0.10586.0_none_8c15ae12515e1c22\COMCTL32.dll
0x00007ffb35d40000 - 0x00007ffb35fbd000 	C:\Windows\system32\combase.dll
0x00007ffb331c0000 - 0x00007ffb3322a000 	C:\Windows\system32\bcryptPrimitives.dll
0x00007ffb35120000 - 0x00007ffb3515b000 	C:\Windows\system32\IMM32.DLL
0x0000000054040000 - 0x0000000054112000 	C:\Program Files\jdk1.8.0_25\jre\bin\msvcr100.dll
0x0000000052be0000 - 0x000000005343a000 	C:\Program Files\jdk1.8.0_25\jre\bin\server\jvm.dll
0x00007ffb36500000 - 0x00007ffb36508000 	C:\Windows\system32\PSAPI.DLL
0x00007ffb2e400000 - 0x00007ffb2e409000 	C:\Windows\SYSTEM32\WSOCK32.dll
0x00007ffb30f40000 - 0x00007ffb30f63000 	C:\Windows\SYSTEM32\WINMM.dll
0x00007ffb35cd0000 - 0x00007ffb35d3b000 	C:\Windows\system32\WS2_32.dll
0x00007ffb30ee0000 - 0x00007ffb30f0c000 	C:\Windows\SYSTEM32\WINMMBASE.dll
0x00007ffb33290000 - 0x00007ffb332d3000 	C:\Windows\system32\cfgmgr32.dll
0x0000000054030000 - 0x000000005403f000 	C:\Program Files\jdk1.8.0_25\jre\bin\verify.dll
0x0000000054000000 - 0x0000000054028000 	C:\Program Files\jdk1.8.0_25\jre\bin\java.dll
0x0000000053f30000 - 0x0000000053f53000 	C:\Program Files\jdk1.8.0_25\jre\bin\instrument.dll
0x0000000053fe0000 - 0x0000000053ff6000 	C:\Program Files\jdk1.8.0_25\jre\bin\zip.dll
0x00007ffb339c0000 - 0x00007ffb34f1f000 	C:\Windows\system32\SHELL32.dll
0x00007ffb33370000 - 0x00007ffb339b4000 	C:\Windows\system32\windows.storage.dll
0x00007ffb35400000 - 0x00007ffb35452000 	C:\Windows\system32\shlwapi.dll
0x00007ffb32c80000 - 0x00007ffb32c8f000 	C:\Windows\system32\kernel.appcore.dll
0x00007ffb32f10000 - 0x00007ffb32fc5000 	C:\Windows\system32\shcore.dll
0x00007ffb32c30000 - 0x00007ffb32c7b000 	C:\Windows\system32\powrprof.dll
0x00007ffb32c10000 - 0x00007ffb32c24000 	C:\Windows\system32\profapi.dll
0x00007ffb15730000 - 0x00007ffb1574a000 	C:\Program Files\JetBrains\IntelliJ IDEA Community Edition 2018.1.3\bin\breakgen64.dll
0x0000000053fc0000 - 0x0000000053fda000 	C:\Program Files\jdk1.8.0_25\jre\bin\net.dll
0x00007ffb32530000 - 0x00007ffb3258c000 	C:\Windows\system32\mswsock.dll
0x0000000053d90000 - 0x0000000053f28000 	C:\Program Files\jdk1.8.0_25\jre\bin\awt.dll
0x00007ffb35040000 - 0x00007ffb35101000 	C:\Windows\system32\OLEAUT32.dll
0x00007ffb313f0000 - 0x00007ffb31469000 	C:\Windows\system32\apphelp.dll
0x00007ffb30890000 - 0x00007ffb308b2000 	C:\Windows\system32\DWMAPI.DLL
0x00007ffb31510000 - 0x00007ffb315a6000 	C:\Windows\system32\uxtheme.dll
0x00007ffb35460000 - 0x00007ffb355ba000 	C:\Windows\system32\MSCTF.dll
0x00007ffb35910000 - 0x00007ffb35a53000 	C:\Windows\system32\ole32.dll
0x00007ffaf6f60000 - 0x00007ffaf7170000 	C:\Windows\system32\d3d9.dll
0x00007ffaf5d80000 - 0x00007ffaf6f57000 	C:\Windows\SYSTEM32\nvd3dumx.dll
0x00007ffb2ef40000 - 0x00007ffb2ef4a000 	C:\Windows\SYSTEM32\VERSION.dll
0x00007ffb16da0000 - 0x00007ffb17006000 	C:\Windows\system32\nvspcap64.dll
0x00007ffb32150000 - 0x00007ffb32181000 	C:\Windows\SYSTEM32\ntmarta.dll
0x0000000053d40000 - 0x0000000053d87000 	C:\Program Files\jdk1.8.0_25\jre\bin\fontmanager.dll
0x00007ffaf5c00000 - 0x00007ffaf5d7e000 	C:\Users\vlatkozelka\.javacpp\cache\cuda-9.1-7.1-1.4.1-windows-x86_64.jar\org\bytedeco\javacpp\windows-x86_64\jnicuda.dll
0x00007ffb05b80000 - 0x00007ffb068c3000 	C:\Windows\SYSTEM32\nvcuda.dll
0x00007ffb35fc0000 - 0x00007ffb363e9000 	C:\Windows\system32\SETUPAPI.dll
0x00007ffb038b0000 - 0x00007ffb03911000 	C:\Program Files\NVIDIA GPU Computing Toolkit\CUDA\v9.1\bin\cudart64_91.dll
0x00007ffb16190000 - 0x00007ffb162af000 	C:\Windows\SYSTEM32\nvfatbinaryLoader.dll
0x0000000053fa0000 - 0x0000000053fb1000 	C:\Program Files\jdk1.8.0_25\jre\bin\nio.dll
0x00007ffb2dec0000 - 0x00007ffb2e340000 	C:\Windows\system32\nvapi64.dll
0x00007ffb303a0000 - 0x00007ffb30442000 	C:\Windows\SYSTEM32\dxgi.dll
0x00007ffb31620000 - 0x00007ffb31647000 	C:\Windows\SYSTEM32\DEVOBJ.dll
0x00007ffb33230000 - 0x00007ffb33285000 	C:\Windows\system32\WINTRUST.dll
0x00007ffb32c00000 - 0x00007ffb32c10000 	C:\Windows\system32\MSASN1.dll
0x00007ffb32c90000 - 0x00007ffb32e57000 	C:\Windows\system32\CRYPT32.dll
0x00007ffb03520000 - 0x00007ffb035ea000 	C:\Users\vlatkozelka\.javacpp\cache\cuda-9.1-7.1-1.4.1-windows-x86_64.jar\org\bytedeco\javacpp\windows-x86_64\jnicublas.dll
0x00007ffaf1670000 - 0x00007ffaf492b000 	C:\Program Files\NVIDIA GPU Computing Toolkit\CUDA\v9.1\bin\cublas64_91.dll
0x00007ffac5760000 - 0x00007ffaeb909000 	C:\Users\vlatkozelka\.javacpp\cache\nd4j-cuda-9.1-1.0.0-alpha-windows-x86_64.jar\org\nd4j\nativeblas\windows-x86_64\nd4jcuda.dll
0x00007ffaf55b0000 - 0x00007ffaf5864000 	C:\Users\vlatkozelka\.javacpp\cache\nd4j-cuda-9.1-1.0.0-alpha-windows-x86_64.jar\org\nd4j\nativeblas\windows-x86_64\jnind4jcuda.dll
0x00007ffaf51f0000 - 0x00007ffaf5382000 	C:\Users\vlatkozelka\.javacpp\cache\cuda-9.1-7.1-1.4.1-windows-x86_64.jar\org\bytedeco\javacpp\windows-x86_64\jnicusparse.dll
0x00007ffac2380000 - 0x00007ffac575c000 	C:\Program Files\NVIDIA GPU Computing Toolkit\CUDA\v9.1\bin\cusparse64_91.dll
0x00007ffafb2a0000 - 0x00007ffafb36e000 	C:\Users\vlatkozelka\.javacpp\cache\cuda-9.1-7.1-1.4.1-windows-x86_64.jar\org\bytedeco\javacpp\windows-x86_64\jnicusolver.dll
0x00007ffabd040000 - 0x00007ffac2373000 	C:\Program Files\NVIDIA GPU Computing Toolkit\CUDA\v9.1\bin\cusolver64_91.dll
0x00007ffb325e0000 - 0x00007ffb325f7000 	C:\Windows\SYSTEM32\CRYPTSP.dll
0x00007ffb32270000 - 0x00007ffb322a4000 	C:\Windows\system32\rsaenh.dll
0x00007ffb32800000 - 0x00007ffb32829000 	C:\Windows\SYSTEM32\bcrypt.dll
0x00007ffb323c0000 - 0x00007ffb323df000 	C:\Windows\SYSTEM32\USERENV.dll
0x00007ffb32700000 - 0x00007ffb3270b000 	C:\Windows\SYSTEM32\CRYPTBASE.dll
0x00007ffb2f1e0000 - 0x00007ffb2f218000 	C:\Windows\SYSTEM32\IPHLPAPI.DLL
0x00007ffb365b0000 - 0x00007ffb365b8000 	C:\Windows\system32\NSI.dll
0x00007ffb2f0b0000 - 0x00007ffb2f0c6000 	C:\Windows\SYSTEM32\dhcpcsvc6.DLL
0x00007ffb2f160000 - 0x00007ffb2f17a000 	C:\Windows\SYSTEM32\dhcpcsvc.DLL
0x00007ffb03ea0000 - 0x00007ffb03ef1000 	C:\Users\vlatkozelka\.javacpp\cache\hdf5-1.10.1-1.4.1-windows-x86_64.jar\org\bytedeco\javacpp\windows-x86_64\concrt140.dll
0x00007ffb03730000 - 0x00007ffb037cc000 	C:\Windows\SYSTEM32\MSVCP140.dll
0x00007ffb14430000 - 0x00007ffb14446000 	C:\Windows\SYSTEM32\VCRUNTIME140.dll
0x00007ffb31da0000 - 0x00007ffb31e94000 	C:\Windows\SYSTEM32\ucrtbase.dll
0x00007ffafd280000 - 0x00007ffafd31d000 	C:\Users\vlatkozelka\.javacpp\cache\hdf5-1.10.1-1.4.1-windows-x86_64.jar\org\bytedeco\javacpp\windows-x86_64\msvcp140.dll
0x00007ffb04c20000 - 0x00007ffb04c37000 	C:\Users\vlatkozelka\.javacpp\cache\hdf5-1.10.1-1.4.1-windows-x86_64.jar\org\bytedeco\javacpp\windows-x86_64\vcruntime140.dll
0x0000000022ee0000 - 0x0000000022ee3000 	C:\Users\vlatkozelka\.javacpp\cache\hdf5-1.10.1-1.4.1-windows-x86_64.jar\org\bytedeco\javacpp\windows-x86_64\api-ms-win-crt-locale-l1-1-0.dll
0x0000000022ef0000 - 0x0000000022ef4000 	C:\Users\vlatkozelka\.javacpp\cache\hdf5-1.10.1-1.4.1-windows-x86_64.jar\org\bytedeco\javacpp\windows-x86_64\api-ms-win-crt-string-l1-1-0.dll
0x000000002e6b0000 - 0x000000002e6b4000 	C:\Users\vlatkozelka\.javacpp\cache\hdf5-1.10.1-1.4.1-windows-x86_64.jar\org\bytedeco\javacpp\windows-x86_64\api-ms-win-crt-stdio-l1-1-0.dll
0x000000002e6c0000 - 0x000000002e6c5000 	C:\Users\vlatkozelka\.javacpp\cache\hdf5-1.10.1-1.4.1-windows-x86_64.jar\org\bytedeco\javacpp\windows-x86_64\api-ms-win-crt-math-l1-1-0.dll
0x000000002e6d0000 - 0x000000002e6d3000 	C:\Users\vlatkozelka\.javacpp\cache\hdf5-1.10.1-1.4.1-windows-x86_64.jar\org\bytedeco\javacpp\windows-x86_64\api-ms-win-crt-heap-l1-1-0.dll
0x000000002e6e0000 - 0x000000002e6e4000 	C:\Users\vlatkozelka\.javacpp\cache\hdf5-1.10.1-1.4.1-windows-x86_64.jar\org\bytedeco\javacpp\windows-x86_64\api-ms-win-crt-runtime-l1-1-0.dll
0x000000002e6f0000 - 0x000000002e6f4000 	C:\Users\vlatkozelka\.javacpp\cache\hdf5-1.10.1-1.4.1-windows-x86_64.jar\org\bytedeco\javacpp\windows-x86_64\api-ms-win-crt-convert-l1-1-0.dll
0x000000002e700000 - 0x000000002e703000 	C:\Users\vlatkozelka\.javacpp\cache\hdf5-1.10.1-1.4.1-windows-x86_64.jar\org\bytedeco\javacpp\windows-x86_64\api-ms-win-crt-environment-l1-1-0.dll
0x000000002e710000 - 0x000000002e713000 	C:\Users\vlatkozelka\.javacpp\cache\hdf5-1.10.1-1.4.1-windows-x86_64.jar\org\bytedeco\javacpp\windows-x86_64\api-ms-win-crt-time-l1-1-0.dll
0x000000002e720000 - 0x000000002e723000 	C:\Users\vlatkozelka\.javacpp\cache\hdf5-1.10.1-1.4.1-windows-x86_64.jar\org\bytedeco\javacpp\windows-x86_64\api-ms-win-crt-filesystem-l1-1-0.dll
0x0000000033eb0000 - 0x0000000033eb3000 	C:\Users\vlatkozelka\.javacpp\cache\hdf5-1.10.1-1.4.1-windows-x86_64.jar\org\bytedeco\javacpp\windows-x86_64\api-ms-win-crt-utility-l1-1-0.dll
0x0000000033ec0000 - 0x0000000033ec5000 	C:\Users\vlatkozelka\.javacpp\cache\hdf5-1.10.1-1.4.1-windows-x86_64.jar\org\bytedeco\javacpp\windows-x86_64\api-ms-win-crt-multibyte-l1-1-0.dll
0x00007ffaf4ee0000 - 0x00007ffaf51e4000 	C:\Users\vlatkozelka\.javacpp\cache\opencv-3.4.1-1.4.1-windows-x86_64.jar\org\bytedeco\javacpp\windows-x86_64\opencv_core341.dll
0x00007ffaf0eb0000 - 0x00007ffaf12b5000 	C:\Users\vlatkozelka\.javacpp\cache\opencv-3.4.1-1.4.1-windows-x86_64.jar\org\bytedeco\javacpp\windows-x86_64\opencv_imgproc341.dll
0x00007ffabccb0000 - 0x00007ffabd03e000 	C:\Users\vlatkozelka\.javacpp\cache\opencv-3.4.1-1.4.1-windows-x86_64.jar\org\bytedeco\javacpp\windows-x86_64\jniopencv_core.dll
0x00007ffb2c1c0000 - 0x00007ffb2c34c000 	C:\Windows\SYSTEM32\dbghelp.dll

VM Arguments:
jvm_args: -javaagent:C:\Program Files\JetBrains\IntelliJ IDEA Community Edition 2018.1.3\lib\idea_rt.jar=58445:C:\Program Files\JetBrains\IntelliJ IDEA Community Edition 2018.1.3\bin -Dfile.encoding=UTF-8 
java_command: Main
java_class_path (initial): C:\Program Files\jdk1.8.0_25\jre\lib\charsets.jar;C:\Program Files\jdk1.8.0_25\jre\lib\deploy.jar;C:\Program Files\jdk1.8.0_25\jre\lib\ext\access-bridge-64.jar;C:\Program Files\jdk1.8.0_25\jre\lib\ext\cldrdata.jar;C:\Program Files\jdk1.8.0_25\jre\lib\ext\comm.jar;C:\Program Files\jdk1.8.0_25\jre\lib\ext\dnsns.jar;C:\Program Files\jdk1.8.0_25\jre\lib\ext\jaccess.jar;C:\Program Files\jdk1.8.0_25\jre\lib\ext\jfxrt.jar;C:\Program Files\jdk1.8.0_25\jre\lib\ext\localedata.jar;C:\Program Files\jdk1.8.0_25\jre\lib\ext\nashorn.jar;C:\Program Files\jdk1.8.0_25\jre\lib\ext\sunec.jar;C:\Program Files\jdk1.8.0_25\jre\lib\ext\sunjce_provider.jar;C:\Program Files\jdk1.8.0_25\jre\lib\ext\sunmscapi.jar;C:\Program Files\jdk1.8.0_25\jre\lib\ext\sunpkcs11.jar;C:\Program Files\jdk1.8.0_25\jre\lib\ext\zipfs.jar;C:\Program Files\jdk1.8.0_25\jre\lib\javaws.jar;C:\Program Files\jdk1.8.0_25\jre\lib\jce.jar;C:\Program Files\jdk1.8.0_25\jre\lib\jfr.jar;C:\Program Files\jdk1.8.0_25\jre\lib\jfxswt.jar;C:\Program Files\jdk1.8.0_25\jre\lib\jsse.jar;C:\Program Files\jdk1.8.0_25\jre\lib\management-agent.jar;C:\Program Files\jdk1.8.0_25\jre\lib\plugin.jar;C:\Program Files\jdk1.8.0_25\jre\lib\resources.jar;C:\Program Files\jdk1.8.0_25\jre\lib\rt.jar;C:\Users\vlatkozelka\IdeaProjects\MNIST\AI\out\production\classes;C:\Users\vlatkozelka\IdeaProjects\MNIST\AI\libs\gym-java-client-1.0.0-SNAPSHOT-javadoc.jar;C:\Users\vlatkozelka\IdeaProjects\MNIST\AI\libs\gym-java-client-1.0.0-SNAPSHOT-sources.jar;C:\Users\vlatkozelka\IdeaProjects\MNIST\AI\libs\rl4j-core-1.0.0-SNAPSHOT-sources.jar;C:\Users\vlatkozelka\IdeaProjects\MNIST\AI\libs\rl4j-api-1.0.0-SNAPSHOT.jar;C:\Users\vlatkozelka\IdeaProjects\MNIST\AI\libs\rl4j-core-1.0.0-SNAPSHOT-javadoc.jar;C:\Users\vlatkozelka\IdeaProjects\MNIST\AI\libs\rl4j-core-1.0.0-SNAPSHOT.jar;C:\Users\vlatkozelka\IdeaProjects\MNIST\AI\libs\rl4j-api-1.0.0-SNAPSHOT-javadoc.jar;C:\Users\vlatkozelka\IdeaProjects\MNIST\AI\libs\rl4j-api-1.0.0-SNAPSHOT-sources.ja
Launcher Type: SUN_STANDARD

Environment Variables:
JAVA_HOME=C:\Program Files\jdk1.8.0_25
PATH=C:\Program Files\NVIDIA GPU Computing Toolkit\CUDA\v8.0\bin;C:\Program Files\NVIDIA GPU Computing Toolkit\CUDA\v8.0\libnvvp;C:\Program Files\NVIDIA GPU Computing Toolkit\CUDA\v9.1\bin;C:\Program Files\NVIDIA GPU Computing Toolkit\CUDA\v9.1\libnvvp;C:\Program Files (x86)\NVIDIA Corporation\PhysX\Common;C:\ProgramData\Oracle\Java\javapath;C:\Program Files (x86)\Intel\iCLS Client\;C:\Program Files\Intel\iCLS Client\;C:\Windows\system32;C:\Windows;C:\Windows\System32\Wbem;C:\Windows\System32\WindowsPowerShell\v1.0\;C:\Program Files\jdk1.8.0_25\bin;C:\Program Files\Git\cmd;C:\Program Files\Intel\Intel(R) Management Engine Components\DAL;C:\Program Files (x86)\Intel\Intel(R) Management Engine Components\DAL;C:\Program Files\Intel\Intel(R) Management Engine Components\IPT;C:\wamp\bin\php\php5.5.12;C:\Users\vlatkozelka\AppData\Local\Android\Sdk\platform-tools;C:\Program Files (x86)\GtkSharp\2.12\bin;C:\Program Files\Microsoft SQL Server\Client SDK\ODBC\110\Tools\Binn\;C:\Program Files (x86)\Microsoft SQL Server\120\Tools\Binn\;C:\Program Files\Microsoft SQL Server\120\Tools\Binn\;C:\Program Files\Microsoft SQL Server\120\DTS\Binn\;C:\FFmpeg install\ffmpeg-20141115-git-933eca9-win64-static\bin;C:\Program Files\MATLAB\R2016a\runtime\win64;C:\Program Files\MATLAB\R2016a\bin;C:\Program Files\MATLAB\R2016a\polyspace\bin;C:\Program Files (x86)\IVI Foundation\VISA\WinNT\Bin;C:\Python;C:\Program Files\PuTTY\;C:\Program Files\nodejs\;C:\xianyi-OpenBLAS-6d2da63\;C:\Users\vlatkozelka\AppData\Local\Programs\Python\Launcher\;C:\Users\vlatkozelka\AppData\Roaming\Composer\vendor\bin;C:\Users\vlatkozelka\AppData\Roaming\npm
USERNAME=vlatkozelka
OS=Windows_NT
PROCESSOR_IDENTIFIER=Intel64 Family 6 Model 158 Stepping 10, GenuineIntel



---------------  S Y S T E M  ---------------

OS: Windows 8.1 , 64 bit Build 9600 

CPU:total 6 (6 cores per cpu, 1 threads per core) family 6 model 158 stepping 10, cmov, cx8, fxsr, mmx, sse, sse2, sse3, ssse3, sse4.1, sse4.2, popcnt, avx, avx2, aes, clmul, erms, rtm, lzcnt, tsc, tscinvbit, bmi1, bmi2

Memory: 4k page, physical 8247256k(1048432k free), swap 17463256k(3131844k free)

vm_info: Java HotSpot(TM) 64-Bit Server VM (25.25-b02) for windows-amd64 JRE (1.8.0_25-b18), built on Oct  7 2014 14:25:37 by "java_re" with MS VC++ 10.0 (VS2010)

time: Wed May 16 02:37:37 2018
elapsed time: 6 seconds (0d 0h 0m 6s)

