#
# A fatal error has been detected by the Java Runtime Environment:
#
#  EXCEPTION_ACCESS_VIOLATION (0xc0000005) at pc=0x00007ffaf4f37690, pid=11624, tid=9588
#
# JRE version: Java(TM) SE Runtime Environment (8.0_25-b18) (build 1.8.0_25-b18)
# Java VM: Java HotSpot(TM) 64-Bit Server VM (25.25-b02 mixed mode windows-amd64 compressed oops)
# Problematic frame:
# C  [opencv_core341.dll+0x57690]
#
# Failed to write core dump. Minidumps are not enabled by default on client versions of Windows
#
# If you would like to submit a bug report, please visit:
#   http://bugreport.sun.com/bugreport/crash.jsp
# The crash happened outside the Java Virtual Machine in native code.
# See problematic frame for where to report the bug.
#

---------------  T H R E A D  ---------------

Current thread (0x000000000239b000):  JavaThread "main" [_thread_in_native, id=9588, stack(0x0000000002290000,0x0000000002390000)]

siginfo: ExceptionCode=0xc0000005, reading address 0x000000030c000000

Registers:
RAX=0x000000000016e358, RBX=0x000000000238ef30, RCX=0x000000000016e360, RDX=0x000000000016e360
RSP=0x000000000238eed0, RBP=0x0000000000002ee0, RSI=0x0000000000000bb8, RDI=0x000000030be00000
R8 =0x000000000001dc6c, R9 =0x000000030c000000, R10=0x00000001713fe080, R11=0x000000017137e082
R12=0x0000000000000005, R13=0x0000000000000000, R14=0x00000000000000ff, R15=0x00007ffaf4f3a880
RIP=0x00007ffaf4f37690, EFLAGS=0x0000000000010206

Top of Stack: (sp=0x000000000238eed0)
0x000000000238eed0:   0000000000000000 0000000000000000
0x000000000238eee0:   0000000000000003 00007ffaf4f3a8df
0x000000000238eef0:   000000000238f050 00000000ffffffff
0x000000000238ef00:   0000000000000000 00000001515a0c10
0x000000000238ef10:   000000000238ef30 000001f4437f0000
0x000000000238ef20:   0000000100000000 0000000000000000
0x000000000238ef30:   000000000016e360 fffffffffffffffe
0x000000000238ef40:   0000000000000010 00007ffaf4f2e04d
0x000000000238ef50:   0000000000000000 000000000238f0c0
0x000000000238ef60:   00000001515a0c10 000000000000006b
0x000000000238ef70:   000000017137e080 0000000000000bb8
0x000000000238ef80:   000000000238efc8 000000000238efe8
0x000000000238ef90:   0016e3600238f000 0000000000000001
0x000000000238efa0:   0000000100002368 000000001af43ef0
0x000000000238efb0:   000000000239b780 000001f4000003e8
0x000000000238efc0:   000000000239b000 000000010016e360 

Instructions: (pc=0x00007ffaf4f37690)
0x00007ffaf4f37670:   44 8d 40 08 4c 8b cf 49 c1 e8 03 4d 8d 53 fe 42
0x00007ffaf4f37680:   8d 14 c5 00 00 00 00 4a 8d 0c c5 00 00 00 00 90
0x00007ffaf4f37690:   41 0f 10 01 41 0f 10 49 10 49 83 c1 20 0f 59 c6
0x00007ffaf4f376a0:   0f 59 ce 0f 58 c5 0f 58 cd 66 0f 5b d0 66 0f 5b 


Register to memory mapping:

RAX=0x000000000016e358 is an unknown value
RBX=0x000000000238ef30 is pointing into the stack for thread: 0x000000000239b000
RCX=0x000000000016e360 is an unknown value
RDX=0x000000000016e360 is an unknown value
RSP=0x000000000238eed0 is pointing into the stack for thread: 0x000000000239b000
RBP=0x0000000000002ee0 is an unknown value
RSI=0x0000000000000bb8 is an unknown value
RDI=0x000000030be00000 is an unknown value
R8 =0x000000000001dc6c is an unknown value
R9 =0x000000030c000000 is an unknown value
R10=0x00000001713fe080 is an unknown value
R11=0x000000017137e082 is an unknown value
R12=0x0000000000000005 is an unknown value
R13=0x0000000000000000 is an unknown value
R14=0x00000000000000ff is an unknown value
R15=0x00007ffaf4f3a880 is an unknown value


Stack: [0x0000000002290000,0x0000000002390000],  sp=0x000000000238eed0,  free space=1019k
Native frames: (J=compiled Java code, j=interpreted, Vv=VM code, C=native code)
C  [opencv_core341.dll+0x57690]
C  [opencv_core341.dll+0x5a8df]
C  [opencv_core341.dll+0x4e04d]
C  [jniopencv_core.dll+0x450cf]
C  0x0000000002655b74

Java frames: (J=compiled Java code, j=interpreted, Vv=VM code)
j  org.bytedeco.javacpp.opencv_core$Mat.convertTo(Lorg/bytedeco/javacpp/opencv_core$Mat;IDD)V+0
j  org.deeplearning4j.rl4j.learning.HistoryProcessor.transform(Lorg/nd4j/linalg/api/ndarray/INDArray;)Lorg/nd4j/linalg/api/ndarray/INDArray;+66
j  org.deeplearning4j.rl4j.learning.HistoryProcessor.add(Lorg/nd4j/linalg/api/ndarray/INDArray;)V+2
j  org.deeplearning4j.rl4j.learning.Learning.initMdp(Lorg/deeplearning4j/rl4j/mdp/MDP;Lorg/deeplearning4j/rl4j/learning/IHistoryProcessor;)Lorg/deeplearning4j/rl4j/learning/Learning$InitMdp;+130
j  org.deeplearning4j.rl4j.policy.Policy.play(Lorg/deeplearning4j/rl4j/mdp/MDP;Lorg/deeplearning4j/rl4j/learning/IHistoryProcessor;)D+11
j  org.deeplearning4j.rl4j.learning.async.AsyncLearning.train()V+55
j  Main.main([Ljava/lang/String;)V+37
v  ~StubRoutines::call_stub

---------------  P R O C E S S  ---------------

Java Threads: ( => current thread )
  0x000000001a4f0800 JavaThread "Thread-16" [_thread_in_native, id=4520, stack(0x00000001710f0000,0x00000001711f0000)]
  0x000000001a4f6000 JavaThread "Thread-15" [_thread_in_Java, id=8772, stack(0x000000016ded0000,0x000000016dfd0000)]
  0x000000001a4f4800 JavaThread "NativeRandomDeallocator thread 0" daemon [_thread_blocked, id=3900, stack(0x0000000150e20000,0x0000000150f20000)]
  0x000000001a4f3800 JavaThread "UniGC thread 5" daemon [_thread_blocked, id=11696, stack(0x0000000150c20000,0x0000000150d20000)]
  0x000000001a4e7800 JavaThread "UniGC thread 4" daemon [_thread_blocked, id=9560, stack(0x0000000150b20000,0x0000000150c20000)]
  0x000000001a4ee800 JavaThread "UniGC thread 3" daemon [_thread_blocked, id=1120, stack(0x0000000150a20000,0x0000000150b20000)]
  0x000000001a4ed800 JavaThread "UniGC thread 2" daemon [_thread_blocked, id=7124, stack(0x000000014a190000,0x000000014a290000)]
  0x000000001a4ed000 JavaThread "UniGC thread 1" daemon [_thread_blocked, id=10608, stack(0x000000014a090000,0x000000014a190000)]
  0x000000001a4ec000 JavaThread "UniGC thread 0" daemon [_thread_blocked, id=6920, stack(0x000000003c2b0000,0x000000003c3b0000)]
  0x000000001a4eb800 JavaThread "ResourceGC thread 3" daemon [_thread_blocked, id=4168, stack(0x0000000037680000,0x0000000037780000)]
  0x000000001a4e9000 JavaThread "ResourceGC thread 2" daemon [_thread_blocked, id=8520, stack(0x0000000037580000,0x0000000037680000)]
  0x000000001a4ea000 JavaThread "ResourceGC thread 1" daemon [_thread_blocked, id=2216, stack(0x0000000037480000,0x0000000037580000)]
  0x000000001a4ea800 JavaThread "ResourceGC thread 0" daemon [_thread_blocked, id=8780, stack(0x0000000037380000,0x0000000037480000)]
  0x000000001a4e8800 JavaThread "Workspace deallocator thread" daemon [_thread_blocked, id=11984, stack(0x0000000030b40000,0x0000000030c40000)]
  0x0000000017363000 JavaThread "JavaCPP Deallocator" daemon [_thread_blocked, id=9544, stack(0x0000000022400000,0x0000000022500000)]
  0x0000000017360000 JavaThread "D3D Screen Updater" daemon [_thread_blocked, id=5212, stack(0x0000000022110000,0x0000000022210000)]
  0x0000000017361800 JavaThread "AWT-EventQueue-0" [_thread_blocked, id=464, stack(0x0000000021d00000,0x0000000021e00000)]
  0x000000001735f000 JavaThread "AWT-Windows" daemon [_thread_in_native, id=7196, stack(0x000000001b440000,0x000000001b540000)]
  0x0000000017362000 JavaThread "AWT-Shutdown" [_thread_blocked, id=10772, stack(0x000000001b340000,0x000000001b440000)]
  0x000000001735e800 JavaThread "Java2D Disposer" daemon [_thread_blocked, id=5112, stack(0x000000001b180000,0x000000001b280000)]
  0x0000000017360800 JavaThread "Service Thread" daemon [_thread_blocked, id=12276, stack(0x0000000019ed0000,0x0000000019fd0000)]
  0x00000000195af000 JavaThread "C1 CompilerThread2" daemon [_thread_blocked, id=9000, stack(0x0000000019dd0000,0x0000000019ed0000)]
  0x00000000195ac000 JavaThread "C2 CompilerThread1" daemon [_thread_blocked, id=10720, stack(0x0000000019cd0000,0x0000000019dd0000)]
  0x0000000019559000 JavaThread "C2 CompilerThread0" daemon [_thread_blocked, id=7468, stack(0x0000000019bd0000,0x0000000019cd0000)]
  0x000000001735d800 JavaThread "Monitor Ctrl-Break" daemon [_thread_in_native, id=7600, stack(0x0000000019ad0000,0x0000000019bd0000)]
  0x0000000017364800 JavaThread "Attach Listener" daemon [_thread_blocked, id=10288, stack(0x0000000018dd0000,0x0000000018ed0000)]
  0x0000000017363800 JavaThread "Signal Dispatcher" daemon [_thread_blocked, id=8248, stack(0x0000000018cd0000,0x0000000018dd0000)]
  0x000000000248d800 JavaThread "Finalizer" daemon [_thread_blocked, id=6732, stack(0x0000000018bd0000,0x0000000018cd0000)]
  0x000000000248c000 JavaThread "Reference Handler" daemon [_thread_blocked, id=7700, stack(0x0000000018ad0000,0x0000000018bd0000)]
=>0x000000000239b000 JavaThread "main" [_thread_in_native, id=9588, stack(0x0000000002290000,0x0000000002390000)]

Other Threads:
  0x0000000017317000 VMThread [stack: 0x00000000189d0000,0x0000000018ad0000] [id=11636]
  0x0000000019647800 WatcherThread [stack: 0x0000000019fd0000,0x000000001a0d0000] [id=2796]

VM state:not at safepoint (normal execution)

VM Mutex/Monitor currently owned by a thread: None

Heap:
 PSYoungGen      total 671232K, used 19440K [0x00000000d6100000, 0x0000000100000000, 0x0000000100000000)
  eden space 655360K, 2% used [0x00000000d6100000,0x00000000d73fc3b8,0x00000000fe100000)
  from space 15872K, 0% used [0x00000000ff080000,0x00000000ff080000,0x0000000100000000)
  to   space 15872K, 0% used [0x00000000fe100000,0x00000000fe100000,0x00000000ff080000)
 ParOldGen       total 86016K, used 8278K [0x0000000082200000, 0x0000000087600000, 0x00000000d6100000)
  object space 86016K, 9% used [0x0000000082200000,0x0000000082a15b30,0x0000000087600000)
 Metaspace       used 26867K, capacity 26990K, committed 27264K, reserved 1073152K
  class space    used 2884K, capacity 2924K, committed 2944K, reserved 1048576K

Card table byte_map: [0x0000000011a00000,0x0000000011df0000] byte_map_base: 0x00000000115ef000

Marking Bits: (ParMarkBitMap*) 0x00000000533bd490
 Begin Bits: [0x0000000012690000, 0x0000000014608000)
 End Bits:   [0x0000000014608000, 0x0000000016580000)

Polling page: 0x00000000021b0000

CodeCache: size=245760Kb used=7027Kb max_used=7115Kb free=238732Kb
 bounds [0x0000000002640000, 0x0000000002d80000, 0x0000000011640000]
 total_blobs=2795 nmethods=1858 adapters=850
 compilation: enabled

Compilation events (10 events):
Event: 5.025 Thread 0x00000000195af000 2015       3       sun.nio.fs.WindowsPath::isAbsolute (26 bytes)
Event: 5.036 Thread 0x00000000195af000 nmethod 2015 0x0000000002781b10 code [0x0000000002781c80, 0x0000000002781e90]
Event: 5.036 Thread 0x00000000195af000 2016       1       sun.java2d.SurfaceData::isValid (5 bytes)
Event: 5.036 Thread 0x00000000195af000 nmethod 2016 0x0000000002781850 code [0x00000000027819a0, 0x0000000002781ab0]
Event: 5.037 Thread 0x00000000195af000 2017       3       sun.nio.fs.WindowsPath::toWindowsPath (32 bytes)
Event: 5.037 Thread 0x00000000195af000 nmethod 2017 0x0000000002a5d890 code [0x0000000002a5da20, 0x0000000002a5deb8]
Event: 5.037 Thread 0x00000000195af000 2019       3       sun.nio.fs.WindowsNativeDispatcher::asNativeBuffer (84 bytes)
Event: 5.037 Thread 0x00000000195af000 nmethod 2019 0x0000000002a28610 code [0x0000000002a28800, 0x0000000002a29138]
Event: 5.037 Thread 0x00000000195af000 2021   !   3       java.lang.ClassLoader::findNative (86 bytes)
Event: 5.037 Thread 0x00000000195af000 nmethod 2021 0x00000000028a6fd0 code [0x00000000028a7180, 0x00000000028a7a38]

GC Heap History (10 events):
Event: 4.772 GC heap before
{Heap before GC invocations=44 (full 18):
 PSYoungGen      total 670720K, used 811K [0x00000000d6100000, 0x0000000100000000, 0x0000000100000000)
  eden space 655360K, 0% used [0x00000000d6100000,0x00000000d6100000,0x00000000fe100000)
  from space 15360K, 5% used [0x00000000ff100000,0x00000000ff1cae78,0x0000000100000000)
  to   space 15872K, 0% used [0x00000000fe100000,0x00000000fe100000,0x00000000ff080000)
 ParOldGen       total 86016K, used 8654K [0x0000000082200000, 0x0000000087600000, 0x00000000d6100000)
  object space 86016K, 10% used [0x0000000082200000,0x0000000082a73bd8,0x0000000087600000)
 Metaspace       used 25646K, capacity 25870K, committed 26112K, reserved 1073152K
  class space    used 2706K, capacity 2764K, committed 2816K, reserved 1048576K
Event: 4.803 GC heap after
Heap after GC invocations=44 (full 18):
 PSYoungGen      total 670720K, used 0K [0x00000000d6100000, 0x0000000100000000, 0x0000000100000000)
  eden space 655360K, 0% used [0x00000000d6100000,0x00000000d6100000,0x00000000fe100000)
  from space 15360K, 0% used [0x00000000ff100000,0x00000000ff100000,0x0000000100000000)
  to   space 15872K, 0% used [0x00000000fe100000,0x00000000fe100000,0x00000000ff080000)
 ParOldGen       total 86016K, used 8814K [0x0000000082200000, 0x0000000087600000, 0x00000000d6100000)
  object space 86016K, 10% used [0x0000000082200000,0x0000000082a9b888,0x0000000087600000)
 Metaspace       used 25646K, capacity 25870K, committed 26112K, reserved 1073152K
  class space    used 2706K, capacity 2764K, committed 2816K, reserved 1048576K
}
Event: 4.904 GC heap before
{Heap before GC invocations=45 (full 18):
 PSYoungGen      total 670720K, used 32934K [0x00000000d6100000, 0x0000000100000000, 0x0000000100000000)
  eden space 655360K, 5% used [0x00000000d6100000,0x00000000d8129890,0x00000000fe100000)
  from space 15360K, 0% used [0x00000000ff100000,0x00000000ff100000,0x0000000100000000)
  to   space 15872K, 0% used [0x00000000fe100000,0x00000000fe100000,0x00000000ff080000)
 ParOldGen       total 86016K, used 8814K [0x0000000082200000, 0x0000000087600000, 0x00000000d6100000)
  object space 86016K, 10% used [0x0000000082200000,0x0000000082a9b888,0x0000000087600000)
 Metaspace       used 26818K, capacity 26990K, committed 27264K, reserved 1073152K
  class space    used 2883K, capacity 2924K, committed 2944K, reserved 1048576K
Event: 4.905 GC heap after
Heap after GC invocations=45 (full 18):
 PSYoungGen      total 671232K, used 992K [0x00000000d6100000, 0x0000000100000000, 0x0000000100000000)
  eden space 655360K, 0% used [0x00000000d6100000,0x00000000d6100000,0x00000000fe100000)
  from space 15872K, 6% used [0x00000000fe100000,0x00000000fe1f8000,0x00000000ff080000)
  to   space 15872K, 0% used [0x00000000ff080000,0x00000000ff080000,0x0000000100000000)
 ParOldGen       total 86016K, used 8822K [0x0000000082200000, 0x0000000087600000, 0x00000000d6100000)
  object space 86016K, 10% used [0x0000000082200000,0x0000000082a9d888,0x0000000087600000)
 Metaspace       used 26818K, capacity 26990K, committed 27264K, reserved 1073152K
  class space    used 2883K, capacity 2924K, committed 2944K, reserved 1048576K
}
Event: 4.905 GC heap before
{Heap before GC invocations=46 (full 19):
 PSYoungGen      total 671232K, used 992K [0x00000000d6100000, 0x0000000100000000, 0x0000000100000000)
  eden space 655360K, 0% used [0x00000000d6100000,0x00000000d6100000,0x00000000fe100000)
  from space 15872K, 6% used [0x00000000fe100000,0x00000000fe1f8000,0x00000000ff080000)
  to   space 15872K, 0% used [0x00000000ff080000,0x00000000ff080000,0x0000000100000000)
 ParOldGen       total 86016K, used 8822K [0x0000000082200000, 0x0000000087600000, 0x00000000d6100000)
  object space 86016K, 10% used [0x0000000082200000,0x0000000082a9d888,0x0000000087600000)
 Metaspace       used 26818K, capacity 26990K, committed 27264K, reserved 1073152K
  class space    used 2883K, capacity 2924K, committed 2944K, reserved 1048576K
Event: 4.924 GC heap after
Heap after GC invocations=46 (full 19):
 PSYoungGen      total 671232K, used 0K [0x00000000d6100000, 0x0000000100000000, 0x0000000100000000)
  eden space 655360K, 0% used [0x00000000d6100000,0x00000000d6100000,0x00000000fe100000)
  from space 15872K, 0% used [0x00000000fe100000,0x00000000fe100000,0x00000000ff080000)
  to   space 15872K, 0% used [0x00000000ff080000,0x00000000ff080000,0x0000000100000000)
 ParOldGen       total 86016K, used 8955K [0x0000000082200000, 0x0000000087600000, 0x00000000d6100000)
  object space 86016K, 10% used [0x0000000082200000,0x0000000082abee90,0x0000000087600000)
 Metaspace       used 26818K, capacity 26990K, committed 27264K, reserved 1073152K
  class space    used 2883K, capacity 2924K, committed 2944K, reserved 1048576K
}
Event: 5.025 GC heap before
{Heap before GC invocations=47 (full 19):
 PSYoungGen      total 671232K, used 39487K [0x00000000d6100000, 0x0000000100000000, 0x0000000100000000)
  eden space 655360K, 6% used [0x00000000d6100000,0x00000000d878ff28,0x00000000fe100000)
  from space 15872K, 0% used [0x00000000fe100000,0x00000000fe100000,0x00000000ff080000)
  to   space 15872K, 0% used [0x00000000ff080000,0x00000000ff080000,0x0000000100000000)
 ParOldGen       total 86016K, used 8955K [0x0000000082200000, 0x0000000087600000, 0x00000000d6100000)
  object space 86016K, 10% used [0x0000000082200000,0x0000000082abee90,0x0000000087600000)
 Metaspace       used 26864K, capacity 26990K, committed 27264K, reserved 1073152K
  class space    used 2884K, capacity 2924K, committed 2944K, reserved 1048576K
Event: 5.026 GC heap after
Heap after GC invocations=47 (full 19):
 PSYoungGen      total 671232K, used 224K [0x00000000d6100000, 0x0000000100000000, 0x0000000100000000)
  eden space 655360K, 0% used [0x00000000d6100000,0x00000000d6100000,0x00000000fe100000)
  from space 15872K, 1% used [0x00000000ff080000,0x00000000ff0b8000,0x0000000100000000)
  to   space 15872K, 0% used [0x00000000fe100000,0x00000000fe100000,0x00000000ff080000)
 ParOldGen       total 86016K, used 8955K [0x0000000082200000, 0x0000000087600000, 0x00000000d6100000)
  object space 86016K, 10% used [0x0000000082200000,0x0000000082abee90,0x0000000087600000)
 Metaspace       used 26864K, capacity 26990K, committed 27264K, reserved 1073152K
  class space    used 2884K, capacity 2924K, committed 2944K, reserved 1048576K
}
Event: 5.026 GC heap before
{Heap before GC invocations=48 (full 20):
 PSYoungGen      total 671232K, used 224K [0x00000000d6100000, 0x0000000100000000, 0x0000000100000000)
  eden space 655360K, 0% used [0x00000000d6100000,0x00000000d6100000,0x00000000fe100000)
  from space 15872K, 1% used [0x00000000ff080000,0x00000000ff0b8000,0x0000000100000000)
  to   space 15872K, 0% used [0x00000000fe100000,0x00000000fe100000,0x00000000ff080000)
 ParOldGen       total 86016K, used 8955K [0x0000000082200000, 0x0000000087600000, 0x00000000d6100000)
  object space 86016K, 10% used [0x0000000082200000,0x0000000082abee90,0x0000000087600000)
 Metaspace       used 26864K, capacity 26990K, committed 27264K, reserved 1073152K
  class space    used 2884K, capacity 2924K, committed 2944K, reserved 1048576K
Event: 5.036 GC heap after
Heap after GC invocations=48 (full 20):
 PSYoungGen      total 671232K, used 0K [0x00000000d6100000, 0x0000000100000000, 0x0000000100000000)
  eden space 655360K, 0% used [0x00000000d6100000,0x00000000d6100000,0x00000000fe100000)
  from space 15872K, 0% used [0x00000000ff080000,0x00000000ff080000,0x0000000100000000)
  to   space 15872K, 0% used [0x00000000fe100000,0x00000000fe100000,0x00000000ff080000)
 ParOldGen       total 86016K, used 8278K [0x0000000082200000, 0x0000000087600000, 0x00000000d6100000)
  object space 86016K, 9% used [0x0000000082200000,0x0000000082a15b30,0x0000000087600000)
 Metaspace       used 26864K, capacity 26990K, committed 27264K, reserved 1073152K
  class space    used 2884K, capacity 2924K, committed 2944K, reserved 1048576K
}

Deoptimization events (10 events):
Event: 4.421 Thread 0x000000000239b000 Uncommon trap: reason=class_check action=maybe_recompile pc=0x0000000002a6ac94 method=java.util.regex.Matcher.match(II)Z @ 86
Event: 4.421 Thread 0x000000000239b000 Uncommon trap: reason=class_check action=maybe_recompile pc=0x0000000002acd4b8 method=org.reflections.util.FilterBuilder.apply(Ljava/lang/String;)Z @ 29
Event: 4.421 Thread 0x000000000239b000 Uncommon trap: reason=class_check action=maybe_recompile pc=0x0000000002a6ac94 method=java.util.regex.Matcher.match(II)Z @ 86
Event: 4.421 Thread 0x000000000239b000 Uncommon trap: reason=unreached action=reinterpret pc=0x0000000002a8cb58 method=org.reflections.util.ConfigurationBuilder.getMetadataAdapter()Lorg/reflections/adapters/MetadataAdapter; @ 4
Event: 4.578 Thread 0x000000000239b000 Uncommon trap: reason=class_check action=maybe_recompile pc=0x0000000002b05c5c method=java.util.concurrent.ConcurrentHashMap.putVal(Ljava/lang/Object;Ljava/lang/Object;Z)Ljava/lang/Object; @ 192
Event: 4.584 Thread 0x000000000239b000 Uncommon trap: reason=class_check action=maybe_recompile pc=0x0000000002b05c5c method=java.util.concurrent.ConcurrentHashMap.putVal(Ljava/lang/Object;Ljava/lang/Object;Z)Ljava/lang/Object; @ 192
Event: 4.631 Thread 0x0000000017361800 Uncommon trap: reason=unreached action=reinterpret pc=0x0000000002aed508 method=java.util.HashMap$HashIterator.<init>(Ljava/util/HashMap;)V @ 38
Event: 4.634 Thread 0x0000000017361800 Uncommon trap: reason=unreached action=reinterpret pc=0x0000000002aee7ec method=java.util.HashMap$HashIterator.<init>(Ljava/util/HashMap;)V @ 38
Event: 4.711 Thread 0x000000000239b000 Uncommon trap: reason=unreached action=reinterpret pc=0x0000000002b4211c method=java.lang.ThreadLocal$ThreadLocalMap.getEntry(Ljava/lang/ThreadLocal;)Ljava/lang/ThreadLocal$ThreadLocalMap$Entry; @ 29
Event: 4.862 Thread 0x000000001a4f0800 Uncommon trap: reason=null_check action=make_not_entrant pc=0x0000000002b58a64 method=java.lang.StringCoding.decode(Ljava/lang/String;[BII)[C @ 6

Internal exceptions (10 events):
Event: 5.025 Thread 0x000000001a4f0800 Exception <a 'sun/nio/fs/WindowsException'> (0x00000000d82a1360) thrown at [D:\re\workspace\8-2-build-windows-amd64-cygwin\jdk8u25\1677\hotspot\src\share\vm\prims\jni.cpp, line 716]
Event: 5.036 Thread 0x000000001a4f0800 Exception <a 'sun/nio/fs/WindowsException'> (0x00000000d61296d8) thrown at [D:\re\workspace\8-2-build-windows-amd64-cygwin\jdk8u25\1677\hotspot\src\share\vm\prims\jni.cpp, line 716]
Event: 5.036 Thread 0x000000001a4f0800 Exception <a 'sun/nio/fs/WindowsException'> (0x00000000d612a8d0) thrown at [D:\re\workspace\8-2-build-windows-amd64-cygwin\jdk8u25\1677\hotspot\src\share\vm\prims\jni.cpp, line 716]
Event: 5.036 Thread 0x000000001a4f0800 Exception <a 'sun/nio/fs/WindowsException'> (0x00000000d612bb18) thrown at [D:\re\workspace\8-2-build-windows-amd64-cygwin\jdk8u25\1677\hotspot\src\share\vm\prims\jni.cpp, line 716]
Event: 5.037 Thread 0x000000001a4f0800 Exception <a 'sun/nio/fs/WindowsException'> (0x00000000d612cd60) thrown at [D:\re\workspace\8-2-build-windows-amd64-cygwin\jdk8u25\1677\hotspot\src\share\vm\prims\jni.cpp, line 716]
Event: 5.037 Thread 0x000000001a4f0800 Exception <a 'sun/nio/fs/WindowsException'> (0x00000000d612dff8) thrown at [D:\re\workspace\8-2-build-windows-amd64-cygwin\jdk8u25\1677\hotspot\src\share\vm\prims\jni.cpp, line 716]
Event: 5.037 Thread 0x000000001a4f0800 Exception <a 'sun/nio/fs/WindowsException'> (0x00000000d612f1f0) thrown at [D:\re\workspace\8-2-build-windows-amd64-cygwin\jdk8u25\1677\hotspot\src\share\vm\prims\jni.cpp, line 716]
Event: 5.037 Thread 0x000000001a4f0800 Exception <a 'sun/nio/fs/WindowsException'> (0x00000000d6130480) thrown at [D:\re\workspace\8-2-build-windows-amd64-cygwin\jdk8u25\1677\hotspot\src\share\vm\prims\jni.cpp, line 716]
Event: 5.037 Thread 0x000000001a4f0800 Exception <a 'sun/nio/fs/WindowsException'> (0x00000000d61316c8) thrown at [D:\re\workspace\8-2-build-windows-amd64-cygwin\jdk8u25\1677\hotspot\src\share\vm\prims\jni.cpp, line 716]
Event: 5.037 Thread 0x000000001a4f0800 Exception <a 'sun/nio/fs/WindowsException'> (0x00000000d6132938) thrown at [D:\re\workspace\8-2-build-windows-amd64-cygwin\jdk8u25\1677\hotspot\src\share\vm\prims\jni.cpp, line 716]

Events (10 events):
Event: 4.904 Executing VM operation: ParallelGCSystemGC
Event: 4.925 Executing VM operation: ParallelGCSystemGC done
Event: 4.960 Thread 0x000000001a4f0800 DEOPT PACKING pc=0x00000000029c9353 sp=0x00000001711ed410
Event: 4.960 Thread 0x000000001a4f0800 DEOPT UNPACKING pc=0x00000000026875bf sp=0x00000001711ed120 mode 0
Event: 4.981 loading class org/bytedeco/javacpp/annotation/Namespace
Event: 4.981 loading class org/bytedeco/javacpp/annotation/Namespace done
Event: 5.004 Thread 0x000000001a4f0800 DEOPT PACKING pc=0x0000000002bbd948 sp=0x00000001711ee200
Event: 5.004 Thread 0x000000001a4f0800 DEOPT UNPACKING pc=0x00000000026875bf sp=0x00000001711edf80 mode 0
Event: 5.025 Executing VM operation: ParallelGCSystemGC
Event: 5.036 Executing VM operation: ParallelGCSystemGC done


Dynamic libraries:
0x00007ff7a7c90000 - 0x00007ff7a7cc4000 	C:\Program Files\jdk1.8.0_25\bin\java.exe
0x00007ffb365c0000 - 0x00007ffb36781000 	C:\Windows\SYSTEM32\ntdll.dll
0x00007ffb35a60000 - 0x00007ffb35b0d000 	C:\Windows\system32\KERNEL32.DLL
0x00007ffb32fd0000 - 0x00007ffb331b8000 	C:\Windows\system32\KERNELBASE.dll
0x00007ffb35350000 - 0x00007ffb353f7000 	C:\Windows\system32\ADVAPI32.dll
0x00007ffb36510000 - 0x00007ffb365ad000 	C:\Windows\system32\msvcrt.dll
0x00007ffb364a0000 - 0x00007ffb364fb000 	C:\Windows\system32\sechost.dll
0x00007ffb34f20000 - 0x00007ffb3503c000 	C:\Windows\system32\RPCRT4.dll
0x00007ffb35b70000 - 0x00007ffb35cc6000 	C:\Windows\system32\USER32.dll
0x00007ffb351c0000 - 0x00007ffb35346000 	C:\Windows\system32\GDI32.dll
0x00007ffb21dc0000 - 0x00007ffb22034000 	C:\Windows\WinSxS\amd64_microsoft.windows.common-controls_6595b64144ccf1df_6.0.10586.0_none_8c15ae12515e1c22\COMCTL32.dll
0x00007ffb35d40000 - 0x00007ffb35fbd000 	C:\Windows\system32\combase.dll
0x00007ffb331c0000 - 0x00007ffb3322a000 	C:\Windows\system32\bcryptPrimitives.dll
0x00007ffb35120000 - 0x00007ffb3515b000 	C:\Windows\system32\IMM32.DLL
0x0000000054040000 - 0x0000000054112000 	C:\Program Files\jdk1.8.0_25\jre\bin\msvcr100.dll
0x0000000052be0000 - 0x000000005343a000 	C:\Program Files\jdk1.8.0_25\jre\bin\server\jvm.dll
0x00007ffb36500000 - 0x00007ffb36508000 	C:\Windows\system32\PSAPI.DLL
0x00007ffb30f40000 - 0x00007ffb30f63000 	C:\Windows\SYSTEM32\WINMM.dll
0x00007ffb2e400000 - 0x00007ffb2e409000 	C:\Windows\SYSTEM32\WSOCK32.dll
0x00007ffb35cd0000 - 0x00007ffb35d3b000 	C:\Windows\system32\WS2_32.dll
0x00007ffb30ee0000 - 0x00007ffb30f0c000 	C:\Windows\SYSTEM32\WINMMBASE.dll
0x00007ffb33290000 - 0x00007ffb332d3000 	C:\Windows\system32\cfgmgr32.dll
0x0000000054030000 - 0x000000005403f000 	C:\Program Files\jdk1.8.0_25\jre\bin\verify.dll
0x0000000054000000 - 0x0000000054028000 	C:\Program Files\jdk1.8.0_25\jre\bin\java.dll
0x0000000053f30000 - 0x0000000053f53000 	C:\Program Files\jdk1.8.0_25\jre\bin\instrument.dll
0x0000000053fe0000 - 0x0000000053ff6000 	C:\Program Files\jdk1.8.0_25\jre\bin\zip.dll
0x00007ffb339c0000 - 0x00007ffb34f1f000 	C:\Windows\system32\SHELL32.dll
0x00007ffb33370000 - 0x00007ffb339b4000 	C:\Windows\system32\windows.storage.dll
0x00007ffb35400000 - 0x00007ffb35452000 	C:\Windows\system32\shlwapi.dll
0x00007ffb32c80000 - 0x00007ffb32c8f000 	C:\Windows\system32\kernel.appcore.dll
0x00007ffb32f10000 - 0x00007ffb32fc5000 	C:\Windows\system32\shcore.dll
0x00007ffb32c30000 - 0x00007ffb32c7b000 	C:\Windows\system32\powrprof.dll
0x00007ffb32c10000 - 0x00007ffb32c24000 	C:\Windows\system32\profapi.dll
0x00007ffb15730000 - 0x00007ffb1574a000 	C:\Program Files\JetBrains\IntelliJ IDEA Community Edition 2018.1.3\bin\breakgen64.dll
0x0000000053fc0000 - 0x0000000053fda000 	C:\Program Files\jdk1.8.0_25\jre\bin\net.dll
0x00007ffb32530000 - 0x00007ffb3258c000 	C:\Windows\system32\mswsock.dll
0x0000000053d90000 - 0x0000000053f28000 	C:\Program Files\jdk1.8.0_25\jre\bin\awt.dll
0x00007ffb35040000 - 0x00007ffb35101000 	C:\Windows\system32\OLEAUT32.dll
0x00007ffb313f0000 - 0x00007ffb31469000 	C:\Windows\system32\apphelp.dll
0x00007ffb30890000 - 0x00007ffb308b2000 	C:\Windows\system32\DWMAPI.DLL
0x00007ffb31510000 - 0x00007ffb315a6000 	C:\Windows\system32\uxtheme.dll
0x00007ffb35460000 - 0x00007ffb355ba000 	C:\Windows\system32\MSCTF.dll
0x00007ffb35910000 - 0x00007ffb35a53000 	C:\Windows\system32\ole32.dll
0x00007ffaf6f60000 - 0x00007ffaf7170000 	C:\Windows\system32\d3d9.dll
0x00007ffaf5d80000 - 0x00007ffaf6f57000 	C:\Windows\SYSTEM32\nvd3dumx.dll
0x00007ffb2ef40000 - 0x00007ffb2ef4a000 	C:\Windows\SYSTEM32\VERSION.dll
0x00007ffb16da0000 - 0x00007ffb17006000 	C:\Windows\system32\nvspcap64.dll
0x00007ffb32150000 - 0x00007ffb32181000 	C:\Windows\SYSTEM32\ntmarta.dll
0x0000000053d40000 - 0x0000000053d87000 	C:\Program Files\jdk1.8.0_25\jre\bin\fontmanager.dll
0x00007ffaf5c00000 - 0x00007ffaf5d7e000 	C:\Users\vlatkozelka\.javacpp\cache\cuda-9.1-7.1-1.4.1-windows-x86_64.jar\org\bytedeco\javacpp\windows-x86_64\jnicuda.dll
0x00007ffb05b80000 - 0x00007ffb068c3000 	C:\Windows\SYSTEM32\nvcuda.dll
0x00007ffb35fc0000 - 0x00007ffb363e9000 	C:\Windows\system32\SETUPAPI.dll
0x00007ffb038b0000 - 0x00007ffb03911000 	C:\Program Files\NVIDIA GPU Computing Toolkit\CUDA\v9.1\bin\cudart64_91.dll
0x00007ffb16190000 - 0x00007ffb162af000 	C:\Windows\SYSTEM32\nvfatbinaryLoader.dll
0x0000000053fa0000 - 0x0000000053fb1000 	C:\Program Files\jdk1.8.0_25\jre\bin\nio.dll
0x00007ffb2dec0000 - 0x00007ffb2e340000 	C:\Windows\system32\nvapi64.dll
0x00007ffb303a0000 - 0x00007ffb30442000 	C:\Windows\SYSTEM32\dxgi.dll
0x00007ffb31620000 - 0x00007ffb31647000 	C:\Windows\SYSTEM32\DEVOBJ.dll
0x00007ffb33230000 - 0x00007ffb33285000 	C:\Windows\system32\WINTRUST.dll
0x00007ffb32c00000 - 0x00007ffb32c10000 	C:\Windows\system32\MSASN1.dll
0x00007ffb32c90000 - 0x00007ffb32e57000 	C:\Windows\system32\CRYPT32.dll
0x00007ffb03520000 - 0x00007ffb035ea000 	C:\Users\vlatkozelka\.javacpp\cache\cuda-9.1-7.1-1.4.1-windows-x86_64.jar\org\bytedeco\javacpp\windows-x86_64\jnicublas.dll
0x00007ffaf1670000 - 0x00007ffaf492b000 	C:\Program Files\NVIDIA GPU Computing Toolkit\CUDA\v9.1\bin\cublas64_91.dll
0x00007ffac5760000 - 0x00007ffaeb909000 	C:\Users\vlatkozelka\.javacpp\cache\nd4j-cuda-9.1-1.0.0-alpha-windows-x86_64.jar\org\nd4j\nativeblas\windows-x86_64\nd4jcuda.dll
0x00007ffaf55b0000 - 0x00007ffaf5864000 	C:\Users\vlatkozelka\.javacpp\cache\nd4j-cuda-9.1-1.0.0-alpha-windows-x86_64.jar\org\nd4j\nativeblas\windows-x86_64\jnind4jcuda.dll
0x00007ffaf51f0000 - 0x00007ffaf5382000 	C:\Users\vlatkozelka\.javacpp\cache\cuda-9.1-7.1-1.4.1-windows-x86_64.jar\org\bytedeco\javacpp\windows-x86_64\jnicusparse.dll
0x00007ffac2380000 - 0x00007ffac575c000 	C:\Program Files\NVIDIA GPU Computing Toolkit\CUDA\v9.1\bin\cusparse64_91.dll
0x00007ffafb2a0000 - 0x00007ffafb36e000 	C:\Users\vlatkozelka\.javacpp\cache\cuda-9.1-7.1-1.4.1-windows-x86_64.jar\org\bytedeco\javacpp\windows-x86_64\jnicusolver.dll
0x00007ffabd040000 - 0x00007ffac2373000 	C:\Program Files\NVIDIA GPU Computing Toolkit\CUDA\v9.1\bin\cusolver64_91.dll
0x00007ffb325e0000 - 0x00007ffb325f7000 	C:\Windows\SYSTEM32\CRYPTSP.dll
0x00007ffb32270000 - 0x00007ffb322a4000 	C:\Windows\system32\rsaenh.dll
0x00007ffb32800000 - 0x00007ffb32829000 	C:\Windows\SYSTEM32\bcrypt.dll
0x00007ffb323c0000 - 0x00007ffb323df000 	C:\Windows\SYSTEM32\USERENV.dll
0x00007ffb32700000 - 0x00007ffb3270b000 	C:\Windows\SYSTEM32\CRYPTBASE.dll
0x00007ffb2f1e0000 - 0x00007ffb2f218000 	C:\Windows\SYSTEM32\IPHLPAPI.DLL
0x00007ffb365b0000 - 0x00007ffb365b8000 	C:\Windows\system32\NSI.dll
0x00007ffb2f0b0000 - 0x00007ffb2f0c6000 	C:\Windows\SYSTEM32\dhcpcsvc6.DLL
0x00007ffb2f160000 - 0x00007ffb2f17a000 	C:\Windows\SYSTEM32\dhcpcsvc.DLL
0x00007ffb03ea0000 - 0x00007ffb03ef1000 	C:\Users\vlatkozelka\.javacpp\cache\hdf5-1.10.1-1.4.1-windows-x86_64.jar\org\bytedeco\javacpp\windows-x86_64\concrt140.dll
0x00007ffb03730000 - 0x00007ffb037cc000 	C:\Windows\SYSTEM32\MSVCP140.dll
0x00007ffb14430000 - 0x00007ffb14446000 	C:\Windows\SYSTEM32\VCRUNTIME140.dll
0x00007ffb31da0000 - 0x00007ffb31e94000 	C:\Windows\SYSTEM32\ucrtbase.dll
0x00007ffafd280000 - 0x00007ffafd31d000 	C:\Users\vlatkozelka\.javacpp\cache\hdf5-1.10.1-1.4.1-windows-x86_64.jar\org\bytedeco\javacpp\windows-x86_64\msvcp140.dll
0x00007ffb04c20000 - 0x00007ffb04c37000 	C:\Users\vlatkozelka\.javacpp\cache\hdf5-1.10.1-1.4.1-windows-x86_64.jar\org\bytedeco\javacpp\windows-x86_64\vcruntime140.dll
0x0000000021c40000 - 0x0000000021c43000 	C:\Users\vlatkozelka\.javacpp\cache\hdf5-1.10.1-1.4.1-windows-x86_64.jar\org\bytedeco\javacpp\windows-x86_64\api-ms-win-crt-locale-l1-1-0.dll
0x0000000021c50000 - 0x0000000021c54000 	C:\Users\vlatkozelka\.javacpp\cache\hdf5-1.10.1-1.4.1-windows-x86_64.jar\org\bytedeco\javacpp\windows-x86_64\api-ms-win-crt-string-l1-1-0.dll
0x0000000021c60000 - 0x0000000021c64000 	C:\Users\vlatkozelka\.javacpp\cache\hdf5-1.10.1-1.4.1-windows-x86_64.jar\org\bytedeco\javacpp\windows-x86_64\api-ms-win-crt-stdio-l1-1-0.dll
0x0000000022520000 - 0x0000000022525000 	C:\Users\vlatkozelka\.javacpp\cache\hdf5-1.10.1-1.4.1-windows-x86_64.jar\org\bytedeco\javacpp\windows-x86_64\api-ms-win-crt-math-l1-1-0.dll
0x0000000022530000 - 0x0000000022533000 	C:\Users\vlatkozelka\.javacpp\cache\hdf5-1.10.1-1.4.1-windows-x86_64.jar\org\bytedeco\javacpp\windows-x86_64\api-ms-win-crt-heap-l1-1-0.dll
0x0000000022540000 - 0x0000000022544000 	C:\Users\vlatkozelka\.javacpp\cache\hdf5-1.10.1-1.4.1-windows-x86_64.jar\org\bytedeco\javacpp\windows-x86_64\api-ms-win-crt-runtime-l1-1-0.dll
0x0000000022560000 - 0x0000000022564000 	C:\Users\vlatkozelka\.javacpp\cache\hdf5-1.10.1-1.4.1-windows-x86_64.jar\org\bytedeco\javacpp\windows-x86_64\api-ms-win-crt-convert-l1-1-0.dll
0x0000000022d80000 - 0x0000000022d83000 	C:\Users\vlatkozelka\.javacpp\cache\hdf5-1.10.1-1.4.1-windows-x86_64.jar\org\bytedeco\javacpp\windows-x86_64\api-ms-win-crt-environment-l1-1-0.dll
0x0000000022d90000 - 0x0000000022d93000 	C:\Users\vlatkozelka\.javacpp\cache\hdf5-1.10.1-1.4.1-windows-x86_64.jar\org\bytedeco\javacpp\windows-x86_64\api-ms-win-crt-time-l1-1-0.dll
0x0000000022da0000 - 0x0000000022da3000 	C:\Users\vlatkozelka\.javacpp\cache\hdf5-1.10.1-1.4.1-windows-x86_64.jar\org\bytedeco\javacpp\windows-x86_64\api-ms-win-crt-filesystem-l1-1-0.dll
0x0000000022db0000 - 0x0000000022db3000 	C:\Users\vlatkozelka\.javacpp\cache\hdf5-1.10.1-1.4.1-windows-x86_64.jar\org\bytedeco\javacpp\windows-x86_64\api-ms-win-crt-utility-l1-1-0.dll
0x0000000022dc0000 - 0x0000000022dc5000 	C:\Users\vlatkozelka\.javacpp\cache\hdf5-1.10.1-1.4.1-windows-x86_64.jar\org\bytedeco\javacpp\windows-x86_64\api-ms-win-crt-multibyte-l1-1-0.dll
0x00007ffaf4ee0000 - 0x00007ffaf51e4000 	C:\Users\vlatkozelka\.javacpp\cache\opencv-3.4.1-1.4.1-windows-x86_64.jar\org\bytedeco\javacpp\windows-x86_64\opencv_core341.dll
0x00007ffaf0eb0000 - 0x00007ffaf12b5000 	C:\Users\vlatkozelka\.javacpp\cache\opencv-3.4.1-1.4.1-windows-x86_64.jar\org\bytedeco\javacpp\windows-x86_64\opencv_imgproc341.dll
0x00007ffabccb0000 - 0x00007ffabd03e000 	C:\Users\vlatkozelka\.javacpp\cache\opencv-3.4.1-1.4.1-windows-x86_64.jar\org\bytedeco\javacpp\windows-x86_64\jniopencv_core.dll
0x00007ffb2c1c0000 - 0x00007ffb2c34c000 	C:\Windows\SYSTEM32\dbghelp.dll

VM Arguments:
jvm_args: -javaagent:C:\Program Files\JetBrains\IntelliJ IDEA Community Edition 2018.1.3\lib\idea_rt.jar=58537:C:\Program Files\JetBrains\IntelliJ IDEA Community Edition 2018.1.3\bin -Dfile.encoding=UTF-8 
java_command: Main
java_class_path (initial): C:\Program Files\jdk1.8.0_25\jre\lib\charsets.jar;C:\Program Files\jdk1.8.0_25\jre\lib\deploy.jar;C:\Program Files\jdk1.8.0_25\jre\lib\ext\access-bridge-64.jar;C:\Program Files\jdk1.8.0_25\jre\lib\ext\cldrdata.jar;C:\Program Files\jdk1.8.0_25\jre\lib\ext\comm.jar;C:\Program Files\jdk1.8.0_25\jre\lib\ext\dnsns.jar;C:\Program Files\jdk1.8.0_25\jre\lib\ext\jaccess.jar;C:\Program Files\jdk1.8.0_25\jre\lib\ext\jfxrt.jar;C:\Program Files\jdk1.8.0_25\jre\lib\ext\localedata.jar;C:\Program Files\jdk1.8.0_25\jre\lib\ext\nashorn.jar;C:\Program Files\jdk1.8.0_25\jre\lib\ext\sunec.jar;C:\Program Files\jdk1.8.0_25\jre\lib\ext\sunjce_provider.jar;C:\Program Files\jdk1.8.0_25\jre\lib\ext\sunmscapi.jar;C:\Program Files\jdk1.8.0_25\jre\lib\ext\sunpkcs11.jar;C:\Program Files\jdk1.8.0_25\jre\lib\ext\zipfs.jar;C:\Program Files\jdk1.8.0_25\jre\lib\javaws.jar;C:\Program Files\jdk1.8.0_25\jre\lib\jce.jar;C:\Program Files\jdk1.8.0_25\jre\lib\jfr.jar;C:\Program Files\jdk1.8.0_25\jre\lib\jfxswt.jar;C:\Program Files\jdk1.8.0_25\jre\lib\jsse.jar;C:\Program Files\jdk1.8.0_25\jre\lib\management-agent.jar;C:\Program Files\jdk1.8.0_25\jre\lib\plugin.jar;C:\Program Files\jdk1.8.0_25\jre\lib\resources.jar;C:\Program Files\jdk1.8.0_25\jre\lib\rt.jar;C:\Users\vlatkozelka\IdeaProjects\MNIST\AI\out\production\classes;C:\Users\vlatkozelka\IdeaProjects\MNIST\AI\libs\gym-java-client-1.0.0-SNAPSHOT-javadoc.jar;C:\Users\vlatkozelka\IdeaProjects\MNIST\AI\libs\gym-java-client-1.0.0-SNAPSHOT-sources.jar;C:\Users\vlatkozelka\IdeaProjects\MNIST\AI\libs\rl4j-api-1.0.0-SNAPSHOT.jar;C:\Users\vlatkozelka\IdeaProjects\MNIST\AI\libs\rl4j-api-1.0.0-SNAPSHOT-sources.jar;C:\Users\vlatkozelka\IdeaProjects\MNIST\AI\libs\gym-java-client-1.0.0-SNAPSHOT.jar;C:\Users\vlatkozelka\IdeaProjects\MNIST\AI\libs\rl4j-core-1.0.0-SNAPSHOT-javadoc.jar;C:\Users\vlatkozelka\IdeaProjects\MNIST\AI\libs\rl4j-core-1.0.0-SNAPSHOT-sources.jar;C:\Users\vlatkozelka\IdeaProjects\MNIST\AI\libs\rl4j-core-1.0.0-SNAPSHOT.jar
Launcher Type: SUN_STANDARD

Environment Variables:
JAVA_HOME=C:\Program Files\jdk1.8.0_25
PATH=C:\Program Files\NVIDIA GPU Computing Toolkit\CUDA\v8.0\bin;C:\Program Files\NVIDIA GPU Computing Toolkit\CUDA\v8.0\libnvvp;C:\Program Files\NVIDIA GPU Computing Toolkit\CUDA\v9.1\bin;C:\Program Files\NVIDIA GPU Computing Toolkit\CUDA\v9.1\libnvvp;C:\Program Files (x86)\NVIDIA Corporation\PhysX\Common;C:\ProgramData\Oracle\Java\javapath;C:\Program Files (x86)\Intel\iCLS Client\;C:\Program Files\Intel\iCLS Client\;C:\Windows\system32;C:\Windows;C:\Windows\System32\Wbem;C:\Windows\System32\WindowsPowerShell\v1.0\;C:\Program Files\jdk1.8.0_25\bin;C:\Program Files\Git\cmd;C:\Program Files\Intel\Intel(R) Management Engine Components\DAL;C:\Program Files (x86)\Intel\Intel(R) Management Engine Components\DAL;C:\Program Files\Intel\Intel(R) Management Engine Components\IPT;C:\wamp\bin\php\php5.5.12;C:\Users\vlatkozelka\AppData\Local\Android\Sdk\platform-tools;C:\Program Files (x86)\GtkSharp\2.12\bin;C:\Program Files\Microsoft SQL Server\Client SDK\ODBC\110\Tools\Binn\;C:\Program Files (x86)\Microsoft SQL Server\120\Tools\Binn\;C:\Program Files\Microsoft SQL Server\120\Tools\Binn\;C:\Program Files\Microsoft SQL Server\120\DTS\Binn\;C:\FFmpeg install\ffmpeg-20141115-git-933eca9-win64-static\bin;C:\Program Files\MATLAB\R2016a\runtime\win64;C:\Program Files\MATLAB\R2016a\bin;C:\Program Files\MATLAB\R2016a\polyspace\bin;C:\Program Files (x86)\IVI Foundation\VISA\WinNT\Bin;C:\Python;C:\Program Files\PuTTY\;C:\Program Files\nodejs\;C:\xianyi-OpenBLAS-6d2da63\;C:\Users\vlatkozelka\AppData\Local\Programs\Python\Launcher\;C:\Users\vlatkozelka\AppData\Roaming\Composer\vendor\bin;C:\Users\vlatkozelka\AppData\Roaming\npm
USERNAME=vlatkozelka
OS=Windows_NT
PROCESSOR_IDENTIFIER=Intel64 Family 6 Model 158 Stepping 10, GenuineIntel



---------------  S Y S T E M  ---------------

OS: Windows 8.1 , 64 bit Build 9600 

CPU:total 6 (6 cores per cpu, 1 threads per core) family 6 model 158 stepping 10, cmov, cx8, fxsr, mmx, sse, sse2, sse3, ssse3, sse4.1, sse4.2, popcnt, avx, avx2, aes, clmul, erms, rtm, lzcnt, tsc, tscinvbit, bmi1, bmi2

Memory: 4k page, physical 8247256k(1325088k free), swap 17463256k(2835076k free)

vm_info: Java HotSpot(TM) 64-Bit Server VM (25.25-b02) for windows-amd64 JRE (1.8.0_25-b18), built on Oct  7 2014 14:25:37 by "java_re" with MS VC++ 10.0 (VS2010)

time: Wed May 16 02:40:26 2018
elapsed time: 5 seconds (0d 0h 0m 5s)

