#
# A fatal error has been detected by the Java Runtime Environment:
#
#  EXCEPTION_ACCESS_VIOLATION (0xc0000005) at pc=0x00007ffaf55b7690, pid=3052, tid=6860
#
# JRE version: Java(TM) SE Runtime Environment (8.0_25-b18) (build 1.8.0_25-b18)
# Java VM: Java HotSpot(TM) 64-Bit Server VM (25.25-b02 mixed mode windows-amd64 compressed oops)
# Problematic frame:
# C  [opencv_core341.dll+0x57690]
#
# Failed to write core dump. Minidumps are not enabled by default on client versions of Windows
#
# If you would like to submit a bug report, please visit:
#   http://bugreport.sun.com/bugreport/crash.jsp
# The crash happened outside the Java Virtual Machine in native code.
# See problematic frame for where to report the bug.
#

---------------  T H R E A D  ---------------

Current thread (0x0000000033d63800):  JavaThread "Thread-6" [_thread_in_native, id=6860, stack(0x00000000357a0000,0x00000000358a0000)]

siginfo: ExceptionCode=0xc0000005, reading address 0x0000000037b0a000

Registers:
RAX=0x000000000016e358, RBX=0x000000003589eea0, RCX=0x000000000016e360, RDX=0x000000000016e360
RSP=0x000000003589ee40, RBP=0x0000000000002ee0, RSI=0x0000000000000bb8, RDI=0x0000000037921040
R8 =0x000000000001e7ee, R9 =0x0000000037b0a000, R10=0x0000000034856470, R11=0x00000000347dc082
R12=0x0000000000000005, R13=0x0000000000000000, R14=0x00000000000000ff, R15=0x00007ffaf55ba880
RIP=0x00007ffaf55b7690, EFLAGS=0x0000000000010206

Top of Stack: (sp=0x000000003589ee40)
0x000000003589ee40:   0000000000000000 0000000000000000
0x000000003589ee50:   0000000000000003 00007ffaf55ba8df
0x000000003589ee60:   000000003589efc0 00000000ffffffff
0x000000003589ee70:   0000000000000000 000000002000f880
0x000000003589ee80:   000000003589eea0 000001f4437f0000
0x000000003589ee90:   0000000000000000 0000000000000000
0x000000003589eea0:   000000000016e360 fffffffffffffffe
0x000000003589eeb0:   0000000000000010 00007ffaf55ae04d
0x000000003589eec0:   0000000000000000 000000003589f030
0x000000003589eed0:   000000002000f880 000000000000006b
0x000000003589eee0:   00000000347dc080 0000000000000bb8
0x000000003589eef0:   000000003589ef38 000000003589ef58
0x000000003589ef00:   0016e3601986b700 0000003800000001
0x000000003589ef10:   000000001986baf8 0000000033d63800
0x000000003589ef20:   0000000034edbef8 000001f4000003e8
0x000000003589ef30:   0000000034edbef8 000000010016e360 

Instructions: (pc=0x00007ffaf55b7690)
0x00007ffaf55b7670:   44 8d 40 08 4c 8b cf 49 c1 e8 03 4d 8d 53 fe 42
0x00007ffaf55b7680:   8d 14 c5 00 00 00 00 4a 8d 0c c5 00 00 00 00 90
0x00007ffaf55b7690:   41 0f 10 01 41 0f 10 49 10 49 83 c1 20 0f 59 c6
0x00007ffaf55b76a0:   0f 59 ce 0f 58 c5 0f 58 cd 66 0f 5b d0 66 0f 5b 


Register to memory mapping:

RAX=0x000000000016e358 is an unknown value
RBX=0x000000003589eea0 is pointing into the stack for thread: 0x0000000033d63800
RCX=0x000000000016e360 is an unknown value
RDX=0x000000000016e360 is an unknown value
RSP=0x000000003589ee40 is pointing into the stack for thread: 0x0000000033d63800
RBP=0x0000000000002ee0 is an unknown value
RSI=0x0000000000000bb8 is an unknown value
RDI=0x0000000037921040 is an unknown value
R8 =0x000000000001e7ee is an unknown value
R9 =0x0000000037b0a000 is an unknown value
R10=0x0000000034856470 is an unknown value
R11=0x00000000347dc082 is an unknown value
R12=0x0000000000000005 is an unknown value
R13=0x0000000000000000 is an unknown value
R14=0x00000000000000ff is an unknown value
R15=0x00007ffaf55ba880 is an unknown value


Stack: [0x00000000357a0000,0x00000000358a0000],  sp=0x000000003589ee40,  free space=1019k
Native frames: (J=compiled Java code, j=interpreted, Vv=VM code, C=native code)
C  [opencv_core341.dll+0x57690]
C  [opencv_core341.dll+0x5a8df]
C  [opencv_core341.dll+0x4e04d]
C  [jniopencv_core.dll+0x450cf]
C  0x00000000025b5b74

Java frames: (J=compiled Java code, j=interpreted, Vv=VM code)
j  org.bytedeco.javacpp.opencv_core$Mat.convertTo(Lorg/bytedeco/javacpp/opencv_core$Mat;IDD)V+0
j  org.deeplearning4j.rl4j.learning.HistoryProcessor.transform(Lorg/nd4j/linalg/api/ndarray/INDArray;)Lorg/nd4j/linalg/api/ndarray/INDArray;+66
j  org.deeplearning4j.rl4j.learning.HistoryProcessor.add(Lorg/nd4j/linalg/api/ndarray/INDArray;)V+2
j  org.deeplearning4j.rl4j.learning.Learning.initMdp(Lorg/deeplearning4j/rl4j/mdp/MDP;Lorg/deeplearning4j/rl4j/learning/IHistoryProcessor;)Lorg/deeplearning4j/rl4j/learning/Learning$InitMdp;+130
j  org.deeplearning4j.rl4j.learning.async.AsyncThread.run()V+52
v  ~StubRoutines::call_stub

---------------  P R O C E S S  ---------------

Java Threads: ( => current thread )
=>0x0000000033d63800 JavaThread "Thread-6" [_thread_in_native, id=6860, stack(0x00000000357a0000,0x00000000358a0000)]
  0x0000000033049000 JavaThread "Thread-5" [_thread_in_Java, id=4808, stack(0x0000000035060000,0x0000000035160000)]
  0x000000001a86e800 JavaThread "NativeRandomDeallocator thread 0" daemon [_thread_blocked, id=8712, stack(0x0000000031e60000,0x0000000031f60000)]
  0x000000001a72f800 JavaThread "JavaCPP Deallocator" daemon [_thread_blocked, id=9040, stack(0x0000000022560000,0x0000000022660000)]
  0x000000001a04d800 JavaThread "Workspace deallocator thread" daemon [_thread_blocked, id=5536, stack(0x0000000022460000,0x0000000022560000)]
  0x000000001a36e800 JavaThread "D3D Screen Updater" daemon [_thread_blocked, id=12052, stack(0x0000000021f20000,0x0000000022020000)]
  0x0000000019991800 JavaThread "AWT-EventQueue-0" [_thread_blocked, id=11872, stack(0x0000000021d10000,0x0000000021e10000)]
  0x000000001a800800 JavaThread "AWT-Windows" daemon [_thread_in_native, id=7220, stack(0x000000001b300000,0x000000001b400000)]
  0x000000001a7fe000 JavaThread "AWT-Shutdown" [_thread_blocked, id=11544, stack(0x000000001b200000,0x000000001b300000)]
  0x0000000018ea9800 JavaThread "Java2D Disposer" daemon [_thread_blocked, id=11320, stack(0x000000001b0f0000,0x000000001b1f0000)]
  0x000000001961c000 JavaThread "Service Thread" daemon [_thread_blocked, id=10380, stack(0x0000000019e40000,0x0000000019f40000)]
  0x0000000019611000 JavaThread "C1 CompilerThread2" daemon [_thread_blocked, id=6504, stack(0x0000000019d40000,0x0000000019e40000)]
  0x00000000195ef000 JavaThread "C2 CompilerThread1" daemon [_thread_blocked, id=5676, stack(0x0000000019c40000,0x0000000019d40000)]
  0x00000000195ee800 JavaThread "C2 CompilerThread0" daemon [_thread_blocked, id=11564, stack(0x0000000019b40000,0x0000000019c40000)]
  0x000000001958e000 JavaThread "Monitor Ctrl-Break" daemon [_thread_in_native, id=7352, stack(0x0000000019a40000,0x0000000019b40000)]
  0x00000000172c0800 JavaThread "Attach Listener" daemon [_thread_blocked, id=9712, stack(0x0000000018d40000,0x0000000018e40000)]
  0x00000000172bf800 JavaThread "Signal Dispatcher" daemon [_thread_blocked, id=3880, stack(0x0000000018c40000,0x0000000018d40000)]
  0x0000000017282800 JavaThread "Finalizer" daemon [_thread_blocked, id=6236, stack(0x0000000018b40000,0x0000000018c40000)]
  0x000000001727b800 JavaThread "Reference Handler" daemon [_thread_blocked, id=7360, stack(0x0000000018a40000,0x0000000018b40000)]
  0x000000000233c800 JavaThread "main" [_thread_in_native, id=11624, stack(0x0000000002230000,0x0000000002330000)]

Other Threads:
  0x000000000242e800 VMThread [stack: 0x0000000018940000,0x0000000018a40000] [id=2848]
  0x000000001961c800 WatcherThread [stack: 0x0000000019f40000,0x000000001a040000] [id=9312]

VM state:not at safepoint (normal execution)

VM Mutex/Monitor currently owned by a thread: None

Heap:
 PSYoungGen      total 461312K, used 104584K [0x00000000d6100000, 0x0000000100000000, 0x0000000100000000)
  eden space 424448K, 24% used [0x00000000d6100000,0x00000000dc62f920,0x00000000eff80000)
  from space 36864K, 2% used [0x00000000eff80000,0x00000000f00729b0,0x00000000f2380000)
  to   space 52736K, 0% used [0x00000000fcc80000,0x00000000fcc80000,0x0000000100000000)
 ParOldGen       total 124928K, used 57239K [0x0000000082200000, 0x0000000089c00000, 0x00000000d6100000)
  object space 124928K, 45% used [0x0000000082200000,0x00000000859e5c98,0x0000000089c00000)
 Metaspace       used 30544K, capacity 30735K, committed 30976K, reserved 1077248K
  class space    used 3651K, capacity 3724K, committed 3840K, reserved 1048576K

Card table byte_map: [0x0000000011960000,0x0000000011d50000] byte_map_base: 0x000000001154f000

Marking Bits: (ParMarkBitMap*) 0x00000000533bd490
 Begin Bits: [0x00000000125f0000, 0x0000000014568000)
 End Bits:   [0x0000000014568000, 0x00000000164e0000)

Polling page: 0x0000000000580000

CodeCache: size=245760Kb used=8260Kb max_used=8267Kb free=237499Kb
 bounds [0x00000000025a0000, 0x0000000002dc0000, 0x00000000115a0000]
 total_blobs=3075 nmethods=1911 adapters=1077
 compilation: enabled

Compilation events (10 events):
Event: 5.541 Thread 0x0000000019611000 1917       3       org.bytedeco.javacpp.tools.Logger::isDebugEnabled (4 bytes)
Event: 5.541 Thread 0x0000000019611000 nmethod 1917 0x0000000002dad9d0 code [0x0000000002dadb20, 0x0000000002dadc90]
Event: 5.541 Thread 0x0000000019611000 1918       3       sun.nio.fs.NativeBuffer::setOwner (6 bytes)
Event: 5.541 Thread 0x0000000019611000 nmethod 1918 0x0000000002dad690 code [0x0000000002dad7e0, 0x0000000002dad950]
Event: 5.541 Thread 0x0000000019611000 1919       3       sun.nio.fs.NativeBuffers::releaseNativeBuffer (103 bytes)
Event: 5.541 Thread 0x0000000019611000 nmethod 1919 0x0000000002dab690 code [0x0000000002dab980, 0x0000000002daccf8]
Event: 5.542 Thread 0x0000000019611000 1921       3       sun.nio.fs.WindowsPath::toWindowsPath (32 bytes)
Event: 5.542 Thread 0x0000000019611000 nmethod 1921 0x0000000002db4d10 code [0x0000000002db4ea0, 0x0000000002db5338]
Event: 5.542 Thread 0x0000000019611000 1922       3       sun.nio.fs.WindowsNativeDispatcher::asNativeBuffer (84 bytes)
Event: 5.542 Thread 0x0000000019611000 nmethod 1922 0x0000000002db5450 code [0x0000000002db5640, 0x0000000002db5f78]

GC Heap History (10 events):
Event: 3.448 GC heap before
{Heap before GC invocations=7 (full 1):
 PSYoungGen      total 136192K, used 136184K [0x00000000d6100000, 0x00000000e6080000, 0x0000000100000000)
  eden space 131072K, 100% used [0x00000000d6100000,0x00000000de100000,0x00000000de100000)
  from space 5120K, 99% used [0x00000000de100000,0x00000000de5fe090,0x00000000de600000)
  to   space 12800K, 0% used [0x00000000e5400000,0x00000000e5400000,0x00000000e6080000)
 ParOldGen       total 52736K, used 10892K [0x0000000082200000, 0x0000000085580000, 0x00000000d6100000)
  object space 52736K, 20% used [0x0000000082200000,0x0000000082ca3000,0x0000000085580000)
 Metaspace       used 24807K, capacity 24957K, committed 25216K, reserved 1071104K
  class space    used 3013K, capacity 3081K, committed 3200K, reserved 1048576K
Event: 3.455 GC heap after
Heap after GC invocations=7 (full 1):
 PSYoungGen      total 242688K, used 12797K [0x00000000d6100000, 0x00000000e7200000, 0x0000000100000000)
  eden space 229888K, 0% used [0x00000000d6100000,0x00000000d6100000,0x00000000e4180000)
  from space 12800K, 99% used [0x00000000e5400000,0x00000000e607f550,0x00000000e6080000)
  to   space 18944K, 0% used [0x00000000e4180000,0x00000000e4180000,0x00000000e5400000)
 ParOldGen       total 52736K, used 17007K [0x0000000082200000, 0x0000000085580000, 0x00000000d6100000)
  object space 52736K, 32% used [0x0000000082200000,0x000000008329bf50,0x0000000085580000)
 Metaspace       used 24807K, capacity 24957K, committed 25216K, reserved 1071104K
  class space    used 3013K, capacity 3081K, committed 3200K, reserved 1048576K
}
Event: 3.798 GC heap before
{Heap before GC invocations=8 (full 1):
 PSYoungGen      total 242688K, used 242685K [0x00000000d6100000, 0x00000000e7200000, 0x0000000100000000)
  eden space 229888K, 100% used [0x00000000d6100000,0x00000000e4180000,0x00000000e4180000)
  from space 12800K, 99% used [0x00000000e5400000,0x00000000e607f550,0x00000000e6080000)
  to   space 18944K, 0% used [0x00000000e4180000,0x00000000e4180000,0x00000000e5400000)
 ParOldGen       total 52736K, used 17007K [0x0000000082200000, 0x0000000085580000, 0x00000000d6100000)
  object space 52736K, 32% used [0x0000000082200000,0x000000008329bf50,0x0000000085580000)
 Metaspace       used 25571K, capacity 25725K, committed 25984K, reserved 1073152K
  class space    used 3094K, capacity 3145K, committed 3200K, reserved 1048576K
Event: 3.815 GC heap after
Heap after GC invocations=8 (full 1):
 PSYoungGen      total 248832K, used 18917K [0x00000000d6100000, 0x00000000f4100000, 0x0000000100000000)
  eden space 229888K, 0% used [0x00000000d6100000,0x00000000d6100000,0x00000000e4180000)
  from space 18944K, 99% used [0x00000000e4180000,0x00000000e53f9618,0x00000000e5400000)
  to   space 30208K, 0% used [0x00000000f2380000,0x00000000f2380000,0x00000000f4100000)
 ParOldGen       total 52736K, used 32941K [0x0000000082200000, 0x0000000085580000, 0x00000000d6100000)
  object space 52736K, 62% used [0x0000000082200000,0x000000008422b4a8,0x0000000085580000)
 Metaspace       used 25571K, capacity 25725K, committed 25984K, reserved 1073152K
  class space    used 3094K, capacity 3145K, committed 3200K, reserved 1048576K
}
Event: 4.211 GC heap before
{Heap before GC invocations=9 (full 1):
 PSYoungGen      total 248832K, used 248805K [0x00000000d6100000, 0x00000000f4100000, 0x0000000100000000)
  eden space 229888K, 100% used [0x00000000d6100000,0x00000000e4180000,0x00000000e4180000)
  from space 18944K, 99% used [0x00000000e4180000,0x00000000e53f9618,0x00000000e5400000)
  to   space 30208K, 0% used [0x00000000f2380000,0x00000000f2380000,0x00000000f4100000)
 ParOldGen       total 52736K, used 32941K [0x0000000082200000, 0x0000000085580000, 0x00000000d6100000)
  object space 52736K, 62% used [0x0000000082200000,0x000000008422b4a8,0x0000000085580000)
 Metaspace       used 25939K, capacity 26083K, committed 26240K, reserved 1073152K
  class space    used 3120K, capacity 3178K, committed 3200K, reserved 1048576K
Event: 4.233 GC heap after
Heap after GC invocations=9 (full 1):
 PSYoungGen      total 454656K, used 30201K [0x00000000d6100000, 0x00000000f5300000, 0x0000000100000000)
  eden space 424448K, 0% used [0x00000000d6100000,0x00000000d6100000,0x00000000eff80000)
  from space 30208K, 99% used [0x00000000f2380000,0x00000000f40fe7e8,0x00000000f4100000)
  to   space 36864K, 0% used [0x00000000eff80000,0x00000000eff80000,0x00000000f2380000)
 ParOldGen       total 52736K, used 34624K [0x0000000082200000, 0x0000000085580000, 0x00000000d6100000)
  object space 52736K, 65% used [0x0000000082200000,0x00000000843d01a0,0x0000000085580000)
 Metaspace       used 25939K, capacity 26083K, committed 26240K, reserved 1073152K
  class space    used 3120K, capacity 3178K, committed 3200K, reserved 1048576K
}
Event: 5.131 GC heap before
{Heap before GC invocations=10 (full 1):
 PSYoungGen      total 454656K, used 454649K [0x00000000d6100000, 0x00000000f5300000, 0x0000000100000000)
  eden space 424448K, 100% used [0x00000000d6100000,0x00000000eff80000,0x00000000eff80000)
  from space 30208K, 99% used [0x00000000f2380000,0x00000000f40fe7e8,0x00000000f4100000)
  to   space 36864K, 0% used [0x00000000eff80000,0x00000000eff80000,0x00000000f2380000)
 ParOldGen       total 52736K, used 34624K [0x0000000082200000, 0x0000000085580000, 0x00000000d6100000)
  object space 52736K, 65% used [0x0000000082200000,0x00000000843d01a0,0x0000000085580000)
 Metaspace       used 28370K, capacity 28527K, committed 28800K, reserved 1075200K
  class space    used 3389K, capacity 3436K, committed 3456K, reserved 1048576K
Event: 5.179 GC heap after
Heap after GC invocations=10 (full 1):
 PSYoungGen      total 461312K, used 36859K [0x00000000d6100000, 0x0000000100000000, 0x0000000100000000)
  eden space 424448K, 0% used [0x00000000d6100000,0x00000000d6100000,0x00000000eff80000)
  from space 36864K, 99% used [0x00000000eff80000,0x00000000f237efb0,0x00000000f2380000)
  to   space 52736K, 0% used [0x00000000fcc80000,0x00000000fcc80000,0x0000000100000000)
 ParOldGen       total 57344K, used 57325K [0x0000000082200000, 0x0000000085a00000, 0x00000000d6100000)
  object space 57344K, 99% used [0x0000000082200000,0x00000000859fb5b8,0x0000000085a00000)
 Metaspace       used 28370K, capacity 28527K, committed 28800K, reserved 1075200K
  class space    used 3389K, capacity 3436K, committed 3456K, reserved 1048576K
}
Event: 5.179 GC heap before
{Heap before GC invocations=11 (full 2):
 PSYoungGen      total 461312K, used 36859K [0x00000000d6100000, 0x0000000100000000, 0x0000000100000000)
  eden space 424448K, 0% used [0x00000000d6100000,0x00000000d6100000,0x00000000eff80000)
  from space 36864K, 99% used [0x00000000eff80000,0x00000000f237efb0,0x00000000f2380000)
  to   space 52736K, 0% used [0x00000000fcc80000,0x00000000fcc80000,0x0000000100000000)
 ParOldGen       total 57344K, used 57325K [0x0000000082200000, 0x0000000085a00000, 0x00000000d6100000)
  object space 57344K, 99% used [0x0000000082200000,0x00000000859fb5b8,0x0000000085a00000)
 Metaspace       used 28370K, capacity 28527K, committed 28800K, reserved 1075200K
  class space    used 3389K, capacity 3436K, committed 3456K, reserved 1048576K
Event: 5.222 GC heap after
Heap after GC invocations=11 (full 2):
 PSYoungGen      total 461312K, used 970K [0x00000000d6100000, 0x0000000100000000, 0x0000000100000000)
  eden space 424448K, 0% used [0x00000000d6100000,0x00000000d6100000,0x00000000eff80000)
  from space 36864K, 2% used [0x00000000eff80000,0x00000000f00729b0,0x00000000f2380000)
  to   space 52736K, 0% used [0x00000000fcc80000,0x00000000fcc80000,0x0000000100000000)
 ParOldGen       total 124928K, used 57239K [0x0000000082200000, 0x0000000089c00000, 0x00000000d6100000)
  object space 124928K, 45% used [0x0000000082200000,0x00000000859e5c98,0x0000000089c00000)
 Metaspace       used 28370K, capacity 28527K, committed 28800K, reserved 1075200K
  class space    used 3389K, capacity 3436K, committed 3456K, reserved 1048576K
}

Deoptimization events (10 events):
Event: 4.812 Thread 0x000000000233c800 Uncommon trap: reason=class_check action=maybe_recompile pc=0x0000000002a5f874 method=org.reflections.util.FilterBuilder.apply(Ljava/lang/String;)Z @ 29
Event: 4.812 Thread 0x000000000233c800 Uncommon trap: reason=unreached action=reinterpret pc=0x0000000002a15258 method=org.reflections.util.ConfigurationBuilder.getMetadataAdapter()Lorg/reflections/adapters/MetadataAdapter; @ 4
Event: 4.812 Thread 0x000000000233c800 Uncommon trap: reason=class_check action=maybe_recompile pc=0x0000000002bf3508 method=org.reflections.vfs.ZipFile.openInputStream()Ljava/io/InputStream; @ 11
Event: 4.812 Thread 0x000000000233c800 Uncommon trap: reason=class_check action=maybe_recompile pc=0x0000000002a4d888 method=java.util.regex.Matcher.match(II)Z @ 86
Event: 4.812 Thread 0x000000000233c800 Uncommon trap: reason=class_check action=maybe_recompile pc=0x0000000002bf3508 method=org.reflections.vfs.ZipFile.openInputStream()Ljava/io/InputStream; @ 11
Event: 4.812 Thread 0x000000000233c800 Uncommon trap: reason=class_check action=maybe_recompile pc=0x0000000002bf3508 method=org.reflections.vfs.ZipFile.openInputStream()Ljava/io/InputStream; @ 11
Event: 4.812 Thread 0x000000000233c800 Uncommon trap: reason=class_check action=maybe_recompile pc=0x0000000002bf3508 method=org.reflections.vfs.ZipFile.openInputStream()Ljava/io/InputStream; @ 11
Event: 4.812 Thread 0x000000000233c800 Uncommon trap: reason=class_check action=maybe_recompile pc=0x0000000002c2fd48 method=org.reflections.vfs.ZipFile.openInputStream()Ljava/io/InputStream; @ 11
Event: 4.987 Thread 0x000000000233c800 Uncommon trap: reason=unreached action=reinterpret pc=0x0000000002918ff4 method=java.util.concurrent.ConcurrentHashMap.putVal(Ljava/lang/Object;Ljava/lang/Object;Z)Ljava/lang/Object; @ 181
Event: 5.076 Thread 0x0000000019991800 Uncommon trap: reason=unreached action=reinterpret pc=0x0000000002aaceac method=java.util.HashMap$HashIterator.<init>(Ljava/util/HashMap;)V @ 38

Internal exceptions (10 events):
Event: 5.541 Thread 0x0000000033d63800 Exception <a 'sun/nio/fs/WindowsException'> (0x00000000dc55d200) thrown at [D:\re\workspace\8-2-build-windows-amd64-cygwin\jdk8u25\1677\hotspot\src\share\vm\prims\jni.cpp, line 716]
Event: 5.541 Thread 0x0000000033d63800 Exception <a 'sun/nio/fs/WindowsException'> (0x00000000dc55e3f8) thrown at [D:\re\workspace\8-2-build-windows-amd64-cygwin\jdk8u25\1677\hotspot\src\share\vm\prims\jni.cpp, line 716]
Event: 5.541 Thread 0x0000000033d63800 Exception <a 'sun/nio/fs/WindowsException'> (0x00000000dc55f5f0) thrown at [D:\re\workspace\8-2-build-windows-amd64-cygwin\jdk8u25\1677\hotspot\src\share\vm\prims\jni.cpp, line 716]
Event: 5.541 Thread 0x0000000033d63800 Exception <a 'sun/nio/fs/WindowsException'> (0x00000000dc560838) thrown at [D:\re\workspace\8-2-build-windows-amd64-cygwin\jdk8u25\1677\hotspot\src\share\vm\prims\jni.cpp, line 716]
Event: 5.541 Thread 0x0000000033d63800 Exception <a 'sun/nio/fs/WindowsException'> (0x00000000dc561a80) thrown at [D:\re\workspace\8-2-build-windows-amd64-cygwin\jdk8u25\1677\hotspot\src\share\vm\prims\jni.cpp, line 716]
Event: 5.541 Thread 0x0000000033d63800 Exception <a 'sun/nio/fs/WindowsException'> (0x00000000dc562d18) thrown at [D:\re\workspace\8-2-build-windows-amd64-cygwin\jdk8u25\1677\hotspot\src\share\vm\prims\jni.cpp, line 716]
Event: 5.541 Thread 0x0000000033d63800 Exception <a 'sun/nio/fs/WindowsException'> (0x00000000dc563f10) thrown at [D:\re\workspace\8-2-build-windows-amd64-cygwin\jdk8u25\1677\hotspot\src\share\vm\prims\jni.cpp, line 716]
Event: 5.541 Thread 0x0000000033d63800 Exception <a 'sun/nio/fs/WindowsException'> (0x00000000dc5651a0) thrown at [D:\re\workspace\8-2-build-windows-amd64-cygwin\jdk8u25\1677\hotspot\src\share\vm\prims\jni.cpp, line 716]
Event: 5.542 Thread 0x0000000033d63800 Exception <a 'sun/nio/fs/WindowsException'> (0x00000000dc5663e8) thrown at [D:\re\workspace\8-2-build-windows-amd64-cygwin\jdk8u25\1677\hotspot\src\share\vm\prims\jni.cpp, line 716]
Event: 5.542 Thread 0x0000000033d63800 Exception <a 'sun/nio/fs/WindowsException'> (0x00000000dc567658) thrown at [D:\re\workspace\8-2-build-windows-amd64-cygwin\jdk8u25\1677\hotspot\src\share\vm\prims\jni.cpp, line 716]

Events (10 events):
Event: 5.381 Executing VM operation: RevokeBias
Event: 5.381 Executing VM operation: RevokeBias done
Event: 5.381 Executing VM operation: RevokeBias
Event: 5.381 Executing VM operation: RevokeBias done
Event: 5.381 Executing VM operation: RevokeBias
Event: 5.381 Executing VM operation: RevokeBias done
Event: 5.493 loading class org/bytedeco/javacpp/annotation/Namespace
Event: 5.493 loading class org/bytedeco/javacpp/annotation/Namespace done
Event: 5.502 Thread 0x0000000033d63800 DEOPT PACKING pc=0x0000000002afcb88 sp=0x000000003589e3b0
Event: 5.502 Thread 0x0000000033d63800 DEOPT UNPACKING pc=0x00000000025e75bf sp=0x000000003589e108 mode 0


Dynamic libraries:
0x00007ff7a7c90000 - 0x00007ff7a7cc4000 	C:\Program Files\jdk1.8.0_25\bin\java.exe
0x00007ffb365c0000 - 0x00007ffb36781000 	C:\Windows\SYSTEM32\ntdll.dll
0x00007ffb35a60000 - 0x00007ffb35b0d000 	C:\Windows\system32\KERNEL32.DLL
0x00007ffb32fd0000 - 0x00007ffb331b8000 	C:\Windows\system32\KERNELBASE.dll
0x00007ffb35350000 - 0x00007ffb353f7000 	C:\Windows\system32\ADVAPI32.dll
0x00007ffb36510000 - 0x00007ffb365ad000 	C:\Windows\system32\msvcrt.dll
0x00007ffb364a0000 - 0x00007ffb364fb000 	C:\Windows\system32\sechost.dll
0x00007ffb34f20000 - 0x00007ffb3503c000 	C:\Windows\system32\RPCRT4.dll
0x00007ffb35b70000 - 0x00007ffb35cc6000 	C:\Windows\system32\USER32.dll
0x00007ffb351c0000 - 0x00007ffb35346000 	C:\Windows\system32\GDI32.dll
0x00007ffb21dc0000 - 0x00007ffb22034000 	C:\Windows\WinSxS\amd64_microsoft.windows.common-controls_6595b64144ccf1df_6.0.10586.0_none_8c15ae12515e1c22\COMCTL32.dll
0x00007ffb35d40000 - 0x00007ffb35fbd000 	C:\Windows\system32\combase.dll
0x00007ffb331c0000 - 0x00007ffb3322a000 	C:\Windows\system32\bcryptPrimitives.dll
0x00007ffb35120000 - 0x00007ffb3515b000 	C:\Windows\system32\IMM32.DLL
0x0000000054040000 - 0x0000000054112000 	C:\Program Files\jdk1.8.0_25\jre\bin\msvcr100.dll
0x0000000052be0000 - 0x000000005343a000 	C:\Program Files\jdk1.8.0_25\jre\bin\server\jvm.dll
0x00007ffb36500000 - 0x00007ffb36508000 	C:\Windows\system32\PSAPI.DLL
0x00007ffb2e400000 - 0x00007ffb2e409000 	C:\Windows\SYSTEM32\WSOCK32.dll
0x00007ffb35cd0000 - 0x00007ffb35d3b000 	C:\Windows\system32\WS2_32.dll
0x00007ffb30f40000 - 0x00007ffb30f63000 	C:\Windows\SYSTEM32\WINMM.dll
0x00007ffb30ee0000 - 0x00007ffb30f0c000 	C:\Windows\SYSTEM32\WINMMBASE.dll
0x00007ffb33290000 - 0x00007ffb332d3000 	C:\Windows\system32\cfgmgr32.dll
0x0000000054030000 - 0x000000005403f000 	C:\Program Files\jdk1.8.0_25\jre\bin\verify.dll
0x0000000054000000 - 0x0000000054028000 	C:\Program Files\jdk1.8.0_25\jre\bin\java.dll
0x0000000053f30000 - 0x0000000053f53000 	C:\Program Files\jdk1.8.0_25\jre\bin\instrument.dll
0x0000000053fe0000 - 0x0000000053ff6000 	C:\Program Files\jdk1.8.0_25\jre\bin\zip.dll
0x00007ffb339c0000 - 0x00007ffb34f1f000 	C:\Windows\system32\SHELL32.dll
0x00007ffb33370000 - 0x00007ffb339b4000 	C:\Windows\system32\windows.storage.dll
0x00007ffb35400000 - 0x00007ffb35452000 	C:\Windows\system32\shlwapi.dll
0x00007ffb32c80000 - 0x00007ffb32c8f000 	C:\Windows\system32\kernel.appcore.dll
0x00007ffb32f10000 - 0x00007ffb32fc5000 	C:\Windows\system32\shcore.dll
0x00007ffb32c30000 - 0x00007ffb32c7b000 	C:\Windows\system32\powrprof.dll
0x00007ffb32c10000 - 0x00007ffb32c24000 	C:\Windows\system32\profapi.dll
0x00007ffb15730000 - 0x00007ffb1574a000 	C:\Program Files\JetBrains\IntelliJ IDEA Community Edition 2018.1.3\bin\breakgen64.dll
0x0000000053fc0000 - 0x0000000053fda000 	C:\Program Files\jdk1.8.0_25\jre\bin\net.dll
0x00007ffb32530000 - 0x00007ffb3258c000 	C:\Windows\system32\mswsock.dll
0x0000000053d90000 - 0x0000000053f28000 	C:\Program Files\jdk1.8.0_25\jre\bin\awt.dll
0x00007ffb35040000 - 0x00007ffb35101000 	C:\Windows\system32\OLEAUT32.dll
0x00007ffb313f0000 - 0x00007ffb31469000 	C:\Windows\system32\apphelp.dll
0x00007ffb30890000 - 0x00007ffb308b2000 	C:\Windows\system32\DWMAPI.DLL
0x00007ffb31510000 - 0x00007ffb315a6000 	C:\Windows\system32\uxtheme.dll
0x00007ffb35460000 - 0x00007ffb355ba000 	C:\Windows\system32\MSCTF.dll
0x00007ffb35910000 - 0x00007ffb35a53000 	C:\Windows\system32\ole32.dll
0x00007ffaf6f60000 - 0x00007ffaf7170000 	C:\Windows\system32\d3d9.dll
0x00007ffaf5d80000 - 0x00007ffaf6f57000 	C:\Windows\SYSTEM32\nvd3dumx.dll
0x00007ffb2ef40000 - 0x00007ffb2ef4a000 	C:\Windows\SYSTEM32\VERSION.dll
0x00007ffb16da0000 - 0x00007ffb17006000 	C:\Windows\system32\nvspcap64.dll
0x00007ffb32150000 - 0x00007ffb32181000 	C:\Windows\SYSTEM32\ntmarta.dll
0x0000000053d40000 - 0x0000000053d87000 	C:\Program Files\jdk1.8.0_25\jre\bin\fontmanager.dll
0x0000000069480000 - 0x000000006b070000 	C:\Users\vlatkozelka\.javacpp\cache\nd4j-native-1.0.0-alpha-windows-x86_64.jar\org\nd4j\nativeblas\windows-x86_64\libnd4jcpu.dll
0x0000000053fa0000 - 0x0000000053fb1000 	C:\Program Files\jdk1.8.0_25\jre\bin\nio.dll
0x0000000066880000 - 0x0000000066e41000 	C:\Users\vlatkozelka\.javacpp\cache\nd4j-native-1.0.0-alpha-windows-x86_64.jar\org\nd4j\nativeblas\windows-x86_64\jnind4jcpu.dll
0x000000006d7c0000 - 0x000000006f95e000 	C:\Users\vlatkozelka\.javacpp\cache\openblas-0.2.20-1.4.1-windows-x86_64.jar\org\bytedeco\javacpp\windows-x86_64\libopenblas.dll
0x0000000067800000 - 0x0000000068570000 	C:\Users\vlatkozelka\.javacpp\cache\openblas-0.2.20-1.4.1-windows-x86_64.jar\org\bytedeco\javacpp\windows-x86_64\jniopenblas.dll
0x00007ffb325e0000 - 0x00007ffb325f7000 	C:\Windows\SYSTEM32\CRYPTSP.dll
0x00007ffb32270000 - 0x00007ffb322a4000 	C:\Windows\system32\rsaenh.dll
0x00007ffb32800000 - 0x00007ffb32829000 	C:\Windows\SYSTEM32\bcrypt.dll
0x00007ffb323c0000 - 0x00007ffb323df000 	C:\Windows\SYSTEM32\USERENV.dll
0x00007ffb32700000 - 0x00007ffb3270b000 	C:\Windows\SYSTEM32\CRYPTBASE.dll
0x00007ffb2f1e0000 - 0x00007ffb2f218000 	C:\Windows\SYSTEM32\IPHLPAPI.DLL
0x00007ffb365b0000 - 0x00007ffb365b8000 	C:\Windows\system32\NSI.dll
0x00007ffb2f0b0000 - 0x00007ffb2f0c6000 	C:\Windows\SYSTEM32\dhcpcsvc6.DLL
0x00007ffb2f160000 - 0x00007ffb2f17a000 	C:\Windows\SYSTEM32\dhcpcsvc.DLL
0x00007ffb03ea0000 - 0x00007ffb03ef1000 	C:\Users\vlatkozelka\.javacpp\cache\hdf5-1.10.1-1.4.1-windows-x86_64.jar\org\bytedeco\javacpp\windows-x86_64\concrt140.dll
0x00007ffb14430000 - 0x00007ffb14446000 	C:\Windows\SYSTEM32\VCRUNTIME140.dll
0x00007ffb03730000 - 0x00007ffb037cc000 	C:\Windows\SYSTEM32\MSVCP140.dll
0x00007ffb31da0000 - 0x00007ffb31e94000 	C:\Windows\SYSTEM32\ucrtbase.dll
0x00007ffb03550000 - 0x00007ffb035ed000 	C:\Users\vlatkozelka\.javacpp\cache\hdf5-1.10.1-1.4.1-windows-x86_64.jar\org\bytedeco\javacpp\windows-x86_64\msvcp140.dll
0x00007ffb04c20000 - 0x00007ffb04c37000 	C:\Users\vlatkozelka\.javacpp\cache\hdf5-1.10.1-1.4.1-windows-x86_64.jar\org\bytedeco\javacpp\windows-x86_64\vcruntime140.dll
0x00000000229c0000 - 0x00000000229c3000 	C:\Users\vlatkozelka\.javacpp\cache\hdf5-1.10.1-1.4.1-windows-x86_64.jar\org\bytedeco\javacpp\windows-x86_64\api-ms-win-crt-locale-l1-1-0.dll
0x00000000229d0000 - 0x00000000229d4000 	C:\Users\vlatkozelka\.javacpp\cache\hdf5-1.10.1-1.4.1-windows-x86_64.jar\org\bytedeco\javacpp\windows-x86_64\api-ms-win-crt-string-l1-1-0.dll
0x00000000229e0000 - 0x00000000229e4000 	C:\Users\vlatkozelka\.javacpp\cache\hdf5-1.10.1-1.4.1-windows-x86_64.jar\org\bytedeco\javacpp\windows-x86_64\api-ms-win-crt-stdio-l1-1-0.dll
0x00000000229f0000 - 0x00000000229f5000 	C:\Users\vlatkozelka\.javacpp\cache\hdf5-1.10.1-1.4.1-windows-x86_64.jar\org\bytedeco\javacpp\windows-x86_64\api-ms-win-crt-math-l1-1-0.dll
0x00000000334b0000 - 0x00000000334b3000 	C:\Users\vlatkozelka\.javacpp\cache\hdf5-1.10.1-1.4.1-windows-x86_64.jar\org\bytedeco\javacpp\windows-x86_64\api-ms-win-crt-heap-l1-1-0.dll
0x00000000334c0000 - 0x00000000334c4000 	C:\Users\vlatkozelka\.javacpp\cache\hdf5-1.10.1-1.4.1-windows-x86_64.jar\org\bytedeco\javacpp\windows-x86_64\api-ms-win-crt-runtime-l1-1-0.dll
0x00000000334d0000 - 0x00000000334d4000 	C:\Users\vlatkozelka\.javacpp\cache\hdf5-1.10.1-1.4.1-windows-x86_64.jar\org\bytedeco\javacpp\windows-x86_64\api-ms-win-crt-convert-l1-1-0.dll
0x00000000334e0000 - 0x00000000334e3000 	C:\Users\vlatkozelka\.javacpp\cache\hdf5-1.10.1-1.4.1-windows-x86_64.jar\org\bytedeco\javacpp\windows-x86_64\api-ms-win-crt-environment-l1-1-0.dll
0x00000000334f0000 - 0x00000000334f3000 	C:\Users\vlatkozelka\.javacpp\cache\hdf5-1.10.1-1.4.1-windows-x86_64.jar\org\bytedeco\javacpp\windows-x86_64\api-ms-win-crt-time-l1-1-0.dll
0x0000000033500000 - 0x0000000033503000 	C:\Users\vlatkozelka\.javacpp\cache\hdf5-1.10.1-1.4.1-windows-x86_64.jar\org\bytedeco\javacpp\windows-x86_64\api-ms-win-crt-filesystem-l1-1-0.dll
0x0000000033510000 - 0x0000000033513000 	C:\Users\vlatkozelka\.javacpp\cache\hdf5-1.10.1-1.4.1-windows-x86_64.jar\org\bytedeco\javacpp\windows-x86_64\api-ms-win-crt-utility-l1-1-0.dll
0x0000000033520000 - 0x0000000033525000 	C:\Users\vlatkozelka\.javacpp\cache\hdf5-1.10.1-1.4.1-windows-x86_64.jar\org\bytedeco\javacpp\windows-x86_64\api-ms-win-crt-multibyte-l1-1-0.dll
0x00007ffaf5560000 - 0x00007ffaf5864000 	C:\Users\vlatkozelka\.javacpp\cache\opencv-3.4.1-1.4.1-windows-x86_64.jar\org\bytedeco\javacpp\windows-x86_64\opencv_core341.dll
0x00007ffaf4f80000 - 0x00007ffaf5385000 	C:\Users\vlatkozelka\.javacpp\cache\opencv-3.4.1-1.4.1-windows-x86_64.jar\org\bytedeco\javacpp\windows-x86_64\opencv_imgproc341.dll
0x00007ffaf45a0000 - 0x00007ffaf492e000 	C:\Users\vlatkozelka\.javacpp\cache\opencv-3.4.1-1.4.1-windows-x86_64.jar\org\bytedeco\javacpp\windows-x86_64\jniopencv_core.dll
0x00007ffb2c1c0000 - 0x00007ffb2c34c000 	C:\Windows\SYSTEM32\dbghelp.dll

VM Arguments:
jvm_args: -javaagent:C:\Program Files\JetBrains\IntelliJ IDEA Community Edition 2018.1.3\lib\idea_rt.jar=58421:C:\Program Files\JetBrains\IntelliJ IDEA Community Edition 2018.1.3\bin -Dfile.encoding=UTF-8 
java_command: Main
java_class_path (initial): C:\Program Files\jdk1.8.0_25\jre\lib\charsets.jar;C:\Program Files\jdk1.8.0_25\jre\lib\deploy.jar;C:\Program Files\jdk1.8.0_25\jre\lib\ext\access-bridge-64.jar;C:\Program Files\jdk1.8.0_25\jre\lib\ext\cldrdata.jar;C:\Program Files\jdk1.8.0_25\jre\lib\ext\comm.jar;C:\Program Files\jdk1.8.0_25\jre\lib\ext\dnsns.jar;C:\Program Files\jdk1.8.0_25\jre\lib\ext\jaccess.jar;C:\Program Files\jdk1.8.0_25\jre\lib\ext\jfxrt.jar;C:\Program Files\jdk1.8.0_25\jre\lib\ext\localedata.jar;C:\Program Files\jdk1.8.0_25\jre\lib\ext\nashorn.jar;C:\Program Files\jdk1.8.0_25\jre\lib\ext\sunec.jar;C:\Program Files\jdk1.8.0_25\jre\lib\ext\sunjce_provider.jar;C:\Program Files\jdk1.8.0_25\jre\lib\ext\sunmscapi.jar;C:\Program Files\jdk1.8.0_25\jre\lib\ext\sunpkcs11.jar;C:\Program Files\jdk1.8.0_25\jre\lib\ext\zipfs.jar;C:\Program Files\jdk1.8.0_25\jre\lib\javaws.jar;C:\Program Files\jdk1.8.0_25\jre\lib\jce.jar;C:\Program Files\jdk1.8.0_25\jre\lib\jfr.jar;C:\Program Files\jdk1.8.0_25\jre\lib\jfxswt.jar;C:\Program Files\jdk1.8.0_25\jre\lib\jsse.jar;C:\Program Files\jdk1.8.0_25\jre\lib\management-agent.jar;C:\Program Files\jdk1.8.0_25\jre\lib\plugin.jar;C:\Program Files\jdk1.8.0_25\jre\lib\resources.jar;C:\Program Files\jdk1.8.0_25\jre\lib\rt.jar;C:\Users\vlatkozelka\IdeaProjects\MNIST\AI\out\production\classes;C:\Users\vlatkozelka\IdeaProjects\MNIST\AI\libs\gym-java-client-1.0.0-SNAPSHOT-javadoc.jar;C:\Users\vlatkozelka\IdeaProjects\MNIST\AI\libs\gym-java-client-1.0.0-SNAPSHOT-sources.jar;C:\Users\vlatkozelka\IdeaProjects\MNIST\AI\libs\rl4j-api-1.0.0-SNAPSHOT-javadoc.jar;C:\Users\vlatkozelka\IdeaProjects\MNIST\AI\libs\rl4j-core-1.0.0-SNAPSHOT-sources.jar;C:\Users\vlatkozelka\IdeaProjects\MNIST\AI\libs\rl4j-core-1.0.0-SNAPSHOT.jar;C:\Users\vlatkozelka\IdeaProjects\MNIST\AI\libs\rl4j-api-1.0.0-SNAPSHOT-sources.jar;C:\Users\vlatkozelka\IdeaProjects\MNIST\AI\libs\gym-java-client-1.0.0-SNAPSHOT.jar;C:\Users\vlatkozelka\IdeaProjects\MNIST\AI\libs\rl4j-api-1.0.0-SNAPSHOT.jar;
Launcher Type: SUN_STANDARD

Environment Variables:
JAVA_HOME=C:\Program Files\jdk1.8.0_25
PATH=C:\Program Files\NVIDIA GPU Computing Toolkit\CUDA\v8.0\bin;C:\Program Files\NVIDIA GPU Computing Toolkit\CUDA\v8.0\libnvvp;C:\Program Files\NVIDIA GPU Computing Toolkit\CUDA\v9.1\bin;C:\Program Files\NVIDIA GPU Computing Toolkit\CUDA\v9.1\libnvvp;C:\Program Files (x86)\NVIDIA Corporation\PhysX\Common;C:\ProgramData\Oracle\Java\javapath;C:\Program Files (x86)\Intel\iCLS Client\;C:\Program Files\Intel\iCLS Client\;C:\Windows\system32;C:\Windows;C:\Windows\System32\Wbem;C:\Windows\System32\WindowsPowerShell\v1.0\;C:\Program Files\jdk1.8.0_25\bin;C:\Program Files\Git\cmd;C:\Program Files\Intel\Intel(R) Management Engine Components\DAL;C:\Program Files (x86)\Intel\Intel(R) Management Engine Components\DAL;C:\Program Files\Intel\Intel(R) Management Engine Components\IPT;C:\wamp\bin\php\php5.5.12;C:\Users\vlatkozelka\AppData\Local\Android\Sdk\platform-tools;C:\Program Files (x86)\GtkSharp\2.12\bin;C:\Program Files\Microsoft SQL Server\Client SDK\ODBC\110\Tools\Binn\;C:\Program Files (x86)\Microsoft SQL Server\120\Tools\Binn\;C:\Program Files\Microsoft SQL Server\120\Tools\Binn\;C:\Program Files\Microsoft SQL Server\120\DTS\Binn\;C:\FFmpeg install\ffmpeg-20141115-git-933eca9-win64-static\bin;C:\Program Files\MATLAB\R2016a\runtime\win64;C:\Program Files\MATLAB\R2016a\bin;C:\Program Files\MATLAB\R2016a\polyspace\bin;C:\Program Files (x86)\IVI Foundation\VISA\WinNT\Bin;C:\Python;C:\Program Files\PuTTY\;C:\Program Files\nodejs\;C:\xianyi-OpenBLAS-6d2da63\;C:\Users\vlatkozelka\AppData\Local\Programs\Python\Launcher\;C:\Users\vlatkozelka\AppData\Roaming\Composer\vendor\bin;C:\Users\vlatkozelka\AppData\Roaming\npm
USERNAME=vlatkozelka
OS=Windows_NT
PROCESSOR_IDENTIFIER=Intel64 Family 6 Model 158 Stepping 10, GenuineIntel



---------------  S Y S T E M  ---------------

OS: Windows 8.1 , 64 bit Build 9600 

CPU:total 6 (6 cores per cpu, 1 threads per core) family 6 model 158 stepping 10, cmov, cx8, fxsr, mmx, sse, sse2, sse3, ssse3, sse4.1, sse4.2, popcnt, avx, avx2, aes, clmul, erms, rtm, lzcnt, tsc, tscinvbit, bmi1, bmi2

Memory: 4k page, physical 8247256k(1634204k free), swap 17463256k(6211316k free)

vm_info: Java HotSpot(TM) 64-Bit Server VM (25.25-b02) for windows-amd64 JRE (1.8.0_25-b18), built on Oct  7 2014 14:25:37 by "java_re" with MS VC++ 10.0 (VS2010)

time: Wed May 16 02:37:14 2018
elapsed time: 5 seconds (0d 0h 0m 5s)

