#
# A fatal error has been detected by the Java Runtime Environment:
#
#  EXCEPTION_ACCESS_VIOLATION (0xc0000005) at pc=0x00007ffaf5f07690, pid=11008, tid=11416
#
# JRE version: Java(TM) SE Runtime Environment (8.0_25-b18) (build 1.8.0_25-b18)
# Java VM: Java HotSpot(TM) 64-Bit Server VM (25.25-b02 mixed mode windows-amd64 compressed oops)
# Problematic frame:
# C  [opencv_core341.dll+0x57690]
#
# Failed to write core dump. Minidumps are not enabled by default on client versions of Windows
#
# If you would like to submit a bug report, please visit:
#   http://bugreport.sun.com/bugreport/crash.jsp
# The crash happened outside the Java Virtual Machine in native code.
# See problematic frame for where to report the bug.
#

---------------  T H R E A D  ---------------

Current thread (0x000000001ae0c000):  JavaThread "Thread-9" [_thread_in_native, id=11416, stack(0x0000000039bc0000,0x0000000039cc0000)]

siginfo: ExceptionCode=0xc0000005, reading address 0x000000003b5a1000

Registers:
RAX=0x000000000016e358, RBX=0x0000000039cbe8c0, RCX=0x000000000016e360, RDX=0x000000000016e360
RSP=0x0000000039cbe860, RBP=0x0000000000002ee0, RSI=0x0000000000000bb8, RDI=0x000000003b3b8040
R8 =0x000000000001e7ee, R9 =0x000000003b5a1000, R10=0x000000003f284470, R11=0x000000003f20a082
R12=0x0000000000000005, R13=0x0000000000000000, R14=0x00000000000000ff, R15=0x00007ffaf5f0a880
RIP=0x00007ffaf5f07690, EFLAGS=0x0000000000010206

Top of Stack: (sp=0x0000000039cbe860)
0x0000000039cbe860:   0000000000000000 0000000000000000
0x0000000039cbe870:   0000000000000003 00007ffaf5f0a8df
0x0000000039cbe880:   0000000039cbe9e0 00000000ffffffff
0x0000000039cbe890:   0000000000000000 0000000020104b50
0x0000000039cbe8a0:   0000000039cbe8c0 000001f4437f0000
0x0000000039cbe8b0:   0000000000000000 0000000000000000
0x0000000039cbe8c0:   000000000016e360 fffffffffffffffe
0x0000000039cbe8d0:   0000000000000010 00007ffaf5efe04d
0x0000000039cbe8e0:   0000000000000000 0000000039cbea50
0x0000000039cbe8f0:   0000000020104b50 000000000000006b
0x0000000039cbe900:   000000003f20a080 0000000000000bb8
0x0000000039cbe910:   0000000039cbe958 0000000039cbe978
0x0000000039cbe920:   0016e3601ac54d00 0000003800000001
0x0000000039cbe930:   000000001ac55108 000000001ae0c000
0x0000000039cbe940:   00000000349e6980 000001f4000003e8
0x0000000039cbe950:   00000000349e6980 000000010016e360 

Instructions: (pc=0x00007ffaf5f07690)
0x00007ffaf5f07670:   44 8d 40 08 4c 8b cf 49 c1 e8 03 4d 8d 53 fe 42
0x00007ffaf5f07680:   8d 14 c5 00 00 00 00 4a 8d 0c c5 00 00 00 00 90
0x00007ffaf5f07690:   41 0f 10 01 41 0f 10 49 10 49 83 c1 20 0f 59 c6
0x00007ffaf5f076a0:   0f 59 ce 0f 58 c5 0f 58 cd 66 0f 5b d0 66 0f 5b 


Register to memory mapping:

RAX=0x000000000016e358 is an unknown value
RBX=0x0000000039cbe8c0 is pointing into the stack for thread: 0x000000001ae0c000
RCX=0x000000000016e360 is an unknown value
RDX=0x000000000016e360 is an unknown value
RSP=0x0000000039cbe860 is pointing into the stack for thread: 0x000000001ae0c000
RBP=0x0000000000002ee0 is an unknown value
RSI=0x0000000000000bb8 is an unknown value
RDI=0x000000003b3b8040 is an unknown value
R8 =0x000000000001e7ee is an unknown value
R9 =0x000000003b5a1000 is an unknown value
R10=0x000000003f284470 is an unknown value
R11=0x000000003f20a082 is an unknown value
R12=0x0000000000000005 is an unknown value
R13=0x0000000000000000 is an unknown value
R14=0x00000000000000ff is an unknown value
R15=0x00007ffaf5f0a880 is an unknown value


Stack: [0x0000000039bc0000,0x0000000039cc0000],  sp=0x0000000039cbe860,  free space=1018k
Native frames: (J=compiled Java code, j=interpreted, Vv=VM code, C=native code)
C  [opencv_core341.dll+0x57690]
C  [opencv_core341.dll+0x5a8df]
C  [opencv_core341.dll+0x4e04d]
C  [jniopencv_core.dll+0x450cf]
C  0x0000000002575b74

Java frames: (J=compiled Java code, j=interpreted, Vv=VM code)
j  org.bytedeco.javacpp.opencv_core$Mat.convertTo(Lorg/bytedeco/javacpp/opencv_core$Mat;IDD)V+0
j  org.deeplearning4j.rl4j.learning.HistoryProcessor.transform(Lorg/nd4j/linalg/api/ndarray/INDArray;)Lorg/nd4j/linalg/api/ndarray/INDArray;+66
j  org.deeplearning4j.rl4j.learning.HistoryProcessor.add(Lorg/nd4j/linalg/api/ndarray/INDArray;)V+2
j  org.deeplearning4j.rl4j.learning.Learning.initMdp(Lorg/deeplearning4j/rl4j/mdp/MDP;Lorg/deeplearning4j/rl4j/learning/IHistoryProcessor;)Lorg/deeplearning4j/rl4j/learning/Learning$InitMdp;+130
j  org.deeplearning4j.rl4j.learning.async.AsyncThread.run()V+52
v  ~StubRoutines::call_stub

---------------  P R O C E S S  ---------------

Java Threads: ( => current thread )
  0x000000001ae0a000 JavaThread "Thread-13" [_thread_in_native, id=11564, stack(0x000000003eb50000,0x000000003ec50000)]
  0x000000001ae08800 JavaThread "Thread-12" [_thread_in_native, id=2372, stack(0x000000003bd10000,0x000000003be10000)]
  0x000000001ae0d000 JavaThread "Thread-11" [_thread_in_native, id=10160, stack(0x000000003b2b0000,0x000000003b3b0000)]
  0x000000001ae09000 JavaThread "Thread-10" [_thread_in_native, id=10800, stack(0x000000003a6e0000,0x000000003a7e0000)]
=>0x000000001ae0c000 JavaThread "Thread-9" [_thread_in_native, id=11416, stack(0x0000000039bc0000,0x0000000039cc0000)]
  0x000000001ae07000 JavaThread "Thread-8" [_thread_in_native, id=8080, stack(0x0000000038c50000,0x0000000038d50000)]
  0x000000001ae06000 JavaThread "Thread-7" [_thread_in_native, id=11780, stack(0x0000000037c20000,0x0000000037d20000)]
  0x0000000033e12000 JavaThread "Thread-6" [_thread_in_native, id=1120, stack(0x0000000035260000,0x0000000035360000)]
  0x0000000033c99800 JavaThread "Thread-5" [_thread_in_Java, id=9176, stack(0x0000000035160000,0x0000000035260000)]
  0x000000001a5ef800 JavaThread "NativeRandomDeallocator thread 0" daemon [_thread_blocked, id=8864, stack(0x0000000031e50000,0x0000000031f50000)]
  0x000000001a887800 JavaThread "JavaCPP Deallocator" daemon [_thread_blocked, id=11680, stack(0x0000000022550000,0x0000000022650000)]
  0x000000001a561800 JavaThread "Workspace deallocator thread" daemon [_thread_blocked, id=4028, stack(0x0000000022450000,0x0000000022550000)]
  0x000000001a15e000 JavaThread "D3D Screen Updater" daemon [_thread_blocked, id=5336, stack(0x0000000021f10000,0x0000000022010000)]
  0x000000001a9f7000 JavaThread "AWT-EventQueue-0" [_thread_blocked, id=11372, stack(0x0000000021d00000,0x0000000021e00000)]
  0x000000001a9a1000 JavaThread "AWT-Windows" daemon [_thread_in_native, id=5676, stack(0x000000001b330000,0x000000001b430000)]
  0x000000001a9a0800 JavaThread "AWT-Shutdown" [_thread_blocked, id=6192, stack(0x000000001b230000,0x000000001b330000)]
  0x000000001aa01800 JavaThread "Java2D Disposer" daemon [_thread_blocked, id=2408, stack(0x000000001b0d0000,0x000000001b1d0000)]
  0x0000000019679000 JavaThread "Service Thread" daemon [_thread_blocked, id=11392, stack(0x0000000019e20000,0x0000000019f20000)]
  0x00000000195f0800 JavaThread "C1 CompilerThread2" daemon [_thread_blocked, id=9656, stack(0x0000000019d20000,0x0000000019e20000)]
  0x00000000195ef800 JavaThread "C2 CompilerThread1" daemon [_thread_in_native, id=10848, stack(0x0000000019c20000,0x0000000019d20000)]
  0x00000000195ed000 JavaThread "C2 CompilerThread0" daemon [_thread_blocked, id=2604, stack(0x0000000019b20000,0x0000000019c20000)]
  0x00000000195eb800 JavaThread "Monitor Ctrl-Break" daemon [_thread_in_native, id=784, stack(0x0000000019a20000,0x0000000019b20000)]
  0x00000000172b1800 JavaThread "Attach Listener" daemon [_thread_blocked, id=7644, stack(0x0000000018d20000,0x0000000018e20000)]
  0x00000000172b0000 JavaThread "Signal Dispatcher" daemon [_thread_blocked, id=11828, stack(0x0000000018c20000,0x0000000018d20000)]
  0x000000001726c000 JavaThread "Finalizer" daemon [_thread_blocked, id=4412, stack(0x0000000018b20000,0x0000000018c20000)]
  0x000000001726a800 JavaThread "Reference Handler" daemon [_thread_blocked, id=4244, stack(0x0000000018a20000,0x0000000018b20000)]
  0x000000000230c800 JavaThread "main" [_thread_in_native, id=676, stack(0x0000000002200000,0x0000000002300000)]

Other Threads:
  0x00000000023fe000 VMThread [stack: 0x0000000018920000,0x0000000018a20000] [id=680]
  0x0000000019681800 WatcherThread [stack: 0x0000000019f20000,0x000000001a020000] [id=9876]

VM state:not at safepoint (normal execution)

VM Mutex/Monitor currently owned by a thread: None

Heap:
 PSYoungGen      total 353280K, used 334658K [0x00000000d6100000, 0x00000000ee900000, 0x0000000100000000)
  eden space 320512K, 94% used [0x00000000d6100000,0x00000000e87fb998,0x00000000e9a00000)
  from space 32768K, 99% used [0x00000000ebf80000,0x00000000edf55028,0x00000000edf80000)
  to   space 38400K, 0% used [0x00000000e9a00000,0x00000000e9a00000,0x00000000ebf80000)
 ParOldGen       total 57344K, used 27651K [0x0000000082200000, 0x0000000085a00000, 0x00000000d6100000)
  object space 57344K, 48% used [0x0000000082200000,0x0000000083d00d18,0x0000000085a00000)
 Metaspace       used 30737K, capacity 30939K, committed 31232K, reserved 1077248K
  class space    used 3651K, capacity 3726K, committed 3840K, reserved 1048576K

Card table byte_map: [0x0000000011920000,0x0000000011d10000] byte_map_base: 0x000000001150f000

Marking Bits: (ParMarkBitMap*) 0x00000000533bd490
 Begin Bits: [0x00000000125b0000, 0x0000000014528000)
 End Bits:   [0x0000000014528000, 0x00000000164a0000)

Polling page: 0x00000000020a0000

CodeCache: size=245760Kb used=8074Kb max_used=8086Kb free=237685Kb
 bounds [0x0000000002560000, 0x0000000002d50000, 0x0000000011560000]
 total_blobs=3224 nmethods=2060 adapters=1077
 compilation: enabled

Compilation events (10 events):
Event: 4.248 Thread 0x00000000195f0800 2057       3       sun.nio.fs.WindowsPath::isAbsolute (26 bytes)
Event: 4.249 Thread 0x00000000195f0800 nmethod 2057 0x0000000002d31550 code [0x0000000002d316c0, 0x0000000002d318d0]
Event: 4.249 Thread 0x00000000195f0800 2058       3       sun.nio.fs.NativeBuffer::setOwner (6 bytes)
Event: 4.249 Thread 0x00000000195f0800 nmethod 2058 0x0000000002d41150 code [0x0000000002d412a0, 0x0000000002d41410]
Event: 4.249 Thread 0x00000000195f0800 2060       3       sun.nio.fs.WindowsPath::toWindowsPath (32 bytes)
Event: 4.249 Thread 0x00000000195f0800 nmethod 2060 0x0000000002d402d0 code [0x0000000002d40460, 0x0000000002d408f8]
Event: 4.249 Thread 0x00000000195f0800 2061       3       sun.nio.fs.WindowsNativeDispatcher::asNativeBuffer (84 bytes)
Event: 4.250 Thread 0x00000000195f0800 nmethod 2061 0x0000000002d3f350 code [0x0000000002d3f540, 0x0000000002d3fe78]
Event: 4.250 Thread 0x00000000195f0800 2063   !   3       java.lang.ClassLoader::findNative (86 bytes)
Event: 4.250 Thread 0x00000000195f0800 nmethod 2063 0x0000000002d46f10 code [0x0000000002d470c0, 0x0000000002d47978]

GC Heap History (10 events):
Event: 2.091 GC heap before
{Heap before GC invocations=9 (full 1):
 PSYoungGen      total 134144K, used 134133K [0x00000000d6100000, 0x00000000e1e80000, 0x0000000100000000)
  eden space 122368K, 100% used [0x00000000d6100000,0x00000000dd880000,0x00000000dd880000)
  from space 11776K, 99% used [0x00000000dd880000,0x00000000de3fd420,0x00000000de400000)
  to   space 13824K, 0% used [0x00000000e1100000,0x00000000e1100000,0x00000000e1e80000)
 ParOldGen       total 57344K, used 7043K [0x0000000082200000, 0x0000000085a00000, 0x00000000d6100000)
  object space 57344K, 12% used [0x0000000082200000,0x00000000828e0c68,0x0000000085a00000)
 Metaspace       used 24819K, capacity 24957K, committed 25216K, reserved 1071104K
  class space    used 3013K, capacity 3081K, committed 3200K, reserved 1048576K
Event: 2.099 GC heap after
Heap after GC invocations=9 (full 1):
 PSYoungGen      total 176128K, used 13823K [0x00000000d6100000, 0x00000000e4900000, 0x0000000100000000)
  eden space 162304K, 0% used [0x00000000d6100000,0x00000000d6100000,0x00000000dff80000)
  from space 13824K, 99% used [0x00000000e1100000,0x00000000e1e7ff18,0x00000000e1e80000)
  to   space 17920K, 0% used [0x00000000dff80000,0x00000000dff80000,0x00000000e1100000)
 ParOldGen       total 57344K, used 11218K [0x0000000082200000, 0x0000000085a00000, 0x00000000d6100000)
  object space 57344K, 19% used [0x0000000082200000,0x0000000082cf4978,0x0000000085a00000)
 Metaspace       used 24819K, capacity 24957K, committed 25216K, reserved 1071104K
  class space    used 3013K, capacity 3081K, committed 3200K, reserved 1048576K
}
Event: 2.311 GC heap before
{Heap before GC invocations=10 (full 1):
 PSYoungGen      total 176128K, used 176127K [0x00000000d6100000, 0x00000000e4900000, 0x0000000100000000)
  eden space 162304K, 100% used [0x00000000d6100000,0x00000000dff80000,0x00000000dff80000)
  from space 13824K, 99% used [0x00000000e1100000,0x00000000e1e7ff18,0x00000000e1e80000)
  to   space 17920K, 0% used [0x00000000dff80000,0x00000000dff80000,0x00000000e1100000)
 ParOldGen       total 57344K, used 11218K [0x0000000082200000, 0x0000000085a00000, 0x00000000d6100000)
  object space 57344K, 19% used [0x0000000082200000,0x0000000082cf4978,0x0000000085a00000)
 Metaspace       used 24820K, capacity 24957K, committed 25216K, reserved 1071104K
  class space    used 3013K, capacity 3081K, committed 3200K, reserved 1048576K
Event: 2.322 GC heap after
Heap after GC invocations=10 (full 1):
 PSYoungGen      total 180224K, used 17897K [0x00000000d6100000, 0x00000000e7000000, 0x0000000100000000)
  eden space 162304K, 0% used [0x00000000d6100000,0x00000000d6100000,0x00000000dff80000)
  from space 17920K, 99% used [0x00000000dff80000,0x00000000e10fa778,0x00000000e1100000)
  to   space 24064K, 0% used [0x00000000e5880000,0x00000000e5880000,0x00000000e7000000)
 ParOldGen       total 57344K, used 18248K [0x0000000082200000, 0x0000000085a00000, 0x00000000d6100000)
  object space 57344K, 31% used [0x0000000082200000,0x00000000833d2108,0x0000000085a00000)
 Metaspace       used 24820K, capacity 24957K, committed 25216K, reserved 1071104K
  class space    used 3013K, capacity 3081K, committed 3200K, reserved 1048576K
}
Event: 2.603 GC heap before
{Heap before GC invocations=11 (full 1):
 PSYoungGen      total 180224K, used 180201K [0x00000000d6100000, 0x00000000e7000000, 0x0000000100000000)
  eden space 162304K, 100% used [0x00000000d6100000,0x00000000dff80000,0x00000000dff80000)
  from space 17920K, 99% used [0x00000000dff80000,0x00000000e10fa778,0x00000000e1100000)
  to   space 24064K, 0% used [0x00000000e5880000,0x00000000e5880000,0x00000000e7000000)
 ParOldGen       total 57344K, used 18248K [0x0000000082200000, 0x0000000085a00000, 0x00000000d6100000)
  object space 57344K, 31% used [0x0000000082200000,0x00000000833d2108,0x0000000085a00000)
 Metaspace       used 25947K, capacity 26083K, committed 26240K, reserved 1073152K
  class space    used 3119K, capacity 3178K, committed 3200K, reserved 1048576K
Event: 2.621 GC heap after
Heap after GC invocations=11 (full 1):
 PSYoungGen      total 250880K, used 21279K [0x00000000d6100000, 0x00000000e7880000, 0x0000000100000000)
  eden space 226816K, 0% used [0x00000000d6100000,0x00000000d6100000,0x00000000e3e80000)
  from space 24064K, 88% used [0x00000000e5880000,0x00000000e6d47fb8,0x00000000e7000000)
  to   space 26624K, 0% used [0x00000000e3e80000,0x00000000e3e80000,0x00000000e5880000)
 ParOldGen       total 57344K, used 19656K [0x0000000082200000, 0x0000000085a00000, 0x00000000d6100000)
  object space 57344K, 34% used [0x0000000082200000,0x0000000083532108,0x0000000085a00000)
 Metaspace       used 25947K, capacity 26083K, committed 26240K, reserved 1073152K
  class space    used 3119K, capacity 3178K, committed 3200K, reserved 1048576K
}
Event: 2.993 GC heap before
{Heap before GC invocations=12 (full 1):
 PSYoungGen      total 250880K, used 248095K [0x00000000d6100000, 0x00000000e7880000, 0x0000000100000000)
  eden space 226816K, 100% used [0x00000000d6100000,0x00000000e3e80000,0x00000000e3e80000)
  from space 24064K, 88% used [0x00000000e5880000,0x00000000e6d47fb8,0x00000000e7000000)
  to   space 26624K, 0% used [0x00000000e3e80000,0x00000000e3e80000,0x00000000e5880000)
 ParOldGen       total 57344K, used 19656K [0x0000000082200000, 0x0000000085a00000, 0x00000000d6100000)
  object space 57344K, 34% used [0x0000000082200000,0x0000000083532108,0x0000000085a00000)
 Metaspace       used 25969K, capacity 26083K, committed 26240K, reserved 1073152K
  class space    used 3121K, capacity 3178K, committed 3200K, reserved 1048576K
Event: 3.010 GC heap after
Heap after GC invocations=12 (full 1):
 PSYoungGen      total 253440K, used 26616K [0x00000000d6100000, 0x00000000edf80000, 0x0000000100000000)
  eden space 226816K, 0% used [0x00000000d6100000,0x00000000d6100000,0x00000000e3e80000)
  from space 26624K, 99% used [0x00000000e3e80000,0x00000000e587e2f8,0x00000000e5880000)
  to   space 32768K, 0% used [0x00000000ebf80000,0x00000000ebf80000,0x00000000edf80000)
 ParOldGen       total 57344K, used 24735K [0x0000000082200000, 0x0000000085a00000, 0x00000000d6100000)
  object space 57344K, 43% used [0x0000000082200000,0x0000000083a27fb0,0x0000000085a00000)
 Metaspace       used 25969K, capacity 26083K, committed 26240K, reserved 1073152K
  class space    used 3121K, capacity 3178K, committed 3200K, reserved 1048576K
}
Event: 3.481 GC heap before
{Heap before GC invocations=13 (full 1):
 PSYoungGen      total 253440K, used 253432K [0x00000000d6100000, 0x00000000edf80000, 0x0000000100000000)
  eden space 226816K, 100% used [0x00000000d6100000,0x00000000e3e80000,0x00000000e3e80000)
  from space 26624K, 99% used [0x00000000e3e80000,0x00000000e587e2f8,0x00000000e5880000)
  to   space 32768K, 0% used [0x00000000ebf80000,0x00000000ebf80000,0x00000000edf80000)
 ParOldGen       total 57344K, used 24735K [0x0000000082200000, 0x0000000085a00000, 0x00000000d6100000)
  object space 57344K, 43% used [0x0000000082200000,0x0000000083a27fb0,0x0000000085a00000)
 Metaspace       used 27361K, capacity 27535K, committed 27776K, reserved 1073152K
  class space    used 3276K, capacity 3340K, committed 3456K, reserved 1048576K
Event: 3.497 GC heap after
Heap after GC invocations=13 (full 1):
 PSYoungGen      total 353280K, used 32596K [0x00000000d6100000, 0x00000000ee900000, 0x0000000100000000)
  eden space 320512K, 0% used [0x00000000d6100000,0x00000000d6100000,0x00000000e9a00000)
  from space 32768K, 99% used [0x00000000ebf80000,0x00000000edf55028,0x00000000edf80000)
  to   space 38400K, 0% used [0x00000000e9a00000,0x00000000e9a00000,0x00000000ebf80000)
 ParOldGen       total 57344K, used 27651K [0x0000000082200000, 0x0000000085a00000, 0x00000000d6100000)
  object space 57344K, 48% used [0x0000000082200000,0x0000000083d00d18,0x0000000085a00000)
 Metaspace       used 27361K, capacity 27535K, committed 27776K, reserved 1073152K
  class space    used 3276K, capacity 3340K, committed 3456K, reserved 1048576K
}

Deoptimization events (10 events):
Event: 3.357 Thread 0x000000000230c800 Uncommon trap: reason=class_check action=maybe_recompile pc=0x00000000029f25f0 method=org.reflections.util.FilterBuilder.apply(Ljava/lang/String;)Z @ 29
Event: 3.357 Thread 0x000000000230c800 Uncommon trap: reason=unreached action=reinterpret pc=0x0000000002988118 method=org.reflections.util.ConfigurationBuilder.getMetadataAdapter()Lorg/reflections/adapters/MetadataAdapter; @ 4
Event: 3.357 Thread 0x000000000230c800 Uncommon trap: reason=class_check action=maybe_recompile pc=0x0000000002b40084 method=org.reflections.vfs.ZipFile.openInputStream()Ljava/io/InputStream; @ 11
Event: 3.357 Thread 0x000000000230c800 Uncommon trap: reason=class_check action=maybe_recompile pc=0x00000000029e4544 method=java.util.regex.Matcher.match(II)Z @ 86
Event: 3.357 Thread 0x000000000230c800 Uncommon trap: reason=class_check action=maybe_recompile pc=0x0000000002b40084 method=org.reflections.vfs.ZipFile.openInputStream()Ljava/io/InputStream; @ 11
Event: 3.357 Thread 0x000000000230c800 Uncommon trap: reason=class_check action=maybe_recompile pc=0x0000000002b40084 method=org.reflections.vfs.ZipFile.openInputStream()Ljava/io/InputStream; @ 11
Event: 3.357 Thread 0x000000000230c800 Uncommon trap: reason=class_check action=maybe_recompile pc=0x0000000002b40084 method=org.reflections.vfs.ZipFile.openInputStream()Ljava/io/InputStream; @ 11
Event: 3.546 Thread 0x000000000230c800 Uncommon trap: reason=unreached action=reinterpret pc=0x00000000028b9af4 method=java.util.concurrent.ConcurrentHashMap.putVal(Ljava/lang/Object;Ljava/lang/Object;Z)Ljava/lang/Object; @ 181
Event: 3.618 Thread 0x000000001a9f7000 Uncommon trap: reason=unreached action=reinterpret pc=0x00000000029f93c8 method=java.util.HashMap$HashIterator.<init>(Ljava/util/HashMap;)V @ 38
Event: 3.622 Thread 0x000000001a9f7000 Uncommon trap: reason=unreached action=reinterpret pc=0x0000000002b3beb8 method=java.util.HashMap$HashIterator.<init>(Ljava/util/HashMap;)V @ 38

Internal exceptions (10 events):
Event: 4.249 Thread 0x0000000033e12000 Exception <a 'sun/nio/fs/WindowsException'> (0x00000000e8754d28) thrown at [D:\re\workspace\8-2-build-windows-amd64-cygwin\jdk8u25\1677\hotspot\src\share\vm\prims\jni.cpp, line 716]
Event: 4.249 Thread 0x0000000033e12000 Exception <a 'sun/nio/fs/WindowsException'> (0x00000000e8755f20) thrown at [D:\re\workspace\8-2-build-windows-amd64-cygwin\jdk8u25\1677\hotspot\src\share\vm\prims\jni.cpp, line 716]
Event: 4.249 Thread 0x0000000033e12000 Exception <a 'sun/nio/fs/WindowsException'> (0x00000000e8757118) thrown at [D:\re\workspace\8-2-build-windows-amd64-cygwin\jdk8u25\1677\hotspot\src\share\vm\prims\jni.cpp, line 716]
Event: 4.249 Thread 0x0000000033e12000 Exception <a 'sun/nio/fs/WindowsException'> (0x00000000e8758360) thrown at [D:\re\workspace\8-2-build-windows-amd64-cygwin\jdk8u25\1677\hotspot\src\share\vm\prims\jni.cpp, line 716]
Event: 4.249 Thread 0x0000000033e12000 Exception <a 'sun/nio/fs/WindowsException'> (0x00000000e87595a8) thrown at [D:\re\workspace\8-2-build-windows-amd64-cygwin\jdk8u25\1677\hotspot\src\share\vm\prims\jni.cpp, line 716]
Event: 4.249 Thread 0x0000000033e12000 Exception <a 'sun/nio/fs/WindowsException'> (0x00000000e875a840) thrown at [D:\re\workspace\8-2-build-windows-amd64-cygwin\jdk8u25\1677\hotspot\src\share\vm\prims\jni.cpp, line 716]
Event: 4.249 Thread 0x0000000033e12000 Exception <a 'sun/nio/fs/WindowsException'> (0x00000000e875ba38) thrown at [D:\re\workspace\8-2-build-windows-amd64-cygwin\jdk8u25\1677\hotspot\src\share\vm\prims\jni.cpp, line 716]
Event: 4.249 Thread 0x0000000033e12000 Exception <a 'sun/nio/fs/WindowsException'> (0x00000000e875ccc8) thrown at [D:\re\workspace\8-2-build-windows-amd64-cygwin\jdk8u25\1677\hotspot\src\share\vm\prims\jni.cpp, line 716]
Event: 4.249 Thread 0x0000000033e12000 Exception <a 'sun/nio/fs/WindowsException'> (0x00000000e875df10) thrown at [D:\re\workspace\8-2-build-windows-amd64-cygwin\jdk8u25\1677\hotspot\src\share\vm\prims\jni.cpp, line 716]
Event: 4.249 Thread 0x0000000033e12000 Exception <a 'sun/nio/fs/WindowsException'> (0x00000000e875f180) thrown at [D:\re\workspace\8-2-build-windows-amd64-cygwin\jdk8u25\1677\hotspot\src\share\vm\prims\jni.cpp, line 716]

Events (10 events):
Event: 4.170 loading class java/nio/DirectByteBuffer$Deallocator
Event: 4.170 loading class java/nio/DirectByteBuffer$Deallocator done
Event: 4.171 loading class sun/nio/ch/IOStatus
Event: 4.171 loading class sun/nio/ch/IOStatus done
Event: 4.172 loading class org/bytedeco/javacpp/annotation/Namespace
Event: 4.172 loading class org/bytedeco/javacpp/annotation/Namespace done
Event: 4.225 Executing VM operation: EnableBiasedLocking
Event: 4.225 Executing VM operation: EnableBiasedLocking done
Event: 4.248 Thread 0x0000000033e12000 DEOPT PACKING pc=0x0000000002a6b9c8 sp=0x000000003535e590
Event: 4.248 Thread 0x0000000033e12000 DEOPT UNPACKING pc=0x00000000025a75bf sp=0x000000003535e2e8 mode 0


Dynamic libraries:
0x00007ff7a7c90000 - 0x00007ff7a7cc4000 	C:\Program Files\jdk1.8.0_25\bin\java.exe
0x00007ffb365c0000 - 0x00007ffb36781000 	C:\Windows\SYSTEM32\ntdll.dll
0x00007ffb35a60000 - 0x00007ffb35b0d000 	C:\Windows\system32\KERNEL32.DLL
0x00007ffb32fd0000 - 0x00007ffb331b8000 	C:\Windows\system32\KERNELBASE.dll
0x00007ffb35350000 - 0x00007ffb353f7000 	C:\Windows\system32\ADVAPI32.dll
0x00007ffb36510000 - 0x00007ffb365ad000 	C:\Windows\system32\msvcrt.dll
0x00007ffb364a0000 - 0x00007ffb364fb000 	C:\Windows\system32\sechost.dll
0x00007ffb34f20000 - 0x00007ffb3503c000 	C:\Windows\system32\RPCRT4.dll
0x00007ffb35b70000 - 0x00007ffb35cc6000 	C:\Windows\system32\USER32.dll
0x00007ffb351c0000 - 0x00007ffb35346000 	C:\Windows\system32\GDI32.dll
0x00007ffb21dc0000 - 0x00007ffb22034000 	C:\Windows\WinSxS\amd64_microsoft.windows.common-controls_6595b64144ccf1df_6.0.10586.0_none_8c15ae12515e1c22\COMCTL32.dll
0x00007ffb35d40000 - 0x00007ffb35fbd000 	C:\Windows\system32\combase.dll
0x00007ffb331c0000 - 0x00007ffb3322a000 	C:\Windows\system32\bcryptPrimitives.dll
0x00007ffb35120000 - 0x00007ffb3515b000 	C:\Windows\system32\IMM32.DLL
0x0000000054040000 - 0x0000000054112000 	C:\Program Files\jdk1.8.0_25\jre\bin\msvcr100.dll
0x0000000052be0000 - 0x000000005343a000 	C:\Program Files\jdk1.8.0_25\jre\bin\server\jvm.dll
0x00007ffb36500000 - 0x00007ffb36508000 	C:\Windows\system32\PSAPI.DLL
0x00007ffb30f40000 - 0x00007ffb30f63000 	C:\Windows\SYSTEM32\WINMM.dll
0x00007ffb2e400000 - 0x00007ffb2e409000 	C:\Windows\SYSTEM32\WSOCK32.dll
0x00007ffb35cd0000 - 0x00007ffb35d3b000 	C:\Windows\system32\WS2_32.dll
0x00007ffb30ee0000 - 0x00007ffb30f0c000 	C:\Windows\SYSTEM32\WINMMBASE.dll
0x00007ffb33290000 - 0x00007ffb332d3000 	C:\Windows\system32\cfgmgr32.dll
0x0000000054030000 - 0x000000005403f000 	C:\Program Files\jdk1.8.0_25\jre\bin\verify.dll
0x0000000054000000 - 0x0000000054028000 	C:\Program Files\jdk1.8.0_25\jre\bin\java.dll
0x0000000053f30000 - 0x0000000053f53000 	C:\Program Files\jdk1.8.0_25\jre\bin\instrument.dll
0x0000000053fe0000 - 0x0000000053ff6000 	C:\Program Files\jdk1.8.0_25\jre\bin\zip.dll
0x00007ffb339c0000 - 0x00007ffb34f1f000 	C:\Windows\system32\SHELL32.dll
0x00007ffb33370000 - 0x00007ffb339b4000 	C:\Windows\system32\windows.storage.dll
0x00007ffb35400000 - 0x00007ffb35452000 	C:\Windows\system32\shlwapi.dll
0x00007ffb32c80000 - 0x00007ffb32c8f000 	C:\Windows\system32\kernel.appcore.dll
0x00007ffb32f10000 - 0x00007ffb32fc5000 	C:\Windows\system32\shcore.dll
0x00007ffb32c30000 - 0x00007ffb32c7b000 	C:\Windows\system32\powrprof.dll
0x00007ffb32c10000 - 0x00007ffb32c24000 	C:\Windows\system32\profapi.dll
0x00007ffb15730000 - 0x00007ffb1574a000 	C:\Program Files\JetBrains\IntelliJ IDEA Community Edition 2018.1.3\bin\breakgen64.dll
0x0000000053fc0000 - 0x0000000053fda000 	C:\Program Files\jdk1.8.0_25\jre\bin\net.dll
0x00007ffb32530000 - 0x00007ffb3258c000 	C:\Windows\system32\mswsock.dll
0x0000000053d90000 - 0x0000000053f28000 	C:\Program Files\jdk1.8.0_25\jre\bin\awt.dll
0x00007ffb35040000 - 0x00007ffb35101000 	C:\Windows\system32\OLEAUT32.dll
0x00007ffb313f0000 - 0x00007ffb31469000 	C:\Windows\system32\apphelp.dll
0x00007ffb30890000 - 0x00007ffb308b2000 	C:\Windows\system32\DWMAPI.DLL
0x00007ffb31510000 - 0x00007ffb315a6000 	C:\Windows\system32\uxtheme.dll
0x00007ffb35460000 - 0x00007ffb355ba000 	C:\Windows\system32\MSCTF.dll
0x00007ffb35910000 - 0x00007ffb35a53000 	C:\Windows\system32\ole32.dll
0x00007ffaf73a0000 - 0x00007ffaf75b0000 	C:\Windows\system32\d3d9.dll
0x00007ffaf61c0000 - 0x00007ffaf7397000 	C:\Windows\SYSTEM32\nvd3dumx.dll
0x00007ffb2ef40000 - 0x00007ffb2ef4a000 	C:\Windows\SYSTEM32\VERSION.dll
0x00007ffb16da0000 - 0x00007ffb17006000 	C:\Windows\system32\nvspcap64.dll
0x00007ffb32150000 - 0x00007ffb32181000 	C:\Windows\SYSTEM32\ntmarta.dll
0x0000000053d40000 - 0x0000000053d87000 	C:\Program Files\jdk1.8.0_25\jre\bin\fontmanager.dll
0x0000000069480000 - 0x000000006b070000 	C:\Users\vlatkozelka\.javacpp\cache\nd4j-native-1.0.0-alpha-windows-x86_64.jar\org\nd4j\nativeblas\windows-x86_64\libnd4jcpu.dll
0x0000000053fa0000 - 0x0000000053fb1000 	C:\Program Files\jdk1.8.0_25\jre\bin\nio.dll
0x0000000066880000 - 0x0000000066e41000 	C:\Users\vlatkozelka\.javacpp\cache\nd4j-native-1.0.0-alpha-windows-x86_64.jar\org\nd4j\nativeblas\windows-x86_64\jnind4jcpu.dll
0x000000006d7c0000 - 0x000000006f95e000 	C:\Users\vlatkozelka\.javacpp\cache\openblas-0.2.20-1.4.1-windows-x86_64.jar\org\bytedeco\javacpp\windows-x86_64\libopenblas.dll
0x0000000067800000 - 0x0000000068570000 	C:\Users\vlatkozelka\.javacpp\cache\openblas-0.2.20-1.4.1-windows-x86_64.jar\org\bytedeco\javacpp\windows-x86_64\jniopenblas.dll
0x00007ffb325e0000 - 0x00007ffb325f7000 	C:\Windows\SYSTEM32\CRYPTSP.dll
0x00007ffb32270000 - 0x00007ffb322a4000 	C:\Windows\system32\rsaenh.dll
0x00007ffb32800000 - 0x00007ffb32829000 	C:\Windows\SYSTEM32\bcrypt.dll
0x00007ffb323c0000 - 0x00007ffb323df000 	C:\Windows\SYSTEM32\USERENV.dll
0x00007ffb32700000 - 0x00007ffb3270b000 	C:\Windows\SYSTEM32\CRYPTBASE.dll
0x00007ffb2f1e0000 - 0x00007ffb2f218000 	C:\Windows\SYSTEM32\IPHLPAPI.DLL
0x00007ffb365b0000 - 0x00007ffb365b8000 	C:\Windows\system32\NSI.dll
0x00007ffb2f0b0000 - 0x00007ffb2f0c6000 	C:\Windows\SYSTEM32\dhcpcsvc6.DLL
0x00007ffb2f160000 - 0x00007ffb2f17a000 	C:\Windows\SYSTEM32\dhcpcsvc.DLL
0x00007ffb03ea0000 - 0x00007ffb03ef1000 	C:\Users\vlatkozelka\.javacpp\cache\hdf5-1.10.1-1.4.1-windows-x86_64.jar\org\bytedeco\javacpp\windows-x86_64\concrt140.dll
0x00007ffb03730000 - 0x00007ffb037cc000 	C:\Windows\SYSTEM32\MSVCP140.dll
0x00007ffb14430000 - 0x00007ffb14446000 	C:\Windows\SYSTEM32\VCRUNTIME140.dll
0x00007ffb31da0000 - 0x00007ffb31e94000 	C:\Windows\SYSTEM32\ucrtbase.dll
0x00007ffb03550000 - 0x00007ffb035ed000 	C:\Users\vlatkozelka\.javacpp\cache\hdf5-1.10.1-1.4.1-windows-x86_64.jar\org\bytedeco\javacpp\windows-x86_64\msvcp140.dll
0x00007ffb14320000 - 0x00007ffb14337000 	C:\Users\vlatkozelka\.javacpp\cache\hdf5-1.10.1-1.4.1-windows-x86_64.jar\org\bytedeco\javacpp\windows-x86_64\vcruntime140.dll
0x00000000229b0000 - 0x00000000229b3000 	C:\Users\vlatkozelka\.javacpp\cache\hdf5-1.10.1-1.4.1-windows-x86_64.jar\org\bytedeco\javacpp\windows-x86_64\api-ms-win-crt-locale-l1-1-0.dll
0x00000000229c0000 - 0x00000000229c4000 	C:\Users\vlatkozelka\.javacpp\cache\hdf5-1.10.1-1.4.1-windows-x86_64.jar\org\bytedeco\javacpp\windows-x86_64\api-ms-win-crt-string-l1-1-0.dll
0x00000000229d0000 - 0x00000000229d4000 	C:\Users\vlatkozelka\.javacpp\cache\hdf5-1.10.1-1.4.1-windows-x86_64.jar\org\bytedeco\javacpp\windows-x86_64\api-ms-win-crt-stdio-l1-1-0.dll
0x00000000229e0000 - 0x00000000229e5000 	C:\Users\vlatkozelka\.javacpp\cache\hdf5-1.10.1-1.4.1-windows-x86_64.jar\org\bytedeco\javacpp\windows-x86_64\api-ms-win-crt-math-l1-1-0.dll
0x0000000038a10000 - 0x0000000038a13000 	C:\Users\vlatkozelka\.javacpp\cache\hdf5-1.10.1-1.4.1-windows-x86_64.jar\org\bytedeco\javacpp\windows-x86_64\api-ms-win-crt-heap-l1-1-0.dll
0x0000000038a20000 - 0x0000000038a24000 	C:\Users\vlatkozelka\.javacpp\cache\hdf5-1.10.1-1.4.1-windows-x86_64.jar\org\bytedeco\javacpp\windows-x86_64\api-ms-win-crt-runtime-l1-1-0.dll
0x0000000038a30000 - 0x0000000038a34000 	C:\Users\vlatkozelka\.javacpp\cache\hdf5-1.10.1-1.4.1-windows-x86_64.jar\org\bytedeco\javacpp\windows-x86_64\api-ms-win-crt-convert-l1-1-0.dll
0x0000000038c40000 - 0x0000000038c43000 	C:\Users\vlatkozelka\.javacpp\cache\hdf5-1.10.1-1.4.1-windows-x86_64.jar\org\bytedeco\javacpp\windows-x86_64\api-ms-win-crt-environment-l1-1-0.dll
0x0000000039620000 - 0x0000000039623000 	C:\Users\vlatkozelka\.javacpp\cache\hdf5-1.10.1-1.4.1-windows-x86_64.jar\org\bytedeco\javacpp\windows-x86_64\api-ms-win-crt-time-l1-1-0.dll
0x0000000039630000 - 0x0000000039633000 	C:\Users\vlatkozelka\.javacpp\cache\hdf5-1.10.1-1.4.1-windows-x86_64.jar\org\bytedeco\javacpp\windows-x86_64\api-ms-win-crt-filesystem-l1-1-0.dll
0x0000000039850000 - 0x0000000039853000 	C:\Users\vlatkozelka\.javacpp\cache\hdf5-1.10.1-1.4.1-windows-x86_64.jar\org\bytedeco\javacpp\windows-x86_64\api-ms-win-crt-utility-l1-1-0.dll
0x0000000039a60000 - 0x0000000039a65000 	C:\Users\vlatkozelka\.javacpp\cache\hdf5-1.10.1-1.4.1-windows-x86_64.jar\org\bytedeco\javacpp\windows-x86_64\api-ms-win-crt-multibyte-l1-1-0.dll
0x00007ffaf5eb0000 - 0x00007ffaf61b4000 	C:\Users\vlatkozelka\.javacpp\cache\opencv-3.4.1-1.4.1-windows-x86_64.jar\org\bytedeco\javacpp\windows-x86_64\opencv_core341.dll
0x00007ffaf4f80000 - 0x00007ffaf5385000 	C:\Users\vlatkozelka\.javacpp\cache\opencv-3.4.1-1.4.1-windows-x86_64.jar\org\bytedeco\javacpp\windows-x86_64\opencv_imgproc341.dll
0x00007ffaf5b20000 - 0x00007ffaf5eae000 	C:\Users\vlatkozelka\.javacpp\cache\opencv-3.4.1-1.4.1-windows-x86_64.jar\org\bytedeco\javacpp\windows-x86_64\jniopencv_core.dll
0x00007ffb2c1c0000 - 0x00007ffb2c34c000 	C:\Windows\SYSTEM32\dbghelp.dll

VM Arguments:
jvm_args: -javaagent:C:\Program Files\JetBrains\IntelliJ IDEA Community Edition 2018.1.3\lib\idea_rt.jar=57897:C:\Program Files\JetBrains\IntelliJ IDEA Community Edition 2018.1.3\bin -Dfile.encoding=UTF-8 
java_command: Main
java_class_path (initial): C:\Program Files\jdk1.8.0_25\jre\lib\charsets.jar;C:\Program Files\jdk1.8.0_25\jre\lib\deploy.jar;C:\Program Files\jdk1.8.0_25\jre\lib\ext\access-bridge-64.jar;C:\Program Files\jdk1.8.0_25\jre\lib\ext\cldrdata.jar;C:\Program Files\jdk1.8.0_25\jre\lib\ext\comm.jar;C:\Program Files\jdk1.8.0_25\jre\lib\ext\dnsns.jar;C:\Program Files\jdk1.8.0_25\jre\lib\ext\jaccess.jar;C:\Program Files\jdk1.8.0_25\jre\lib\ext\jfxrt.jar;C:\Program Files\jdk1.8.0_25\jre\lib\ext\localedata.jar;C:\Program Files\jdk1.8.0_25\jre\lib\ext\nashorn.jar;C:\Program Files\jdk1.8.0_25\jre\lib\ext\sunec.jar;C:\Program Files\jdk1.8.0_25\jre\lib\ext\sunjce_provider.jar;C:\Program Files\jdk1.8.0_25\jre\lib\ext\sunmscapi.jar;C:\Program Files\jdk1.8.0_25\jre\lib\ext\sunpkcs11.jar;C:\Program Files\jdk1.8.0_25\jre\lib\ext\zipfs.jar;C:\Program Files\jdk1.8.0_25\jre\lib\javaws.jar;C:\Program Files\jdk1.8.0_25\jre\lib\jce.jar;C:\Program Files\jdk1.8.0_25\jre\lib\jfr.jar;C:\Program Files\jdk1.8.0_25\jre\lib\jfxswt.jar;C:\Program Files\jdk1.8.0_25\jre\lib\jsse.jar;C:\Program Files\jdk1.8.0_25\jre\lib\management-agent.jar;C:\Program Files\jdk1.8.0_25\jre\lib\plugin.jar;C:\Program Files\jdk1.8.0_25\jre\lib\resources.jar;C:\Program Files\jdk1.8.0_25\jre\lib\rt.jar;C:\Users\vlatkozelka\IdeaProjects\MNIST\AI\out\production\classes;C:\Users\vlatkozelka\IdeaProjects\MNIST\AI\libs\gym-java-client-1.0.0-SNAPSHOT-javadoc.jar;C:\Users\vlatkozelka\IdeaProjects\MNIST\AI\libs\gym-java-client-1.0.0-SNAPSHOT-sources.jar;C:\Users\vlatkozelka\IdeaProjects\MNIST\AI\libs\rl4j-api-1.0.0-SNAPSHOT-javadoc.jar;C:\Users\vlatkozelka\IdeaProjects\MNIST\AI\libs\rl4j-core-1.0.0-SNAPSHOT-sources.jar;C:\Users\vlatkozelka\IdeaProjects\MNIST\AI\libs\rl4j-core-1.0.0-SNAPSHOT.jar;C:\Users\vlatkozelka\IdeaProjects\MNIST\AI\libs\rl4j-api-1.0.0-SNAPSHOT-sources.jar;C:\Users\vlatkozelka\IdeaProjects\MNIST\AI\libs\gym-java-client-1.0.0-SNAPSHOT.jar;C:\Users\vlatkozelka\IdeaProjects\MNIST\AI\libs\rl4j-api-1.0.0-SNAPSHOT.jar;
Launcher Type: SUN_STANDARD

Environment Variables:
JAVA_HOME=C:\Program Files\jdk1.8.0_25
PATH=C:\Program Files\NVIDIA GPU Computing Toolkit\CUDA\v8.0\bin;C:\Program Files\NVIDIA GPU Computing Toolkit\CUDA\v8.0\libnvvp;C:\Program Files\NVIDIA GPU Computing Toolkit\CUDA\v9.1\bin;C:\Program Files\NVIDIA GPU Computing Toolkit\CUDA\v9.1\libnvvp;C:\Program Files (x86)\NVIDIA Corporation\PhysX\Common;C:\ProgramData\Oracle\Java\javapath;C:\Program Files (x86)\Intel\iCLS Client\;C:\Program Files\Intel\iCLS Client\;C:\Windows\system32;C:\Windows;C:\Windows\System32\Wbem;C:\Windows\System32\WindowsPowerShell\v1.0\;C:\Program Files\jdk1.8.0_25\bin;C:\Program Files\Git\cmd;C:\Program Files\Intel\Intel(R) Management Engine Components\DAL;C:\Program Files (x86)\Intel\Intel(R) Management Engine Components\DAL;C:\Program Files\Intel\Intel(R) Management Engine Components\IPT;C:\wamp\bin\php\php5.5.12;C:\Users\vlatkozelka\AppData\Local\Android\Sdk\platform-tools;C:\Program Files (x86)\GtkSharp\2.12\bin;C:\Program Files\Microsoft SQL Server\Client SDK\ODBC\110\Tools\Binn\;C:\Program Files (x86)\Microsoft SQL Server\120\Tools\Binn\;C:\Program Files\Microsoft SQL Server\120\Tools\Binn\;C:\Program Files\Microsoft SQL Server\120\DTS\Binn\;C:\FFmpeg install\ffmpeg-20141115-git-933eca9-win64-static\bin;C:\Program Files\MATLAB\R2016a\runtime\win64;C:\Program Files\MATLAB\R2016a\bin;C:\Program Files\MATLAB\R2016a\polyspace\bin;C:\Program Files (x86)\IVI Foundation\VISA\WinNT\Bin;C:\Python;C:\Program Files\PuTTY\;C:\Program Files\nodejs\;C:\xianyi-OpenBLAS-6d2da63\;C:\Users\vlatkozelka\AppData\Local\Programs\Python\Launcher\;C:\Users\vlatkozelka\AppData\Roaming\Composer\vendor\bin;C:\Users\vlatkozelka\AppData\Roaming\npm
USERNAME=vlatkozelka
OS=Windows_NT
PROCESSOR_IDENTIFIER=Intel64 Family 6 Model 158 Stepping 10, GenuineIntel



---------------  S Y S T E M  ---------------

OS: Windows 8.1 , 64 bit Build 9600 

CPU:total 6 (6 cores per cpu, 1 threads per core) family 6 model 158 stepping 10, cmov, cx8, fxsr, mmx, sse, sse2, sse3, ssse3, sse4.1, sse4.2, popcnt, avx, avx2, aes, clmul, erms, rtm, lzcnt, tsc, tscinvbit, bmi1, bmi2

Memory: 4k page, physical 8247256k(2272120k free), swap 17463256k(6275976k free)

vm_info: Java HotSpot(TM) 64-Bit Server VM (25.25-b02) for windows-amd64 JRE (1.8.0_25-b18), built on Oct  7 2014 14:25:37 by "java_re" with MS VC++ 10.0 (VS2010)

time: Wed May 16 02:21:29 2018
elapsed time: 4 seconds (0d 0h 0m 4s)

