#
# A fatal error has been detected by the Java Runtime Environment:
#
#  EXCEPTION_ACCESS_VIOLATION (0xc0000005) at pc=0x00007ffaf5f07690, pid=11376, tid=6608
#
# JRE version: Java(TM) SE Runtime Environment (8.0_25-b18) (build 1.8.0_25-b18)
# Java VM: Java HotSpot(TM) 64-Bit Server VM (25.25-b02 mixed mode windows-amd64 compressed oops)
# Problematic frame:
# C  [opencv_core341.dll+0x57690]
#
# Failed to write core dump. Minidumps are not enabled by default on client versions of Windows
#
# If you would like to submit a bug report, please visit:
#   http://bugreport.sun.com/bugreport/crash.jsp
# The crash happened outside the Java Virtual Machine in native code.
# See problematic frame for where to report the bug.
#

---------------  T H R E A D  ---------------

Current thread (0x000000001b8aa800):  JavaThread "Thread-6" [_thread_in_native, id=6608, stack(0x00000000361b0000,0x00000000362b0000)]

siginfo: ExceptionCode=0xc0000005, reading address 0x000000003649c000

Registers:
RAX=0x000000000016e358, RBX=0x00000000362aee80, RCX=0x000000000016e360, RDX=0x000000000016e360
RSP=0x00000000362aee20, RBP=0x0000000000002ee0, RSI=0x0000000000000bb8, RDI=0x00000000362b3040
R8 =0x000000000001e7ee, R9 =0x000000003649c000, R10=0x0000000036e42470, R11=0x0000000036dc8082
R12=0x0000000000000005, R13=0x0000000000000000, R14=0x00000000000000ff, R15=0x00007ffaf5f0a880
RIP=0x00007ffaf5f07690, EFLAGS=0x0000000000010206

Top of Stack: (sp=0x00000000362aee20)
0x00000000362aee20:   0000000000000000 0000000000000000
0x00000000362aee30:   0000000000000003 00007ffaf5f0a8df
0x00000000362aee40:   00000000362aefa0 00000000ffffffff
0x00000000362aee50:   0000000000000000 00000000211a2410
0x00000000362aee60:   00000000362aee80 000001f4437f0000
0x00000000362aee70:   0000000000000000 0000000000000000
0x00000000362aee80:   000000000016e360 fffffffffffffffe
0x00000000362aee90:   0000000000000010 00007ffaf5efe04d
0x00000000362aeea0:   0000000000000000 00000000362af010
0x00000000362aeeb0:   00000000211a2410 000000000000006b
0x00000000362aeec0:   0000000036dc8080 0000000000000bb8
0x00000000362aeed0:   00000000362aef18 00000000362aef38
0x00000000362aeee0:   0016e3601995d000 0000003800000001
0x00000000362aeef0:   000000001995d478 000000001b8aa800
0x00000000362aef00:   00000000335fda48 000001f4000003e8
0x00000000362aef10:   00000000335fda48 000000010016e360 

Instructions: (pc=0x00007ffaf5f07690)
0x00007ffaf5f07670:   44 8d 40 08 4c 8b cf 49 c1 e8 03 4d 8d 53 fe 42
0x00007ffaf5f07680:   8d 14 c5 00 00 00 00 4a 8d 0c c5 00 00 00 00 90
0x00007ffaf5f07690:   41 0f 10 01 41 0f 10 49 10 49 83 c1 20 0f 59 c6
0x00007ffaf5f076a0:   0f 59 ce 0f 58 c5 0f 58 cd 66 0f 5b d0 66 0f 5b 


Register to memory mapping:

RAX=0x000000000016e358 is an unknown value
RBX=0x00000000362aee80 is pointing into the stack for thread: 0x000000001b8aa800
RCX=0x000000000016e360 is an unknown value
RDX=0x000000000016e360 is an unknown value
RSP=0x00000000362aee20 is pointing into the stack for thread: 0x000000001b8aa800
RBP=0x0000000000002ee0 is an unknown value
RSI=0x0000000000000bb8 is an unknown value
RDI=0x00000000362b3040 is an unknown value
R8 =0x000000000001e7ee is an unknown value
R9 =0x000000003649c000 is an unknown value
R10=0x0000000036e42470 is an unknown value
R11=0x0000000036dc8082 is an unknown value
R12=0x0000000000000005 is an unknown value
R13=0x0000000000000000 is an unknown value
R14=0x00000000000000ff is an unknown value
R15=0x00007ffaf5f0a880 is an unknown value


Stack: [0x00000000361b0000,0x00000000362b0000],  sp=0x00000000362aee20,  free space=1019k
Native frames: (J=compiled Java code, j=interpreted, Vv=VM code, C=native code)
C  [opencv_core341.dll+0x57690]
C  [opencv_core341.dll+0x5a8df]
C  [opencv_core341.dll+0x4e04d]
C  [jniopencv_core.dll+0x450cf]
C  0x000000000257dd0c

Java frames: (J=compiled Java code, j=interpreted, Vv=VM code)
j  org.bytedeco.javacpp.opencv_core$Mat.convertTo(Lorg/bytedeco/javacpp/opencv_core$Mat;IDD)V+0
j  org.deeplearning4j.rl4j.learning.HistoryProcessor.transform(Lorg/nd4j/linalg/api/ndarray/INDArray;)Lorg/nd4j/linalg/api/ndarray/INDArray;+66
j  org.deeplearning4j.rl4j.learning.HistoryProcessor.add(Lorg/nd4j/linalg/api/ndarray/INDArray;)V+2
j  org.deeplearning4j.rl4j.learning.Learning.initMdp(Lorg/deeplearning4j/rl4j/mdp/MDP;Lorg/deeplearning4j/rl4j/learning/IHistoryProcessor;)Lorg/deeplearning4j/rl4j/learning/Learning$InitMdp;+130
j  org.deeplearning4j.rl4j.learning.async.AsyncThread.run()V+52
v  ~StubRoutines::call_stub

---------------  P R O C E S S  ---------------

Java Threads: ( => current thread )
=>0x000000001b8aa800 JavaThread "Thread-6" [_thread_in_native, id=6608, stack(0x00000000361b0000,0x00000000362b0000)]
  0x000000001b6d4800 JavaThread "Thread-5" [_thread_in_Java, id=11796, stack(0x00000000357d0000,0x00000000358d0000)]
  0x000000001ac00800 JavaThread "NativeRandomDeallocator thread 0" daemon [_thread_blocked, id=1204, stack(0x0000000033000000,0x0000000033100000)]
  0x000000001a5e0800 JavaThread "JavaCPP Deallocator" daemon [_thread_blocked, id=11368, stack(0x0000000023710000,0x0000000023810000)]
  0x000000001a5df800 JavaThread "Workspace deallocator thread" daemon [_thread_blocked, id=2384, stack(0x0000000023610000,0x0000000023710000)]
  0x000000001ad2f800 JavaThread "D3D Screen Updater" daemon [_thread_blocked, id=7604, stack(0x00000000232d0000,0x00000000233d0000)]
  0x000000001b078800 JavaThread "AWT-EventQueue-0" [_thread_blocked, id=7804, stack(0x0000000022ec0000,0x0000000022fc0000)]
  0x000000001aa01800 JavaThread "AWT-Windows" daemon [_thread_in_native, id=5676, stack(0x000000001c5b0000,0x000000001c6b0000)]
  0x000000001aa00800 JavaThread "AWT-Shutdown" [_thread_blocked, id=9712, stack(0x000000001c4b0000,0x000000001c5b0000)]
  0x000000001aa00000 JavaThread "Java2D Disposer" daemon [_thread_blocked, id=5720, stack(0x000000001c3b0000,0x000000001c4b0000)]
  0x0000000019a23800 JavaThread "Service Thread" daemon [_thread_blocked, id=11792, stack(0x000000001a020000,0x000000001a120000)]
  0x0000000019939800 JavaThread "C1 CompilerThread2" daemon [_thread_blocked, id=7580, stack(0x0000000019f20000,0x000000001a020000)]
  0x0000000019942000 JavaThread "C2 CompilerThread1" daemon [_thread_blocked, id=11736, stack(0x0000000019e20000,0x0000000019f20000)]
  0x000000001993f800 JavaThread "C2 CompilerThread0" daemon [_thread_in_native, id=11692, stack(0x0000000019d20000,0x0000000019e20000)]
  0x0000000018e33000 JavaThread "JDWP Command Reader" daemon [_thread_in_native, id=8456, stack(0x0000000019420000,0x0000000019520000)]
  0x0000000018e31800 JavaThread "JDWP Event Helper Thread" daemon [_thread_blocked, id=4200, stack(0x0000000019320000,0x0000000019420000)]
  0x00000000172b8000 JavaThread "JDWP Transport Listener: dt_socket" daemon [_thread_blocked, id=11616, stack(0x0000000019220000,0x0000000019320000)]
  0x00000000172bd800 JavaThread "Attach Listener" daemon [_thread_blocked, id=6236, stack(0x0000000018d20000,0x0000000018e20000)]
  0x00000000172bc000 JavaThread "Signal Dispatcher" daemon [_thread_blocked, id=7360, stack(0x0000000018c20000,0x0000000018d20000)]
  0x0000000017272800 JavaThread "Finalizer" daemon [_thread_blocked, id=2848, stack(0x0000000018b20000,0x0000000018c20000)]
  0x000000001726b800 JavaThread "Reference Handler" daemon [_thread_blocked, id=11328, stack(0x0000000018a20000,0x0000000018b20000)]
  0x00000000022c9000 JavaThread "main" [_thread_in_native, id=10028, stack(0x00000000021c0000,0x00000000022c0000)]

Other Threads:
  0x0000000017265800 VMThread [stack: 0x0000000018920000,0x0000000018a20000] [id=10416]
  0x0000000019a51000 WatcherThread [stack: 0x000000001a120000,0x000000001a220000] [id=11496]

VM state:not at safepoint (normal execution)

VM Mutex/Monitor currently owned by a thread: None

Heap:
 PSYoungGen      total 393216K, used 184653K [0x00000000d6100000, 0x00000000f1080000, 0x0000000100000000)
  eden space 357888K, 42% used [0x00000000d6100000,0x00000000df437838,0x00000000ebe80000)
  from space 35328K, 95% used [0x00000000ee600000,0x00000000f071bd58,0x00000000f0880000)
  to   space 40448K, 0% used [0x00000000ebe80000,0x00000000ebe80000,0x00000000ee600000)
 ParOldGen       total 59392K, used 30557K [0x0000000082200000, 0x0000000085c00000, 0x00000000d6100000)
  object space 59392K, 51% used [0x0000000082200000,0x0000000083fd7540,0x0000000085c00000)
 Metaspace       used 31125K, capacity 31263K, committed 31488K, reserved 1077248K
  class space    used 3661K, capacity 3724K, committed 3840K, reserved 1048576K

Card table byte_map: [0x0000000011920000,0x0000000011d10000] byte_map_base: 0x000000001150f000

Marking Bits: (ParMarkBitMap*) 0x00000000533bd490
 Begin Bits: [0x00000000125b0000, 0x0000000014528000)
 End Bits:   [0x0000000014528000, 0x00000000164a0000)

Polling page: 0x00000000023c0000

CodeCache: size=245760Kb used=8388Kb max_used=8388Kb free=237371Kb
 bounds [0x0000000002560000, 0x0000000002da0000, 0x0000000011560000]
 total_blobs=3210 nmethods=2050 adapters=1082
 compilation: enabled

Compilation events (10 events):
Event: 4.872 Thread 0x0000000019939800 2051       3       org.bytedeco.javacpp.tools.Logger::isDebugEnabled (4 bytes)
Event: 4.872 Thread 0x0000000019939800 nmethod 2051 0x0000000002d910d0 code [0x0000000002d91220, 0x0000000002d91390]
Event: 4.873 Thread 0x0000000019939800 2052       3       sun.nio.fs.NativeBuffer::setOwner (6 bytes)
Event: 4.873 Thread 0x0000000019939800 nmethod 2052 0x0000000002d90d90 code [0x0000000002d90ee0, 0x0000000002d91050]
Event: 4.873 Thread 0x0000000019939800 2053       3       sun.nio.fs.NativeBuffers::releaseNativeBuffer (103 bytes)
Event: 4.873 Thread 0x0000000019939800 nmethod 2053 0x0000000002d8ecd0 code [0x0000000002d8efc0, 0x0000000002d90378]
Event: 4.873 Thread 0x0000000019939800 2055       3       sun.nio.fs.WindowsPath::toWindowsPath (32 bytes)
Event: 4.874 Thread 0x0000000019939800 nmethod 2055 0x0000000002d96f50 code [0x0000000002d97100, 0x0000000002d975b8]
Event: 4.874 Thread 0x0000000019939800 2056       3       sun.nio.fs.WindowsNativeDispatcher::asNativeBuffer (84 bytes)
Event: 4.874 Thread 0x0000000019939800 nmethod 2056 0x0000000002d97710 code [0x0000000002d97900, 0x0000000002d98258]

GC Heap History (10 events):
Event: 2.783 GC heap before
{Heap before GC invocations=9 (full 1):
 PSYoungGen      total 133632K, used 132107K [0x00000000d6100000, 0x00000000e2b00000, 0x0000000100000000)
  eden space 120832K, 100% used [0x00000000d6100000,0x00000000dd700000,0x00000000dd700000)
  from space 12800K, 88% used [0x00000000dd700000,0x00000000de202c40,0x00000000de380000)
  to   space 14848K, 0% used [0x00000000e1c80000,0x00000000e1c80000,0x00000000e2b00000)
 ParOldGen       total 59392K, used 9505K [0x0000000082200000, 0x0000000085c00000, 0x00000000d6100000)
  object space 59392K, 16% used [0x0000000082200000,0x0000000082b48588,0x0000000085c00000)
 Metaspace       used 25250K, capacity 25389K, committed 25600K, reserved 1071104K
  class space    used 3017K, capacity 3049K, committed 3072K, reserved 1048576K
Event: 2.791 GC heap after
Heap after GC invocations=9 (full 1):
 PSYoungGen      total 187904K, used 14846K [0x00000000d6100000, 0x00000000e4f00000, 0x0000000100000000)
  eden space 173056K, 0% used [0x00000000d6100000,0x00000000d6100000,0x00000000e0a00000)
  from space 14848K, 99% used [0x00000000e1c80000,0x00000000e2affb28,0x00000000e2b00000)
  to   space 18944K, 0% used [0x00000000e0a00000,0x00000000e0a00000,0x00000000e1c80000)
 ParOldGen       total 59392K, used 12494K [0x0000000082200000, 0x0000000085c00000, 0x00000000d6100000)
  object space 59392K, 21% used [0x0000000082200000,0x0000000082e33908,0x0000000085c00000)
 Metaspace       used 25250K, capacity 25389K, committed 25600K, reserved 1071104K
  class space    used 3017K, capacity 3049K, committed 3072K, reserved 1048576K
}
Event: 3.052 GC heap before
{Heap before GC invocations=10 (full 1):
 PSYoungGen      total 187904K, used 187902K [0x00000000d6100000, 0x00000000e4f00000, 0x0000000100000000)
  eden space 173056K, 100% used [0x00000000d6100000,0x00000000e0a00000,0x00000000e0a00000)
  from space 14848K, 99% used [0x00000000e1c80000,0x00000000e2affb28,0x00000000e2b00000)
  to   space 18944K, 0% used [0x00000000e0a00000,0x00000000e0a00000,0x00000000e1c80000)
 ParOldGen       total 59392K, used 12494K [0x0000000082200000, 0x0000000085c00000, 0x00000000d6100000)
  object space 59392K, 21% used [0x0000000082200000,0x0000000082e33908,0x0000000085c00000)
 Metaspace       used 25251K, capacity 25389K, committed 25600K, reserved 1071104K
  class space    used 3017K, capacity 3049K, committed 3072K, reserved 1048576K
Event: 3.068 GC heap after
Heap after GC invocations=10 (full 1):
 PSYoungGen      total 192000K, used 18920K [0x00000000d6100000, 0x00000000e8880000, 0x0000000100000000)
  eden space 173056K, 0% used [0x00000000d6100000,0x00000000d6100000,0x00000000e0a00000)
  from space 18944K, 99% used [0x00000000e0a00000,0x00000000e1c7a2a0,0x00000000e1c80000)
  to   space 25088K, 0% used [0x00000000e7000000,0x00000000e7000000,0x00000000e8880000)
 ParOldGen       total 59392K, used 19822K [0x0000000082200000, 0x0000000085c00000, 0x00000000d6100000)
  object space 59392K, 33% used [0x0000000082200000,0x000000008355bac8,0x0000000085c00000)
 Metaspace       used 25251K, capacity 25389K, committed 25600K, reserved 1071104K
  class space    used 3017K, capacity 3049K, committed 3072K, reserved 1048576K
}
Event: 3.387 GC heap before
{Heap before GC invocations=11 (full 1):
 PSYoungGen      total 192000K, used 191976K [0x00000000d6100000, 0x00000000e8880000, 0x0000000100000000)
  eden space 173056K, 100% used [0x00000000d6100000,0x00000000e0a00000,0x00000000e0a00000)
  from space 18944K, 99% used [0x00000000e0a00000,0x00000000e1c7a2a0,0x00000000e1c80000)
  to   space 25088K, 0% used [0x00000000e7000000,0x00000000e7000000,0x00000000e8880000)
 ParOldGen       total 59392K, used 19822K [0x0000000082200000, 0x0000000085c00000, 0x00000000d6100000)
  object space 59392K, 33% used [0x0000000082200000,0x000000008355bac8,0x0000000085c00000)
 Metaspace       used 26389K, capacity 26547K, committed 26752K, reserved 1073152K
  class space    used 3124K, capacity 3178K, committed 3200K, reserved 1048576K
Event: 3.399 GC heap after
Heap after GC invocations=11 (full 1):
 PSYoungGen      total 274432K, used 22687K [0x00000000d6100000, 0x00000000e8f00000, 0x0000000100000000)
  eden space 249344K, 0% used [0x00000000d6100000,0x00000000d6100000,0x00000000e5480000)
  from space 25088K, 90% used [0x00000000e7000000,0x00000000e8627fd0,0x00000000e8880000)
  to   space 28160K, 0% used [0x00000000e5480000,0x00000000e5480000,0x00000000e7000000)
 ParOldGen       total 59392K, used 21190K [0x0000000082200000, 0x0000000085c00000, 0x00000000d6100000)
  object space 59392K, 35% used [0x0000000082200000,0x00000000836b1ac8,0x0000000085c00000)
 Metaspace       used 26389K, capacity 26547K, committed 26752K, reserved 1073152K
  class space    used 3124K, capacity 3178K, committed 3200K, reserved 1048576K
}
Event: 3.842 GC heap before
{Heap before GC invocations=12 (full 1):
 PSYoungGen      total 274432K, used 272031K [0x00000000d6100000, 0x00000000e8f00000, 0x0000000100000000)
  eden space 249344K, 100% used [0x00000000d6100000,0x00000000e5480000,0x00000000e5480000)
  from space 25088K, 90% used [0x00000000e7000000,0x00000000e8627fd0,0x00000000e8880000)
  to   space 28160K, 0% used [0x00000000e5480000,0x00000000e5480000,0x00000000e7000000)
 ParOldGen       total 59392K, used 21190K [0x0000000082200000, 0x0000000085c00000, 0x00000000d6100000)
  object space 59392K, 35% used [0x0000000082200000,0x00000000836b1ac8,0x0000000085c00000)
 Metaspace       used 26419K, capacity 26611K, committed 26752K, reserved 1073152K
  class space    used 3126K, capacity 3178K, committed 3200K, reserved 1048576K
Event: 3.854 GC heap after
Heap after GC invocations=12 (full 1):
 PSYoungGen      total 277504K, used 28148K [0x00000000d6100000, 0x00000000f0880000, 0x0000000100000000)
  eden space 249344K, 0% used [0x00000000d6100000,0x00000000d6100000,0x00000000e5480000)
  from space 28160K, 99% used [0x00000000e5480000,0x00000000e6ffd200,0x00000000e7000000)
  to   space 35328K, 0% used [0x00000000ee600000,0x00000000ee600000,0x00000000f0880000)
 ParOldGen       total 59392K, used 27517K [0x0000000082200000, 0x0000000085c00000, 0x00000000d6100000)
  object space 59392K, 46% used [0x0000000082200000,0x0000000083cdf520,0x0000000085c00000)
 Metaspace       used 26419K, capacity 26611K, committed 26752K, reserved 1073152K
  class space    used 3126K, capacity 3178K, committed 3200K, reserved 1048576K
}
Event: 4.439 GC heap before
{Heap before GC invocations=13 (full 1):
 PSYoungGen      total 277504K, used 277492K [0x00000000d6100000, 0x00000000f0880000, 0x0000000100000000)
  eden space 249344K, 100% used [0x00000000d6100000,0x00000000e5480000,0x00000000e5480000)
  from space 28160K, 99% used [0x00000000e5480000,0x00000000e6ffd200,0x00000000e7000000)
  to   space 35328K, 0% used [0x00000000ee600000,0x00000000ee600000,0x00000000f0880000)
 ParOldGen       total 59392K, used 27517K [0x0000000082200000, 0x0000000085c00000, 0x00000000d6100000)
  object space 59392K, 46% used [0x0000000082200000,0x0000000083cdf520,0x0000000085c00000)
 Metaspace       used 28518K, capacity 28639K, committed 28800K, reserved 1075200K
  class space    used 3361K, capacity 3404K, committed 3456K, reserved 1048576K
Event: 4.453 GC heap after
Heap after GC invocations=13 (full 1):
 PSYoungGen      total 393216K, used 33903K [0x00000000d6100000, 0x00000000f1080000, 0x0000000100000000)
  eden space 357888K, 0% used [0x00000000d6100000,0x00000000d6100000,0x00000000ebe80000)
  from space 35328K, 95% used [0x00000000ee600000,0x00000000f071bd58,0x00000000f0880000)
  to   space 40448K, 0% used [0x00000000ebe80000,0x00000000ebe80000,0x00000000ee600000)
 ParOldGen       total 59392K, used 30557K [0x0000000082200000, 0x0000000085c00000, 0x00000000d6100000)
  object space 59392K, 51% used [0x0000000082200000,0x0000000083fd7540,0x0000000085c00000)
 Metaspace       used 28518K, capacity 28639K, committed 28800K, reserved 1075200K
  class space    used 3361K, capacity 3404K, committed 3456K, reserved 1048576K
}

Deoptimization events (10 events):
Event: 4.199 Thread 0x00000000022c9000 Uncommon trap: reason=class_check action=maybe_recompile pc=0x0000000002bbdae8 method=org.reflections.vfs.ZipFile.openInputStream()Ljava/io/InputStream; @ 11
Event: 4.199 Thread 0x00000000022c9000 Uncommon trap: reason=class_check action=maybe_recompile pc=0x0000000002a56bfc method=java.util.regex.Matcher.match(II)Z @ 86
Event: 4.199 Thread 0x00000000022c9000 Uncommon trap: reason=class_check action=maybe_recompile pc=0x0000000002bbdae8 method=org.reflections.vfs.ZipFile.openInputStream()Ljava/io/InputStream; @ 11
Event: 4.199 Thread 0x00000000022c9000 Uncommon trap: reason=class_check action=maybe_recompile pc=0x0000000002bbdae8 method=org.reflections.vfs.ZipFile.openInputStream()Ljava/io/InputStream; @ 11
Event: 4.199 Thread 0x00000000022c9000 Uncommon trap: reason=class_check action=maybe_recompile pc=0x0000000002bbdae8 method=org.reflections.vfs.ZipFile.openInputStream()Ljava/io/InputStream; @ 11
Event: 4.199 Thread 0x00000000022c9000 Uncommon trap: reason=class_check action=maybe_recompile pc=0x0000000002bbd058 method=org.reflections.vfs.ZipFile.openInputStream()Ljava/io/InputStream; @ 11
Event: 4.381 Thread 0x00000000022c9000 Uncommon trap: reason=unreached action=reinterpret pc=0x00000000028f69ec method=java.util.concurrent.ConcurrentHashMap.putVal(Ljava/lang/Object;Ljava/lang/Object;Z)Ljava/lang/Object; @ 181
Event: 4.467 Thread 0x000000001b078800 Uncommon trap: reason=unreached action=reinterpret pc=0x0000000002a9af48 method=java.util.HashMap$HashIterator.<init>(Ljava/util/HashMap;)V @ 38
Event: 4.471 Thread 0x000000001b078800 Uncommon trap: reason=unreached action=reinterpret pc=0x0000000002a6e530 method=java.util.HashMap$HashIterator.<init>(Ljava/util/HashMap;)V @ 38
Event: 4.672 Thread 0x000000001b8aa800 Uncommon trap: reason=null_check action=make_not_entrant pc=0x0000000002bd391c method=java.lang.StringCoding.decode(Ljava/lang/String;[BII)[C @ 6

Internal exceptions (10 events):
Event: 4.873 Thread 0x000000001b8aa800 Exception <a 'sun/nio/fs/WindowsException'> (0x00000000df2cb780) thrown at [D:\re\workspace\8-2-build-windows-amd64-cygwin\jdk8u25\1677\hotspot\src\share\vm\prims\jni.cpp, line 716]
Event: 4.873 Thread 0x000000001b8aa800 Exception <a 'sun/nio/fs/WindowsException'> (0x00000000df2cc978) thrown at [D:\re\workspace\8-2-build-windows-amd64-cygwin\jdk8u25\1677\hotspot\src\share\vm\prims\jni.cpp, line 716]
Event: 4.873 Thread 0x000000001b8aa800 Exception <a 'sun/nio/fs/WindowsException'> (0x00000000df2cdb70) thrown at [D:\re\workspace\8-2-build-windows-amd64-cygwin\jdk8u25\1677\hotspot\src\share\vm\prims\jni.cpp, line 716]
Event: 4.873 Thread 0x000000001b8aa800 Exception <a 'sun/nio/fs/WindowsException'> (0x00000000df2cedb8) thrown at [D:\re\workspace\8-2-build-windows-amd64-cygwin\jdk8u25\1677\hotspot\src\share\vm\prims\jni.cpp, line 716]
Event: 4.873 Thread 0x000000001b8aa800 Exception <a 'sun/nio/fs/WindowsException'> (0x00000000df2d0000) thrown at [D:\re\workspace\8-2-build-windows-amd64-cygwin\jdk8u25\1677\hotspot\src\share\vm\prims\jni.cpp, line 716]
Event: 4.873 Thread 0x000000001b8aa800 Exception <a 'sun/nio/fs/WindowsException'> (0x00000000df2d1298) thrown at [D:\re\workspace\8-2-build-windows-amd64-cygwin\jdk8u25\1677\hotspot\src\share\vm\prims\jni.cpp, line 716]
Event: 4.873 Thread 0x000000001b8aa800 Exception <a 'sun/nio/fs/WindowsException'> (0x00000000df2d2490) thrown at [D:\re\workspace\8-2-build-windows-amd64-cygwin\jdk8u25\1677\hotspot\src\share\vm\prims\jni.cpp, line 716]
Event: 4.873 Thread 0x000000001b8aa800 Exception <a 'sun/nio/fs/WindowsException'> (0x00000000df2d3720) thrown at [D:\re\workspace\8-2-build-windows-amd64-cygwin\jdk8u25\1677\hotspot\src\share\vm\prims\jni.cpp, line 716]
Event: 4.873 Thread 0x000000001b8aa800 Exception <a 'sun/nio/fs/WindowsException'> (0x00000000df2d4968) thrown at [D:\re\workspace\8-2-build-windows-amd64-cygwin\jdk8u25\1677\hotspot\src\share\vm\prims\jni.cpp, line 716]
Event: 4.874 Thread 0x000000001b8aa800 Exception <a 'sun/nio/fs/WindowsException'> (0x00000000df2d5bd8) thrown at [D:\re\workspace\8-2-build-windows-amd64-cygwin\jdk8u25\1677\hotspot\src\share\vm\prims\jni.cpp, line 716]

Events (10 events):
Event: 4.809 loading class org/bytedeco/javacpp/annotation/Namespace
Event: 4.809 loading class org/bytedeco/javacpp/annotation/Namespace done
Event: 4.810 Thread 0x000000001b8aa800 DEOPT PACKING pc=0x00000000027932d9 sp=0x00000000362acbe0
Event: 4.810 Thread 0x000000001b8aa800 DEOPT UNPACKING pc=0x00000000025a75bf sp=0x00000000362ac950 mode 1
Event: 4.810 Thread 0x000000001b8aa800 DEOPT PACKING pc=0x0000000002789714 sp=0x00000000362acc80
Event: 4.810 Thread 0x000000001b8aa800 DEOPT UNPACKING pc=0x00000000025a75bf sp=0x00000000362ac9b0 mode 1
Event: 4.810 Thread 0x000000001b8aa800 DEOPT PACKING pc=0x0000000002cc25b8 sp=0x00000000362ad860
Event: 4.810 Thread 0x000000001b8aa800 DEOPT UNPACKING pc=0x00000000025a75bf sp=0x00000000362ad4a8 mode 1
Event: 4.818 Thread 0x000000001b8aa800 DEOPT PACKING pc=0x0000000002b2a1fb sp=0x00000000362ae3b0
Event: 4.818 Thread 0x000000001b8aa800 DEOPT UNPACKING pc=0x00000000025a75bf sp=0x00000000362ae130 mode 0


Dynamic libraries:
0x00007ff7a7c90000 - 0x00007ff7a7cc4000 	C:\Program Files\jdk1.8.0_25\bin\java.exe
0x00007ffb365c0000 - 0x00007ffb36781000 	C:\Windows\SYSTEM32\ntdll.dll
0x00007ffb35a60000 - 0x00007ffb35b0d000 	C:\Windows\system32\KERNEL32.DLL
0x00007ffb32fd0000 - 0x00007ffb331b8000 	C:\Windows\system32\KERNELBASE.dll
0x00007ffb35350000 - 0x00007ffb353f7000 	C:\Windows\system32\ADVAPI32.dll
0x00007ffb36510000 - 0x00007ffb365ad000 	C:\Windows\system32\msvcrt.dll
0x00007ffb364a0000 - 0x00007ffb364fb000 	C:\Windows\system32\sechost.dll
0x00007ffb34f20000 - 0x00007ffb3503c000 	C:\Windows\system32\RPCRT4.dll
0x00007ffb35b70000 - 0x00007ffb35cc6000 	C:\Windows\system32\USER32.dll
0x00007ffb351c0000 - 0x00007ffb35346000 	C:\Windows\system32\GDI32.dll
0x00007ffb21dc0000 - 0x00007ffb22034000 	C:\Windows\WinSxS\amd64_microsoft.windows.common-controls_6595b64144ccf1df_6.0.10586.0_none_8c15ae12515e1c22\COMCTL32.dll
0x00007ffb35d40000 - 0x00007ffb35fbd000 	C:\Windows\system32\combase.dll
0x00007ffb331c0000 - 0x00007ffb3322a000 	C:\Windows\system32\bcryptPrimitives.dll
0x00007ffb35120000 - 0x00007ffb3515b000 	C:\Windows\system32\IMM32.DLL
0x0000000054040000 - 0x0000000054112000 	C:\Program Files\jdk1.8.0_25\jre\bin\msvcr100.dll
0x0000000052be0000 - 0x000000005343a000 	C:\Program Files\jdk1.8.0_25\jre\bin\server\jvm.dll
0x00007ffb36500000 - 0x00007ffb36508000 	C:\Windows\system32\PSAPI.DLL
0x00007ffb2e400000 - 0x00007ffb2e409000 	C:\Windows\SYSTEM32\WSOCK32.dll
0x00007ffb30f40000 - 0x00007ffb30f63000 	C:\Windows\SYSTEM32\WINMM.dll
0x00007ffb35cd0000 - 0x00007ffb35d3b000 	C:\Windows\system32\WS2_32.dll
0x00007ffb30ee0000 - 0x00007ffb30f0c000 	C:\Windows\SYSTEM32\WINMMBASE.dll
0x00007ffb33290000 - 0x00007ffb332d3000 	C:\Windows\system32\cfgmgr32.dll
0x0000000054030000 - 0x000000005403f000 	C:\Program Files\jdk1.8.0_25\jre\bin\verify.dll
0x0000000054000000 - 0x0000000054028000 	C:\Program Files\jdk1.8.0_25\jre\bin\java.dll
0x0000000053f20000 - 0x0000000053f55000 	C:\Program Files\jdk1.8.0_25\jre\bin\jdwp.dll
0x0000000053f10000 - 0x0000000053f18000 	C:\Program Files\jdk1.8.0_25\jre\bin\npt.dll
0x0000000053ee0000 - 0x0000000053f03000 	C:\Program Files\jdk1.8.0_25\jre\bin\instrument.dll
0x0000000053fe0000 - 0x0000000053ff6000 	C:\Program Files\jdk1.8.0_25\jre\bin\zip.dll
0x00007ffb339c0000 - 0x00007ffb34f1f000 	C:\Windows\system32\SHELL32.dll
0x00007ffb33370000 - 0x00007ffb339b4000 	C:\Windows\system32\windows.storage.dll
0x00007ffb35400000 - 0x00007ffb35452000 	C:\Windows\system32\shlwapi.dll
0x00007ffb32c80000 - 0x00007ffb32c8f000 	C:\Windows\system32\kernel.appcore.dll
0x00007ffb32f10000 - 0x00007ffb32fc5000 	C:\Windows\system32\shcore.dll
0x00007ffb32c30000 - 0x00007ffb32c7b000 	C:\Windows\system32\powrprof.dll
0x00007ffb32c10000 - 0x00007ffb32c24000 	C:\Windows\system32\profapi.dll
0x0000000053ed0000 - 0x0000000053ed9000 	C:\Program Files\jdk1.8.0_25\jre\bin\dt_socket.dll
0x00007ffb32530000 - 0x00007ffb3258c000 	C:\Windows\system32\mswsock.dll
0x0000000053d30000 - 0x0000000053ec8000 	C:\Program Files\jdk1.8.0_25\jre\bin\awt.dll
0x00007ffb35040000 - 0x00007ffb35101000 	C:\Windows\system32\OLEAUT32.dll
0x00007ffb313f0000 - 0x00007ffb31469000 	C:\Windows\system32\apphelp.dll
0x00007ffb30890000 - 0x00007ffb308b2000 	C:\Windows\system32\DWMAPI.DLL
0x00007ffb31510000 - 0x00007ffb315a6000 	C:\Windows\system32\uxtheme.dll
0x00007ffb35460000 - 0x00007ffb355ba000 	C:\Windows\system32\MSCTF.dll
0x00007ffb35910000 - 0x00007ffb35a53000 	C:\Windows\system32\ole32.dll
0x00007ffaf73a0000 - 0x00007ffaf75b0000 	C:\Windows\system32\d3d9.dll
0x00007ffaf61c0000 - 0x00007ffaf7397000 	C:\Windows\SYSTEM32\nvd3dumx.dll
0x00007ffb2ef40000 - 0x00007ffb2ef4a000 	C:\Windows\SYSTEM32\VERSION.dll
0x00007ffb16da0000 - 0x00007ffb17006000 	C:\Windows\system32\nvspcap64.dll
0x00007ffb32150000 - 0x00007ffb32181000 	C:\Windows\SYSTEM32\ntmarta.dll
0x0000000053ce0000 - 0x0000000053d27000 	C:\Program Files\jdk1.8.0_25\jre\bin\fontmanager.dll
0x0000000069480000 - 0x000000006b070000 	C:\Users\vlatkozelka\.javacpp\cache\nd4j-native-1.0.0-alpha-windows-x86_64.jar\org\nd4j\nativeblas\windows-x86_64\libnd4jcpu.dll
0x0000000053fc0000 - 0x0000000053fda000 	C:\Program Files\jdk1.8.0_25\jre\bin\net.dll
0x0000000053fa0000 - 0x0000000053fb1000 	C:\Program Files\jdk1.8.0_25\jre\bin\nio.dll
0x0000000066880000 - 0x0000000066e41000 	C:\Users\vlatkozelka\.javacpp\cache\nd4j-native-1.0.0-alpha-windows-x86_64.jar\org\nd4j\nativeblas\windows-x86_64\jnind4jcpu.dll
0x000000006d7c0000 - 0x000000006f95e000 	C:\Users\vlatkozelka\.javacpp\cache\openblas-0.2.20-1.4.1-windows-x86_64.jar\org\bytedeco\javacpp\windows-x86_64\libopenblas.dll
0x0000000067800000 - 0x0000000068570000 	C:\Users\vlatkozelka\.javacpp\cache\openblas-0.2.20-1.4.1-windows-x86_64.jar\org\bytedeco\javacpp\windows-x86_64\jniopenblas.dll
0x00007ffb325e0000 - 0x00007ffb325f7000 	C:\Windows\SYSTEM32\CRYPTSP.dll
0x00007ffb32270000 - 0x00007ffb322a4000 	C:\Windows\system32\rsaenh.dll
0x00007ffb32800000 - 0x00007ffb32829000 	C:\Windows\SYSTEM32\bcrypt.dll
0x00007ffb323c0000 - 0x00007ffb323df000 	C:\Windows\SYSTEM32\USERENV.dll
0x00007ffb32700000 - 0x00007ffb3270b000 	C:\Windows\SYSTEM32\CRYPTBASE.dll
0x00007ffb2f1e0000 - 0x00007ffb2f218000 	C:\Windows\SYSTEM32\IPHLPAPI.DLL
0x00007ffb365b0000 - 0x00007ffb365b8000 	C:\Windows\system32\NSI.dll
0x00007ffb2f0b0000 - 0x00007ffb2f0c6000 	C:\Windows\SYSTEM32\dhcpcsvc6.DLL
0x00007ffb2f160000 - 0x00007ffb2f17a000 	C:\Windows\SYSTEM32\dhcpcsvc.DLL
0x00007ffb03ea0000 - 0x00007ffb03ef1000 	C:\Users\vlatkozelka\.javacpp\cache\hdf5-1.10.1-1.4.1-windows-x86_64.jar\org\bytedeco\javacpp\windows-x86_64\concrt140.dll
0x00007ffb03730000 - 0x00007ffb037cc000 	C:\Windows\SYSTEM32\MSVCP140.dll
0x00007ffb15730000 - 0x00007ffb15746000 	C:\Windows\SYSTEM32\VCRUNTIME140.dll
0x00007ffb31da0000 - 0x00007ffb31e94000 	C:\Windows\SYSTEM32\ucrtbase.dll
0x00007ffb03550000 - 0x00007ffb035ed000 	C:\Users\vlatkozelka\.javacpp\cache\hdf5-1.10.1-1.4.1-windows-x86_64.jar\org\bytedeco\javacpp\windows-x86_64\msvcp140.dll
0x00007ffb14430000 - 0x00007ffb14447000 	C:\Users\vlatkozelka\.javacpp\cache\hdf5-1.10.1-1.4.1-windows-x86_64.jar\org\bytedeco\javacpp\windows-x86_64\vcruntime140.dll
0x0000000023b70000 - 0x0000000023b73000 	C:\Users\vlatkozelka\.javacpp\cache\hdf5-1.10.1-1.4.1-windows-x86_64.jar\org\bytedeco\javacpp\windows-x86_64\api-ms-win-crt-locale-l1-1-0.dll
0x0000000023b80000 - 0x0000000023b84000 	C:\Users\vlatkozelka\.javacpp\cache\hdf5-1.10.1-1.4.1-windows-x86_64.jar\org\bytedeco\javacpp\windows-x86_64\api-ms-win-crt-string-l1-1-0.dll
0x0000000023b90000 - 0x0000000023b94000 	C:\Users\vlatkozelka\.javacpp\cache\hdf5-1.10.1-1.4.1-windows-x86_64.jar\org\bytedeco\javacpp\windows-x86_64\api-ms-win-crt-stdio-l1-1-0.dll
0x0000000023ba0000 - 0x0000000023ba5000 	C:\Users\vlatkozelka\.javacpp\cache\hdf5-1.10.1-1.4.1-windows-x86_64.jar\org\bytedeco\javacpp\windows-x86_64\api-ms-win-crt-math-l1-1-0.dll
0x0000000033980000 - 0x0000000033983000 	C:\Users\vlatkozelka\.javacpp\cache\hdf5-1.10.1-1.4.1-windows-x86_64.jar\org\bytedeco\javacpp\windows-x86_64\api-ms-win-crt-heap-l1-1-0.dll
0x0000000033990000 - 0x0000000033994000 	C:\Users\vlatkozelka\.javacpp\cache\hdf5-1.10.1-1.4.1-windows-x86_64.jar\org\bytedeco\javacpp\windows-x86_64\api-ms-win-crt-runtime-l1-1-0.dll
0x00000000366a0000 - 0x00000000366a4000 	C:\Users\vlatkozelka\.javacpp\cache\hdf5-1.10.1-1.4.1-windows-x86_64.jar\org\bytedeco\javacpp\windows-x86_64\api-ms-win-crt-convert-l1-1-0.dll
0x00000000366b0000 - 0x00000000366b3000 	C:\Users\vlatkozelka\.javacpp\cache\hdf5-1.10.1-1.4.1-windows-x86_64.jar\org\bytedeco\javacpp\windows-x86_64\api-ms-win-crt-environment-l1-1-0.dll
0x00000000366c0000 - 0x00000000366c3000 	C:\Users\vlatkozelka\.javacpp\cache\hdf5-1.10.1-1.4.1-windows-x86_64.jar\org\bytedeco\javacpp\windows-x86_64\api-ms-win-crt-time-l1-1-0.dll
0x00000000366d0000 - 0x00000000366d3000 	C:\Users\vlatkozelka\.javacpp\cache\hdf5-1.10.1-1.4.1-windows-x86_64.jar\org\bytedeco\javacpp\windows-x86_64\api-ms-win-crt-filesystem-l1-1-0.dll
0x00000000366e0000 - 0x00000000366e3000 	C:\Users\vlatkozelka\.javacpp\cache\hdf5-1.10.1-1.4.1-windows-x86_64.jar\org\bytedeco\javacpp\windows-x86_64\api-ms-win-crt-utility-l1-1-0.dll
0x00000000366f0000 - 0x00000000366f5000 	C:\Users\vlatkozelka\.javacpp\cache\hdf5-1.10.1-1.4.1-windows-x86_64.jar\org\bytedeco\javacpp\windows-x86_64\api-ms-win-crt-multibyte-l1-1-0.dll
0x00007ffaf5eb0000 - 0x00007ffaf61b4000 	C:\Users\vlatkozelka\.javacpp\cache\opencv-3.4.1-1.4.1-windows-x86_64.jar\org\bytedeco\javacpp\windows-x86_64\opencv_core341.dll
0x00007ffaf4f80000 - 0x00007ffaf5385000 	C:\Users\vlatkozelka\.javacpp\cache\opencv-3.4.1-1.4.1-windows-x86_64.jar\org\bytedeco\javacpp\windows-x86_64\opencv_imgproc341.dll
0x00007ffaf5b20000 - 0x00007ffaf5eae000 	C:\Users\vlatkozelka\.javacpp\cache\opencv-3.4.1-1.4.1-windows-x86_64.jar\org\bytedeco\javacpp\windows-x86_64\jniopencv_core.dll
0x00007ffb2c1c0000 - 0x00007ffb2c34c000 	C:\Windows\SYSTEM32\dbghelp.dll

VM Arguments:
jvm_args: -agentlib:jdwp=transport=dt_socket,address=127.0.0.1:58124,suspend=y,server=n -javaagent:C:\Users\vlatkozelka\.IdeaIC2018.1\system\groovyHotSwap\gragent.jar -javaagent:C:\Users\vlatkozelka\.IdeaIC2018.1\system\captureAgent\debugger-agent.jar=file:/C:/Users/vlatkozelka/AppData/Local/Temp/capture.props -Dfile.encoding=UTF-8 
java_command: Main
java_class_path (initial): C:\Program Files\jdk1.8.0_25\jre\lib\charsets.jar;C:\Program Files\jdk1.8.0_25\jre\lib\deploy.jar;C:\Program Files\jdk1.8.0_25\jre\lib\ext\access-bridge-64.jar;C:\Program Files\jdk1.8.0_25\jre\lib\ext\cldrdata.jar;C:\Program Files\jdk1.8.0_25\jre\lib\ext\comm.jar;C:\Program Files\jdk1.8.0_25\jre\lib\ext\dnsns.jar;C:\Program Files\jdk1.8.0_25\jre\lib\ext\jaccess.jar;C:\Program Files\jdk1.8.0_25\jre\lib\ext\jfxrt.jar;C:\Program Files\jdk1.8.0_25\jre\lib\ext\localedata.jar;C:\Program Files\jdk1.8.0_25\jre\lib\ext\nashorn.jar;C:\Program Files\jdk1.8.0_25\jre\lib\ext\sunec.jar;C:\Program Files\jdk1.8.0_25\jre\lib\ext\sunjce_provider.jar;C:\Program Files\jdk1.8.0_25\jre\lib\ext\sunmscapi.jar;C:\Program Files\jdk1.8.0_25\jre\lib\ext\sunpkcs11.jar;C:\Program Files\jdk1.8.0_25\jre\lib\ext\zipfs.jar;C:\Program Files\jdk1.8.0_25\jre\lib\javaws.jar;C:\Program Files\jdk1.8.0_25\jre\lib\jce.jar;C:\Program Files\jdk1.8.0_25\jre\lib\jfr.jar;C:\Program Files\jdk1.8.0_25\jre\lib\jfxswt.jar;C:\Program Files\jdk1.8.0_25\jre\lib\jsse.jar;C:\Program Files\jdk1.8.0_25\jre\lib\management-agent.jar;C:\Program Files\jdk1.8.0_25\jre\lib\plugin.jar;C:\Program Files\jdk1.8.0_25\jre\lib\resources.jar;C:\Program Files\jdk1.8.0_25\jre\lib\rt.jar;C:\Users\vlatkozelka\IdeaProjects\MNIST\AI\out\production\classes;C:\Users\vlatkozelka\IdeaProjects\MNIST\AI\libs\gym-java-client-1.0.0-SNAPSHOT-javadoc.jar;C:\Users\vlatkozelka\IdeaProjects\MNIST\AI\libs\gym-java-client-1.0.0-SNAPSHOT-sources.jar;C:\Users\vlatkozelka\IdeaProjects\MNIST\AI\libs\rl4j-api-1.0.0-SNAPSHOT-javadoc.jar;C:\Users\vlatkozelka\IdeaProjects\MNIST\AI\libs\rl4j-core-1.0.0-SNAPSHOT-sources.jar;C:\Users\vlatkozelka\IdeaProjects\MNIST\AI\libs\rl4j-core-1.0.0-SNAPSHOT.jar;C:\Users\vlatkozelka\IdeaProjects\MNIST\AI\libs\rl4j-api-1.0.0-SNAPSHOT-sources.jar;C:\Users\vlatkozelka\IdeaProjects\MNIST\AI\libs\gym-java-client-1.0.0-SNAPSHOT.jar;C:\Users\vlatkozelka\IdeaProjects\MNIST\AI\libs\rl4j-api-1.0.0-SNAPSHOT.jar;
Launcher Type: SUN_STANDARD

Environment Variables:
JAVA_HOME=C:\Program Files\jdk1.8.0_25
PATH=C:\Program Files\NVIDIA GPU Computing Toolkit\CUDA\v8.0\bin;C:\Program Files\NVIDIA GPU Computing Toolkit\CUDA\v8.0\libnvvp;C:\Program Files\NVIDIA GPU Computing Toolkit\CUDA\v9.1\bin;C:\Program Files\NVIDIA GPU Computing Toolkit\CUDA\v9.1\libnvvp;C:\Program Files (x86)\NVIDIA Corporation\PhysX\Common;C:\ProgramData\Oracle\Java\javapath;C:\Program Files (x86)\Intel\iCLS Client\;C:\Program Files\Intel\iCLS Client\;C:\Windows\system32;C:\Windows;C:\Windows\System32\Wbem;C:\Windows\System32\WindowsPowerShell\v1.0\;C:\Program Files\jdk1.8.0_25\bin;C:\Program Files\Git\cmd;C:\Program Files\Intel\Intel(R) Management Engine Components\DAL;C:\Program Files (x86)\Intel\Intel(R) Management Engine Components\DAL;C:\Program Files\Intel\Intel(R) Management Engine Components\IPT;C:\wamp\bin\php\php5.5.12;C:\Users\vlatkozelka\AppData\Local\Android\Sdk\platform-tools;C:\Program Files (x86)\GtkSharp\2.12\bin;C:\Program Files\Microsoft SQL Server\Client SDK\ODBC\110\Tools\Binn\;C:\Program Files (x86)\Microsoft SQL Server\120\Tools\Binn\;C:\Program Files\Microsoft SQL Server\120\Tools\Binn\;C:\Program Files\Microsoft SQL Server\120\DTS\Binn\;C:\FFmpeg install\ffmpeg-20141115-git-933eca9-win64-static\bin;C:\Program Files\MATLAB\R2016a\runtime\win64;C:\Program Files\MATLAB\R2016a\bin;C:\Program Files\MATLAB\R2016a\polyspace\bin;C:\Program Files (x86)\IVI Foundation\VISA\WinNT\Bin;C:\Python;C:\Program Files\PuTTY\;C:\Program Files\nodejs\;C:\xianyi-OpenBLAS-6d2da63\;C:\Users\vlatkozelka\AppData\Local\Programs\Python\Launcher\;C:\Users\vlatkozelka\AppData\Roaming\Composer\vendor\bin;C:\Users\vlatkozelka\AppData\Roaming\npm
USERNAME=vlatkozelka
OS=Windows_NT
PROCESSOR_IDENTIFIER=Intel64 Family 6 Model 158 Stepping 10, GenuineIntel



---------------  S Y S T E M  ---------------

OS: Windows 8.1 , 64 bit Build 9600 

CPU:total 6 (6 cores per cpu, 1 threads per core) family 6 model 158 stepping 10, cmov, cx8, fxsr, mmx, sse, sse2, sse3, ssse3, sse4.1, sse4.2, popcnt, avx, avx2, aes, clmul, erms, rtm, lzcnt, tsc, tscinvbit, bmi1, bmi2

Memory: 4k page, physical 8247256k(2394908k free), swap 17463256k(6421328k free)

vm_info: Java HotSpot(TM) 64-Bit Server VM (25.25-b02) for windows-amd64 JRE (1.8.0_25-b18), built on Oct  7 2014 14:25:37 by "java_re" with MS VC++ 10.0 (VS2010)

time: Wed May 16 02:29:52 2018
elapsed time: 4 seconds (0d 0h 0m 4s)

