#
# A fatal error has been detected by the Java Runtime Environment:
#
#  EXCEPTION_ACCESS_VIOLATION (0xc0000005) at pc=0x00007ffaf5f07690, pid=9912, tid=11944
#
# JRE version: Java(TM) SE Runtime Environment (8.0_25-b18) (build 1.8.0_25-b18)
# Java VM: Java HotSpot(TM) 64-Bit Server VM (25.25-b02 mixed mode windows-amd64 compressed oops)
# Problematic frame:
# C  [opencv_core341.dll+0x57690]
#
# Failed to write core dump. Minidumps are not enabled by default on client versions of Windows
#
# If you would like to submit a bug report, please visit:
#   http://bugreport.sun.com/bugreport/crash.jsp
# The crash happened outside the Java Virtual Machine in native code.
# See problematic frame for where to report the bug.
#

---------------  T H R E A D  ---------------

Current thread (0x0000000032c37800):  JavaThread "Thread-9" [_thread_in_native, id=11944, stack(0x0000000038650000,0x0000000038750000)]

siginfo: ExceptionCode=0xc0000005, reading address 0x0000000038c3a000

Registers:
RAX=0x000000000016e358, RBX=0x000000003874efc0, RCX=0x000000000016e360, RDX=0x000000000016e360
RSP=0x000000003874ef60, RBP=0x0000000000002ee0, RSI=0x0000000000000bb8, RDI=0x0000000038a51040
R8 =0x000000000001e7ee, R9 =0x0000000038c3a000, R10=0x000000003d32e470, R11=0x000000003d2b4082
R12=0x0000000000000005, R13=0x0000000000000000, R14=0x00000000000000ff, R15=0x00007ffaf5f0a880
RIP=0x00007ffaf5f07690, EFLAGS=0x0000000000010206

Top of Stack: (sp=0x000000003874ef60)
0x000000003874ef60:   0000000000000000 0000000000000000
0x000000003874ef70:   0000000000000003 00007ffaf5f0a8df
0x000000003874ef80:   000000003874f0e0 00000000ffffffff
0x000000003874ef90:   0000000000000000 00000000200d1e00
0x000000003874efa0:   000000003874efc0 000001f4437f0000
0x000000003874efb0:   0000000000000000 0000000000000000
0x000000003874efc0:   000000000016e360 fffffffffffffffe
0x000000003874efd0:   0000000000000010 00007ffaf5efe04d
0x000000003874efe0:   0000000000000000 000000003874f150
0x000000003874eff0:   00000000200d1e00 000000000000006b
0x000000003874f000:   000000003d2b4080 0000000000000bb8
0x000000003874f010:   000000003874f058 000000003874f078
0x000000003874f020:   0016e3603874f100 0000000000000001
0x000000003874f030:   0000000100002368 000000001a9c90d0
0x000000003874f040:   0000000032444968 000001f4000003e8
0x000000003874f050:   0000000032c37800 000000010016e360 

Instructions: (pc=0x00007ffaf5f07690)
0x00007ffaf5f07670:   44 8d 40 08 4c 8b cf 49 c1 e8 03 4d 8d 53 fe 42
0x00007ffaf5f07680:   8d 14 c5 00 00 00 00 4a 8d 0c c5 00 00 00 00 90
0x00007ffaf5f07690:   41 0f 10 01 41 0f 10 49 10 49 83 c1 20 0f 59 c6
0x00007ffaf5f076a0:   0f 59 ce 0f 58 c5 0f 58 cd 66 0f 5b d0 66 0f 5b 


Register to memory mapping:

RAX=0x000000000016e358 is an unknown value
RBX=0x000000003874efc0 is pointing into the stack for thread: 0x0000000032c37800
RCX=0x000000000016e360 is an unknown value
RDX=0x000000000016e360 is an unknown value
RSP=0x000000003874ef60 is pointing into the stack for thread: 0x0000000032c37800
RBP=0x0000000000002ee0 is an unknown value
RSI=0x0000000000000bb8 is an unknown value
RDI=0x0000000038a51040 is an unknown value
R8 =0x000000000001e7ee is an unknown value
R9 =0x0000000038c3a000 is an unknown value
R10=0x000000003d32e470 is an unknown value
R11=0x000000003d2b4082 is an unknown value
R12=0x0000000000000005 is an unknown value
R13=0x0000000000000000 is an unknown value
R14=0x00000000000000ff is an unknown value
R15=0x00007ffaf5f0a880 is an unknown value


Stack: [0x0000000038650000,0x0000000038750000],  sp=0x000000003874ef60,  free space=1019k
Native frames: (J=compiled Java code, j=interpreted, Vv=VM code, C=native code)
C  [opencv_core341.dll+0x57690]
C  [opencv_core341.dll+0x5a8df]
C  [opencv_core341.dll+0x4e04d]
C  [jniopencv_core.dll+0x450cf]
C  0x00000000025b5b74

Java frames: (J=compiled Java code, j=interpreted, Vv=VM code)
j  org.bytedeco.javacpp.opencv_core$Mat.convertTo(Lorg/bytedeco/javacpp/opencv_core$Mat;IDD)V+0
j  org.deeplearning4j.rl4j.learning.HistoryProcessor.transform(Lorg/nd4j/linalg/api/ndarray/INDArray;)Lorg/nd4j/linalg/api/ndarray/INDArray;+66
j  org.deeplearning4j.rl4j.learning.HistoryProcessor.add(Lorg/nd4j/linalg/api/ndarray/INDArray;)V+2
j  org.deeplearning4j.rl4j.learning.Learning.initMdp(Lorg/deeplearning4j/rl4j/mdp/MDP;Lorg/deeplearning4j/rl4j/learning/IHistoryProcessor;)Lorg/deeplearning4j/rl4j/learning/Learning$InitMdp;+130
j  org.deeplearning4j.rl4j.learning.async.AsyncThread.run()V+52
v  ~StubRoutines::call_stub

---------------  P R O C E S S  ---------------

Java Threads: ( => current thread )
  0x0000000032c36000 JavaThread "Thread-13" [_thread_in_native, id=3972, stack(0x000000003d620000,0x000000003d720000)]
  0x0000000032c37000 JavaThread "Thread-12" [_thread_in_native, id=4408, stack(0x000000003aa40000,0x000000003ab40000)]
  0x0000000032c3a000 JavaThread "Thread-11" [_thread_in_native, id=6352, stack(0x0000000039e80000,0x0000000039f80000)]
  0x0000000032c35000 JavaThread "Thread-10" [_thread_in_native, id=10720, stack(0x0000000039210000,0x0000000039310000)]
=>0x0000000032c37800 JavaThread "Thread-9" [_thread_in_native, id=11944, stack(0x0000000038650000,0x0000000038750000)]
  0x0000000032c3c000 JavaThread "Thread-8" [_thread_in_native, id=10288, stack(0x0000000037690000,0x0000000037790000)]
  0x0000000032c3b800 JavaThread "Thread-7" [_thread_in_native, id=8828, stack(0x0000000036c60000,0x0000000036d60000)]
  0x000000001ab63000 JavaThread "Thread-6" [_thread_in_native, id=3700, stack(0x0000000036280000,0x0000000036380000)]
  0x0000000032f25800 JavaThread "Thread-5" [_thread_in_Java, id=6056, stack(0x00000000348e0000,0x00000000349e0000)]
  0x000000001ab69800 JavaThread "NativeRandomDeallocator thread 0" daemon [_thread_blocked, id=10592, stack(0x0000000031e40000,0x0000000031f40000)]
  0x000000001aa67800 JavaThread "JavaCPP Deallocator" daemon [_thread_blocked, id=11288, stack(0x0000000022560000,0x0000000022660000)]
  0x000000001a518000 JavaThread "Workspace deallocator thread" daemon [_thread_blocked, id=11904, stack(0x0000000022460000,0x0000000022560000)]
  0x000000001a492800 JavaThread "D3D Screen Updater" daemon [_thread_blocked, id=2608, stack(0x0000000021f20000,0x0000000022020000)]
  0x0000000018ea9000 JavaThread "AWT-EventQueue-0" [_thread_blocked, id=10884, stack(0x0000000021d10000,0x0000000021e10000)]
  0x000000001a52e000 JavaThread "AWT-Windows" daemon [_thread_in_native, id=6236, stack(0x000000001b3e0000,0x000000001b4e0000)]
  0x000000001a52d800 JavaThread "AWT-Shutdown" [_thread_blocked, id=9592, stack(0x000000001b2e0000,0x000000001b3e0000)]
  0x000000001a52d000 JavaThread "Java2D Disposer" daemon [_thread_blocked, id=11236, stack(0x000000001b1e0000,0x000000001b2e0000)]
  0x00000000195f2800 JavaThread "Service Thread" daemon [_thread_blocked, id=12280, stack(0x0000000019e40000,0x0000000019f40000)]
  0x00000000195ef800 JavaThread "C1 CompilerThread2" daemon [_thread_blocked, id=9192, stack(0x0000000019d40000,0x0000000019e40000)]
  0x000000001960f000 JavaThread "C2 CompilerThread1" daemon [_thread_blocked, id=7340, stack(0x0000000019c40000,0x0000000019d40000)]
  0x0000000019501000 JavaThread "C2 CompilerThread0" daemon [_thread_blocked, id=2928, stack(0x0000000019b40000,0x0000000019c40000)]
  0x00000000194b9000 JavaThread "Monitor Ctrl-Break" daemon [_thread_in_native, id=6920, stack(0x0000000019a40000,0x0000000019b40000)]
  0x00000000172c0000 JavaThread "Attach Listener" daemon [_thread_blocked, id=656, stack(0x0000000018d40000,0x0000000018e40000)]
  0x00000000172bf000 JavaThread "Signal Dispatcher" daemon [_thread_blocked, id=11584, stack(0x0000000018c40000,0x0000000018d40000)]
  0x000000001727b800 JavaThread "Finalizer" daemon [_thread_blocked, id=12168, stack(0x0000000018b40000,0x0000000018c40000)]
  0x000000001727a800 JavaThread "Reference Handler" daemon [_thread_blocked, id=8428, stack(0x0000000018a40000,0x0000000018b40000)]
  0x000000000233c800 JavaThread "main" [_thread_in_native, id=7524, stack(0x0000000002230000,0x0000000002330000)]

Other Threads:
  0x000000000242e000 VMThread [stack: 0x0000000018940000,0x0000000018a40000] [id=9420]
  0x0000000019681800 WatcherThread [stack: 0x0000000019f40000,0x000000001a040000] [id=8064]

VM state:not at safepoint (normal execution)

VM Mutex/Monitor currently owned by a thread: None

Heap:
 PSYoungGen      total 308736K, used 117708K [0x00000000d6100000, 0x00000000f2b00000, 0x0000000100000000)
  eden space 274432K, 30% used [0x00000000d6100000,0x00000000db273d28,0x00000000e6d00000)
  from space 34304K, 99% used [0x00000000e6d00000,0x00000000e8e7f3b0,0x00000000e8e80000)
  to   space 40960K, 0% used [0x00000000f0300000,0x00000000f0300000,0x00000000f2b00000)
 ParOldGen       total 57344K, used 31128K [0x0000000082200000, 0x0000000085a00000, 0x00000000d6100000)
  object space 57344K, 54% used [0x0000000082200000,0x0000000084066010,0x0000000085a00000)
 Metaspace       used 30738K, capacity 30943K, committed 31232K, reserved 1077248K
  class space    used 3652K, capacity 3726K, committed 3840K, reserved 1048576K

Card table byte_map: [0x0000000011960000,0x0000000011d50000] byte_map_base: 0x000000001154f000

Marking Bits: (ParMarkBitMap*) 0x00000000533bd490
 Begin Bits: [0x00000000125f0000, 0x0000000014568000)
 End Bits:   [0x0000000014568000, 0x00000000164e0000)

Polling page: 0x0000000000450000

CodeCache: size=245760Kb used=8058Kb max_used=8058Kb free=237701Kb
 bounds [0x00000000025a0000, 0x0000000002d90000, 0x00000000115a0000]
 total_blobs=3237 nmethods=2073 adapters=1077
 compilation: enabled

Compilation events (10 events):
Event: 4.268 Thread 0x00000000195ef800 nmethod 2069 0x0000000002d5e390 code [0x0000000002d5e4e0, 0x0000000002d5e650]
Event: 4.268 Thread 0x00000000195ef800 2070       3       sun.nio.fs.NativeBuffers::releaseNativeBuffer (103 bytes)
Event: 4.268 Thread 0x0000000019501000 nmethod 2068 0x0000000002d7d4d0 code [0x0000000002d7d600, 0x0000000002d7d6b8]
Event: 4.268 Thread 0x00000000195ef800 nmethod 2070 0x0000000002d85350 code [0x0000000002d85640, 0x0000000002d869b8]
Event: 4.268 Thread 0x00000000195ef800 2072       3       sun.nio.fs.WindowsPath::toWindowsPath (32 bytes)
Event: 4.268 Thread 0x00000000195ef800 nmethod 2072 0x0000000002d7e590 code [0x0000000002d7e720, 0x0000000002d7ebb8]
Event: 4.268 Thread 0x00000000195ef800 2073       3       sun.nio.fs.WindowsNativeDispatcher::asNativeBuffer (84 bytes)
Event: 4.269 Thread 0x00000000195ef800 nmethod 2073 0x0000000002d84450 code [0x0000000002d84640, 0x0000000002d84f78]
Event: 4.269 Thread 0x00000000195ef800 2074   !   3       java.lang.ClassLoader::findNative (86 bytes)
Event: 4.269 Thread 0x00000000195ef800 nmethod 2074 0x0000000002d87350 code [0x0000000002d87500, 0x0000000002d87db8]

GC Heap History (10 events):
Event: 2.432 GC heap before
{Heap before GC invocations=10 (full 1):
 PSYoungGen      total 158208K, used 158193K [0x00000000d6100000, 0x00000000e4380000, 0x0000000100000000)
  eden space 146432K, 100% used [0x00000000d6100000,0x00000000df000000,0x00000000df000000)
  from space 11776K, 99% used [0x00000000e0080000,0x00000000e0bfc680,0x00000000e0c00000)
  to   space 16896K, 0% used [0x00000000df000000,0x00000000df000000,0x00000000e0080000)
 ParOldGen       total 57344K, used 15437K [0x0000000082200000, 0x0000000085a00000, 0x00000000d6100000)
  object space 57344K, 26% used [0x0000000082200000,0x00000000831136d8,0x0000000085a00000)
 Metaspace       used 24827K, capacity 24961K, committed 25216K, reserved 1071104K
  class space    used 3014K, capacity 3081K, committed 3200K, reserved 1048576K
Event: 2.441 GC heap after
Heap after GC invocations=10 (full 1):
 PSYoungGen      total 163328K, used 16873K [0x00000000d6100000, 0x00000000e5100000, 0x0000000100000000)
  eden space 146432K, 0% used [0x00000000d6100000,0x00000000d6100000,0x00000000df000000)
  from space 16896K, 99% used [0x00000000df000000,0x00000000e007a658,0x00000000e0080000)
  to   space 22016K, 0% used [0x00000000e3b80000,0x00000000e3b80000,0x00000000e5100000)
 ParOldGen       total 57344K, used 21147K [0x0000000082200000, 0x0000000085a00000, 0x00000000d6100000)
  object space 57344K, 36% used [0x0000000082200000,0x00000000836a6f08,0x0000000085a00000)
 Metaspace       used 24827K, capacity 24961K, committed 25216K, reserved 1071104K
  class space    used 3014K, capacity 3081K, committed 3200K, reserved 1048576K
}
Event: 2.707 GC heap before
{Heap before GC invocations=11 (full 1):
 PSYoungGen      total 163328K, used 163305K [0x00000000d6100000, 0x00000000e5100000, 0x0000000100000000)
  eden space 146432K, 100% used [0x00000000d6100000,0x00000000df000000,0x00000000df000000)
  from space 16896K, 99% used [0x00000000df000000,0x00000000e007a658,0x00000000e0080000)
  to   space 22016K, 0% used [0x00000000e3b80000,0x00000000e3b80000,0x00000000e5100000)
 ParOldGen       total 57344K, used 21147K [0x0000000082200000, 0x0000000085a00000, 0x00000000d6100000)
  object space 57344K, 36% used [0x0000000082200000,0x00000000836a6f08,0x0000000085a00000)
 Metaspace       used 25950K, capacity 26087K, committed 26240K, reserved 1073152K
  class space    used 3121K, capacity 3178K, committed 3200K, reserved 1048576K
Event: 2.716 GC heap after
Heap after GC invocations=11 (full 1):
 PSYoungGen      total 221184K, used 19452K [0x00000000d6100000, 0x00000000e5700000, 0x0000000100000000)
  eden space 199168K, 0% used [0x00000000d6100000,0x00000000d6100000,0x00000000e2380000)
  from space 22016K, 88% used [0x00000000e3b80000,0x00000000e4e7f150,0x00000000e5100000)
  to   space 24576K, 0% used [0x00000000e2380000,0x00000000e2380000,0x00000000e3b80000)
 ParOldGen       total 57344K, used 22019K [0x0000000082200000, 0x0000000085a00000, 0x00000000d6100000)
  object space 57344K, 38% used [0x0000000082200000,0x0000000083780f08,0x0000000085a00000)
 Metaspace       used 25950K, capacity 26087K, committed 26240K, reserved 1073152K
  class space    used 3121K, capacity 3178K, committed 3200K, reserved 1048576K
}
Event: 3.002 GC heap before
{Heap before GC invocations=12 (full 1):
 PSYoungGen      total 221184K, used 218620K [0x00000000d6100000, 0x00000000e5700000, 0x0000000100000000)
  eden space 199168K, 100% used [0x00000000d6100000,0x00000000e2380000,0x00000000e2380000)
  from space 22016K, 88% used [0x00000000e3b80000,0x00000000e4e7f150,0x00000000e5100000)
  to   space 24576K, 0% used [0x00000000e2380000,0x00000000e2380000,0x00000000e3b80000)
 ParOldGen       total 57344K, used 22019K [0x0000000082200000, 0x0000000085a00000, 0x00000000d6100000)
  object space 57344K, 38% used [0x0000000082200000,0x0000000083780f08,0x0000000085a00000)
 Metaspace       used 25974K, capacity 26151K, committed 26496K, reserved 1073152K
  class space    used 3122K, capacity 3178K, committed 3200K, reserved 1048576K
Event: 3.015 GC heap after
Heap after GC invocations=12 (full 1):
 PSYoungGen      total 223744K, used 24554K [0x00000000d6100000, 0x00000000eab80000, 0x0000000100000000)
  eden space 199168K, 0% used [0x00000000d6100000,0x00000000d6100000,0x00000000e2380000)
  from space 24576K, 99% used [0x00000000e2380000,0x00000000e3b7a998,0x00000000e3b80000)
  to   space 29696K, 0% used [0x00000000e8e80000,0x00000000e8e80000,0x00000000eab80000)
 ParOldGen       total 57344K, used 25592K [0x0000000082200000, 0x0000000085a00000, 0x00000000d6100000)
  object space 57344K, 44% used [0x0000000082200000,0x0000000083afe160,0x0000000085a00000)
 Metaspace       used 25974K, capacity 26151K, committed 26496K, reserved 1073152K
  class space    used 3122K, capacity 3178K, committed 3200K, reserved 1048576K
}
Event: 3.425 GC heap before
{Heap before GC invocations=13 (full 1):
 PSYoungGen      total 223744K, used 223722K [0x00000000d6100000, 0x00000000eab80000, 0x0000000100000000)
  eden space 199168K, 100% used [0x00000000d6100000,0x00000000e2380000,0x00000000e2380000)
  from space 24576K, 99% used [0x00000000e2380000,0x00000000e3b7a998,0x00000000e3b80000)
  to   space 29696K, 0% used [0x00000000e8e80000,0x00000000e8e80000,0x00000000eab80000)
 ParOldGen       total 57344K, used 25592K [0x0000000082200000, 0x0000000085a00000, 0x00000000d6100000)
  object space 57344K, 44% used [0x0000000082200000,0x0000000083afe160,0x0000000085a00000)
 Metaspace       used 26420K, capacity 26567K, committed 26880K, reserved 1073152K
  class space    used 3171K, capacity 3210K, committed 3328K, reserved 1048576K
Event: 3.436 GC heap after
Heap after GC invocations=13 (full 1):
 PSYoungGen      total 304128K, used 29316K [0x00000000d6100000, 0x00000000eb300000, 0x0000000100000000)
  eden space 274432K, 0% used [0x00000000d6100000,0x00000000d6100000,0x00000000e6d00000)
  from space 29696K, 98% used [0x00000000e8e80000,0x00000000eab21080,0x00000000eab80000)
  to   space 34304K, 0% used [0x00000000e6d00000,0x00000000e6d00000,0x00000000e8e80000)
 ParOldGen       total 57344K, used 28912K [0x0000000082200000, 0x0000000085a00000, 0x00000000d6100000)
  object space 57344K, 50% used [0x0000000082200000,0x0000000083e3c180,0x0000000085a00000)
 Metaspace       used 26420K, capacity 26567K, committed 26880K, reserved 1073152K
  class space    used 3171K, capacity 3210K, committed 3328K, reserved 1048576K
}
Event: 4.043 GC heap before
{Heap before GC invocations=14 (full 1):
 PSYoungGen      total 304128K, used 303748K [0x00000000d6100000, 0x00000000eb300000, 0x0000000100000000)
  eden space 274432K, 100% used [0x00000000d6100000,0x00000000e6d00000,0x00000000e6d00000)
  from space 29696K, 98% used [0x00000000e8e80000,0x00000000eab21080,0x00000000eab80000)
  to   space 34304K, 0% used [0x00000000e6d00000,0x00000000e6d00000,0x00000000e8e80000)
 ParOldGen       total 57344K, used 28912K [0x0000000082200000, 0x0000000085a00000, 0x00000000d6100000)
  object space 57344K, 50% used [0x0000000082200000,0x0000000083e3c180,0x0000000085a00000)
 Metaspace       used 30473K, capacity 30623K, committed 30848K, reserved 1077248K
  class space    used 3618K, capacity 3662K, committed 3712K, reserved 1048576K
Event: 4.074 GC heap after
Heap after GC invocations=14 (full 1):
 PSYoungGen      total 308736K, used 34300K [0x00000000d6100000, 0x00000000f2b00000, 0x0000000100000000)
  eden space 274432K, 0% used [0x00000000d6100000,0x00000000d6100000,0x00000000e6d00000)
  from space 34304K, 99% used [0x00000000e6d00000,0x00000000e8e7f3b0,0x00000000e8e80000)
  to   space 40960K, 0% used [0x00000000f0300000,0x00000000f0300000,0x00000000f2b00000)
 ParOldGen       total 57344K, used 31128K [0x0000000082200000, 0x0000000085a00000, 0x00000000d6100000)
  object space 57344K, 54% used [0x0000000082200000,0x0000000084066010,0x0000000085a00000)
 Metaspace       used 30473K, capacity 30623K, committed 30848K, reserved 1077248K
  class space    used 3618K, capacity 3662K, committed 3712K, reserved 1048576K
}

Deoptimization events (10 events):
Event: 3.517 Thread 0x000000000233c800 Uncommon trap: reason=unreached action=reinterpret pc=0x00000000029f9018 method=org.reflections.util.ConfigurationBuilder.getMetadataAdapter()Lorg/reflections/adapters/MetadataAdapter; @ 4
Event: 3.517 Thread 0x000000000233c800 Uncommon trap: reason=class_check action=maybe_recompile pc=0x0000000002b4ac44 method=org.reflections.vfs.ZipFile.openInputStream()Ljava/io/InputStream; @ 11
Event: 3.518 Thread 0x000000000233c800 Uncommon trap: reason=class_check action=maybe_recompile pc=0x0000000002a2a9c4 method=java.util.regex.Matcher.match(II)Z @ 86
Event: 3.518 Thread 0x000000000233c800 Uncommon trap: reason=class_check action=maybe_recompile pc=0x0000000002b4ac44 method=org.reflections.vfs.ZipFile.openInputStream()Ljava/io/InputStream; @ 11
Event: 3.518 Thread 0x000000000233c800 Uncommon trap: reason=class_check action=maybe_recompile pc=0x0000000002b4ac44 method=org.reflections.vfs.ZipFile.openInputStream()Ljava/io/InputStream; @ 11
Event: 3.518 Thread 0x000000000233c800 Uncommon trap: reason=class_check action=maybe_recompile pc=0x0000000002b4ac44 method=org.reflections.vfs.ZipFile.openInputStream()Ljava/io/InputStream; @ 11
Event: 3.683 Thread 0x000000000233c800 Uncommon trap: reason=unreached action=reinterpret pc=0x0000000002901274 method=java.util.concurrent.ConcurrentHashMap.putVal(Ljava/lang/Object;Ljava/lang/Object;Z)Ljava/lang/Object; @ 181
Event: 3.748 Thread 0x0000000018ea9000 Uncommon trap: reason=unreached action=reinterpret pc=0x0000000002be8748 method=java.util.HashMap$HashIterator.<init>(Ljava/util/HashMap;)V @ 38
Event: 3.751 Thread 0x0000000018ea9000 Uncommon trap: reason=unreached action=reinterpret pc=0x0000000002a8636c method=java.util.HashMap$HashIterator.<init>(Ljava/util/HashMap;)V @ 38
Event: 4.091 Thread 0x000000000233c800 Uncommon trap: reason=null_check action=make_not_entrant pc=0x0000000002c7e81c method=java.lang.Class.privateGetDeclaredConstructors(Z)[Ljava/lang/reflect/Constructor; @ 35

Internal exceptions (10 events):
Event: 4.268 Thread 0x000000001ab63000 Exception <a 'sun/nio/fs/WindowsException'> (0x00000000dac86ae8) thrown at [D:\re\workspace\8-2-build-windows-amd64-cygwin\jdk8u25\1677\hotspot\src\share\vm\prims\jni.cpp, line 716]
Event: 4.268 Thread 0x000000001ab63000 Exception <a 'sun/nio/fs/WindowsException'> (0x00000000dac87ce0) thrown at [D:\re\workspace\8-2-build-windows-amd64-cygwin\jdk8u25\1677\hotspot\src\share\vm\prims\jni.cpp, line 716]
Event: 4.268 Thread 0x000000001ab63000 Exception <a 'sun/nio/fs/WindowsException'> (0x00000000dac88ed8) thrown at [D:\re\workspace\8-2-build-windows-amd64-cygwin\jdk8u25\1677\hotspot\src\share\vm\prims\jni.cpp, line 716]
Event: 4.268 Thread 0x000000001ab63000 Exception <a 'sun/nio/fs/WindowsException'> (0x00000000dac8a120) thrown at [D:\re\workspace\8-2-build-windows-amd64-cygwin\jdk8u25\1677\hotspot\src\share\vm\prims\jni.cpp, line 716]
Event: 4.268 Thread 0x000000001ab63000 Exception <a 'sun/nio/fs/WindowsException'> (0x00000000dac8b368) thrown at [D:\re\workspace\8-2-build-windows-amd64-cygwin\jdk8u25\1677\hotspot\src\share\vm\prims\jni.cpp, line 716]
Event: 4.268 Thread 0x000000001ab63000 Exception <a 'sun/nio/fs/WindowsException'> (0x00000000dac8c600) thrown at [D:\re\workspace\8-2-build-windows-amd64-cygwin\jdk8u25\1677\hotspot\src\share\vm\prims\jni.cpp, line 716]
Event: 4.268 Thread 0x000000001ab63000 Exception <a 'sun/nio/fs/WindowsException'> (0x00000000dac8d7f8) thrown at [D:\re\workspace\8-2-build-windows-amd64-cygwin\jdk8u25\1677\hotspot\src\share\vm\prims\jni.cpp, line 716]
Event: 4.268 Thread 0x000000001ab63000 Exception <a 'sun/nio/fs/WindowsException'> (0x00000000dac8ea88) thrown at [D:\re\workspace\8-2-build-windows-amd64-cygwin\jdk8u25\1677\hotspot\src\share\vm\prims\jni.cpp, line 716]
Event: 4.268 Thread 0x000000001ab63000 Exception <a 'sun/nio/fs/WindowsException'> (0x00000000dac8fcd0) thrown at [D:\re\workspace\8-2-build-windows-amd64-cygwin\jdk8u25\1677\hotspot\src\share\vm\prims\jni.cpp, line 716]
Event: 4.268 Thread 0x000000001ab63000 Exception <a 'sun/nio/fs/WindowsException'> (0x00000000dac90f40) thrown at [D:\re\workspace\8-2-build-windows-amd64-cygwin\jdk8u25\1677\hotspot\src\share\vm\prims\jni.cpp, line 716]

Events (10 events):
Event: 4.101 loading class java/nio/DirectByteBuffer$Deallocator
Event: 4.101 loading class java/nio/DirectByteBuffer$Deallocator done
Event: 4.101 loading class sun/nio/ch/IOStatus
Event: 4.101 loading class sun/nio/ch/IOStatus done
Event: 4.217 loading class org/bytedeco/javacpp/annotation/Namespace
Event: 4.217 loading class org/bytedeco/javacpp/annotation/Namespace done
Event: 4.225 Executing VM operation: EnableBiasedLocking
Event: 4.225 Executing VM operation: EnableBiasedLocking done
Event: 4.226 Thread 0x000000001ab63000 DEOPT PACKING pc=0x0000000002ac5f88 sp=0x000000003637e3e0
Event: 4.226 Thread 0x000000001ab63000 DEOPT UNPACKING pc=0x00000000025e75bf sp=0x000000003637e138 mode 0


Dynamic libraries:
0x00007ff7a7c90000 - 0x00007ff7a7cc4000 	C:\Program Files\jdk1.8.0_25\bin\java.exe
0x00007ffb365c0000 - 0x00007ffb36781000 	C:\Windows\SYSTEM32\ntdll.dll
0x00007ffb35a60000 - 0x00007ffb35b0d000 	C:\Windows\system32\KERNEL32.DLL
0x00007ffb32fd0000 - 0x00007ffb331b8000 	C:\Windows\system32\KERNELBASE.dll
0x00007ffb35350000 - 0x00007ffb353f7000 	C:\Windows\system32\ADVAPI32.dll
0x00007ffb36510000 - 0x00007ffb365ad000 	C:\Windows\system32\msvcrt.dll
0x00007ffb364a0000 - 0x00007ffb364fb000 	C:\Windows\system32\sechost.dll
0x00007ffb34f20000 - 0x00007ffb3503c000 	C:\Windows\system32\RPCRT4.dll
0x00007ffb35b70000 - 0x00007ffb35cc6000 	C:\Windows\system32\USER32.dll
0x00007ffb351c0000 - 0x00007ffb35346000 	C:\Windows\system32\GDI32.dll
0x00007ffb21dc0000 - 0x00007ffb22034000 	C:\Windows\WinSxS\amd64_microsoft.windows.common-controls_6595b64144ccf1df_6.0.10586.0_none_8c15ae12515e1c22\COMCTL32.dll
0x00007ffb35d40000 - 0x00007ffb35fbd000 	C:\Windows\system32\combase.dll
0x00007ffb331c0000 - 0x00007ffb3322a000 	C:\Windows\system32\bcryptPrimitives.dll
0x00007ffb35120000 - 0x00007ffb3515b000 	C:\Windows\system32\IMM32.DLL
0x0000000054040000 - 0x0000000054112000 	C:\Program Files\jdk1.8.0_25\jre\bin\msvcr100.dll
0x0000000052be0000 - 0x000000005343a000 	C:\Program Files\jdk1.8.0_25\jre\bin\server\jvm.dll
0x00007ffb36500000 - 0x00007ffb36508000 	C:\Windows\system32\PSAPI.DLL
0x00007ffb2e400000 - 0x00007ffb2e409000 	C:\Windows\SYSTEM32\WSOCK32.dll
0x00007ffb30f40000 - 0x00007ffb30f63000 	C:\Windows\SYSTEM32\WINMM.dll
0x00007ffb35cd0000 - 0x00007ffb35d3b000 	C:\Windows\system32\WS2_32.dll
0x00007ffb30ee0000 - 0x00007ffb30f0c000 	C:\Windows\SYSTEM32\winmmbase.dll
0x00007ffb33290000 - 0x00007ffb332d3000 	C:\Windows\system32\cfgmgr32.dll
0x0000000054030000 - 0x000000005403f000 	C:\Program Files\jdk1.8.0_25\jre\bin\verify.dll
0x0000000054000000 - 0x0000000054028000 	C:\Program Files\jdk1.8.0_25\jre\bin\java.dll
0x0000000053f30000 - 0x0000000053f53000 	C:\Program Files\jdk1.8.0_25\jre\bin\instrument.dll
0x0000000053fe0000 - 0x0000000053ff6000 	C:\Program Files\jdk1.8.0_25\jre\bin\zip.dll
0x00007ffb339c0000 - 0x00007ffb34f1f000 	C:\Windows\system32\SHELL32.dll
0x00007ffb33370000 - 0x00007ffb339b4000 	C:\Windows\system32\windows.storage.dll
0x00007ffb35400000 - 0x00007ffb35452000 	C:\Windows\system32\shlwapi.dll
0x00007ffb32c80000 - 0x00007ffb32c8f000 	C:\Windows\system32\kernel.appcore.dll
0x00007ffb32f10000 - 0x00007ffb32fc5000 	C:\Windows\system32\shcore.dll
0x00007ffb32c30000 - 0x00007ffb32c7b000 	C:\Windows\system32\powrprof.dll
0x00007ffb32c10000 - 0x00007ffb32c24000 	C:\Windows\system32\profapi.dll
0x00007ffb15730000 - 0x00007ffb1574a000 	C:\Program Files\JetBrains\IntelliJ IDEA Community Edition 2018.1.3\bin\breakgen64.dll
0x0000000053fc0000 - 0x0000000053fda000 	C:\Program Files\jdk1.8.0_25\jre\bin\net.dll
0x00007ffb32530000 - 0x00007ffb3258c000 	C:\Windows\system32\mswsock.dll
0x0000000053d90000 - 0x0000000053f28000 	C:\Program Files\jdk1.8.0_25\jre\bin\awt.dll
0x00007ffb35040000 - 0x00007ffb35101000 	C:\Windows\system32\OLEAUT32.dll
0x00007ffb313f0000 - 0x00007ffb31469000 	C:\Windows\system32\apphelp.dll
0x00007ffb30890000 - 0x00007ffb308b2000 	C:\Windows\system32\DWMAPI.DLL
0x00007ffb31510000 - 0x00007ffb315a6000 	C:\Windows\system32\uxtheme.dll
0x00007ffb35460000 - 0x00007ffb355ba000 	C:\Windows\system32\MSCTF.dll
0x00007ffb35910000 - 0x00007ffb35a53000 	C:\Windows\system32\ole32.dll
0x00007ffaf73a0000 - 0x00007ffaf75b0000 	C:\Windows\system32\d3d9.dll
0x00007ffaf61c0000 - 0x00007ffaf7397000 	C:\Windows\SYSTEM32\nvd3dumx.dll
0x00007ffb2ef40000 - 0x00007ffb2ef4a000 	C:\Windows\SYSTEM32\VERSION.dll
0x00007ffb16da0000 - 0x00007ffb17006000 	C:\Windows\system32\nvspcap64.dll
0x00007ffb32150000 - 0x00007ffb32181000 	C:\Windows\SYSTEM32\ntmarta.dll
0x0000000053d40000 - 0x0000000053d87000 	C:\Program Files\jdk1.8.0_25\jre\bin\fontmanager.dll
0x0000000069480000 - 0x000000006b070000 	C:\Users\vlatkozelka\.javacpp\cache\nd4j-native-1.0.0-alpha-windows-x86_64.jar\org\nd4j\nativeblas\windows-x86_64\libnd4jcpu.dll
0x0000000053fa0000 - 0x0000000053fb1000 	C:\Program Files\jdk1.8.0_25\jre\bin\nio.dll
0x0000000066880000 - 0x0000000066e41000 	C:\Users\vlatkozelka\.javacpp\cache\nd4j-native-1.0.0-alpha-windows-x86_64.jar\org\nd4j\nativeblas\windows-x86_64\jnind4jcpu.dll
0x000000006d7c0000 - 0x000000006f95e000 	C:\Users\vlatkozelka\.javacpp\cache\openblas-0.2.20-1.4.1-windows-x86_64.jar\org\bytedeco\javacpp\windows-x86_64\libopenblas.dll
0x0000000067800000 - 0x0000000068570000 	C:\Users\vlatkozelka\.javacpp\cache\openblas-0.2.20-1.4.1-windows-x86_64.jar\org\bytedeco\javacpp\windows-x86_64\jniopenblas.dll
0x00007ffb325e0000 - 0x00007ffb325f7000 	C:\Windows\SYSTEM32\CRYPTSP.dll
0x00007ffb32270000 - 0x00007ffb322a4000 	C:\Windows\system32\rsaenh.dll
0x00007ffb32800000 - 0x00007ffb32829000 	C:\Windows\SYSTEM32\bcrypt.dll
0x00007ffb323c0000 - 0x00007ffb323df000 	C:\Windows\SYSTEM32\USERENV.dll
0x00007ffb32700000 - 0x00007ffb3270b000 	C:\Windows\SYSTEM32\CRYPTBASE.dll
0x00007ffb2f1e0000 - 0x00007ffb2f218000 	C:\Windows\SYSTEM32\IPHLPAPI.DLL
0x00007ffb365b0000 - 0x00007ffb365b8000 	C:\Windows\system32\NSI.dll
0x00007ffb2f0b0000 - 0x00007ffb2f0c6000 	C:\Windows\SYSTEM32\dhcpcsvc6.DLL
0x00007ffb2f160000 - 0x00007ffb2f17a000 	C:\Windows\SYSTEM32\dhcpcsvc.DLL
0x00007ffb03ea0000 - 0x00007ffb03ef1000 	C:\Users\vlatkozelka\.javacpp\cache\hdf5-1.10.1-1.4.1-windows-x86_64.jar\org\bytedeco\javacpp\windows-x86_64\concrt140.dll
0x00007ffb03730000 - 0x00007ffb037cc000 	C:\Windows\SYSTEM32\MSVCP140.dll
0x00007ffb14430000 - 0x00007ffb14446000 	C:\Windows\SYSTEM32\VCRUNTIME140.dll
0x00007ffb31da0000 - 0x00007ffb31e94000 	C:\Windows\SYSTEM32\ucrtbase.dll
0x00007ffb03550000 - 0x00007ffb035ed000 	C:\Users\vlatkozelka\.javacpp\cache\hdf5-1.10.1-1.4.1-windows-x86_64.jar\org\bytedeco\javacpp\windows-x86_64\msvcp140.dll
0x00007ffb14320000 - 0x00007ffb14337000 	C:\Users\vlatkozelka\.javacpp\cache\hdf5-1.10.1-1.4.1-windows-x86_64.jar\org\bytedeco\javacpp\windows-x86_64\vcruntime140.dll
0x00000000229c0000 - 0x00000000229c3000 	C:\Users\vlatkozelka\.javacpp\cache\hdf5-1.10.1-1.4.1-windows-x86_64.jar\org\bytedeco\javacpp\windows-x86_64\api-ms-win-crt-locale-l1-1-0.dll
0x00000000229d0000 - 0x00000000229d4000 	C:\Users\vlatkozelka\.javacpp\cache\hdf5-1.10.1-1.4.1-windows-x86_64.jar\org\bytedeco\javacpp\windows-x86_64\api-ms-win-crt-string-l1-1-0.dll
0x00000000229e0000 - 0x00000000229e4000 	C:\Users\vlatkozelka\.javacpp\cache\hdf5-1.10.1-1.4.1-windows-x86_64.jar\org\bytedeco\javacpp\windows-x86_64\api-ms-win-crt-stdio-l1-1-0.dll
0x0000000036ee0000 - 0x0000000036ee5000 	C:\Users\vlatkozelka\.javacpp\cache\hdf5-1.10.1-1.4.1-windows-x86_64.jar\org\bytedeco\javacpp\windows-x86_64\api-ms-win-crt-math-l1-1-0.dll
0x0000000036ef0000 - 0x0000000036ef3000 	C:\Users\vlatkozelka\.javacpp\cache\hdf5-1.10.1-1.4.1-windows-x86_64.jar\org\bytedeco\javacpp\windows-x86_64\api-ms-win-crt-heap-l1-1-0.dll
0x0000000036f00000 - 0x0000000036f04000 	C:\Users\vlatkozelka\.javacpp\cache\hdf5-1.10.1-1.4.1-windows-x86_64.jar\org\bytedeco\javacpp\windows-x86_64\api-ms-win-crt-runtime-l1-1-0.dll
0x0000000036f10000 - 0x0000000036f14000 	C:\Users\vlatkozelka\.javacpp\cache\hdf5-1.10.1-1.4.1-windows-x86_64.jar\org\bytedeco\javacpp\windows-x86_64\api-ms-win-crt-convert-l1-1-0.dll
0x0000000036f20000 - 0x0000000036f23000 	C:\Users\vlatkozelka\.javacpp\cache\hdf5-1.10.1-1.4.1-windows-x86_64.jar\org\bytedeco\javacpp\windows-x86_64\api-ms-win-crt-environment-l1-1-0.dll
0x0000000036f30000 - 0x0000000036f33000 	C:\Users\vlatkozelka\.javacpp\cache\hdf5-1.10.1-1.4.1-windows-x86_64.jar\org\bytedeco\javacpp\windows-x86_64\api-ms-win-crt-time-l1-1-0.dll
0x0000000036f40000 - 0x0000000036f43000 	C:\Users\vlatkozelka\.javacpp\cache\hdf5-1.10.1-1.4.1-windows-x86_64.jar\org\bytedeco\javacpp\windows-x86_64\api-ms-win-crt-filesystem-l1-1-0.dll
0x0000000039490000 - 0x0000000039493000 	C:\Users\vlatkozelka\.javacpp\cache\hdf5-1.10.1-1.4.1-windows-x86_64.jar\org\bytedeco\javacpp\windows-x86_64\api-ms-win-crt-utility-l1-1-0.dll
0x00000000394a0000 - 0x00000000394a5000 	C:\Users\vlatkozelka\.javacpp\cache\hdf5-1.10.1-1.4.1-windows-x86_64.jar\org\bytedeco\javacpp\windows-x86_64\api-ms-win-crt-multibyte-l1-1-0.dll
0x00007ffaf5eb0000 - 0x00007ffaf61b4000 	C:\Users\vlatkozelka\.javacpp\cache\opencv-3.4.1-1.4.1-windows-x86_64.jar\org\bytedeco\javacpp\windows-x86_64\opencv_core341.dll
0x00007ffaf4f80000 - 0x00007ffaf5385000 	C:\Users\vlatkozelka\.javacpp\cache\opencv-3.4.1-1.4.1-windows-x86_64.jar\org\bytedeco\javacpp\windows-x86_64\opencv_imgproc341.dll
0x00007ffaf5b20000 - 0x00007ffaf5eae000 	C:\Users\vlatkozelka\.javacpp\cache\opencv-3.4.1-1.4.1-windows-x86_64.jar\org\bytedeco\javacpp\windows-x86_64\jniopencv_core.dll
0x00007ffb2c1c0000 - 0x00007ffb2c34c000 	C:\Windows\SYSTEM32\dbghelp.dll

VM Arguments:
jvm_args: -javaagent:C:\Program Files\JetBrains\IntelliJ IDEA Community Edition 2018.1.3\lib\idea_rt.jar=57919:C:\Program Files\JetBrains\IntelliJ IDEA Community Edition 2018.1.3\bin -Dfile.encoding=UTF-8 
java_command: Main
java_class_path (initial): C:\Program Files\jdk1.8.0_25\jre\lib\charsets.jar;C:\Program Files\jdk1.8.0_25\jre\lib\deploy.jar;C:\Program Files\jdk1.8.0_25\jre\lib\ext\access-bridge-64.jar;C:\Program Files\jdk1.8.0_25\jre\lib\ext\cldrdata.jar;C:\Program Files\jdk1.8.0_25\jre\lib\ext\comm.jar;C:\Program Files\jdk1.8.0_25\jre\lib\ext\dnsns.jar;C:\Program Files\jdk1.8.0_25\jre\lib\ext\jaccess.jar;C:\Program Files\jdk1.8.0_25\jre\lib\ext\jfxrt.jar;C:\Program Files\jdk1.8.0_25\jre\lib\ext\localedata.jar;C:\Program Files\jdk1.8.0_25\jre\lib\ext\nashorn.jar;C:\Program Files\jdk1.8.0_25\jre\lib\ext\sunec.jar;C:\Program Files\jdk1.8.0_25\jre\lib\ext\sunjce_provider.jar;C:\Program Files\jdk1.8.0_25\jre\lib\ext\sunmscapi.jar;C:\Program Files\jdk1.8.0_25\jre\lib\ext\sunpkcs11.jar;C:\Program Files\jdk1.8.0_25\jre\lib\ext\zipfs.jar;C:\Program Files\jdk1.8.0_25\jre\lib\javaws.jar;C:\Program Files\jdk1.8.0_25\jre\lib\jce.jar;C:\Program Files\jdk1.8.0_25\jre\lib\jfr.jar;C:\Program Files\jdk1.8.0_25\jre\lib\jfxswt.jar;C:\Program Files\jdk1.8.0_25\jre\lib\jsse.jar;C:\Program Files\jdk1.8.0_25\jre\lib\management-agent.jar;C:\Program Files\jdk1.8.0_25\jre\lib\plugin.jar;C:\Program Files\jdk1.8.0_25\jre\lib\resources.jar;C:\Program Files\jdk1.8.0_25\jre\lib\rt.jar;C:\Users\vlatkozelka\IdeaProjects\MNIST\AI\out\production\classes;C:\Users\vlatkozelka\IdeaProjects\MNIST\AI\libs\gym-java-client-1.0.0-SNAPSHOT-javadoc.jar;C:\Users\vlatkozelka\IdeaProjects\MNIST\AI\libs\gym-java-client-1.0.0-SNAPSHOT-sources.jar;C:\Users\vlatkozelka\IdeaProjects\MNIST\AI\libs\rl4j-api-1.0.0-SNAPSHOT-javadoc.jar;C:\Users\vlatkozelka\IdeaProjects\MNIST\AI\libs\rl4j-core-1.0.0-SNAPSHOT-sources.jar;C:\Users\vlatkozelka\IdeaProjects\MNIST\AI\libs\rl4j-core-1.0.0-SNAPSHOT.jar;C:\Users\vlatkozelka\IdeaProjects\MNIST\AI\libs\rl4j-api-1.0.0-SNAPSHOT-sources.jar;C:\Users\vlatkozelka\IdeaProjects\MNIST\AI\libs\gym-java-client-1.0.0-SNAPSHOT.jar;C:\Users\vlatkozelka\IdeaProjects\MNIST\AI\libs\rl4j-api-1.0.0-SNAPSHOT.jar;
Launcher Type: SUN_STANDARD

Environment Variables:
JAVA_HOME=C:\Program Files\jdk1.8.0_25
PATH=C:\Program Files\NVIDIA GPU Computing Toolkit\CUDA\v8.0\bin;C:\Program Files\NVIDIA GPU Computing Toolkit\CUDA\v8.0\libnvvp;C:\Program Files\NVIDIA GPU Computing Toolkit\CUDA\v9.1\bin;C:\Program Files\NVIDIA GPU Computing Toolkit\CUDA\v9.1\libnvvp;C:\Program Files (x86)\NVIDIA Corporation\PhysX\Common;C:\ProgramData\Oracle\Java\javapath;C:\Program Files (x86)\Intel\iCLS Client\;C:\Program Files\Intel\iCLS Client\;C:\Windows\system32;C:\Windows;C:\Windows\System32\Wbem;C:\Windows\System32\WindowsPowerShell\v1.0\;C:\Program Files\jdk1.8.0_25\bin;C:\Program Files\Git\cmd;C:\Program Files\Intel\Intel(R) Management Engine Components\DAL;C:\Program Files (x86)\Intel\Intel(R) Management Engine Components\DAL;C:\Program Files\Intel\Intel(R) Management Engine Components\IPT;C:\wamp\bin\php\php5.5.12;C:\Users\vlatkozelka\AppData\Local\Android\Sdk\platform-tools;C:\Program Files (x86)\GtkSharp\2.12\bin;C:\Program Files\Microsoft SQL Server\Client SDK\ODBC\110\Tools\Binn\;C:\Program Files (x86)\Microsoft SQL Server\120\Tools\Binn\;C:\Program Files\Microsoft SQL Server\120\Tools\Binn\;C:\Program Files\Microsoft SQL Server\120\DTS\Binn\;C:\FFmpeg install\ffmpeg-20141115-git-933eca9-win64-static\bin;C:\Program Files\MATLAB\R2016a\runtime\win64;C:\Program Files\MATLAB\R2016a\bin;C:\Program Files\MATLAB\R2016a\polyspace\bin;C:\Program Files (x86)\IVI Foundation\VISA\WinNT\Bin;C:\Python;C:\Program Files\PuTTY\;C:\Program Files\nodejs\;C:\xianyi-OpenBLAS-6d2da63\;C:\Users\vlatkozelka\AppData\Local\Programs\Python\Launcher\;C:\Users\vlatkozelka\AppData\Roaming\Composer\vendor\bin;C:\Users\vlatkozelka\AppData\Roaming\npm
USERNAME=vlatkozelka
OS=Windows_NT
PROCESSOR_IDENTIFIER=Intel64 Family 6 Model 158 Stepping 10, GenuineIntel



---------------  S Y S T E M  ---------------

OS: Windows 8.1 , 64 bit Build 9600 

CPU:total 6 (6 cores per cpu, 1 threads per core) family 6 model 158 stepping 10, cmov, cx8, fxsr, mmx, sse, sse2, sse3, ssse3, sse4.1, sse4.2, popcnt, avx, avx2, aes, clmul, erms, rtm, lzcnt, tsc, tscinvbit, bmi1, bmi2

Memory: 4k page, physical 8247256k(2285044k free), swap 17463256k(6242228k free)

vm_info: Java HotSpot(TM) 64-Bit Server VM (25.25-b02) for windows-amd64 JRE (1.8.0_25-b18), built on Oct  7 2014 14:25:37 by "java_re" with MS VC++ 10.0 (VS2010)

time: Wed May 16 02:22:03 2018
elapsed time: 4 seconds (0d 0h 0m 4s)

