#
# A fatal error has been detected by the Java Runtime Environment:
#
#  EXCEPTION_ACCESS_VIOLATION (0xc0000005) at pc=0x00007ffaf5f07690, pid=232, tid=9376
#
# JRE version: Java(TM) SE Runtime Environment (8.0_25-b18) (build 1.8.0_25-b18)
# Java VM: Java HotSpot(TM) 64-Bit Server VM (25.25-b02 mixed mode windows-amd64 compressed oops)
# Problematic frame:
# C  [opencv_core341.dll+0x57690]
#
# Failed to write core dump. Minidumps are not enabled by default on client versions of Windows
#
# If you would like to submit a bug report, please visit:
#   http://bugreport.sun.com/bugreport/crash.jsp
# The crash happened outside the Java Virtual Machine in native code.
# See problematic frame for where to report the bug.
#

---------------  T H R E A D  ---------------

Current thread (0x0000000032f3a800):  JavaThread "Thread-13" [_thread_in_native, id=9376, stack(0x000000003dc20000,0x000000003dd20000)]

siginfo: ExceptionCode=0xc0000005, reading address 0x0000000037da4000

Registers:
RAX=0x000000000016e358, RBX=0x000000003dd1f1e0, RCX=0x000000000016e360, RDX=0x000000000016e360
RSP=0x000000003dd1f180, RBP=0x0000000000002ee0, RSI=0x0000000000000bb8, RDI=0x0000000037bbb040
R8 =0x000000000001e7ee, R9 =0x0000000037da4000, R10=0x00000000390f1470, R11=0x0000000039077082
R12=0x0000000000000005, R13=0x0000000000000000, R14=0x00000000000000ff, R15=0x00007ffaf5f0a880
RIP=0x00007ffaf5f07690, EFLAGS=0x0000000000010206

Top of Stack: (sp=0x000000003dd1f180)
0x000000003dd1f180:   0000000000000000 0000000000000000
0x000000003dd1f190:   0000000000000003 00007ffaf5f0a8df
0x000000003dd1f1a0:   000000003dd1f300 00000000ffffffff
0x000000003dd1f1b0:   0000000000000000 00000000200a8220
0x000000003dd1f1c0:   000000003dd1f1e0 000001f4437f0000
0x000000003dd1f1d0:   0000000000000000 0000000000000000
0x000000003dd1f1e0:   000000000016e360 fffffffffffffffe
0x000000003dd1f1f0:   0000000000000010 00007ffaf5efe04d
0x000000003dd1f200:   0000000000000000 000000003dd1f370
0x000000003dd1f210:   00000000200a8220 000000000000006b
0x000000003dd1f220:   0000000039077080 0000000000000bb8
0x000000003dd1f230:   000000003dd1f278 000000003dd1f298
0x000000003dd1f240:   0016e3603dd1f300 0000000000000001
0x000000003dd1f250:   0000000100002368 0000000033d9bcc0
0x000000003dd1f260:   000000001ad18c18 000001f4000003e8
0x000000003dd1f270:   0000000032f3a800 000000010016e360 

Instructions: (pc=0x00007ffaf5f07690)
0x00007ffaf5f07670:   44 8d 40 08 4c 8b cf 49 c1 e8 03 4d 8d 53 fe 42
0x00007ffaf5f07680:   8d 14 c5 00 00 00 00 4a 8d 0c c5 00 00 00 00 90
0x00007ffaf5f07690:   41 0f 10 01 41 0f 10 49 10 49 83 c1 20 0f 59 c6
0x00007ffaf5f076a0:   0f 59 ce 0f 58 c5 0f 58 cd 66 0f 5b d0 66 0f 5b 


Register to memory mapping:

RAX=0x000000000016e358 is an unknown value
RBX=0x000000003dd1f1e0 is pointing into the stack for thread: 0x0000000032f3a800
RCX=0x000000000016e360 is an unknown value
RDX=0x000000000016e360 is an unknown value
RSP=0x000000003dd1f180 is pointing into the stack for thread: 0x0000000032f3a800
RBP=0x0000000000002ee0 is an unknown value
RSI=0x0000000000000bb8 is an unknown value
RDI=0x0000000037bbb040 is an unknown value
R8 =0x000000000001e7ee is an unknown value
R9 =0x0000000037da4000 is an unknown value
R10=0x00000000390f1470 is an unknown value
R11=0x0000000039077082 is an unknown value
R12=0x0000000000000005 is an unknown value
R13=0x0000000000000000 is an unknown value
R14=0x00000000000000ff is an unknown value
R15=0x00007ffaf5f0a880 is an unknown value


Stack: [0x000000003dc20000,0x000000003dd20000],  sp=0x000000003dd1f180,  free space=1020k
Native frames: (J=compiled Java code, j=interpreted, Vv=VM code, C=native code)
C  [opencv_core341.dll+0x57690]
C  [opencv_core341.dll+0x5a8df]
C  [opencv_core341.dll+0x4e04d]
C  [jniopencv_core.dll+0x450cf]
C  0x00000000024d5b74

Java frames: (J=compiled Java code, j=interpreted, Vv=VM code)
j  org.bytedeco.javacpp.opencv_core$Mat.convertTo(Lorg/bytedeco/javacpp/opencv_core$Mat;IDD)V+0
j  org.deeplearning4j.rl4j.learning.HistoryProcessor.transform(Lorg/nd4j/linalg/api/ndarray/INDArray;)Lorg/nd4j/linalg/api/ndarray/INDArray;+66
j  org.deeplearning4j.rl4j.learning.HistoryProcessor.add(Lorg/nd4j/linalg/api/ndarray/INDArray;)V+2
j  org.deeplearning4j.rl4j.learning.Learning.initMdp(Lorg/deeplearning4j/rl4j/mdp/MDP;Lorg/deeplearning4j/rl4j/learning/IHistoryProcessor;)Lorg/deeplearning4j/rl4j/learning/Learning$InitMdp;+130
j  org.deeplearning4j.rl4j.learning.async.AsyncThread.run()V+52
v  ~StubRoutines::call_stub

---------------  P R O C E S S  ---------------

Java Threads: ( => current thread )
=>0x0000000032f3a800 JavaThread "Thread-13" [_thread_in_native, id=9376, stack(0x000000003dc20000,0x000000003dd20000)]
  0x0000000032f36800 JavaThread "Thread-12" [_thread_in_native, id=10988, stack(0x000000003b1f0000,0x000000003b2f0000)]
  0x0000000032f38000 JavaThread "Thread-11" [_thread_in_native, id=3900, stack(0x000000003a820000,0x000000003a920000)]
  0x0000000032f39800 JavaThread "Thread-10" [_thread_blocked, id=10896, stack(0x0000000039550000,0x0000000039650000)]
  0x0000000032f39000 JavaThread "Thread-9" [_thread_blocked, id=12128, stack(0x0000000038690000,0x0000000038790000)]
  0x0000000032f3b000 JavaThread "Thread-8" [_thread_blocked, id=2192, stack(0x0000000038110000,0x0000000038210000)]
  0x0000000032f36000 JavaThread "Thread-7" [_thread_blocked, id=4716, stack(0x0000000037e90000,0x0000000037f90000)]
  0x00000000340fb800 JavaThread "Thread-6" [_thread_blocked, id=12168, stack(0x00000000374c0000,0x00000000375c0000)]
  0x0000000032435000 JavaThread "Thread-5" [_thread_in_Java, id=11884, stack(0x00000000368f0000,0x00000000369f0000)]
  0x000000001ab37800 JavaThread "NativeRandomDeallocator thread 0" daemon [_thread_blocked, id=11768, stack(0x0000000031e40000,0x0000000031f40000)]
  0x000000001a675800 JavaThread "JavaCPP Deallocator" daemon [_thread_blocked, id=1212, stack(0x0000000022540000,0x0000000022640000)]
  0x000000001a1d6000 JavaThread "Workspace deallocator thread" daemon [_thread_blocked, id=11316, stack(0x0000000022440000,0x0000000022540000)]
  0x000000001a6b2800 JavaThread "D3D Screen Updater" daemon [_thread_blocked, id=5228, stack(0x0000000021f00000,0x0000000022000000)]
  0x000000001a7e3000 JavaThread "AWT-EventQueue-0" [_thread_blocked, id=11832, stack(0x0000000021cf0000,0x0000000021df0000)]
  0x000000001a476800 JavaThread "AWT-Windows" daemon [_thread_in_native, id=8800, stack(0x000000001b1f0000,0x000000001b2f0000)]
  0x000000001a0dd800 JavaThread "AWT-Shutdown" [_thread_blocked, id=12108, stack(0x000000001b0f0000,0x000000001b1f0000)]
  0x000000001a0dd000 JavaThread "Java2D Disposer" daemon [_thread_blocked, id=9448, stack(0x000000001aff0000,0x000000001b0f0000)]
  0x000000001959a000 JavaThread "Service Thread" daemon [_thread_blocked, id=7220, stack(0x0000000019d40000,0x0000000019e40000)]
  0x000000001950b800 JavaThread "C1 CompilerThread2" daemon [_thread_blocked, id=1408, stack(0x0000000019c40000,0x0000000019d40000)]
  0x000000001950a800 JavaThread "C2 CompilerThread1" daemon [_thread_blocked, id=8416, stack(0x0000000019b40000,0x0000000019c40000)]
  0x000000001950a000 JavaThread "C2 CompilerThread0" daemon [_thread_blocked, id=11432, stack(0x0000000019a40000,0x0000000019b40000)]
  0x00000000194e9000 JavaThread "Monitor Ctrl-Break" daemon [_thread_in_native, id=11444, stack(0x0000000019940000,0x0000000019a40000)]
  0x00000000171e0800 JavaThread "Attach Listener" daemon [_thread_blocked, id=7700, stack(0x0000000018c40000,0x0000000018d40000)]
  0x00000000171df000 JavaThread "Signal Dispatcher" daemon [_thread_blocked, id=3252, stack(0x0000000018b40000,0x0000000018c40000)]
  0x00000000171a3000 JavaThread "Finalizer" daemon [_thread_blocked, id=9388, stack(0x0000000018a40000,0x0000000018b40000)]
  0x000000001719c800 JavaThread "Reference Handler" daemon [_thread_blocked, id=4480, stack(0x0000000018940000,0x0000000018a40000)]
  0x000000000229c800 JavaThread "main" [_thread_in_native, id=11680, stack(0x00000000020b0000,0x00000000021b0000)]

Other Threads:
  0x000000000238e000 VMThread [stack: 0x0000000018840000,0x0000000018940000] [id=11468]
  0x00000000195a3000 WatcherThread [stack: 0x0000000019e40000,0x0000000019f40000] [id=8592]

VM state:not at safepoint (normal execution)

VM Mutex/Monitor currently owned by a thread: None

Heap:
 PSYoungGen      total 507904K, used 119771K [0x00000000d6100000, 0x00000000faf80000, 0x0000000100000000)
  eden space 463360K, 25% used [0x00000000d6100000,0x00000000dd5f6cf8,0x00000000f2580000)
  from space 44544K, 0% used [0x00000000f6380000,0x00000000f6380000,0x00000000f8f00000)
  to   space 63488K, 0% used [0x00000000f2580000,0x00000000f2580000,0x00000000f6380000)
 ParOldGen       total 149504K, used 68810K [0x0000000082200000, 0x000000008b400000, 0x00000000d6100000)
  object space 149504K, 46% used [0x0000000082200000,0x0000000086532bb0,0x000000008b400000)
 Metaspace       used 30902K, capacity 31071K, committed 31488K, reserved 1077248K
  class space    used 3657K, capacity 3726K, committed 3840K, reserved 1048576K

Card table byte_map: [0x0000000011880000,0x0000000011c70000] byte_map_base: 0x000000001146f000

Marking Bits: (ParMarkBitMap*) 0x00000000533bd490
 Begin Bits: [0x0000000012510000, 0x0000000014488000)
 End Bits:   [0x0000000014488000, 0x0000000016400000)

Polling page: 0x00000000021b0000

CodeCache: size=245760Kb used=9111Kb max_used=9111Kb free=236648Kb
 bounds [0x00000000024c0000, 0x0000000002db0000, 0x00000000114c0000]
 total_blobs=3465 nmethods=2299 adapters=1079
 compilation: enabled

Compilation events (10 events):
Event: 5.616 Thread 0x000000001950b800 2296       3       sun.nio.fs.NativeBuffer::setOwner (6 bytes)
Event: 5.616 Thread 0x000000001950b800 nmethod 2296 0x0000000002da3890 code [0x0000000002da39e0, 0x0000000002da3b50]
Event: 5.616 Thread 0x000000001950b800 2297       3       sun.nio.fs.NativeBuffers::releaseNativeBuffer (103 bytes)
Event: 5.617 Thread 0x000000001950b800 nmethod 2297 0x0000000002da9f90 code [0x0000000002daa280, 0x0000000002dab5f8]
Event: 5.617 Thread 0x000000001950b800 2299       3       sun.nio.fs.WindowsPath::toWindowsPath (32 bytes)
Event: 5.617 Thread 0x000000001950b800 nmethod 2299 0x0000000002da2d90 code [0x0000000002da2f20, 0x0000000002da33b8]
Event: 5.617 Thread 0x000000001950b800 2300       3       sun.nio.fs.WindowsNativeDispatcher::asNativeBuffer (84 bytes)
Event: 5.618 Thread 0x000000001950b800 nmethod 2300 0x0000000002dabf90 code [0x0000000002dac180, 0x0000000002dacab8]
Event: 5.618 Thread 0x000000001950b800 2301   !   3       java.lang.ClassLoader::findNative (86 bytes)
Event: 5.618 Thread 0x000000001950b800 nmethod 2301 0x0000000002dace90 code [0x0000000002dad040, 0x0000000002dad8f8]

GC Heap History (10 events):
Event: 2.557 GC heap before
{Heap before GC invocations=8 (full 1):
 PSYoungGen      total 220160K, used 220159K [0x00000000d6100000, 0x00000000e5a80000, 0x0000000100000000)
  eden space 205312K, 100% used [0x00000000d6100000,0x00000000e2980000,0x00000000e2980000)
  from space 14848K, 99% used [0x00000000e3d00000,0x00000000e4b7fcc8,0x00000000e4b80000)
  to   space 19968K, 0% used [0x00000000e2980000,0x00000000e2980000,0x00000000e3d00000)
 ParOldGen       total 60416K, used 14821K [0x0000000082200000, 0x0000000085d00000, 0x00000000d6100000)
  object space 60416K, 24% used [0x0000000082200000,0x00000000830796c8,0x0000000085d00000)
 Metaspace       used 24816K, capacity 24961K, committed 25216K, reserved 1071104K
  class space    used 3012K, capacity 3081K, committed 3200K, reserved 1048576K
Event: 2.570 GC heap after
Heap after GC invocations=8 (full 1):
 PSYoungGen      total 225280K, used 19957K [0x00000000d6100000, 0x00000000eeb00000, 0x0000000100000000)
  eden space 205312K, 0% used [0x00000000d6100000,0x00000000d6100000,0x00000000e2980000)
  from space 19968K, 99% used [0x00000000e2980000,0x00000000e3cfd570,0x00000000e3d00000)
  to   space 29184K, 0% used [0x00000000ece80000,0x00000000ece80000,0x00000000eeb00000)
 ParOldGen       total 60416K, used 25448K [0x0000000082200000, 0x0000000085d00000, 0x00000000d6100000)
  object space 60416K, 42% used [0x0000000082200000,0x0000000083ada140,0x0000000085d00000)
 Metaspace       used 24816K, capacity 24961K, committed 25216K, reserved 1071104K
  class space    used 3012K, capacity 3081K, committed 3200K, reserved 1048576K
}
Event: 2.923 GC heap before
{Heap before GC invocations=9 (full 1):
 PSYoungGen      total 225280K, used 225269K [0x00000000d6100000, 0x00000000eeb00000, 0x0000000100000000)
  eden space 205312K, 100% used [0x00000000d6100000,0x00000000e2980000,0x00000000e2980000)
  from space 19968K, 99% used [0x00000000e2980000,0x00000000e3cfd570,0x00000000e3d00000)
  to   space 29184K, 0% used [0x00000000ece80000,0x00000000ece80000,0x00000000eeb00000)
 ParOldGen       total 60416K, used 25448K [0x0000000082200000, 0x0000000085d00000, 0x00000000d6100000)
  object space 60416K, 42% used [0x0000000082200000,0x0000000083ada140,0x0000000085d00000)
 Metaspace       used 26004K, capacity 26151K, committed 26496K, reserved 1073152K
  class space    used 3122K, capacity 3178K, committed 3200K, reserved 1048576K
Event: 2.934 GC heap after
Heap after GC invocations=9 (full 1):
 PSYoungGen      total 369664K, used 27740K [0x00000000d6100000, 0x00000000ef480000, 0x0000000100000000)
  eden space 340480K, 0% used [0x00000000d6100000,0x00000000d6100000,0x00000000ead80000)
  from space 29184K, 95% used [0x00000000ece80000,0x00000000ee9971c8,0x00000000eeb00000)
  to   space 33792K, 0% used [0x00000000ead80000,0x00000000ead80000,0x00000000ece80000)
 ParOldGen       total 60416K, used 25456K [0x0000000082200000, 0x0000000085d00000, 0x00000000d6100000)
  object space 60416K, 42% used [0x0000000082200000,0x0000000083adc140,0x0000000085d00000)
 Metaspace       used 26004K, capacity 26151K, committed 26496K, reserved 1073152K
  class space    used 3122K, capacity 3178K, committed 3200K, reserved 1048576K
}
Event: 3.686 GC heap before
{Heap before GC invocations=10 (full 1):
 PSYoungGen      total 369664K, used 368220K [0x00000000d6100000, 0x00000000ef480000, 0x0000000100000000)
  eden space 340480K, 100% used [0x00000000d6100000,0x00000000ead80000,0x00000000ead80000)
  from space 29184K, 95% used [0x00000000ece80000,0x00000000ee9971c8,0x00000000eeb00000)
  to   space 33792K, 0% used [0x00000000ead80000,0x00000000ead80000,0x00000000ece80000)
 ParOldGen       total 60416K, used 25456K [0x0000000082200000, 0x0000000085d00000, 0x00000000d6100000)
  object space 60416K, 42% used [0x0000000082200000,0x0000000083adc140,0x0000000085d00000)
 Metaspace       used 27410K, capacity 27539K, committed 27776K, reserved 1073152K
  class space    used 3279K, capacity 3340K, committed 3456K, reserved 1048576K
Event: 3.713 GC heap after
Heap after GC invocations=10 (full 1):
 PSYoungGen      total 374272K, used 33774K [0x00000000d6100000, 0x00000000f8f00000, 0x0000000100000000)
  eden space 340480K, 0% used [0x00000000d6100000,0x00000000d6100000,0x00000000ead80000)
  from space 33792K, 99% used [0x00000000ead80000,0x00000000ece7bbc8,0x00000000ece80000)
  to   space 44544K, 0% used [0x00000000f6380000,0x00000000f6380000,0x00000000f8f00000)
 ParOldGen       total 60416K, used 37725K [0x0000000082200000, 0x0000000085d00000, 0x00000000d6100000)
  object space 60416K, 62% used [0x0000000082200000,0x00000000846d75b8,0x0000000085d00000)
 Metaspace       used 27410K, capacity 27539K, committed 27776K, reserved 1073152K
  class space    used 3279K, capacity 3340K, committed 3456K, reserved 1048576K
}
Event: 5.183 GC heap before
{Heap before GC invocations=11 (full 1):
 PSYoungGen      total 374272K, used 374254K [0x00000000d6100000, 0x00000000f8f00000, 0x0000000100000000)
  eden space 340480K, 100% used [0x00000000d6100000,0x00000000ead80000,0x00000000ead80000)
  from space 33792K, 99% used [0x00000000ead80000,0x00000000ece7bbc8,0x00000000ece80000)
  to   space 44544K, 0% used [0x00000000f6380000,0x00000000f6380000,0x00000000f8f00000)
 ParOldGen       total 60416K, used 37725K [0x0000000082200000, 0x0000000085d00000, 0x00000000d6100000)
  object space 60416K, 62% used [0x0000000082200000,0x00000000846d75b8,0x0000000085d00000)
 Metaspace       used 29698K, capacity 29919K, committed 30208K, reserved 1075200K
  class space    used 3478K, capacity 3534K, committed 3584K, reserved 1048576K
Event: 5.212 GC heap after
Heap after GC invocations=11 (full 1):
 PSYoungGen      total 507904K, used 44531K [0x00000000d6100000, 0x00000000faf80000, 0x0000000100000000)
  eden space 463360K, 0% used [0x00000000d6100000,0x00000000d6100000,0x00000000f2580000)
  from space 44544K, 99% used [0x00000000f6380000,0x00000000f8efcf48,0x00000000f8f00000)
  to   space 63488K, 0% used [0x00000000f2580000,0x00000000f2580000,0x00000000f6380000)
 ParOldGen       total 69632K, used 69222K [0x0000000082200000, 0x0000000086600000, 0x00000000d6100000)
  object space 69632K, 99% used [0x0000000082200000,0x0000000086599968,0x0000000086600000)
 Metaspace       used 29698K, capacity 29919K, committed 30208K, reserved 1075200K
  class space    used 3478K, capacity 3534K, committed 3584K, reserved 1048576K
}
Event: 5.212 GC heap before
{Heap before GC invocations=12 (full 2):
 PSYoungGen      total 507904K, used 44531K [0x00000000d6100000, 0x00000000faf80000, 0x0000000100000000)
  eden space 463360K, 0% used [0x00000000d6100000,0x00000000d6100000,0x00000000f2580000)
  from space 44544K, 99% used [0x00000000f6380000,0x00000000f8efcf48,0x00000000f8f00000)
  to   space 63488K, 0% used [0x00000000f2580000,0x00000000f2580000,0x00000000f6380000)
 ParOldGen       total 69632K, used 69222K [0x0000000082200000, 0x0000000086600000, 0x00000000d6100000)
  object space 69632K, 99% used [0x0000000082200000,0x0000000086599968,0x0000000086600000)
 Metaspace       used 29698K, capacity 29919K, committed 30208K, reserved 1075200K
  class space    used 3478K, capacity 3534K, committed 3584K, reserved 1048576K
Event: 5.248 GC heap after
Heap after GC invocations=12 (full 2):
 PSYoungGen      total 507904K, used 0K [0x00000000d6100000, 0x00000000faf80000, 0x0000000100000000)
  eden space 463360K, 0% used [0x00000000d6100000,0x00000000d6100000,0x00000000f2580000)
  from space 44544K, 0% used [0x00000000f6380000,0x00000000f6380000,0x00000000f8f00000)
  to   space 63488K, 0% used [0x00000000f2580000,0x00000000f2580000,0x00000000f6380000)
 ParOldGen       total 149504K, used 68810K [0x0000000082200000, 0x000000008b400000, 0x00000000d6100000)
  object space 149504K, 46% used [0x0000000082200000,0x0000000086532bb0,0x000000008b400000)
 Metaspace       used 29698K, capacity 29919K, committed 30208K, reserved 1075200K
  class space    used 3478K, capacity 3534K, committed 3584K, reserved 1048576K
}

Deoptimization events (10 events):
Event: 3.653 Thread 0x000000000229c800 Uncommon trap: reason=class_check action=maybe_recompile pc=0x000000000294ec70 method=org.reflections.util.FilterBuilder.apply(Ljava/lang/String;)Z @ 29
Event: 3.653 Thread 0x000000000229c800 Uncommon trap: reason=unreached action=reinterpret pc=0x0000000002902998 method=org.reflections.util.ConfigurationBuilder.getMetadataAdapter()Lorg/reflections/adapters/MetadataAdapter; @ 4
Event: 3.653 Thread 0x000000000229c800 Uncommon trap: reason=class_check action=maybe_recompile pc=0x00000000029326c8 method=java.util.regex.Matcher.match(II)Z @ 86
Event: 3.857 Thread 0x000000000229c800 Uncommon trap: reason=unreached action=reinterpret pc=0x0000000002812474 method=java.util.concurrent.ConcurrentHashMap.putVal(Ljava/lang/Object;Ljava/lang/Object;Z)Ljava/lang/Object; @ 181
Event: 3.932 Thread 0x000000001a7e3000 Uncommon trap: reason=unreached action=reinterpret pc=0x000000000298f5c8 method=java.util.HashMap$HashIterator.<init>(Ljava/util/HashMap;)V @ 38
Event: 3.935 Thread 0x000000001a7e3000 Uncommon trap: reason=unreached action=reinterpret pc=0x000000000298626c method=java.util.HashMap$HashIterator.<init>(Ljava/util/HashMap;)V @ 38
Event: 4.343 Thread 0x0000000032f38000 Uncommon trap: reason=range_check action=make_not_entrant pc=0x0000000002c5ebf0 method=game.utils.GamePanel.toArray()[D @ 60
Event: 4.345 Thread 0x0000000032f39800 Uncommon trap: reason=range_check action=make_not_entrant pc=0x0000000002c5ebf0 method=game.utils.GamePanel.toArray()[D @ 60
Event: 4.346 Thread 0x0000000032f36800 Uncommon trap: reason=range_check action=make_not_entrant pc=0x0000000002c5ebf0 method=game.utils.GamePanel.toArray()[D @ 60
Event: 4.380 Thread 0x0000000032f3a800 Uncommon trap: reason=range_check action=make_not_entrant pc=0x0000000002c62ce0 method=game.utils.GamePanel.toArray()[D @ 60

Internal exceptions (10 events):
Event: 5.619 Thread 0x0000000032f3b000 Exception <a 'java/lang/ArrayIndexOutOfBoundsException'> (0x00000000dad5df38) thrown at [D:\re\workspace\8-2-build-windows-amd64-cygwin\jdk8u25\1677\hotspot\src\share\vm\runtime\sharedRuntime.cpp, line 604]
Event: 5.619 Thread 0x0000000032f39000 Exception <a 'java/lang/ArrayIndexOutOfBoundsException'> (0x00000000da0eb268) thrown at [D:\re\workspace\8-2-build-windows-amd64-cygwin\jdk8u25\1677\hotspot\src\share\vm\runtime\sharedRuntime.cpp, line 604]
Event: 5.619 Thread 0x0000000032f39000 Exception <a 'java/lang/ArrayIndexOutOfBoundsException'> (0x00000000da0ec7f8) thrown at [D:\re\workspace\8-2-build-windows-amd64-cygwin\jdk8u25\1677\hotspot\src\share\vm\runtime\sharedRuntime.cpp, line 604]
Event: 5.619 Thread 0x0000000032f39000 Exception <a 'java/lang/ArrayIndexOutOfBoundsException'> (0x00000000da0edd88) thrown at [D:\re\workspace\8-2-build-windows-amd64-cygwin\jdk8u25\1677\hotspot\src\share\vm\runtime\sharedRuntime.cpp, line 604]
Event: 5.619 Thread 0x00000000340fb800 Exception <a 'java/lang/ArrayIndexOutOfBoundsException': 500000> (0x00000000dac1dc00) thrown at [D:\re\workspace\8-2-build-windows-amd64-cygwin\jdk8u25\1677\hotspot\src\share\vm\interpreter\interpreterRuntime.cpp, line 366]
Event: 5.619 Thread 0x0000000032f39000 Exception <a 'java/lang/ArrayIndexOutOfBoundsException'> (0x00000000da0ef318) thrown at [D:\re\workspace\8-2-build-windows-amd64-cygwin\jdk8u25\1677\hotspot\src\share\vm\runtime\sharedRuntime.cpp, line 604]
Event: 5.619 Thread 0x0000000032f3b000 Exception <a 'java/lang/ArrayIndexOutOfBoundsException'> (0x00000000dad5f4c8) thrown at [D:\re\workspace\8-2-build-windows-amd64-cygwin\jdk8u25\1677\hotspot\src\share\vm\runtime\sharedRuntime.cpp, line 604]
Event: 5.619 Thread 0x0000000032f36000 Exception <a 'java/lang/ArrayIndexOutOfBoundsException'> (0x00000000da25c160) thrown at [D:\re\workspace\8-2-build-windows-amd64-cygwin\jdk8u25\1677\hotspot\src\share\vm\runtime\sharedRuntime.cpp, line 604]
Event: 5.619 Thread 0x0000000032f3b000 Exception <a 'java/lang/ArrayIndexOutOfBoundsException'> (0x00000000dad60a58) thrown at [D:\re\workspace\8-2-build-windows-amd64-cygwin\jdk8u25\1677\hotspot\src\share\vm\runtime\sharedRuntime.cpp, line 604]
Event: 5.619 Thread 0x0000000032f36000 Exception <a 'java/lang/ArrayIndexOutOfBoundsException'> (0x00000000da25d6f0) thrown at [D:\re\workspace\8-2-build-windows-amd64-cygwin\jdk8u25\1677\hotspot\src\share\vm\runtime\sharedRuntime.cpp, line 604]

Events (10 events):
Event: 5.371 loading class org/bytedeco/javacpp/annotation/NoOffset
Event: 5.371 loading class org/bytedeco/javacpp/annotation/NoOffset done
Event: 5.381 Thread 0x0000000032f36800 DEOPT PACKING pc=0x0000000002d22ac0 sp=0x000000003b2ef3a0
Event: 5.381 Thread 0x0000000032f36800 DEOPT UNPACKING pc=0x00000000025075bf sp=0x000000003b2ef0c0 mode 0
Event: 5.523 Thread 0x00000000340fb800 DEOPT PACKING pc=0x0000000002ba23d5 sp=0x00000000375bf330
Event: 5.523 Thread 0x00000000340fb800 DEOPT UNPACKING pc=0x00000000025075bf sp=0x00000000375bf0e8 mode 0
Event: 5.537 loading class org/bytedeco/javacpp/annotation/Namespace
Event: 5.537 loading class org/bytedeco/javacpp/annotation/Namespace done
Event: 5.552 Thread 0x000000000229c800 DEOPT PACKING pc=0x00000000029d7f88 sp=0x00000000021ae600
Event: 5.552 Thread 0x000000000229c800 DEOPT UNPACKING pc=0x00000000025075bf sp=0x00000000021ae358 mode 0


Dynamic libraries:
0x00007ff7a7c90000 - 0x00007ff7a7cc4000 	C:\Program Files\jdk1.8.0_25\bin\java.exe
0x00007ffb365c0000 - 0x00007ffb36781000 	C:\Windows\SYSTEM32\ntdll.dll
0x00007ffb35a60000 - 0x00007ffb35b0d000 	C:\Windows\system32\KERNEL32.DLL
0x00007ffb32fd0000 - 0x00007ffb331b8000 	C:\Windows\system32\KERNELBASE.dll
0x00007ffb35350000 - 0x00007ffb353f7000 	C:\Windows\system32\ADVAPI32.dll
0x00007ffb36510000 - 0x00007ffb365ad000 	C:\Windows\system32\msvcrt.dll
0x00007ffb364a0000 - 0x00007ffb364fb000 	C:\Windows\system32\sechost.dll
0x00007ffb34f20000 - 0x00007ffb3503c000 	C:\Windows\system32\RPCRT4.dll
0x00007ffb35b70000 - 0x00007ffb35cc6000 	C:\Windows\system32\USER32.dll
0x00007ffb351c0000 - 0x00007ffb35346000 	C:\Windows\system32\GDI32.dll
0x00007ffb21dc0000 - 0x00007ffb22034000 	C:\Windows\WinSxS\amd64_microsoft.windows.common-controls_6595b64144ccf1df_6.0.10586.0_none_8c15ae12515e1c22\COMCTL32.dll
0x00007ffb35d40000 - 0x00007ffb35fbd000 	C:\Windows\system32\combase.dll
0x00007ffb331c0000 - 0x00007ffb3322a000 	C:\Windows\system32\bcryptPrimitives.dll
0x00007ffb35120000 - 0x00007ffb3515b000 	C:\Windows\system32\IMM32.DLL
0x0000000054040000 - 0x0000000054112000 	C:\Program Files\jdk1.8.0_25\jre\bin\msvcr100.dll
0x0000000052be0000 - 0x000000005343a000 	C:\Program Files\jdk1.8.0_25\jre\bin\server\jvm.dll
0x00007ffb36500000 - 0x00007ffb36508000 	C:\Windows\system32\PSAPI.DLL
0x00007ffb2e400000 - 0x00007ffb2e409000 	C:\Windows\SYSTEM32\WSOCK32.dll
0x00007ffb35cd0000 - 0x00007ffb35d3b000 	C:\Windows\system32\WS2_32.dll
0x00007ffb30f40000 - 0x00007ffb30f63000 	C:\Windows\SYSTEM32\WINMM.dll
0x00007ffb30ee0000 - 0x00007ffb30f0c000 	C:\Windows\SYSTEM32\WINMMBASE.dll
0x00007ffb33290000 - 0x00007ffb332d3000 	C:\Windows\system32\cfgmgr32.dll
0x0000000054030000 - 0x000000005403f000 	C:\Program Files\jdk1.8.0_25\jre\bin\verify.dll
0x0000000054000000 - 0x0000000054028000 	C:\Program Files\jdk1.8.0_25\jre\bin\java.dll
0x0000000053f30000 - 0x0000000053f53000 	C:\Program Files\jdk1.8.0_25\jre\bin\instrument.dll
0x0000000053fe0000 - 0x0000000053ff6000 	C:\Program Files\jdk1.8.0_25\jre\bin\zip.dll
0x00007ffb339c0000 - 0x00007ffb34f1f000 	C:\Windows\system32\SHELL32.dll
0x00007ffb33370000 - 0x00007ffb339b4000 	C:\Windows\system32\windows.storage.dll
0x00007ffb35400000 - 0x00007ffb35452000 	C:\Windows\system32\shlwapi.dll
0x00007ffb32c80000 - 0x00007ffb32c8f000 	C:\Windows\system32\kernel.appcore.dll
0x00007ffb32f10000 - 0x00007ffb32fc5000 	C:\Windows\system32\shcore.dll
0x00007ffb32c30000 - 0x00007ffb32c7b000 	C:\Windows\system32\powrprof.dll
0x00007ffb32c10000 - 0x00007ffb32c24000 	C:\Windows\system32\profapi.dll
0x00007ffb15730000 - 0x00007ffb1574a000 	C:\Program Files\JetBrains\IntelliJ IDEA Community Edition 2018.1.3\bin\breakgen64.dll
0x0000000053fc0000 - 0x0000000053fda000 	C:\Program Files\jdk1.8.0_25\jre\bin\net.dll
0x00007ffb32530000 - 0x00007ffb3258c000 	C:\Windows\system32\mswsock.dll
0x0000000053d90000 - 0x0000000053f28000 	C:\Program Files\jdk1.8.0_25\jre\bin\awt.dll
0x00007ffb35040000 - 0x00007ffb35101000 	C:\Windows\system32\OLEAUT32.dll
0x00007ffb313f0000 - 0x00007ffb31469000 	C:\Windows\system32\apphelp.dll
0x00007ffb30890000 - 0x00007ffb308b2000 	C:\Windows\system32\DWMAPI.DLL
0x00007ffb31510000 - 0x00007ffb315a6000 	C:\Windows\system32\uxtheme.dll
0x00007ffb35460000 - 0x00007ffb355ba000 	C:\Windows\system32\MSCTF.dll
0x00007ffb35910000 - 0x00007ffb35a53000 	C:\Windows\system32\ole32.dll
0x00007ffaf73a0000 - 0x00007ffaf75b0000 	C:\Windows\system32\d3d9.dll
0x00007ffaf61c0000 - 0x00007ffaf7397000 	C:\Windows\SYSTEM32\nvd3dumx.dll
0x00007ffb2ef40000 - 0x00007ffb2ef4a000 	C:\Windows\SYSTEM32\VERSION.dll
0x00007ffb16da0000 - 0x00007ffb17006000 	C:\Windows\system32\nvspcap64.dll
0x00007ffb32150000 - 0x00007ffb32181000 	C:\Windows\SYSTEM32\ntmarta.dll
0x0000000053d40000 - 0x0000000053d87000 	C:\Program Files\jdk1.8.0_25\jre\bin\fontmanager.dll
0x0000000069480000 - 0x000000006b070000 	C:\Users\vlatkozelka\.javacpp\cache\nd4j-native-1.0.0-alpha-windows-x86_64.jar\org\nd4j\nativeblas\windows-x86_64\libnd4jcpu.dll
0x0000000053fa0000 - 0x0000000053fb1000 	C:\Program Files\jdk1.8.0_25\jre\bin\nio.dll
0x0000000066880000 - 0x0000000066e41000 	C:\Users\vlatkozelka\.javacpp\cache\nd4j-native-1.0.0-alpha-windows-x86_64.jar\org\nd4j\nativeblas\windows-x86_64\jnind4jcpu.dll
0x000000006d7c0000 - 0x000000006f95e000 	C:\Users\vlatkozelka\.javacpp\cache\openblas-0.2.20-1.4.1-windows-x86_64.jar\org\bytedeco\javacpp\windows-x86_64\libopenblas.dll
0x0000000067800000 - 0x0000000068570000 	C:\Users\vlatkozelka\.javacpp\cache\openblas-0.2.20-1.4.1-windows-x86_64.jar\org\bytedeco\javacpp\windows-x86_64\jniopenblas.dll
0x00007ffb325e0000 - 0x00007ffb325f7000 	C:\Windows\SYSTEM32\CRYPTSP.dll
0x00007ffb32270000 - 0x00007ffb322a4000 	C:\Windows\system32\rsaenh.dll
0x00007ffb32800000 - 0x00007ffb32829000 	C:\Windows\SYSTEM32\bcrypt.dll
0x00007ffb323c0000 - 0x00007ffb323df000 	C:\Windows\SYSTEM32\USERENV.dll
0x00007ffb32700000 - 0x00007ffb3270b000 	C:\Windows\SYSTEM32\CRYPTBASE.dll
0x00007ffb2f1e0000 - 0x00007ffb2f218000 	C:\Windows\SYSTEM32\IPHLPAPI.DLL
0x00007ffb365b0000 - 0x00007ffb365b8000 	C:\Windows\system32\NSI.dll
0x00007ffb2f0b0000 - 0x00007ffb2f0c6000 	C:\Windows\SYSTEM32\dhcpcsvc6.DLL
0x00007ffb2f160000 - 0x00007ffb2f17a000 	C:\Windows\SYSTEM32\dhcpcsvc.DLL
0x00007ffb03ea0000 - 0x00007ffb03ef1000 	C:\Users\vlatkozelka\.javacpp\cache\hdf5-1.10.1-1.4.1-windows-x86_64.jar\org\bytedeco\javacpp\windows-x86_64\concrt140.dll
0x00007ffb03550000 - 0x00007ffb035ec000 	C:\Windows\SYSTEM32\MSVCP140.dll
0x00007ffb14430000 - 0x00007ffb14446000 	C:\Windows\SYSTEM32\VCRUNTIME140.dll
0x00007ffb31da0000 - 0x00007ffb31e94000 	C:\Windows\SYSTEM32\ucrtbase.dll
0x00007ffafd280000 - 0x00007ffafd31d000 	C:\Users\vlatkozelka\.javacpp\cache\hdf5-1.10.1-1.4.1-windows-x86_64.jar\org\bytedeco\javacpp\windows-x86_64\msvcp140.dll
0x00007ffb14320000 - 0x00007ffb14337000 	C:\Users\vlatkozelka\.javacpp\cache\hdf5-1.10.1-1.4.1-windows-x86_64.jar\org\bytedeco\javacpp\windows-x86_64\vcruntime140.dll
0x00000000229a0000 - 0x00000000229a3000 	C:\Users\vlatkozelka\.javacpp\cache\hdf5-1.10.1-1.4.1-windows-x86_64.jar\org\bytedeco\javacpp\windows-x86_64\api-ms-win-crt-locale-l1-1-0.dll
0x00000000229b0000 - 0x00000000229b4000 	C:\Users\vlatkozelka\.javacpp\cache\hdf5-1.10.1-1.4.1-windows-x86_64.jar\org\bytedeco\javacpp\windows-x86_64\api-ms-win-crt-string-l1-1-0.dll
0x00000000229c0000 - 0x00000000229c4000 	C:\Users\vlatkozelka\.javacpp\cache\hdf5-1.10.1-1.4.1-windows-x86_64.jar\org\bytedeco\javacpp\windows-x86_64\api-ms-win-crt-stdio-l1-1-0.dll
0x00000000229d0000 - 0x00000000229d5000 	C:\Users\vlatkozelka\.javacpp\cache\hdf5-1.10.1-1.4.1-windows-x86_64.jar\org\bytedeco\javacpp\windows-x86_64\api-ms-win-crt-math-l1-1-0.dll
0x00000000352b0000 - 0x00000000352b3000 	C:\Users\vlatkozelka\.javacpp\cache\hdf5-1.10.1-1.4.1-windows-x86_64.jar\org\bytedeco\javacpp\windows-x86_64\api-ms-win-crt-heap-l1-1-0.dll
0x00000000352c0000 - 0x00000000352c4000 	C:\Users\vlatkozelka\.javacpp\cache\hdf5-1.10.1-1.4.1-windows-x86_64.jar\org\bytedeco\javacpp\windows-x86_64\api-ms-win-crt-runtime-l1-1-0.dll
0x00000000352d0000 - 0x00000000352d4000 	C:\Users\vlatkozelka\.javacpp\cache\hdf5-1.10.1-1.4.1-windows-x86_64.jar\org\bytedeco\javacpp\windows-x86_64\api-ms-win-crt-convert-l1-1-0.dll
0x00000000352e0000 - 0x00000000352e3000 	C:\Users\vlatkozelka\.javacpp\cache\hdf5-1.10.1-1.4.1-windows-x86_64.jar\org\bytedeco\javacpp\windows-x86_64\api-ms-win-crt-environment-l1-1-0.dll
0x00000000352f0000 - 0x00000000352f3000 	C:\Users\vlatkozelka\.javacpp\cache\hdf5-1.10.1-1.4.1-windows-x86_64.jar\org\bytedeco\javacpp\windows-x86_64\api-ms-win-crt-time-l1-1-0.dll
0x0000000035300000 - 0x0000000035303000 	C:\Users\vlatkozelka\.javacpp\cache\hdf5-1.10.1-1.4.1-windows-x86_64.jar\org\bytedeco\javacpp\windows-x86_64\api-ms-win-crt-filesystem-l1-1-0.dll
0x0000000035310000 - 0x0000000035313000 	C:\Users\vlatkozelka\.javacpp\cache\hdf5-1.10.1-1.4.1-windows-x86_64.jar\org\bytedeco\javacpp\windows-x86_64\api-ms-win-crt-utility-l1-1-0.dll
0x0000000035320000 - 0x0000000035325000 	C:\Users\vlatkozelka\.javacpp\cache\hdf5-1.10.1-1.4.1-windows-x86_64.jar\org\bytedeco\javacpp\windows-x86_64\api-ms-win-crt-multibyte-l1-1-0.dll
0x00007ffaf5eb0000 - 0x00007ffaf61b4000 	C:\Users\vlatkozelka\.javacpp\cache\opencv-3.4.1-1.4.1-windows-x86_64.jar\org\bytedeco\javacpp\windows-x86_64\opencv_core341.dll
0x00007ffaf4f80000 - 0x00007ffaf5385000 	C:\Users\vlatkozelka\.javacpp\cache\opencv-3.4.1-1.4.1-windows-x86_64.jar\org\bytedeco\javacpp\windows-x86_64\opencv_imgproc341.dll
0x00007ffaf5b20000 - 0x00007ffaf5eae000 	C:\Users\vlatkozelka\.javacpp\cache\opencv-3.4.1-1.4.1-windows-x86_64.jar\org\bytedeco\javacpp\windows-x86_64\jniopencv_core.dll
0x00007ffb2c1c0000 - 0x00007ffb2c34c000 	C:\Windows\SYSTEM32\dbghelp.dll

VM Arguments:
jvm_args: -javaagent:C:\Program Files\JetBrains\IntelliJ IDEA Community Edition 2018.1.3\lib\idea_rt.jar=57823:C:\Program Files\JetBrains\IntelliJ IDEA Community Edition 2018.1.3\bin -Dfile.encoding=UTF-8 
java_command: Main
java_class_path (initial): C:\Program Files\jdk1.8.0_25\jre\lib\charsets.jar;C:\Program Files\jdk1.8.0_25\jre\lib\deploy.jar;C:\Program Files\jdk1.8.0_25\jre\lib\ext\access-bridge-64.jar;C:\Program Files\jdk1.8.0_25\jre\lib\ext\cldrdata.jar;C:\Program Files\jdk1.8.0_25\jre\lib\ext\comm.jar;C:\Program Files\jdk1.8.0_25\jre\lib\ext\dnsns.jar;C:\Program Files\jdk1.8.0_25\jre\lib\ext\jaccess.jar;C:\Program Files\jdk1.8.0_25\jre\lib\ext\jfxrt.jar;C:\Program Files\jdk1.8.0_25\jre\lib\ext\localedata.jar;C:\Program Files\jdk1.8.0_25\jre\lib\ext\nashorn.jar;C:\Program Files\jdk1.8.0_25\jre\lib\ext\sunec.jar;C:\Program Files\jdk1.8.0_25\jre\lib\ext\sunjce_provider.jar;C:\Program Files\jdk1.8.0_25\jre\lib\ext\sunmscapi.jar;C:\Program Files\jdk1.8.0_25\jre\lib\ext\sunpkcs11.jar;C:\Program Files\jdk1.8.0_25\jre\lib\ext\zipfs.jar;C:\Program Files\jdk1.8.0_25\jre\lib\javaws.jar;C:\Program Files\jdk1.8.0_25\jre\lib\jce.jar;C:\Program Files\jdk1.8.0_25\jre\lib\jfr.jar;C:\Program Files\jdk1.8.0_25\jre\lib\jfxswt.jar;C:\Program Files\jdk1.8.0_25\jre\lib\jsse.jar;C:\Program Files\jdk1.8.0_25\jre\lib\management-agent.jar;C:\Program Files\jdk1.8.0_25\jre\lib\plugin.jar;C:\Program Files\jdk1.8.0_25\jre\lib\resources.jar;C:\Program Files\jdk1.8.0_25\jre\lib\rt.jar;C:\Users\vlatkozelka\IdeaProjects\MNIST\AI\out\production\classes;C:\Users\vlatkozelka\IdeaProjects\MNIST\AI\libs\gym-java-client-1.0.0-SNAPSHOT-javadoc.jar;C:\Users\vlatkozelka\IdeaProjects\MNIST\AI\libs\gym-java-client-1.0.0-SNAPSHOT-sources.jar;C:\Users\vlatkozelka\IdeaProjects\MNIST\AI\libs\rl4j-api-1.0.0-SNAPSHOT-javadoc.jar;C:\Users\vlatkozelka\IdeaProjects\MNIST\AI\libs\rl4j-core-1.0.0-SNAPSHOT-sources.jar;C:\Users\vlatkozelka\IdeaProjects\MNIST\AI\libs\rl4j-core-1.0.0-SNAPSHOT.jar;C:\Users\vlatkozelka\IdeaProjects\MNIST\AI\libs\rl4j-api-1.0.0-SNAPSHOT-sources.jar;C:\Users\vlatkozelka\IdeaProjects\MNIST\AI\libs\gym-java-client-1.0.0-SNAPSHOT.jar;C:\Users\vlatkozelka\IdeaProjects\MNIST\AI\libs\rl4j-api-1.0.0-SNAPSHOT.jar;
Launcher Type: SUN_STANDARD

Environment Variables:
JAVA_HOME=C:\Program Files\jdk1.8.0_25
PATH=C:\Program Files\NVIDIA GPU Computing Toolkit\CUDA\v8.0\bin;C:\Program Files\NVIDIA GPU Computing Toolkit\CUDA\v8.0\libnvvp;C:\Program Files\NVIDIA GPU Computing Toolkit\CUDA\v9.1\bin;C:\Program Files\NVIDIA GPU Computing Toolkit\CUDA\v9.1\libnvvp;C:\Program Files (x86)\NVIDIA Corporation\PhysX\Common;C:\ProgramData\Oracle\Java\javapath;C:\Program Files (x86)\Intel\iCLS Client\;C:\Program Files\Intel\iCLS Client\;C:\Windows\system32;C:\Windows;C:\Windows\System32\Wbem;C:\Windows\System32\WindowsPowerShell\v1.0\;C:\Program Files\jdk1.8.0_25\bin;C:\Program Files\Git\cmd;C:\Program Files\Intel\Intel(R) Management Engine Components\DAL;C:\Program Files (x86)\Intel\Intel(R) Management Engine Components\DAL;C:\Program Files\Intel\Intel(R) Management Engine Components\IPT;C:\wamp\bin\php\php5.5.12;C:\Users\vlatkozelka\AppData\Local\Android\Sdk\platform-tools;C:\Program Files (x86)\GtkSharp\2.12\bin;C:\Program Files\Microsoft SQL Server\Client SDK\ODBC\110\Tools\Binn\;C:\Program Files (x86)\Microsoft SQL Server\120\Tools\Binn\;C:\Program Files\Microsoft SQL Server\120\Tools\Binn\;C:\Program Files\Microsoft SQL Server\120\DTS\Binn\;C:\FFmpeg install\ffmpeg-20141115-git-933eca9-win64-static\bin;C:\Program Files\MATLAB\R2016a\runtime\win64;C:\Program Files\MATLAB\R2016a\bin;C:\Program Files\MATLAB\R2016a\polyspace\bin;C:\Program Files (x86)\IVI Foundation\VISA\WinNT\Bin;C:\Python;C:\Program Files\PuTTY\;C:\Program Files\nodejs\;C:\xianyi-OpenBLAS-6d2da63\;C:\Users\vlatkozelka\AppData\Local\Programs\Python\Launcher\;C:\Users\vlatkozelka\AppData\Roaming\Composer\vendor\bin;C:\Users\vlatkozelka\AppData\Roaming\npm
USERNAME=vlatkozelka
OS=Windows_NT
PROCESSOR_IDENTIFIER=Intel64 Family 6 Model 158 Stepping 10, GenuineIntel



---------------  S Y S T E M  ---------------

OS: Windows 8.1 , 64 bit Build 9600 

CPU:total 6 (6 cores per cpu, 1 threads per core) family 6 model 158 stepping 10, cmov, cx8, fxsr, mmx, sse, sse2, sse3, ssse3, sse4.1, sse4.2, popcnt, avx, avx2, aes, clmul, erms, rtm, lzcnt, tsc, tscinvbit, bmi1, bmi2

Memory: 4k page, physical 8247256k(1978200k free), swap 17463256k(6127080k free)

vm_info: Java HotSpot(TM) 64-Bit Server VM (25.25-b02) for windows-amd64 JRE (1.8.0_25-b18), built on Oct  7 2014 14:25:37 by "java_re" with MS VC++ 10.0 (VS2010)

time: Wed May 16 02:19:03 2018
elapsed time: 5 seconds (0d 0h 0m 5s)

