#
# A fatal error has been detected by the Java Runtime Environment:
#
#  EXCEPTION_ACCESS_VIOLATION (0xc0000005) at pc=0x00007ffaf5f07690, pid=6600, tid=11636
#
# JRE version: Java(TM) SE Runtime Environment (8.0_25-b18) (build 1.8.0_25-b18)
# Java VM: Java HotSpot(TM) 64-Bit Server VM (25.25-b02 mixed mode windows-amd64 compressed oops)
# Problematic frame:
# C  [opencv_core341.dll+0x57690]
#
# Failed to write core dump. Minidumps are not enabled by default on client versions of Windows
#
# If you would like to submit a bug report, please visit:
#   http://bugreport.sun.com/bugreport/crash.jsp
# The crash happened outside the Java Virtual Machine in native code.
# See problematic frame for where to report the bug.
#

---------------  T H R E A D  ---------------

Current thread (0x00000000342ea800):  JavaThread "Thread-11" [_thread_in_native, id=11636, stack(0x000000003b0f0000,0x000000003b1f0000)]

siginfo: ExceptionCode=0xc0000005, reading address 0x000000003b9ca000

Registers:
RAX=0x000000000016e358, RBX=0x000000003b1eeda0, RCX=0x000000000016e360, RDX=0x000000000016e360
RSP=0x000000003b1eed40, RBP=0x0000000000002ee0, RSI=0x0000000000000bb8, RDI=0x000000003b7e1040
R8 =0x000000000001e7ee, R9 =0x000000003b9ca000, R10=0x0000000039707470, R11=0x000000003968d082
R12=0x0000000000000005, R13=0x0000000000000000, R14=0x00000000000000ff, R15=0x00007ffaf5f0a880
RIP=0x00007ffaf5f07690, EFLAGS=0x0000000000010206

Top of Stack: (sp=0x000000003b1eed40)
0x000000003b1eed40:   0000000000000000 0000000000000000
0x000000003b1eed50:   0000000000000003 00007ffaf5f0a8df
0x000000003b1eed60:   000000003b1eeec0 00000000ffffffff
0x000000003b1eed70:   0000000000000000 00000000200e7340
0x000000003b1eed80:   000000003b1eeda0 000001f4437f0000
0x000000003b1eed90:   0000000000000000 0000000000000000
0x000000003b1eeda0:   000000000016e360 fffffffffffffffe
0x000000003b1eedb0:   0000000000000010 00007ffaf5efe04d
0x000000003b1eedc0:   0000000000000000 000000003b1eef30
0x000000003b1eedd0:   00000000200e7340 000000000000006b
0x000000003b1eede0:   000000003968d080 0000000000000bb8
0x000000003b1eedf0:   000000003b1eee38 000000003b1eee58
0x000000003b1eee00:   0016e36033808200 0000003800000001
0x000000003b1eee10:   00000000338086c8 00000000342ea800
0x000000003b1eee20:   00000000349eb998 000001f4000003e8
0x000000003b1eee30:   00000000349eb998 000000010016e360 

Instructions: (pc=0x00007ffaf5f07690)
0x00007ffaf5f07670:   44 8d 40 08 4c 8b cf 49 c1 e8 03 4d 8d 53 fe 42
0x00007ffaf5f07680:   8d 14 c5 00 00 00 00 4a 8d 0c c5 00 00 00 00 90
0x00007ffaf5f07690:   41 0f 10 01 41 0f 10 49 10 49 83 c1 20 0f 59 c6
0x00007ffaf5f076a0:   0f 59 ce 0f 58 c5 0f 58 cd 66 0f 5b d0 66 0f 5b 


Register to memory mapping:

RAX=0x000000000016e358 is an unknown value
RBX=0x000000003b1eeda0 is pointing into the stack for thread: 0x00000000342ea800
RCX=0x000000000016e360 is an unknown value
RDX=0x000000000016e360 is an unknown value
RSP=0x000000003b1eed40 is pointing into the stack for thread: 0x00000000342ea800
RBP=0x0000000000002ee0 is an unknown value
RSI=0x0000000000000bb8 is an unknown value
RDI=0x000000003b7e1040 is an unknown value
R8 =0x000000000001e7ee is an unknown value
R9 =0x000000003b9ca000 is an unknown value
R10=0x0000000039707470 is an unknown value
R11=0x000000003968d082 is an unknown value
R12=0x0000000000000005 is an unknown value
R13=0x0000000000000000 is an unknown value
R14=0x00000000000000ff is an unknown value
R15=0x00007ffaf5f0a880 is an unknown value


Stack: [0x000000003b0f0000,0x000000003b1f0000],  sp=0x000000003b1eed40,  free space=1019k
Native frames: (J=compiled Java code, j=interpreted, Vv=VM code, C=native code)
C  [opencv_core341.dll+0x57690]
C  [opencv_core341.dll+0x5a8df]
C  [opencv_core341.dll+0x4e04d]
C  [jniopencv_core.dll+0x450cf]
C  0x0000000002715b74

Java frames: (J=compiled Java code, j=interpreted, Vv=VM code)
j  org.bytedeco.javacpp.opencv_core$Mat.convertTo(Lorg/bytedeco/javacpp/opencv_core$Mat;IDD)V+0
j  org.deeplearning4j.rl4j.learning.HistoryProcessor.transform(Lorg/nd4j/linalg/api/ndarray/INDArray;)Lorg/nd4j/linalg/api/ndarray/INDArray;+66
j  org.deeplearning4j.rl4j.learning.HistoryProcessor.add(Lorg/nd4j/linalg/api/ndarray/INDArray;)V+2
j  org.deeplearning4j.rl4j.learning.Learning.initMdp(Lorg/deeplearning4j/rl4j/mdp/MDP;Lorg/deeplearning4j/rl4j/learning/IHistoryProcessor;)Lorg/deeplearning4j/rl4j/learning/Learning$InitMdp;+130
j  org.deeplearning4j.rl4j.learning.async.AsyncThread.run()V+52
v  ~StubRoutines::call_stub

---------------  P R O C E S S  ---------------

Java Threads: ( => current thread )
  0x000000001a463800 JavaThread "Thread-13" [_thread_in_native, id=8248, stack(0x000000003e690000,0x000000003e790000)]
  0x000000001a45e800 JavaThread "Thread-12" [_thread_in_native, id=5444, stack(0x000000003bcc0000,0x000000003bdc0000)]
=>0x00000000342ea800 JavaThread "Thread-11" [_thread_in_native, id=11636, stack(0x000000003b0f0000,0x000000003b1f0000)]
  0x00000000342ed000 JavaThread "Thread-10" [_thread_in_native, id=5624, stack(0x000000003a140000,0x000000003a240000)]
  0x00000000342ed800 JavaThread "Thread-9" [_thread_in_native, id=1932, stack(0x0000000038f00000,0x0000000039000000)]
  0x00000000342eb800 JavaThread "Thread-8" [_thread_in_native, id=9000, stack(0x0000000038a90000,0x0000000038b90000)]
  0x00000000342ec000 JavaThread "Thread-7" [_thread_in_native, id=10536, stack(0x0000000037d10000,0x0000000037e10000)]
  0x0000000033f50800 JavaThread "Thread-6" [_thread_in_native, id=3036, stack(0x00000000374b0000,0x00000000375b0000)]
  0x0000000033af6000 JavaThread "Thread-5" [_thread_in_Java, id=11420, stack(0x0000000035a60000,0x0000000035b60000)]
  0x000000001a863800 JavaThread "NativeRandomDeallocator thread 0" daemon [_thread_blocked, id=9904, stack(0x0000000031e50000,0x0000000031f50000)]
  0x000000001a57c000 JavaThread "JavaCPP Deallocator" daemon [_thread_blocked, id=11612, stack(0x0000000022560000,0x0000000022660000)]
  0x000000001a467000 JavaThread "Workspace deallocator thread" daemon [_thread_blocked, id=10528, stack(0x0000000022460000,0x0000000022560000)]
  0x000000001a83b800 JavaThread "D3D Screen Updater" daemon [_thread_blocked, id=9844, stack(0x0000000021f20000,0x0000000022020000)]
  0x000000001a3ec800 JavaThread "AWT-EventQueue-0" [_thread_blocked, id=3412, stack(0x0000000021d10000,0x0000000021e10000)]
  0x000000001a4f9000 JavaThread "AWT-Windows" daemon [_thread_in_native, id=8828, stack(0x000000001b400000,0x000000001b500000)]
  0x000000001a4f8800 JavaThread "AWT-Shutdown" [_thread_blocked, id=3700, stack(0x000000001b300000,0x000000001b400000)]
  0x000000001a4f7800 JavaThread "Java2D Disposer" daemon [_thread_blocked, id=11120, stack(0x000000001b170000,0x000000001b270000)]
  0x0000000019805000 JavaThread "Service Thread" daemon [_thread_blocked, id=3088, stack(0x0000000019fa0000,0x000000001a0a0000)]
  0x000000001976f000 JavaThread "C1 CompilerThread2" daemon [_thread_blocked, id=8796, stack(0x0000000019ea0000,0x0000000019fa0000)]
  0x000000001976c000 JavaThread "C2 CompilerThread1" daemon [_thread_blocked, id=5976, stack(0x0000000019da0000,0x0000000019ea0000)]
  0x000000001976b800 JavaThread "C2 CompilerThread0" daemon [_thread_blocked, id=6056, stack(0x0000000019ca0000,0x0000000019da0000)]
  0x000000001975e000 JavaThread "Monitor Ctrl-Break" daemon [_thread_in_native, id=188, stack(0x0000000019ba0000,0x0000000019ca0000)]
  0x0000000017422000 JavaThread "Attach Listener" daemon [_thread_blocked, id=11864, stack(0x0000000018ea0000,0x0000000018fa0000)]
  0x000000001741f000 JavaThread "Signal Dispatcher" daemon [_thread_blocked, id=11672, stack(0x0000000018da0000,0x0000000018ea0000)]
  0x00000000173db800 JavaThread "Finalizer" daemon [_thread_blocked, id=9604, stack(0x0000000018ca0000,0x0000000018da0000)]
  0x00000000173da800 JavaThread "Reference Handler" daemon [_thread_blocked, id=11516, stack(0x0000000018ba0000,0x0000000018ca0000)]
  0x000000000240c800 JavaThread "main" [_thread_in_native, id=11256, stack(0x00000000022a0000,0x00000000023a0000)]

Other Threads:
  0x00000000024fe000 VMThread [stack: 0x0000000018aa0000,0x0000000018ba0000] [id=12012]
  0x0000000019806000 WatcherThread [stack: 0x000000001a0a0000,0x000000001a1a0000] [id=9096]

VM state:not at safepoint (normal execution)

VM Mutex/Monitor currently owned by a thread: None

Heap:
 PSYoungGen      total 345088K, used 123593K [0x00000000d6100000, 0x00000000f6d00000, 0x0000000100000000)
  eden space 308224K, 28% used [0x00000000d6100000,0x00000000db5b3590,0x00000000e8e00000)
  from space 36864K, 99% used [0x00000000e8e00000,0x00000000eb1ff118,0x00000000eb200000)
  to   space 44544K, 0% used [0x00000000f4180000,0x00000000f4180000,0x00000000f6d00000)
 ParOldGen       total 61952K, used 24919K [0x0000000082200000, 0x0000000085e80000, 0x00000000d6100000)
  object space 61952K, 40% used [0x0000000082200000,0x0000000083a55e48,0x0000000085e80000)
 Metaspace       used 30736K, capacity 30883K, committed 31232K, reserved 1077248K
  class space    used 3652K, capacity 3726K, committed 3840K, reserved 1048576K

Card table byte_map: [0x0000000011ac0000,0x0000000011eb0000] byte_map_base: 0x00000000116af000

Marking Bits: (ParMarkBitMap*) 0x00000000533bd490
 Begin Bits: [0x0000000012750000, 0x00000000146c8000)
 End Bits:   [0x00000000146c8000, 0x0000000016640000)

Polling page: 0x00000000004f0000

CodeCache: size=245760Kb used=8342Kb max_used=8342Kb free=237417Kb
 bounds [0x0000000002700000, 0x0000000002f30000, 0x0000000011700000]
 total_blobs=3249 nmethods=2085 adapters=1077
 compilation: enabled

Compilation events (10 events):
Event: 4.344 Thread 0x000000001976f000 2080       3       sun.nio.fs.WindowsPath::isAbsolute (26 bytes)
Event: 4.344 Thread 0x000000001976f000 nmethod 2080 0x0000000002f25450 code [0x0000000002f255c0, 0x0000000002f257d0]
Event: 4.344 Thread 0x000000001976f000 2081       3       sun.nio.fs.NativeBuffer::setOwner (6 bytes)
Event: 4.344 Thread 0x000000001976f000 nmethod 2081 0x0000000002f25110 code [0x0000000002f25260, 0x0000000002f253d0]
Event: 4.344 Thread 0x000000001976f000 2083       3       sun.nio.fs.WindowsPath::toWindowsPath (32 bytes)
Event: 4.345 Thread 0x000000001976f000 nmethod 2083 0x0000000002f24610 code [0x0000000002f247a0, 0x0000000002f24c38]
Event: 4.345 Thread 0x000000001976f000 2084       3       sun.nio.fs.WindowsNativeDispatcher::asNativeBuffer (84 bytes)
Event: 4.345 Thread 0x000000001976f000 nmethod 2084 0x0000000002f2b910 code [0x0000000002f2bb00, 0x0000000002f2c438]
Event: 4.345 Thread 0x000000001976f000 2085   !   3       java.lang.ClassLoader::findNative (86 bytes)
Event: 4.345 Thread 0x000000001976f000 nmethod 2085 0x0000000002f2c810 code [0x0000000002f2c9c0, 0x0000000002f2d278]

GC Heap History (10 events):
Event: 2.473 GC heap before
{Heap before GC invocations=10 (full 1):
 PSYoungGen      total 166912K, used 166907K [0x00000000d6100000, 0x00000000e4780000, 0x0000000100000000)
  eden space 151552K, 100% used [0x00000000d6100000,0x00000000df500000,0x00000000df500000)
  from space 15360K, 99% used [0x00000000e0780000,0x00000000e167ef50,0x00000000e1680000)
  to   space 18944K, 0% used [0x00000000df500000,0x00000000df500000,0x00000000e0780000)
 ParOldGen       total 61952K, used 9418K [0x0000000082200000, 0x0000000085e80000, 0x00000000d6100000)
  object space 61952K, 15% used [0x0000000082200000,0x0000000082b32828,0x0000000085e80000)
 Metaspace       used 24829K, capacity 24965K, committed 25216K, reserved 1071104K
  class space    used 3013K, capacity 3081K, committed 3200K, reserved 1048576K
Event: 2.486 GC heap after
Heap after GC invocations=10 (full 1):
 PSYoungGen      total 170496K, used 18938K [0x00000000d6100000, 0x00000000e6380000, 0x0000000100000000)
  eden space 151552K, 0% used [0x00000000d6100000,0x00000000d6100000,0x00000000df500000)
  from space 18944K, 99% used [0x00000000df500000,0x00000000e077eb60,0x00000000e0780000)
  to   space 24064K, 0% used [0x00000000e4c00000,0x00000000e4c00000,0x00000000e6380000)
 ParOldGen       total 61952K, used 13858K [0x0000000082200000, 0x0000000085e80000, 0x00000000d6100000)
  object space 61952K, 22% used [0x0000000082200000,0x0000000082f888e8,0x0000000085e80000)
 Metaspace       used 24829K, capacity 24965K, committed 25216K, reserved 1071104K
  class space    used 3013K, capacity 3081K, committed 3200K, reserved 1048576K
}
Event: 2.740 GC heap before
{Heap before GC invocations=11 (full 1):
 PSYoungGen      total 170496K, used 170490K [0x00000000d6100000, 0x00000000e6380000, 0x0000000100000000)
  eden space 151552K, 100% used [0x00000000d6100000,0x00000000df500000,0x00000000df500000)
  from space 18944K, 99% used [0x00000000df500000,0x00000000e077eb60,0x00000000e0780000)
  to   space 24064K, 0% used [0x00000000e4c00000,0x00000000e4c00000,0x00000000e6380000)
 ParOldGen       total 61952K, used 13858K [0x0000000082200000, 0x0000000085e80000, 0x00000000d6100000)
  object space 61952K, 22% used [0x0000000082200000,0x0000000082f888e8,0x0000000085e80000)
 Metaspace       used 25951K, capacity 26091K, committed 26240K, reserved 1073152K
  class space    used 3120K, capacity 3178K, committed 3200K, reserved 1048576K
Event: 2.755 GC heap after
Heap after GC invocations=11 (full 1):
 PSYoungGen      total 238080K, used 20268K [0x00000000d6100000, 0x00000000e6b80000, 0x0000000100000000)
  eden space 214016K, 0% used [0x00000000d6100000,0x00000000d6100000,0x00000000e3200000)
  from space 24064K, 84% used [0x00000000e4c00000,0x00000000e5fcb238,0x00000000e6380000)
  to   space 26624K, 0% used [0x00000000e3200000,0x00000000e3200000,0x00000000e4c00000)
 ParOldGen       total 61952K, used 14722K [0x0000000082200000, 0x0000000085e80000, 0x00000000d6100000)
  object space 61952K, 23% used [0x0000000082200000,0x00000000830608e8,0x0000000085e80000)
 Metaspace       used 25951K, capacity 26091K, committed 26240K, reserved 1073152K
  class space    used 3120K, capacity 3178K, committed 3200K, reserved 1048576K
}
Event: 3.078 GC heap before
{Heap before GC invocations=12 (full 1):
 PSYoungGen      total 238080K, used 234284K [0x00000000d6100000, 0x00000000e6b80000, 0x0000000100000000)
  eden space 214016K, 100% used [0x00000000d6100000,0x00000000e3200000,0x00000000e3200000)
  from space 24064K, 84% used [0x00000000e4c00000,0x00000000e5fcb238,0x00000000e6380000)
  to   space 26624K, 0% used [0x00000000e3200000,0x00000000e3200000,0x00000000e4c00000)
 ParOldGen       total 61952K, used 14722K [0x0000000082200000, 0x0000000085e80000, 0x00000000d6100000)
  object space 61952K, 23% used [0x0000000082200000,0x00000000830608e8,0x0000000085e80000)
 Metaspace       used 25974K, capacity 26155K, committed 26496K, reserved 1073152K
  class space    used 3122K, capacity 3178K, committed 3200K, reserved 1048576K
Event: 3.098 GC heap after
Heap after GC invocations=12 (full 1):
 PSYoungGen      total 240640K, used 26592K [0x00000000d6100000, 0x00000000ed180000, 0x0000000100000000)
  eden space 214016K, 0% used [0x00000000d6100000,0x00000000d6100000,0x00000000e3200000)
  from space 26624K, 99% used [0x00000000e3200000,0x00000000e4bf8270,0x00000000e4c00000)
  to   space 32256K, 0% used [0x00000000eb200000,0x00000000eb200000,0x00000000ed180000)
 ParOldGen       total 61952K, used 18273K [0x0000000082200000, 0x0000000085e80000, 0x00000000d6100000)
  object space 61952K, 29% used [0x0000000082200000,0x00000000833d8538,0x0000000085e80000)
 Metaspace       used 25974K, capacity 26155K, committed 26496K, reserved 1073152K
  class space    used 3122K, capacity 3178K, committed 3200K, reserved 1048576K
}
Event: 3.595 GC heap before
{Heap before GC invocations=13 (full 1):
 PSYoungGen      total 240640K, used 240608K [0x00000000d6100000, 0x00000000ed180000, 0x0000000100000000)
  eden space 214016K, 100% used [0x00000000d6100000,0x00000000e3200000,0x00000000e3200000)
  from space 26624K, 99% used [0x00000000e3200000,0x00000000e4bf8270,0x00000000e4c00000)
  to   space 32256K, 0% used [0x00000000eb200000,0x00000000eb200000,0x00000000ed180000)
 ParOldGen       total 61952K, used 18273K [0x0000000082200000, 0x0000000085e80000, 0x00000000d6100000)
  object space 61952K, 29% used [0x0000000082200000,0x00000000833d8538,0x0000000085e80000)
 Metaspace       used 27363K, capacity 27543K, committed 27776K, reserved 1073152K
  class space    used 3276K, capacity 3340K, committed 3456K, reserved 1048576K
Event: 3.613 GC heap after
Heap after GC invocations=13 (full 1):
 PSYoungGen      total 340480K, used 30914K [0x00000000d6100000, 0x00000000ed900000, 0x0000000100000000)
  eden space 308224K, 0% used [0x00000000d6100000,0x00000000d6100000,0x00000000e8e00000)
  from space 32256K, 95% used [0x00000000eb200000,0x00000000ed0308e0,0x00000000ed180000)
  to   space 36864K, 0% used [0x00000000e8e00000,0x00000000e8e00000,0x00000000eb200000)
 ParOldGen       total 61952K, used 21709K [0x0000000082200000, 0x0000000085e80000, 0x00000000d6100000)
  object space 61952K, 35% used [0x0000000082200000,0x0000000083733578,0x0000000085e80000)
 Metaspace       used 27363K, capacity 27543K, committed 27776K, reserved 1073152K
  class space    used 3276K, capacity 3340K, committed 3456K, reserved 1048576K
}
Event: 4.175 GC heap before
{Heap before GC invocations=14 (full 1):
 PSYoungGen      total 340480K, used 339138K [0x00000000d6100000, 0x00000000ed900000, 0x0000000100000000)
  eden space 308224K, 100% used [0x00000000d6100000,0x00000000e8e00000,0x00000000e8e00000)
  from space 32256K, 95% used [0x00000000eb200000,0x00000000ed0308e0,0x00000000ed180000)
  to   space 36864K, 0% used [0x00000000e8e00000,0x00000000e8e00000,0x00000000eb200000)
 ParOldGen       total 61952K, used 21709K [0x0000000082200000, 0x0000000085e80000, 0x00000000d6100000)
  object space 61952K, 35% used [0x0000000082200000,0x0000000083733578,0x0000000085e80000)
 Metaspace       used 30289K, capacity 30467K, committed 30848K, reserved 1077248K
  class space    used 3593K, capacity 3630K, committed 3712K, reserved 1048576K
Event: 4.197 GC heap after
Heap after GC invocations=14 (full 1):
 PSYoungGen      total 345088K, used 36860K [0x00000000d6100000, 0x00000000f6d00000, 0x0000000100000000)
  eden space 308224K, 0% used [0x00000000d6100000,0x00000000d6100000,0x00000000e8e00000)
  from space 36864K, 99% used [0x00000000e8e00000,0x00000000eb1ff118,0x00000000eb200000)
  to   space 44544K, 0% used [0x00000000f4180000,0x00000000f4180000,0x00000000f6d00000)
 ParOldGen       total 61952K, used 24919K [0x0000000082200000, 0x0000000085e80000, 0x00000000d6100000)
  object space 61952K, 40% used [0x0000000082200000,0x0000000083a55e48,0x0000000085e80000)
 Metaspace       used 30289K, capacity 30467K, committed 30848K, reserved 1077248K
  class space    used 3593K, capacity 3630K, committed 3712K, reserved 1048576K
}

Deoptimization events (10 events):
Event: 3.559 Thread 0x000000000240c800 Uncommon trap: reason=class_check action=maybe_recompile pc=0x0000000002b887cc method=org.reflections.util.FilterBuilder.apply(Ljava/lang/String;)Z @ 29
Event: 3.559 Thread 0x000000000240c800 Uncommon trap: reason=class_check action=maybe_recompile pc=0x0000000002b1c728 method=java.util.regex.Matcher.match(II)Z @ 86
Event: 3.559 Thread 0x000000000240c800 Uncommon trap: reason=class_check action=maybe_recompile pc=0x0000000002b887cc method=org.reflections.util.FilterBuilder.apply(Ljava/lang/String;)Z @ 29
Event: 3.559 Thread 0x000000000240c800 Uncommon trap: reason=class_check action=maybe_recompile pc=0x0000000002b1c728 method=java.util.regex.Matcher.match(II)Z @ 86
Event: 3.559 Thread 0x000000000240c800 Uncommon trap: reason=unreached action=reinterpret pc=0x0000000002b11e18 method=org.reflections.util.ConfigurationBuilder.getMetadataAdapter()Lorg/reflections/adapters/MetadataAdapter; @ 4
Event: 3.559 Thread 0x000000000240c800 Uncommon trap: reason=class_check action=maybe_recompile pc=0x0000000002b87208 method=java.util.regex.Matcher.match(II)Z @ 86
Event: 3.743 Thread 0x000000000240c800 Uncommon trap: reason=unreached action=reinterpret pc=0x0000000002a5b6f4 method=java.util.concurrent.ConcurrentHashMap.putVal(Ljava/lang/Object;Ljava/lang/Object;Z)Ljava/lang/Object; @ 181
Event: 3.820 Thread 0x000000001a3ec800 Uncommon trap: reason=unreached action=reinterpret pc=0x0000000002bc6c2c method=java.util.HashMap$HashIterator.<init>(Ljava/util/HashMap;)V @ 38
Event: 4.094 Thread 0x0000000033f50800 Uncommon trap: reason=null_check action=make_not_entrant pc=0x0000000002c33e80 method=java.lang.StringCoding.decode(Ljava/lang/String;[BII)[C @ 6
Event: 4.198 Thread 0x00000000173db800 Uncommon trap: reason=unreached action=reinterpret pc=0x0000000002b9f5fc method=java.lang.ref.Finalizer.remove()V @ 10

Internal exceptions (10 events):
Event: 4.344 Thread 0x0000000033f50800 Exception <a 'sun/nio/fs/WindowsException'> (0x00000000dadf48f0) thrown at [D:\re\workspace\8-2-build-windows-amd64-cygwin\jdk8u25\1677\hotspot\src\share\vm\prims\jni.cpp, line 716]
Event: 4.344 Thread 0x0000000033f50800 Exception <a 'sun/nio/fs/WindowsException'> (0x00000000dadf5ae8) thrown at [D:\re\workspace\8-2-build-windows-amd64-cygwin\jdk8u25\1677\hotspot\src\share\vm\prims\jni.cpp, line 716]
Event: 4.344 Thread 0x0000000033f50800 Exception <a 'sun/nio/fs/WindowsException'> (0x00000000dadf6ce0) thrown at [D:\re\workspace\8-2-build-windows-amd64-cygwin\jdk8u25\1677\hotspot\src\share\vm\prims\jni.cpp, line 716]
Event: 4.344 Thread 0x0000000033f50800 Exception <a 'sun/nio/fs/WindowsException'> (0x00000000dadf7f28) thrown at [D:\re\workspace\8-2-build-windows-amd64-cygwin\jdk8u25\1677\hotspot\src\share\vm\prims\jni.cpp, line 716]
Event: 4.344 Thread 0x0000000033f50800 Exception <a 'sun/nio/fs/WindowsException'> (0x00000000dadf9170) thrown at [D:\re\workspace\8-2-build-windows-amd64-cygwin\jdk8u25\1677\hotspot\src\share\vm\prims\jni.cpp, line 716]
Event: 4.344 Thread 0x0000000033f50800 Exception <a 'sun/nio/fs/WindowsException'> (0x00000000dadfa408) thrown at [D:\re\workspace\8-2-build-windows-amd64-cygwin\jdk8u25\1677\hotspot\src\share\vm\prims\jni.cpp, line 716]
Event: 4.344 Thread 0x0000000033f50800 Exception <a 'sun/nio/fs/WindowsException'> (0x00000000dadfb600) thrown at [D:\re\workspace\8-2-build-windows-amd64-cygwin\jdk8u25\1677\hotspot\src\share\vm\prims\jni.cpp, line 716]
Event: 4.344 Thread 0x0000000033f50800 Exception <a 'sun/nio/fs/WindowsException'> (0x00000000dadfc890) thrown at [D:\re\workspace\8-2-build-windows-amd64-cygwin\jdk8u25\1677\hotspot\src\share\vm\prims\jni.cpp, line 716]
Event: 4.344 Thread 0x0000000033f50800 Exception <a 'sun/nio/fs/WindowsException'> (0x00000000dadfdad8) thrown at [D:\re\workspace\8-2-build-windows-amd64-cygwin\jdk8u25\1677\hotspot\src\share\vm\prims\jni.cpp, line 716]
Event: 4.344 Thread 0x0000000033f50800 Exception <a 'sun/nio/fs/WindowsException'> (0x00000000dadfed48) thrown at [D:\re\workspace\8-2-build-windows-amd64-cygwin\jdk8u25\1677\hotspot\src\share\vm\prims\jni.cpp, line 716]

Events (10 events):
Event: 4.255 loading class java/nio/DirectByteBuffer$Deallocator
Event: 4.255 loading class java/nio/DirectByteBuffer$Deallocator done
Event: 4.256 loading class sun/nio/ch/IOStatus
Event: 4.256 loading class sun/nio/ch/IOStatus done
Event: 4.286 loading class org/bytedeco/javacpp/annotation/Namespace
Event: 4.286 loading class org/bytedeco/javacpp/annotation/Namespace done
Event: 4.293 Executing VM operation: EnableBiasedLocking
Event: 4.293 Executing VM operation: EnableBiasedLocking done
Event: 4.300 Thread 0x0000000033f50800 DEOPT PACKING pc=0x0000000002c0d5c8 sp=0x00000000375ae5a0
Event: 4.300 Thread 0x0000000033f50800 DEOPT UNPACKING pc=0x00000000027475bf sp=0x00000000375ae2f8 mode 0


Dynamic libraries:
0x00007ff7a7c90000 - 0x00007ff7a7cc4000 	C:\Program Files\jdk1.8.0_25\bin\java.exe
0x00007ffb365c0000 - 0x00007ffb36781000 	C:\Windows\SYSTEM32\ntdll.dll
0x00007ffb35a60000 - 0x00007ffb35b0d000 	C:\Windows\system32\KERNEL32.DLL
0x00007ffb32fd0000 - 0x00007ffb331b8000 	C:\Windows\system32\KERNELBASE.dll
0x00007ffb35350000 - 0x00007ffb353f7000 	C:\Windows\system32\ADVAPI32.dll
0x00007ffb36510000 - 0x00007ffb365ad000 	C:\Windows\system32\msvcrt.dll
0x00007ffb364a0000 - 0x00007ffb364fb000 	C:\Windows\system32\sechost.dll
0x00007ffb34f20000 - 0x00007ffb3503c000 	C:\Windows\system32\RPCRT4.dll
0x00007ffb35b70000 - 0x00007ffb35cc6000 	C:\Windows\system32\USER32.dll
0x00007ffb351c0000 - 0x00007ffb35346000 	C:\Windows\system32\GDI32.dll
0x00007ffb21dc0000 - 0x00007ffb22034000 	C:\Windows\WinSxS\amd64_microsoft.windows.common-controls_6595b64144ccf1df_6.0.10586.0_none_8c15ae12515e1c22\COMCTL32.dll
0x00007ffb35d40000 - 0x00007ffb35fbd000 	C:\Windows\system32\combase.dll
0x00007ffb331c0000 - 0x00007ffb3322a000 	C:\Windows\system32\bcryptPrimitives.dll
0x00007ffb35120000 - 0x00007ffb3515b000 	C:\Windows\system32\IMM32.DLL
0x0000000054040000 - 0x0000000054112000 	C:\Program Files\jdk1.8.0_25\jre\bin\msvcr100.dll
0x0000000052be0000 - 0x000000005343a000 	C:\Program Files\jdk1.8.0_25\jre\bin\server\jvm.dll
0x00007ffb36500000 - 0x00007ffb36508000 	C:\Windows\system32\PSAPI.DLL
0x00007ffb2e400000 - 0x00007ffb2e409000 	C:\Windows\SYSTEM32\WSOCK32.dll
0x00007ffb30f40000 - 0x00007ffb30f63000 	C:\Windows\SYSTEM32\WINMM.dll
0x00007ffb35cd0000 - 0x00007ffb35d3b000 	C:\Windows\system32\WS2_32.dll
0x00007ffb30ee0000 - 0x00007ffb30f0c000 	C:\Windows\SYSTEM32\WINMMBASE.dll
0x00007ffb33290000 - 0x00007ffb332d3000 	C:\Windows\system32\cfgmgr32.dll
0x0000000054030000 - 0x000000005403f000 	C:\Program Files\jdk1.8.0_25\jre\bin\verify.dll
0x0000000054000000 - 0x0000000054028000 	C:\Program Files\jdk1.8.0_25\jre\bin\java.dll
0x0000000053f30000 - 0x0000000053f53000 	C:\Program Files\jdk1.8.0_25\jre\bin\instrument.dll
0x0000000053fe0000 - 0x0000000053ff6000 	C:\Program Files\jdk1.8.0_25\jre\bin\zip.dll
0x00007ffb339c0000 - 0x00007ffb34f1f000 	C:\Windows\system32\SHELL32.dll
0x00007ffb33370000 - 0x00007ffb339b4000 	C:\Windows\system32\windows.storage.dll
0x00007ffb35400000 - 0x00007ffb35452000 	C:\Windows\system32\shlwapi.dll
0x00007ffb32c80000 - 0x00007ffb32c8f000 	C:\Windows\system32\kernel.appcore.dll
0x00007ffb32f10000 - 0x00007ffb32fc5000 	C:\Windows\system32\shcore.dll
0x00007ffb32c30000 - 0x00007ffb32c7b000 	C:\Windows\system32\powrprof.dll
0x00007ffb32c10000 - 0x00007ffb32c24000 	C:\Windows\system32\profapi.dll
0x00007ffb15730000 - 0x00007ffb1574a000 	C:\Program Files\JetBrains\IntelliJ IDEA Community Edition 2018.1.3\bin\breakgen64.dll
0x0000000053fc0000 - 0x0000000053fda000 	C:\Program Files\jdk1.8.0_25\jre\bin\net.dll
0x00007ffb32530000 - 0x00007ffb3258c000 	C:\Windows\system32\mswsock.dll
0x0000000053d90000 - 0x0000000053f28000 	C:\Program Files\jdk1.8.0_25\jre\bin\awt.dll
0x00007ffb35040000 - 0x00007ffb35101000 	C:\Windows\system32\OLEAUT32.dll
0x00007ffb313f0000 - 0x00007ffb31469000 	C:\Windows\system32\apphelp.dll
0x00007ffb30890000 - 0x00007ffb308b2000 	C:\Windows\system32\DWMAPI.DLL
0x00007ffb31510000 - 0x00007ffb315a6000 	C:\Windows\system32\uxtheme.dll
0x00007ffb35460000 - 0x00007ffb355ba000 	C:\Windows\system32\MSCTF.dll
0x00007ffb35910000 - 0x00007ffb35a53000 	C:\Windows\system32\ole32.dll
0x00007ffaf73a0000 - 0x00007ffaf75b0000 	C:\Windows\system32\d3d9.dll
0x00007ffaf61c0000 - 0x00007ffaf7397000 	C:\Windows\SYSTEM32\nvd3dumx.dll
0x00007ffb2ef40000 - 0x00007ffb2ef4a000 	C:\Windows\SYSTEM32\VERSION.dll
0x00007ffb16da0000 - 0x00007ffb17006000 	C:\Windows\system32\nvspcap64.dll
0x00007ffb32150000 - 0x00007ffb32181000 	C:\Windows\SYSTEM32\ntmarta.dll
0x0000000053d40000 - 0x0000000053d87000 	C:\Program Files\jdk1.8.0_25\jre\bin\fontmanager.dll
0x0000000069480000 - 0x000000006b070000 	C:\Users\vlatkozelka\.javacpp\cache\nd4j-native-1.0.0-alpha-windows-x86_64.jar\org\nd4j\nativeblas\windows-x86_64\libnd4jcpu.dll
0x0000000053fa0000 - 0x0000000053fb1000 	C:\Program Files\jdk1.8.0_25\jre\bin\nio.dll
0x0000000066880000 - 0x0000000066e41000 	C:\Users\vlatkozelka\.javacpp\cache\nd4j-native-1.0.0-alpha-windows-x86_64.jar\org\nd4j\nativeblas\windows-x86_64\jnind4jcpu.dll
0x000000006d7c0000 - 0x000000006f95e000 	C:\Users\vlatkozelka\.javacpp\cache\openblas-0.2.20-1.4.1-windows-x86_64.jar\org\bytedeco\javacpp\windows-x86_64\libopenblas.dll
0x0000000067800000 - 0x0000000068570000 	C:\Users\vlatkozelka\.javacpp\cache\openblas-0.2.20-1.4.1-windows-x86_64.jar\org\bytedeco\javacpp\windows-x86_64\jniopenblas.dll
0x00007ffb325e0000 - 0x00007ffb325f7000 	C:\Windows\SYSTEM32\CRYPTSP.dll
0x00007ffb32270000 - 0x00007ffb322a4000 	C:\Windows\system32\rsaenh.dll
0x00007ffb32800000 - 0x00007ffb32829000 	C:\Windows\SYSTEM32\bcrypt.dll
0x00007ffb323c0000 - 0x00007ffb323df000 	C:\Windows\SYSTEM32\USERENV.dll
0x00007ffb32700000 - 0x00007ffb3270b000 	C:\Windows\SYSTEM32\CRYPTBASE.dll
0x00007ffb2f1e0000 - 0x00007ffb2f218000 	C:\Windows\SYSTEM32\IPHLPAPI.DLL
0x00007ffb365b0000 - 0x00007ffb365b8000 	C:\Windows\system32\NSI.dll
0x00007ffb2f0b0000 - 0x00007ffb2f0c6000 	C:\Windows\SYSTEM32\dhcpcsvc6.DLL
0x00007ffb2f160000 - 0x00007ffb2f17a000 	C:\Windows\SYSTEM32\dhcpcsvc.DLL
0x00007ffb03ea0000 - 0x00007ffb03ef1000 	C:\Users\vlatkozelka\.javacpp\cache\hdf5-1.10.1-1.4.1-windows-x86_64.jar\org\bytedeco\javacpp\windows-x86_64\concrt140.dll
0x00007ffb03730000 - 0x00007ffb037cc000 	C:\Windows\SYSTEM32\MSVCP140.dll
0x00007ffb14430000 - 0x00007ffb14446000 	C:\Windows\SYSTEM32\VCRUNTIME140.dll
0x00007ffb31da0000 - 0x00007ffb31e94000 	C:\Windows\SYSTEM32\ucrtbase.dll
0x00007ffb03550000 - 0x00007ffb035ed000 	C:\Users\vlatkozelka\.javacpp\cache\hdf5-1.10.1-1.4.1-windows-x86_64.jar\org\bytedeco\javacpp\windows-x86_64\msvcp140.dll
0x00007ffb14320000 - 0x00007ffb14337000 	C:\Users\vlatkozelka\.javacpp\cache\hdf5-1.10.1-1.4.1-windows-x86_64.jar\org\bytedeco\javacpp\windows-x86_64\vcruntime140.dll
0x00000000229c0000 - 0x00000000229c3000 	C:\Users\vlatkozelka\.javacpp\cache\hdf5-1.10.1-1.4.1-windows-x86_64.jar\org\bytedeco\javacpp\windows-x86_64\api-ms-win-crt-locale-l1-1-0.dll
0x00000000229d0000 - 0x00000000229d4000 	C:\Users\vlatkozelka\.javacpp\cache\hdf5-1.10.1-1.4.1-windows-x86_64.jar\org\bytedeco\javacpp\windows-x86_64\api-ms-win-crt-string-l1-1-0.dll
0x00000000229e0000 - 0x00000000229e4000 	C:\Users\vlatkozelka\.javacpp\cache\hdf5-1.10.1-1.4.1-windows-x86_64.jar\org\bytedeco\javacpp\windows-x86_64\api-ms-win-crt-stdio-l1-1-0.dll
0x0000000035a20000 - 0x0000000035a25000 	C:\Users\vlatkozelka\.javacpp\cache\hdf5-1.10.1-1.4.1-windows-x86_64.jar\org\bytedeco\javacpp\windows-x86_64\api-ms-win-crt-math-l1-1-0.dll
0x0000000035a30000 - 0x0000000035a33000 	C:\Users\vlatkozelka\.javacpp\cache\hdf5-1.10.1-1.4.1-windows-x86_64.jar\org\bytedeco\javacpp\windows-x86_64\api-ms-win-crt-heap-l1-1-0.dll
0x0000000035a40000 - 0x0000000035a44000 	C:\Users\vlatkozelka\.javacpp\cache\hdf5-1.10.1-1.4.1-windows-x86_64.jar\org\bytedeco\javacpp\windows-x86_64\api-ms-win-crt-runtime-l1-1-0.dll
0x0000000035a50000 - 0x0000000035a54000 	C:\Users\vlatkozelka\.javacpp\cache\hdf5-1.10.1-1.4.1-windows-x86_64.jar\org\bytedeco\javacpp\windows-x86_64\api-ms-win-crt-convert-l1-1-0.dll
0x0000000037400000 - 0x0000000037403000 	C:\Users\vlatkozelka\.javacpp\cache\hdf5-1.10.1-1.4.1-windows-x86_64.jar\org\bytedeco\javacpp\windows-x86_64\api-ms-win-crt-environment-l1-1-0.dll
0x0000000037410000 - 0x0000000037413000 	C:\Users\vlatkozelka\.javacpp\cache\hdf5-1.10.1-1.4.1-windows-x86_64.jar\org\bytedeco\javacpp\windows-x86_64\api-ms-win-crt-time-l1-1-0.dll
0x0000000037420000 - 0x0000000037423000 	C:\Users\vlatkozelka\.javacpp\cache\hdf5-1.10.1-1.4.1-windows-x86_64.jar\org\bytedeco\javacpp\windows-x86_64\api-ms-win-crt-filesystem-l1-1-0.dll
0x0000000037430000 - 0x0000000037433000 	C:\Users\vlatkozelka\.javacpp\cache\hdf5-1.10.1-1.4.1-windows-x86_64.jar\org\bytedeco\javacpp\windows-x86_64\api-ms-win-crt-utility-l1-1-0.dll
0x0000000037440000 - 0x0000000037445000 	C:\Users\vlatkozelka\.javacpp\cache\hdf5-1.10.1-1.4.1-windows-x86_64.jar\org\bytedeco\javacpp\windows-x86_64\api-ms-win-crt-multibyte-l1-1-0.dll
0x00007ffaf5eb0000 - 0x00007ffaf61b4000 	C:\Users\vlatkozelka\.javacpp\cache\opencv-3.4.1-1.4.1-windows-x86_64.jar\org\bytedeco\javacpp\windows-x86_64\opencv_core341.dll
0x00007ffaf4f80000 - 0x00007ffaf5385000 	C:\Users\vlatkozelka\.javacpp\cache\opencv-3.4.1-1.4.1-windows-x86_64.jar\org\bytedeco\javacpp\windows-x86_64\opencv_imgproc341.dll
0x00007ffaf5b20000 - 0x00007ffaf5eae000 	C:\Users\vlatkozelka\.javacpp\cache\opencv-3.4.1-1.4.1-windows-x86_64.jar\org\bytedeco\javacpp\windows-x86_64\jniopencv_core.dll
0x00007ffb2c1c0000 - 0x00007ffb2c34c000 	C:\Windows\SYSTEM32\dbghelp.dll

VM Arguments:
jvm_args: -javaagent:C:\Program Files\JetBrains\IntelliJ IDEA Community Edition 2018.1.3\lib\idea_rt.jar=57880:C:\Program Files\JetBrains\IntelliJ IDEA Community Edition 2018.1.3\bin -Dfile.encoding=UTF-8 
java_command: Main
java_class_path (initial): C:\Program Files\jdk1.8.0_25\jre\lib\charsets.jar;C:\Program Files\jdk1.8.0_25\jre\lib\deploy.jar;C:\Program Files\jdk1.8.0_25\jre\lib\ext\access-bridge-64.jar;C:\Program Files\jdk1.8.0_25\jre\lib\ext\cldrdata.jar;C:\Program Files\jdk1.8.0_25\jre\lib\ext\comm.jar;C:\Program Files\jdk1.8.0_25\jre\lib\ext\dnsns.jar;C:\Program Files\jdk1.8.0_25\jre\lib\ext\jaccess.jar;C:\Program Files\jdk1.8.0_25\jre\lib\ext\jfxrt.jar;C:\Program Files\jdk1.8.0_25\jre\lib\ext\localedata.jar;C:\Program Files\jdk1.8.0_25\jre\lib\ext\nashorn.jar;C:\Program Files\jdk1.8.0_25\jre\lib\ext\sunec.jar;C:\Program Files\jdk1.8.0_25\jre\lib\ext\sunjce_provider.jar;C:\Program Files\jdk1.8.0_25\jre\lib\ext\sunmscapi.jar;C:\Program Files\jdk1.8.0_25\jre\lib\ext\sunpkcs11.jar;C:\Program Files\jdk1.8.0_25\jre\lib\ext\zipfs.jar;C:\Program Files\jdk1.8.0_25\jre\lib\javaws.jar;C:\Program Files\jdk1.8.0_25\jre\lib\jce.jar;C:\Program Files\jdk1.8.0_25\jre\lib\jfr.jar;C:\Program Files\jdk1.8.0_25\jre\lib\jfxswt.jar;C:\Program Files\jdk1.8.0_25\jre\lib\jsse.jar;C:\Program Files\jdk1.8.0_25\jre\lib\management-agent.jar;C:\Program Files\jdk1.8.0_25\jre\lib\plugin.jar;C:\Program Files\jdk1.8.0_25\jre\lib\resources.jar;C:\Program Files\jdk1.8.0_25\jre\lib\rt.jar;C:\Users\vlatkozelka\IdeaProjects\MNIST\AI\out\production\classes;C:\Users\vlatkozelka\IdeaProjects\MNIST\AI\libs\gym-java-client-1.0.0-SNAPSHOT-javadoc.jar;C:\Users\vlatkozelka\IdeaProjects\MNIST\AI\libs\gym-java-client-1.0.0-SNAPSHOT-sources.jar;C:\Users\vlatkozelka\IdeaProjects\MNIST\AI\libs\rl4j-api-1.0.0-SNAPSHOT-javadoc.jar;C:\Users\vlatkozelka\IdeaProjects\MNIST\AI\libs\rl4j-core-1.0.0-SNAPSHOT-sources.jar;C:\Users\vlatkozelka\IdeaProjects\MNIST\AI\libs\rl4j-core-1.0.0-SNAPSHOT.jar;C:\Users\vlatkozelka\IdeaProjects\MNIST\AI\libs\rl4j-api-1.0.0-SNAPSHOT-sources.jar;C:\Users\vlatkozelka\IdeaProjects\MNIST\AI\libs\gym-java-client-1.0.0-SNAPSHOT.jar;C:\Users\vlatkozelka\IdeaProjects\MNIST\AI\libs\rl4j-api-1.0.0-SNAPSHOT.jar;
Launcher Type: SUN_STANDARD

Environment Variables:
JAVA_HOME=C:\Program Files\jdk1.8.0_25
PATH=C:\Program Files\NVIDIA GPU Computing Toolkit\CUDA\v8.0\bin;C:\Program Files\NVIDIA GPU Computing Toolkit\CUDA\v8.0\libnvvp;C:\Program Files\NVIDIA GPU Computing Toolkit\CUDA\v9.1\bin;C:\Program Files\NVIDIA GPU Computing Toolkit\CUDA\v9.1\libnvvp;C:\Program Files (x86)\NVIDIA Corporation\PhysX\Common;C:\ProgramData\Oracle\Java\javapath;C:\Program Files (x86)\Intel\iCLS Client\;C:\Program Files\Intel\iCLS Client\;C:\Windows\system32;C:\Windows;C:\Windows\System32\Wbem;C:\Windows\System32\WindowsPowerShell\v1.0\;C:\Program Files\jdk1.8.0_25\bin;C:\Program Files\Git\cmd;C:\Program Files\Intel\Intel(R) Management Engine Components\DAL;C:\Program Files (x86)\Intel\Intel(R) Management Engine Components\DAL;C:\Program Files\Intel\Intel(R) Management Engine Components\IPT;C:\wamp\bin\php\php5.5.12;C:\Users\vlatkozelka\AppData\Local\Android\Sdk\platform-tools;C:\Program Files (x86)\GtkSharp\2.12\bin;C:\Program Files\Microsoft SQL Server\Client SDK\ODBC\110\Tools\Binn\;C:\Program Files (x86)\Microsoft SQL Server\120\Tools\Binn\;C:\Program Files\Microsoft SQL Server\120\Tools\Binn\;C:\Program Files\Microsoft SQL Server\120\DTS\Binn\;C:\FFmpeg install\ffmpeg-20141115-git-933eca9-win64-static\bin;C:\Program Files\MATLAB\R2016a\runtime\win64;C:\Program Files\MATLAB\R2016a\bin;C:\Program Files\MATLAB\R2016a\polyspace\bin;C:\Program Files (x86)\IVI Foundation\VISA\WinNT\Bin;C:\Python;C:\Program Files\PuTTY\;C:\Program Files\nodejs\;C:\xianyi-OpenBLAS-6d2da63\;C:\Users\vlatkozelka\AppData\Local\Programs\Python\Launcher\;C:\Users\vlatkozelka\AppData\Roaming\Composer\vendor\bin;C:\Users\vlatkozelka\AppData\Roaming\npm
USERNAME=vlatkozelka
OS=Windows_NT
PROCESSOR_IDENTIFIER=Intel64 Family 6 Model 158 Stepping 10, GenuineIntel



---------------  S Y S T E M  ---------------

OS: Windows 8.1 , 64 bit Build 9600 

CPU:total 6 (6 cores per cpu, 1 threads per core) family 6 model 158 stepping 10, cmov, cx8, fxsr, mmx, sse, sse2, sse3, ssse3, sse4.1, sse4.2, popcnt, avx, avx2, aes, clmul, erms, rtm, lzcnt, tsc, tscinvbit, bmi1, bmi2

Memory: 4k page, physical 8247256k(2330988k free), swap 17463256k(6236176k free)

vm_info: Java HotSpot(TM) 64-Bit Server VM (25.25-b02) for windows-amd64 JRE (1.8.0_25-b18), built on Oct  7 2014 14:25:37 by "java_re" with MS VC++ 10.0 (VS2010)

time: Wed May 16 02:21:05 2018
elapsed time: 4 seconds (0d 0h 0m 4s)

