#
# A fatal error has been detected by the Java Runtime Environment:
#
#  EXCEPTION_ACCESS_VIOLATION (0xc0000005) at pc=0x00007ffaf5f07690, pid=11916, tid=11568
#
# JRE version: Java(TM) SE Runtime Environment (8.0_25-b18) (build 1.8.0_25-b18)
# Java VM: Java HotSpot(TM) 64-Bit Server VM (25.25-b02 mixed mode windows-amd64 compressed oops)
# Problematic frame:
# C  [opencv_core341.dll+0x57690]
#
# Failed to write core dump. Minidumps are not enabled by default on client versions of Windows
#
# If you would like to submit a bug report, please visit:
#   http://bugreport.sun.com/bugreport/crash.jsp
# The crash happened outside the Java Virtual Machine in native code.
# See problematic frame for where to report the bug.
#

---------------  T H R E A D  ---------------

Current thread (0x000000001a5d3800):  JavaThread "Thread-11" [_thread_in_native, id=11568, stack(0x000000003b4f0000,0x000000003b5f0000)]

siginfo: ExceptionCode=0xc0000005, reading address 0x000000003e981000

Registers:
RAX=0x000000000016e358, RBX=0x000000003b5eec30, RCX=0x000000000016e360, RDX=0x000000000016e360
RSP=0x000000003b5eebd0, RBP=0x0000000000002ee0, RSI=0x0000000000000bb8, RDI=0x000000003e798040
R8 =0x000000000001e7ee, R9 =0x000000003e981000, R10=0x000000003f708470, R11=0x000000003f68e082
R12=0x0000000000000005, R13=0x0000000000000000, R14=0x00000000000000ff, R15=0x00007ffaf5f0a880
RIP=0x00007ffaf5f07690, EFLAGS=0x0000000000010206

Top of Stack: (sp=0x000000003b5eebd0)
0x000000003b5eebd0:   0000000000000000 0000000000000000
0x000000003b5eebe0:   0000000000000003 00007ffaf5f0a8df
0x000000003b5eebf0:   000000003b5eed50 00000000ffffffff
0x000000003b5eec00:   0000000000000000 000000001ff93a00
0x000000003b5eec10:   000000003b5eec30 000001f4437f0000
0x000000003b5eec20:   0000000000000000 0000000000000000
0x000000003b5eec30:   000000000016e360 fffffffffffffffe
0x000000003b5eec40:   0000000000000010 00007ffaf5efe04d
0x000000003b5eec50:   0000000000000000 000000003b5eedc0
0x000000003b5eec60:   000000001ff93a00 000000000000006b
0x000000003b5eec70:   000000003f68e080 0000000000000bb8
0x000000003b5eec80:   000000003b5eecc8 000000003b5eece8
0x000000003b5eec90:   0016e360196f7100 0000003800000001
0x000000003b5eeca0:   00000000196f7528 000000001a5d3800
0x000000003b5eecb0:   00000000349d60a8 000001f4000003e8
0x000000003b5eecc0:   00000000349d60a8 000000010016e360 

Instructions: (pc=0x00007ffaf5f07690)
0x00007ffaf5f07670:   44 8d 40 08 4c 8b cf 49 c1 e8 03 4d 8d 53 fe 42
0x00007ffaf5f07680:   8d 14 c5 00 00 00 00 4a 8d 0c c5 00 00 00 00 90
0x00007ffaf5f07690:   41 0f 10 01 41 0f 10 49 10 49 83 c1 20 0f 59 c6
0x00007ffaf5f076a0:   0f 59 ce 0f 58 c5 0f 58 cd 66 0f 5b d0 66 0f 5b 


Register to memory mapping:

RAX=0x000000000016e358 is an unknown value
RBX=0x000000003b5eec30 is pointing into the stack for thread: 0x000000001a5d3800
RCX=0x000000000016e360 is an unknown value
RDX=0x000000000016e360 is an unknown value
RSP=0x000000003b5eebd0 is pointing into the stack for thread: 0x000000001a5d3800
RBP=0x0000000000002ee0 is an unknown value
RSI=0x0000000000000bb8 is an unknown value
RDI=0x000000003e798040 is an unknown value
R8 =0x000000000001e7ee is an unknown value
R9 =0x000000003e981000 is an unknown value
R10=0x000000003f708470 is an unknown value
R11=0x000000003f68e082 is an unknown value
R12=0x0000000000000005 is an unknown value
R13=0x0000000000000000 is an unknown value
R14=0x00000000000000ff is an unknown value
R15=0x00007ffaf5f0a880 is an unknown value


Stack: [0x000000003b4f0000,0x000000003b5f0000],  sp=0x000000003b5eebd0,  free space=1018k
Native frames: (J=compiled Java code, j=interpreted, Vv=VM code, C=native code)
C  [opencv_core341.dll+0x57690]
C  [opencv_core341.dll+0x5a8df]
C  [opencv_core341.dll+0x4e04d]
C  [jniopencv_core.dll+0x450cf]
C  0x0000000002685b74

Java frames: (J=compiled Java code, j=interpreted, Vv=VM code)
j  org.bytedeco.javacpp.opencv_core$Mat.convertTo(Lorg/bytedeco/javacpp/opencv_core$Mat;IDD)V+0
j  org.deeplearning4j.rl4j.learning.HistoryProcessor.transform(Lorg/nd4j/linalg/api/ndarray/INDArray;)Lorg/nd4j/linalg/api/ndarray/INDArray;+66
j  org.deeplearning4j.rl4j.learning.HistoryProcessor.add(Lorg/nd4j/linalg/api/ndarray/INDArray;)V+2
j  org.deeplearning4j.rl4j.learning.Learning.initMdp(Lorg/deeplearning4j/rl4j/mdp/MDP;Lorg/deeplearning4j/rl4j/learning/IHistoryProcessor;)Lorg/deeplearning4j/rl4j/learning/Learning$InitMdp;+130
j  org.deeplearning4j.rl4j.learning.async.AsyncThread.run()V+52
v  ~StubRoutines::call_stub

---------------  P R O C E S S  ---------------

Java Threads: ( => current thread )
  0x000000001a5d5000 JavaThread "Thread-13" [_thread_in_native, id=10740, stack(0x000000003e990000,0x000000003ea90000)]
  0x000000001a5d4000 JavaThread "Thread-12" [_thread_in_native, id=10712, stack(0x000000003bea0000,0x000000003bfa0000)]
=>0x000000001a5d3800 JavaThread "Thread-11" [_thread_in_native, id=11568, stack(0x000000003b4f0000,0x000000003b5f0000)]
  0x000000001a5cf800 JavaThread "Thread-10" [_thread_in_native, id=11720, stack(0x0000000039ae0000,0x0000000039be0000)]
  0x000000001a5d1000 JavaThread "Thread-9" [_thread_in_native, id=11060, stack(0x00000000399e0000,0x0000000039ae0000)]
  0x000000001a5d2800 JavaThread "Thread-8" [_thread_in_native, id=11716, stack(0x0000000038cc0000,0x0000000038dc0000)]
  0x000000001a5d0800 JavaThread "Thread-7" [_thread_in_native, id=5436, stack(0x0000000036e10000,0x0000000036f10000)]
  0x0000000034131000 JavaThread "Thread-6" [_thread_in_native, id=11324, stack(0x0000000036270000,0x0000000036370000)]
  0x000000001adc9000 JavaThread "Thread-5" [_thread_in_Java, id=11464, stack(0x0000000035890000,0x0000000035990000)]
  0x000000001ab88000 JavaThread "NativeRandomDeallocator thread 0" daemon [_thread_blocked, id=4456, stack(0x0000000031e40000,0x0000000031f40000)]
  0x000000001a55c000 JavaThread "JavaCPP Deallocator" daemon [_thread_blocked, id=10160, stack(0x0000000022540000,0x0000000022640000)]
  0x000000001a514000 JavaThread "Workspace deallocator thread" daemon [_thread_blocked, id=10800, stack(0x0000000022440000,0x0000000022540000)]
  0x000000001a7d8800 JavaThread "D3D Screen Updater" daemon [_thread_blocked, id=8080, stack(0x0000000022100000,0x0000000022200000)]
  0x000000001aaf3800 JavaThread "AWT-EventQueue-0" [_thread_blocked, id=9660, stack(0x0000000021cf0000,0x0000000021df0000)]
  0x000000001a4d2800 JavaThread "AWT-Windows" daemon [_thread_in_native, id=8412, stack(0x000000001b470000,0x000000001b570000)]
  0x000000001a4d1000 JavaThread "AWT-Shutdown" [_thread_blocked, id=7580, stack(0x000000001b370000,0x000000001b470000)]
  0x000000001aab7800 JavaThread "Java2D Disposer" daemon [_thread_blocked, id=10348, stack(0x000000001b270000,0x000000001b370000)]
  0x0000000019749800 JavaThread "Service Thread" daemon [_thread_blocked, id=9544, stack(0x0000000019ef0000,0x0000000019ff0000)]
  0x00000000196bf000 JavaThread "C1 CompilerThread2" daemon [_thread_blocked, id=5528, stack(0x0000000019df0000,0x0000000019ef0000)]
  0x00000000196be000 JavaThread "C2 CompilerThread1" daemon [_thread_blocked, id=6480, stack(0x0000000019cf0000,0x0000000019df0000)]
  0x00000000196bd800 JavaThread "C2 CompilerThread0" daemon [_thread_blocked, id=4580, stack(0x0000000019bf0000,0x0000000019cf0000)]
  0x0000000019694800 JavaThread "Monitor Ctrl-Break" daemon [_thread_in_native, id=4992, stack(0x0000000019af0000,0x0000000019bf0000)]
  0x000000001738f800 JavaThread "Attach Listener" daemon [_thread_blocked, id=11744, stack(0x0000000018df0000,0x0000000018ef0000)]
  0x000000001738e800 JavaThread "Signal Dispatcher" daemon [_thread_blocked, id=11240, stack(0x0000000018cf0000,0x0000000018df0000)]
  0x000000001734c800 JavaThread "Finalizer" daemon [_thread_blocked, id=6472, stack(0x0000000018bf0000,0x0000000018cf0000)]
  0x000000001734b800 JavaThread "Reference Handler" daemon [_thread_blocked, id=11708, stack(0x0000000018af0000,0x0000000018bf0000)]
  0x00000000023ac800 JavaThread "main" [_thread_in_native, id=6532, stack(0x00000000022a0000,0x00000000023a0000)]

Other Threads:
  0x0000000017344800 VMThread [stack: 0x00000000189f0000,0x0000000018af0000] [id=9376]
  0x0000000019762800 WatcherThread [stack: 0x0000000019ff0000,0x000000001a0f0000] [id=11880]

VM state:not at safepoint (normal execution)

VM Mutex/Monitor currently owned by a thread: None

Heap:
 PSYoungGen      total 361984K, used 300064K [0x00000000d6100000, 0x00000000ef500000, 0x0000000100000000)
  eden space 328192K, 81% used [0x00000000d6100000,0x00000000e655e7e0,0x00000000ea180000)
  from space 33792K, 98% used [0x00000000ec800000,0x00000000ee8a9a58,0x00000000ee900000)
  to   space 39424K, 0% used [0x00000000ea180000,0x00000000ea180000,0x00000000ec800000)
 ParOldGen       total 55808K, used 28144K [0x0000000082200000, 0x0000000085880000, 0x00000000d6100000)
  object space 55808K, 50% used [0x0000000082200000,0x0000000083d7c088,0x0000000085880000)
 Metaspace       used 30752K, capacity 30947K, committed 31232K, reserved 1077248K
  class space    used 3660K, capacity 3726K, committed 3840K, reserved 1048576K

Card table byte_map: [0x0000000011a30000,0x0000000011e20000] byte_map_base: 0x000000001161f000

Marking Bits: (ParMarkBitMap*) 0x00000000533bd490
 Begin Bits: [0x00000000126c0000, 0x0000000014638000)
 End Bits:   [0x0000000014638000, 0x00000000165b0000)

Polling page: 0x0000000000430000

CodeCache: size=245760Kb used=8164Kb max_used=8164Kb free=237595Kb
 bounds [0x0000000002670000, 0x0000000002e80000, 0x0000000011670000]
 total_blobs=3227 nmethods=2063 adapters=1077
 compilation: enabled

Compilation events (10 events):
Event: 4.146 Thread 0x00000000196bf000 2059       3       sun.nio.fs.NativeBuffer::setOwner (6 bytes)
Event: 4.146 Thread 0x00000000196bf000 nmethod 2059 0x0000000002e65cd0 code [0x0000000002e65e20, 0x0000000002e65f90]
Event: 4.146 Thread 0x00000000196bf000 2060       3       sun.nio.fs.NativeBuffers::releaseNativeBuffer (103 bytes)
Event: 4.147 Thread 0x00000000196bf000 nmethod 2060 0x0000000002e6c750 code [0x0000000002e6ca40, 0x0000000002e6ddb8]
Event: 4.147 Thread 0x00000000196bf000 2062       3       sun.nio.fs.WindowsPath::toWindowsPath (32 bytes)
Event: 4.147 Thread 0x00000000196bf000 nmethod 2062 0x0000000002e64e50 code [0x0000000002e64fe0, 0x0000000002e65478]
Event: 4.147 Thread 0x00000000196bf000 2063       3       sun.nio.fs.WindowsNativeDispatcher::asNativeBuffer (84 bytes)
Event: 4.147 Thread 0x00000000196bf000 nmethod 2063 0x0000000002e6e750 code [0x0000000002e6e940, 0x0000000002e6f278]
Event: 4.148 Thread 0x00000000196bf000 2065   !   3       java.lang.ClassLoader::findNative (86 bytes)
Event: 4.148 Thread 0x00000000196bf000 nmethod 2065 0x0000000002e6f650 code [0x0000000002e6f800, 0x0000000002e700b8]

GC Heap History (10 events):
Event: 2.072 GC heap before
{Heap before GC invocations=9 (full 1):
 PSYoungGen      total 133632K, used 133382K [0x00000000d6100000, 0x00000000e2500000, 0x0000000100000000)
  eden space 121856K, 100% used [0x00000000d6100000,0x00000000dd800000,0x00000000dd800000)
  from space 11776K, 97% used [0x00000000dd800000,0x00000000de341ad0,0x00000000de380000)
  to   space 13824K, 0% used [0x00000000e1780000,0x00000000e1780000,0x00000000e2500000)
 ParOldGen       total 55808K, used 6764K [0x0000000082200000, 0x0000000085880000, 0x00000000d6100000)
  object space 55808K, 12% used [0x0000000082200000,0x000000008289b3b8,0x0000000085880000)
 Metaspace       used 24826K, capacity 24965K, committed 25216K, reserved 1071104K
  class space    used 3013K, capacity 3081K, committed 3200K, reserved 1048576K
Event: 2.082 GC heap after
Heap after GC invocations=9 (full 1):
 PSYoungGen      total 182784K, used 13814K [0x00000000d6100000, 0x00000000e4c00000, 0x0000000100000000)
  eden space 168960K, 0% used [0x00000000d6100000,0x00000000d6100000,0x00000000e0600000)
  from space 13824K, 99% used [0x00000000e1780000,0x00000000e24fda28,0x00000000e2500000)
  to   space 17920K, 0% used [0x00000000e0600000,0x00000000e0600000,0x00000000e1780000)
 ParOldGen       total 55808K, used 10845K [0x0000000082200000, 0x0000000085880000, 0x00000000d6100000)
  object space 55808K, 19% used [0x0000000082200000,0x0000000082c974b8,0x0000000085880000)
 Metaspace       used 24826K, capacity 24965K, committed 25216K, reserved 1071104K
  class space    used 3013K, capacity 3081K, committed 3200K, reserved 1048576K
}
Event: 2.300 GC heap before
{Heap before GC invocations=10 (full 1):
 PSYoungGen      total 182784K, used 182774K [0x00000000d6100000, 0x00000000e4c00000, 0x0000000100000000)
  eden space 168960K, 100% used [0x00000000d6100000,0x00000000e0600000,0x00000000e0600000)
  from space 13824K, 99% used [0x00000000e1780000,0x00000000e24fda28,0x00000000e2500000)
  to   space 17920K, 0% used [0x00000000e0600000,0x00000000e0600000,0x00000000e1780000)
 ParOldGen       total 55808K, used 10845K [0x0000000082200000, 0x0000000085880000, 0x00000000d6100000)
  object space 55808K, 19% used [0x0000000082200000,0x0000000082c974b8,0x0000000085880000)
 Metaspace       used 24827K, capacity 24965K, committed 25216K, reserved 1071104K
  class space    used 3014K, capacity 3081K, committed 3200K, reserved 1048576K
Event: 2.310 GC heap after
Heap after GC invocations=10 (full 1):
 PSYoungGen      total 186880K, used 17896K [0x00000000d6100000, 0x00000000e7a00000, 0x0000000100000000)
  eden space 168960K, 0% used [0x00000000d6100000,0x00000000d6100000,0x00000000e0600000)
  from space 17920K, 99% used [0x00000000e0600000,0x00000000e177a190,0x00000000e1780000)
  to   space 24064K, 0% used [0x00000000e6280000,0x00000000e6280000,0x00000000e7a00000)
 ParOldGen       total 55808K, used 18730K [0x0000000082200000, 0x0000000085880000, 0x00000000d6100000)
  object space 55808K, 33% used [0x0000000082200000,0x000000008344ab00,0x0000000085880000)
 Metaspace       used 24827K, capacity 24965K, committed 25216K, reserved 1071104K
  class space    used 3014K, capacity 3081K, committed 3200K, reserved 1048576K
}
Event: 2.606 GC heap before
{Heap before GC invocations=11 (full 1):
 PSYoungGen      total 186880K, used 186856K [0x00000000d6100000, 0x00000000e7a00000, 0x0000000100000000)
  eden space 168960K, 100% used [0x00000000d6100000,0x00000000e0600000,0x00000000e0600000)
  from space 17920K, 99% used [0x00000000e0600000,0x00000000e177a190,0x00000000e1780000)
  to   space 24064K, 0% used [0x00000000e6280000,0x00000000e6280000,0x00000000e7a00000)
 ParOldGen       total 55808K, used 18730K [0x0000000082200000, 0x0000000085880000, 0x00000000d6100000)
  object space 55808K, 33% used [0x0000000082200000,0x000000008344ab00,0x0000000085880000)
 Metaspace       used 25952K, capacity 26091K, committed 26240K, reserved 1073152K
  class space    used 3120K, capacity 3178K, committed 3200K, reserved 1048576K
Event: 2.618 GC heap after
Heap after GC invocations=11 (full 1):
 PSYoungGen      total 260096K, used 22273K [0x00000000d6100000, 0x00000000e8100000, 0x0000000100000000)
  eden space 236032K, 0% used [0x00000000d6100000,0x00000000d6100000,0x00000000e4780000)
  from space 24064K, 92% used [0x00000000e6280000,0x00000000e7840760,0x00000000e7a00000)
  to   space 27648K, 0% used [0x00000000e4780000,0x00000000e4780000,0x00000000e6280000)
 ParOldGen       total 55808K, used 20106K [0x0000000082200000, 0x0000000085880000, 0x00000000d6100000)
  object space 55808K, 36% used [0x0000000082200000,0x00000000835a2b00,0x0000000085880000)
 Metaspace       used 25952K, capacity 26091K, committed 26240K, reserved 1073152K
  class space    used 3120K, capacity 3178K, committed 3200K, reserved 1048576K
}
Event: 3.017 GC heap before
{Heap before GC invocations=12 (full 1):
 PSYoungGen      total 260096K, used 258305K [0x00000000d6100000, 0x00000000e8100000, 0x0000000100000000)
  eden space 236032K, 100% used [0x00000000d6100000,0x00000000e4780000,0x00000000e4780000)
  from space 24064K, 92% used [0x00000000e6280000,0x00000000e7840760,0x00000000e7a00000)
  to   space 27648K, 0% used [0x00000000e4780000,0x00000000e4780000,0x00000000e6280000)
 ParOldGen       total 55808K, used 20106K [0x0000000082200000, 0x0000000085880000, 0x00000000d6100000)
  object space 55808K, 36% used [0x0000000082200000,0x00000000835a2b00,0x0000000085880000)
 Metaspace       used 25973K, capacity 26155K, committed 26496K, reserved 1073152K
  class space    used 3122K, capacity 3178K, committed 3200K, reserved 1048576K
Event: 3.030 GC heap after
Heap after GC invocations=12 (full 1):
 PSYoungGen      total 263680K, used 27634K [0x00000000d6100000, 0x00000000ee900000, 0x0000000100000000)
  eden space 236032K, 0% used [0x00000000d6100000,0x00000000d6100000,0x00000000e4780000)
  from space 27648K, 99% used [0x00000000e4780000,0x00000000e627c8b8,0x00000000e6280000)
  to   space 33792K, 0% used [0x00000000ec800000,0x00000000ec800000,0x00000000ee900000)
 ParOldGen       total 55808K, used 25162K [0x0000000082200000, 0x0000000085880000, 0x00000000d6100000)
  object space 55808K, 45% used [0x0000000082200000,0x0000000083a92a48,0x0000000085880000)
 Metaspace       used 25973K, capacity 26155K, committed 26496K, reserved 1073152K
  class space    used 3122K, capacity 3178K, committed 3200K, reserved 1048576K
}
Event: 3.486 GC heap before
{Heap before GC invocations=13 (full 1):
 PSYoungGen      total 263680K, used 263666K [0x00000000d6100000, 0x00000000ee900000, 0x0000000100000000)
  eden space 236032K, 100% used [0x00000000d6100000,0x00000000e4780000,0x00000000e4780000)
  from space 27648K, 99% used [0x00000000e4780000,0x00000000e627c8b8,0x00000000e6280000)
  to   space 33792K, 0% used [0x00000000ec800000,0x00000000ec800000,0x00000000ee900000)
 ParOldGen       total 55808K, used 25162K [0x0000000082200000, 0x0000000085880000, 0x00000000d6100000)
  object space 55808K, 45% used [0x0000000082200000,0x0000000083a92a48,0x0000000085880000)
 Metaspace       used 27359K, capacity 27543K, committed 27776K, reserved 1073152K
  class space    used 3276K, capacity 3340K, committed 3456K, reserved 1048576K
Event: 3.505 GC heap after
Heap after GC invocations=13 (full 1):
 PSYoungGen      total 361984K, used 33446K [0x00000000d6100000, 0x00000000ef500000, 0x0000000100000000)
  eden space 328192K, 0% used [0x00000000d6100000,0x00000000d6100000,0x00000000ea180000)
  from space 33792K, 98% used [0x00000000ec800000,0x00000000ee8a9a58,0x00000000ee900000)
  to   space 39424K, 0% used [0x00000000ea180000,0x00000000ea180000,0x00000000ec800000)
 ParOldGen       total 55808K, used 28144K [0x0000000082200000, 0x0000000085880000, 0x00000000d6100000)
  object space 55808K, 50% used [0x0000000082200000,0x0000000083d7c088,0x0000000085880000)
 Metaspace       used 27359K, capacity 27543K, committed 27776K, reserved 1073152K
  class space    used 3276K, capacity 3340K, committed 3456K, reserved 1048576K
}

Deoptimization events (10 events):
Event: 3.343 Thread 0x00000000023ac800 Uncommon trap: reason=unreached action=reinterpret pc=0x0000000002a95558 method=org.reflections.util.ConfigurationBuilder.getMetadataAdapter()Lorg/reflections/adapters/MetadataAdapter; @ 4
Event: 3.343 Thread 0x00000000023ac800 Uncommon trap: reason=class_check action=maybe_recompile pc=0x0000000002c58f6c method=org.reflections.vfs.ZipFile.openInputStream()Ljava/io/InputStream; @ 11
Event: 3.343 Thread 0x00000000023ac800 Uncommon trap: reason=class_check action=maybe_recompile pc=0x0000000002b05b30 method=java.util.regex.Matcher.match(II)Z @ 86
Event: 3.343 Thread 0x00000000023ac800 Uncommon trap: reason=class_check action=maybe_recompile pc=0x0000000002c58f6c method=org.reflections.vfs.ZipFile.openInputStream()Ljava/io/InputStream; @ 11
Event: 3.343 Thread 0x00000000023ac800 Uncommon trap: reason=class_check action=maybe_recompile pc=0x0000000002c58f6c method=org.reflections.vfs.ZipFile.openInputStream()Ljava/io/InputStream; @ 11
Event: 3.343 Thread 0x00000000023ac800 Uncommon trap: reason=class_check action=maybe_recompile pc=0x0000000002c58f6c method=org.reflections.vfs.ZipFile.openInputStream()Ljava/io/InputStream; @ 11
Event: 3.526 Thread 0x00000000023ac800 Uncommon trap: reason=unreached action=reinterpret pc=0x00000000029cea34 method=java.util.concurrent.ConcurrentHashMap.putVal(Ljava/lang/Object;Ljava/lang/Object;Z)Ljava/lang/Object; @ 181
Event: 3.601 Thread 0x000000001aaf3800 Uncommon trap: reason=unreached action=reinterpret pc=0x0000000002b22e48 method=java.util.HashMap$HashIterator.<init>(Ljava/util/HashMap;)V @ 38
Event: 3.603 Thread 0x000000001aaf3800 Uncommon trap: reason=unreached action=reinterpret pc=0x0000000002b3076c method=java.util.HashMap$HashIterator.<init>(Ljava/util/HashMap;)V @ 38
Event: 3.980 Thread 0x0000000034131000 Uncommon trap: reason=null_check action=make_not_entrant pc=0x0000000002b98580 method=java.lang.StringCoding.decode(Ljava/lang/String;[BII)[C @ 6

Internal exceptions (10 events):
Event: 4.146 Thread 0x0000000034131000 Exception <a 'sun/nio/fs/WindowsException'> (0x00000000e6473980) thrown at [D:\re\workspace\8-2-build-windows-amd64-cygwin\jdk8u25\1677\hotspot\src\share\vm\prims\jni.cpp, line 716]
Event: 4.146 Thread 0x0000000034131000 Exception <a 'sun/nio/fs/WindowsException'> (0x00000000e6474b78) thrown at [D:\re\workspace\8-2-build-windows-amd64-cygwin\jdk8u25\1677\hotspot\src\share\vm\prims\jni.cpp, line 716]
Event: 4.146 Thread 0x0000000034131000 Exception <a 'sun/nio/fs/WindowsException'> (0x00000000e6475d70) thrown at [D:\re\workspace\8-2-build-windows-amd64-cygwin\jdk8u25\1677\hotspot\src\share\vm\prims\jni.cpp, line 716]
Event: 4.146 Thread 0x0000000034131000 Exception <a 'sun/nio/fs/WindowsException'> (0x00000000e6476fb8) thrown at [D:\re\workspace\8-2-build-windows-amd64-cygwin\jdk8u25\1677\hotspot\src\share\vm\prims\jni.cpp, line 716]
Event: 4.146 Thread 0x0000000034131000 Exception <a 'sun/nio/fs/WindowsException'> (0x00000000e6478200) thrown at [D:\re\workspace\8-2-build-windows-amd64-cygwin\jdk8u25\1677\hotspot\src\share\vm\prims\jni.cpp, line 716]
Event: 4.147 Thread 0x0000000034131000 Exception <a 'sun/nio/fs/WindowsException'> (0x00000000e6479498) thrown at [D:\re\workspace\8-2-build-windows-amd64-cygwin\jdk8u25\1677\hotspot\src\share\vm\prims\jni.cpp, line 716]
Event: 4.147 Thread 0x0000000034131000 Exception <a 'sun/nio/fs/WindowsException'> (0x00000000e647a690) thrown at [D:\re\workspace\8-2-build-windows-amd64-cygwin\jdk8u25\1677\hotspot\src\share\vm\prims\jni.cpp, line 716]
Event: 4.147 Thread 0x0000000034131000 Exception <a 'sun/nio/fs/WindowsException'> (0x00000000e647b920) thrown at [D:\re\workspace\8-2-build-windows-amd64-cygwin\jdk8u25\1677\hotspot\src\share\vm\prims\jni.cpp, line 716]
Event: 4.147 Thread 0x0000000034131000 Exception <a 'sun/nio/fs/WindowsException'> (0x00000000e647cb68) thrown at [D:\re\workspace\8-2-build-windows-amd64-cygwin\jdk8u25\1677\hotspot\src\share\vm\prims\jni.cpp, line 716]
Event: 4.147 Thread 0x0000000034131000 Exception <a 'sun/nio/fs/WindowsException'> (0x00000000e647ddd8) thrown at [D:\re\workspace\8-2-build-windows-amd64-cygwin\jdk8u25\1677\hotspot\src\share\vm\prims\jni.cpp, line 716]

Events (10 events):
Event: 4.009 loading class sun/nio/ch/Util$BufferCache
Event: 4.009 loading class sun/nio/ch/Util$BufferCache done
Event: 4.009 loading class java/nio/DirectByteBuffer$Deallocator
Event: 4.009 loading class java/nio/DirectByteBuffer$Deallocator done
Event: 4.009 loading class sun/nio/ch/IOStatus
Event: 4.009 loading class sun/nio/ch/IOStatus done
Event: 4.095 loading class org/bytedeco/javacpp/annotation/Namespace
Event: 4.095 loading class org/bytedeco/javacpp/annotation/Namespace done
Event: 4.104 Thread 0x0000000034131000 DEOPT PACKING pc=0x0000000002b87908 sp=0x000000003636e030
Event: 4.104 Thread 0x0000000034131000 DEOPT UNPACKING pc=0x00000000026b75bf sp=0x000000003636dd88 mode 0


Dynamic libraries:
0x00007ff7a7c90000 - 0x00007ff7a7cc4000 	C:\Program Files\jdk1.8.0_25\bin\java.exe
0x00007ffb365c0000 - 0x00007ffb36781000 	C:\Windows\SYSTEM32\ntdll.dll
0x00007ffb35a60000 - 0x00007ffb35b0d000 	C:\Windows\system32\KERNEL32.DLL
0x00007ffb32fd0000 - 0x00007ffb331b8000 	C:\Windows\system32\KERNELBASE.dll
0x00007ffb35350000 - 0x00007ffb353f7000 	C:\Windows\system32\ADVAPI32.dll
0x00007ffb36510000 - 0x00007ffb365ad000 	C:\Windows\system32\msvcrt.dll
0x00007ffb364a0000 - 0x00007ffb364fb000 	C:\Windows\system32\sechost.dll
0x00007ffb34f20000 - 0x00007ffb3503c000 	C:\Windows\system32\RPCRT4.dll
0x00007ffb35b70000 - 0x00007ffb35cc6000 	C:\Windows\system32\USER32.dll
0x00007ffb351c0000 - 0x00007ffb35346000 	C:\Windows\system32\GDI32.dll
0x00007ffb21dc0000 - 0x00007ffb22034000 	C:\Windows\WinSxS\amd64_microsoft.windows.common-controls_6595b64144ccf1df_6.0.10586.0_none_8c15ae12515e1c22\COMCTL32.dll
0x00007ffb35d40000 - 0x00007ffb35fbd000 	C:\Windows\system32\combase.dll
0x00007ffb331c0000 - 0x00007ffb3322a000 	C:\Windows\system32\bcryptPrimitives.dll
0x00007ffb35120000 - 0x00007ffb3515b000 	C:\Windows\system32\IMM32.DLL
0x0000000054040000 - 0x0000000054112000 	C:\Program Files\jdk1.8.0_25\jre\bin\msvcr100.dll
0x0000000052be0000 - 0x000000005343a000 	C:\Program Files\jdk1.8.0_25\jre\bin\server\jvm.dll
0x00007ffb36500000 - 0x00007ffb36508000 	C:\Windows\system32\PSAPI.DLL
0x00007ffb2e400000 - 0x00007ffb2e409000 	C:\Windows\SYSTEM32\WSOCK32.dll
0x00007ffb30f40000 - 0x00007ffb30f63000 	C:\Windows\SYSTEM32\WINMM.dll
0x00007ffb35cd0000 - 0x00007ffb35d3b000 	C:\Windows\system32\WS2_32.dll
0x00007ffb30ee0000 - 0x00007ffb30f0c000 	C:\Windows\SYSTEM32\WINMMBASE.dll
0x00007ffb33290000 - 0x00007ffb332d3000 	C:\Windows\system32\cfgmgr32.dll
0x0000000054030000 - 0x000000005403f000 	C:\Program Files\jdk1.8.0_25\jre\bin\verify.dll
0x0000000054000000 - 0x0000000054028000 	C:\Program Files\jdk1.8.0_25\jre\bin\java.dll
0x0000000053f30000 - 0x0000000053f53000 	C:\Program Files\jdk1.8.0_25\jre\bin\instrument.dll
0x0000000053fe0000 - 0x0000000053ff6000 	C:\Program Files\jdk1.8.0_25\jre\bin\zip.dll
0x00007ffb339c0000 - 0x00007ffb34f1f000 	C:\Windows\system32\SHELL32.dll
0x00007ffb33370000 - 0x00007ffb339b4000 	C:\Windows\system32\windows.storage.dll
0x00007ffb35400000 - 0x00007ffb35452000 	C:\Windows\system32\shlwapi.dll
0x00007ffb32c80000 - 0x00007ffb32c8f000 	C:\Windows\system32\kernel.appcore.dll
0x00007ffb32f10000 - 0x00007ffb32fc5000 	C:\Windows\system32\shcore.dll
0x00007ffb32c30000 - 0x00007ffb32c7b000 	C:\Windows\system32\powrprof.dll
0x00007ffb32c10000 - 0x00007ffb32c24000 	C:\Windows\system32\profapi.dll
0x00007ffb15730000 - 0x00007ffb1574a000 	C:\Program Files\JetBrains\IntelliJ IDEA Community Edition 2018.1.3\bin\breakgen64.dll
0x0000000053fc0000 - 0x0000000053fda000 	C:\Program Files\jdk1.8.0_25\jre\bin\net.dll
0x00007ffb32530000 - 0x00007ffb3258c000 	C:\Windows\system32\mswsock.dll
0x0000000053d90000 - 0x0000000053f28000 	C:\Program Files\jdk1.8.0_25\jre\bin\awt.dll
0x00007ffb35040000 - 0x00007ffb35101000 	C:\Windows\system32\OLEAUT32.dll
0x00007ffb313f0000 - 0x00007ffb31469000 	C:\Windows\system32\apphelp.dll
0x00007ffb30890000 - 0x00007ffb308b2000 	C:\Windows\system32\DWMAPI.DLL
0x00007ffb31510000 - 0x00007ffb315a6000 	C:\Windows\system32\uxtheme.dll
0x00007ffb35460000 - 0x00007ffb355ba000 	C:\Windows\system32\MSCTF.dll
0x00007ffb35910000 - 0x00007ffb35a53000 	C:\Windows\system32\ole32.dll
0x00007ffaf73a0000 - 0x00007ffaf75b0000 	C:\Windows\system32\d3d9.dll
0x00007ffaf61c0000 - 0x00007ffaf7397000 	C:\Windows\SYSTEM32\nvd3dumx.dll
0x00007ffb2ef40000 - 0x00007ffb2ef4a000 	C:\Windows\SYSTEM32\VERSION.dll
0x00007ffb16da0000 - 0x00007ffb17006000 	C:\Windows\system32\nvspcap64.dll
0x00007ffb32150000 - 0x00007ffb32181000 	C:\Windows\SYSTEM32\ntmarta.dll
0x0000000053d40000 - 0x0000000053d87000 	C:\Program Files\jdk1.8.0_25\jre\bin\fontmanager.dll
0x0000000069480000 - 0x000000006b070000 	C:\Users\vlatkozelka\.javacpp\cache\nd4j-native-1.0.0-alpha-windows-x86_64.jar\org\nd4j\nativeblas\windows-x86_64\libnd4jcpu.dll
0x0000000053fa0000 - 0x0000000053fb1000 	C:\Program Files\jdk1.8.0_25\jre\bin\nio.dll
0x0000000066880000 - 0x0000000066e41000 	C:\Users\vlatkozelka\.javacpp\cache\nd4j-native-1.0.0-alpha-windows-x86_64.jar\org\nd4j\nativeblas\windows-x86_64\jnind4jcpu.dll
0x000000006d7c0000 - 0x000000006f95e000 	C:\Users\vlatkozelka\.javacpp\cache\openblas-0.2.20-1.4.1-windows-x86_64.jar\org\bytedeco\javacpp\windows-x86_64\libopenblas.dll
0x0000000067800000 - 0x0000000068570000 	C:\Users\vlatkozelka\.javacpp\cache\openblas-0.2.20-1.4.1-windows-x86_64.jar\org\bytedeco\javacpp\windows-x86_64\jniopenblas.dll
0x00007ffb325e0000 - 0x00007ffb325f7000 	C:\Windows\SYSTEM32\CRYPTSP.dll
0x00007ffb32270000 - 0x00007ffb322a4000 	C:\Windows\system32\rsaenh.dll
0x00007ffb32800000 - 0x00007ffb32829000 	C:\Windows\SYSTEM32\bcrypt.dll
0x00007ffb323c0000 - 0x00007ffb323df000 	C:\Windows\SYSTEM32\USERENV.dll
0x00007ffb32700000 - 0x00007ffb3270b000 	C:\Windows\SYSTEM32\CRYPTBASE.dll
0x00007ffb2f1e0000 - 0x00007ffb2f218000 	C:\Windows\SYSTEM32\IPHLPAPI.DLL
0x00007ffb365b0000 - 0x00007ffb365b8000 	C:\Windows\system32\NSI.dll
0x00007ffb2f0b0000 - 0x00007ffb2f0c6000 	C:\Windows\SYSTEM32\dhcpcsvc6.DLL
0x00007ffb2f160000 - 0x00007ffb2f17a000 	C:\Windows\SYSTEM32\dhcpcsvc.DLL
0x00007ffb03ea0000 - 0x00007ffb03ef1000 	C:\Users\vlatkozelka\.javacpp\cache\hdf5-1.10.1-1.4.1-windows-x86_64.jar\org\bytedeco\javacpp\windows-x86_64\concrt140.dll
0x00007ffb03730000 - 0x00007ffb037cc000 	C:\Windows\SYSTEM32\MSVCP140.dll
0x00007ffb14430000 - 0x00007ffb14446000 	C:\Windows\SYSTEM32\VCRUNTIME140.dll
0x00007ffb31da0000 - 0x00007ffb31e94000 	C:\Windows\SYSTEM32\ucrtbase.dll
0x00007ffb03550000 - 0x00007ffb035ed000 	C:\Users\vlatkozelka\.javacpp\cache\hdf5-1.10.1-1.4.1-windows-x86_64.jar\org\bytedeco\javacpp\windows-x86_64\msvcp140.dll
0x00007ffb14320000 - 0x00007ffb14337000 	C:\Users\vlatkozelka\.javacpp\cache\hdf5-1.10.1-1.4.1-windows-x86_64.jar\org\bytedeco\javacpp\windows-x86_64\vcruntime140.dll
0x00000000229a0000 - 0x00000000229a3000 	C:\Users\vlatkozelka\.javacpp\cache\hdf5-1.10.1-1.4.1-windows-x86_64.jar\org\bytedeco\javacpp\windows-x86_64\api-ms-win-crt-locale-l1-1-0.dll
0x00000000229b0000 - 0x00000000229b4000 	C:\Users\vlatkozelka\.javacpp\cache\hdf5-1.10.1-1.4.1-windows-x86_64.jar\org\bytedeco\javacpp\windows-x86_64\api-ms-win-crt-string-l1-1-0.dll
0x00000000229c0000 - 0x00000000229c4000 	C:\Users\vlatkozelka\.javacpp\cache\hdf5-1.10.1-1.4.1-windows-x86_64.jar\org\bytedeco\javacpp\windows-x86_64\api-ms-win-crt-stdio-l1-1-0.dll
0x00000000229d0000 - 0x00000000229d5000 	C:\Users\vlatkozelka\.javacpp\cache\hdf5-1.10.1-1.4.1-windows-x86_64.jar\org\bytedeco\javacpp\windows-x86_64\api-ms-win-crt-math-l1-1-0.dll
0x00000000389a0000 - 0x00000000389a3000 	C:\Users\vlatkozelka\.javacpp\cache\hdf5-1.10.1-1.4.1-windows-x86_64.jar\org\bytedeco\javacpp\windows-x86_64\api-ms-win-crt-heap-l1-1-0.dll
0x00000000389b0000 - 0x00000000389b4000 	C:\Users\vlatkozelka\.javacpp\cache\hdf5-1.10.1-1.4.1-windows-x86_64.jar\org\bytedeco\javacpp\windows-x86_64\api-ms-win-crt-runtime-l1-1-0.dll
0x00000000389c0000 - 0x00000000389c4000 	C:\Users\vlatkozelka\.javacpp\cache\hdf5-1.10.1-1.4.1-windows-x86_64.jar\org\bytedeco\javacpp\windows-x86_64\api-ms-win-crt-convert-l1-1-0.dll
0x0000000036670000 - 0x0000000036673000 	C:\Users\vlatkozelka\.javacpp\cache\hdf5-1.10.1-1.4.1-windows-x86_64.jar\org\bytedeco\javacpp\windows-x86_64\api-ms-win-crt-environment-l1-1-0.dll
0x0000000036680000 - 0x0000000036683000 	C:\Users\vlatkozelka\.javacpp\cache\hdf5-1.10.1-1.4.1-windows-x86_64.jar\org\bytedeco\javacpp\windows-x86_64\api-ms-win-crt-time-l1-1-0.dll
0x00000000367c0000 - 0x00000000367c3000 	C:\Users\vlatkozelka\.javacpp\cache\hdf5-1.10.1-1.4.1-windows-x86_64.jar\org\bytedeco\javacpp\windows-x86_64\api-ms-win-crt-filesystem-l1-1-0.dll
0x00000000367d0000 - 0x00000000367d3000 	C:\Users\vlatkozelka\.javacpp\cache\hdf5-1.10.1-1.4.1-windows-x86_64.jar\org\bytedeco\javacpp\windows-x86_64\api-ms-win-crt-utility-l1-1-0.dll
0x0000000036690000 - 0x0000000036695000 	C:\Users\vlatkozelka\.javacpp\cache\hdf5-1.10.1-1.4.1-windows-x86_64.jar\org\bytedeco\javacpp\windows-x86_64\api-ms-win-crt-multibyte-l1-1-0.dll
0x00007ffaf5eb0000 - 0x00007ffaf61b4000 	C:\Users\vlatkozelka\.javacpp\cache\opencv-3.4.1-1.4.1-windows-x86_64.jar\org\bytedeco\javacpp\windows-x86_64\opencv_core341.dll
0x00007ffaf4f80000 - 0x00007ffaf5385000 	C:\Users\vlatkozelka\.javacpp\cache\opencv-3.4.1-1.4.1-windows-x86_64.jar\org\bytedeco\javacpp\windows-x86_64\opencv_imgproc341.dll
0x00007ffaf5b20000 - 0x00007ffaf5eae000 	C:\Users\vlatkozelka\.javacpp\cache\opencv-3.4.1-1.4.1-windows-x86_64.jar\org\bytedeco\javacpp\windows-x86_64\jniopencv_core.dll
0x00007ffb2c1c0000 - 0x00007ffb2c34c000 	C:\Windows\SYSTEM32\dbghelp.dll

VM Arguments:
jvm_args: -javaagent:C:\Program Files\JetBrains\IntelliJ IDEA Community Edition 2018.1.3\lib\idea_rt.jar=57864:C:\Program Files\JetBrains\IntelliJ IDEA Community Edition 2018.1.3\bin -Dfile.encoding=UTF-8 
java_command: Main
java_class_path (initial): C:\Program Files\jdk1.8.0_25\jre\lib\charsets.jar;C:\Program Files\jdk1.8.0_25\jre\lib\deploy.jar;C:\Program Files\jdk1.8.0_25\jre\lib\ext\access-bridge-64.jar;C:\Program Files\jdk1.8.0_25\jre\lib\ext\cldrdata.jar;C:\Program Files\jdk1.8.0_25\jre\lib\ext\comm.jar;C:\Program Files\jdk1.8.0_25\jre\lib\ext\dnsns.jar;C:\Program Files\jdk1.8.0_25\jre\lib\ext\jaccess.jar;C:\Program Files\jdk1.8.0_25\jre\lib\ext\jfxrt.jar;C:\Program Files\jdk1.8.0_25\jre\lib\ext\localedata.jar;C:\Program Files\jdk1.8.0_25\jre\lib\ext\nashorn.jar;C:\Program Files\jdk1.8.0_25\jre\lib\ext\sunec.jar;C:\Program Files\jdk1.8.0_25\jre\lib\ext\sunjce_provider.jar;C:\Program Files\jdk1.8.0_25\jre\lib\ext\sunmscapi.jar;C:\Program Files\jdk1.8.0_25\jre\lib\ext\sunpkcs11.jar;C:\Program Files\jdk1.8.0_25\jre\lib\ext\zipfs.jar;C:\Program Files\jdk1.8.0_25\jre\lib\javaws.jar;C:\Program Files\jdk1.8.0_25\jre\lib\jce.jar;C:\Program Files\jdk1.8.0_25\jre\lib\jfr.jar;C:\Program Files\jdk1.8.0_25\jre\lib\jfxswt.jar;C:\Program Files\jdk1.8.0_25\jre\lib\jsse.jar;C:\Program Files\jdk1.8.0_25\jre\lib\management-agent.jar;C:\Program Files\jdk1.8.0_25\jre\lib\plugin.jar;C:\Program Files\jdk1.8.0_25\jre\lib\resources.jar;C:\Program Files\jdk1.8.0_25\jre\lib\rt.jar;C:\Users\vlatkozelka\IdeaProjects\MNIST\AI\out\production\classes;C:\Users\vlatkozelka\IdeaProjects\MNIST\AI\libs\gym-java-client-1.0.0-SNAPSHOT-javadoc.jar;C:\Users\vlatkozelka\IdeaProjects\MNIST\AI\libs\gym-java-client-1.0.0-SNAPSHOT-sources.jar;C:\Users\vlatkozelka\IdeaProjects\MNIST\AI\libs\rl4j-api-1.0.0-SNAPSHOT-javadoc.jar;C:\Users\vlatkozelka\IdeaProjects\MNIST\AI\libs\rl4j-core-1.0.0-SNAPSHOT-sources.jar;C:\Users\vlatkozelka\IdeaProjects\MNIST\AI\libs\rl4j-core-1.0.0-SNAPSHOT.jar;C:\Users\vlatkozelka\IdeaProjects\MNIST\AI\libs\rl4j-api-1.0.0-SNAPSHOT-sources.jar;C:\Users\vlatkozelka\IdeaProjects\MNIST\AI\libs\gym-java-client-1.0.0-SNAPSHOT.jar;C:\Users\vlatkozelka\IdeaProjects\MNIST\AI\libs\rl4j-api-1.0.0-SNAPSHOT.jar;
Launcher Type: SUN_STANDARD

Environment Variables:
JAVA_HOME=C:\Program Files\jdk1.8.0_25
PATH=C:\Program Files\NVIDIA GPU Computing Toolkit\CUDA\v8.0\bin;C:\Program Files\NVIDIA GPU Computing Toolkit\CUDA\v8.0\libnvvp;C:\Program Files\NVIDIA GPU Computing Toolkit\CUDA\v9.1\bin;C:\Program Files\NVIDIA GPU Computing Toolkit\CUDA\v9.1\libnvvp;C:\Program Files (x86)\NVIDIA Corporation\PhysX\Common;C:\ProgramData\Oracle\Java\javapath;C:\Program Files (x86)\Intel\iCLS Client\;C:\Program Files\Intel\iCLS Client\;C:\Windows\system32;C:\Windows;C:\Windows\System32\Wbem;C:\Windows\System32\WindowsPowerShell\v1.0\;C:\Program Files\jdk1.8.0_25\bin;C:\Program Files\Git\cmd;C:\Program Files\Intel\Intel(R) Management Engine Components\DAL;C:\Program Files (x86)\Intel\Intel(R) Management Engine Components\DAL;C:\Program Files\Intel\Intel(R) Management Engine Components\IPT;C:\wamp\bin\php\php5.5.12;C:\Users\vlatkozelka\AppData\Local\Android\Sdk\platform-tools;C:\Program Files (x86)\GtkSharp\2.12\bin;C:\Program Files\Microsoft SQL Server\Client SDK\ODBC\110\Tools\Binn\;C:\Program Files (x86)\Microsoft SQL Server\120\Tools\Binn\;C:\Program Files\Microsoft SQL Server\120\Tools\Binn\;C:\Program Files\Microsoft SQL Server\120\DTS\Binn\;C:\FFmpeg install\ffmpeg-20141115-git-933eca9-win64-static\bin;C:\Program Files\MATLAB\R2016a\runtime\win64;C:\Program Files\MATLAB\R2016a\bin;C:\Program Files\MATLAB\R2016a\polyspace\bin;C:\Program Files (x86)\IVI Foundation\VISA\WinNT\Bin;C:\Python;C:\Program Files\PuTTY\;C:\Program Files\nodejs\;C:\xianyi-OpenBLAS-6d2da63\;C:\Users\vlatkozelka\AppData\Local\Programs\Python\Launcher\;C:\Users\vlatkozelka\AppData\Roaming\Composer\vendor\bin;C:\Users\vlatkozelka\AppData\Roaming\npm
USERNAME=vlatkozelka
OS=Windows_NT
PROCESSOR_IDENTIFIER=Intel64 Family 6 Model 158 Stepping 10, GenuineIntel



---------------  S Y S T E M  ---------------

OS: Windows 8.1 , 64 bit Build 9600 

CPU:total 6 (6 cores per cpu, 1 threads per core) family 6 model 158 stepping 10, cmov, cx8, fxsr, mmx, sse, sse2, sse3, ssse3, sse4.1, sse4.2, popcnt, avx, avx2, aes, clmul, erms, rtm, lzcnt, tsc, tscinvbit, bmi1, bmi2

Memory: 4k page, physical 8247256k(2416016k free), swap 17463256k(6344524k free)

vm_info: Java HotSpot(TM) 64-Bit Server VM (25.25-b02) for windows-amd64 JRE (1.8.0_25-b18), built on Oct  7 2014 14:25:37 by "java_re" with MS VC++ 10.0 (VS2010)

time: Wed May 16 02:20:36 2018
elapsed time: 4 seconds (0d 0h 0m 4s)

