#
# A fatal error has been detected by the Java Runtime Environment:
#
#  EXCEPTION_ACCESS_VIOLATION (0xc0000005) at pc=0x00007ffaf5f07690, pid=8408, tid=5228
#
# JRE version: Java(TM) SE Runtime Environment (8.0_25-b18) (build 1.8.0_25-b18)
# Java VM: Java HotSpot(TM) 64-Bit Server VM (25.25-b02 mixed mode windows-amd64 compressed oops)
# Problematic frame:
# C  [opencv_core341.dll+0x57690]
#
# Failed to write core dump. Minidumps are not enabled by default on client versions of Windows
#
# If you would like to submit a bug report, please visit:
#   http://bugreport.sun.com/bugreport/crash.jsp
# The crash happened outside the Java Virtual Machine in native code.
# See problematic frame for where to report the bug.
#

---------------  T H R E A D  ---------------

Current thread (0x000000001acbd800):  JavaThread "Thread-12" [_thread_in_native, id=5228, stack(0x000000003a010000,0x000000003a110000)]

siginfo: ExceptionCode=0xc0000005, reading address 0x0000000039c99000

Registers:
RAX=0x000000000016e358, RBX=0x000000003a10ec60, RCX=0x000000000016e360, RDX=0x000000000016e360
RSP=0x000000003a10ec00, RBP=0x0000000000002ee0, RSI=0x0000000000000bb8, RDI=0x0000000039ab0040
R8 =0x000000000001e7ee, R9 =0x0000000039c99000, R10=0x000000003ce78470, R11=0x000000003cdfe082
R12=0x0000000000000005, R13=0x0000000000000000, R14=0x00000000000000ff, R15=0x00007ffaf5f0a880
RIP=0x00007ffaf5f07690, EFLAGS=0x0000000000010206

Top of Stack: (sp=0x000000003a10ec00)
0x000000003a10ec00:   0000000000000000 0000000000000000
0x000000003a10ec10:   0000000000000003 00007ffaf5f0a8df
0x000000003a10ec20:   000000003a10ed80 00000000ffffffff
0x000000003a10ec30:   0000000000000000 00000000200a0f30
0x000000003a10ec40:   000000003a10ec60 000001f4437f0000
0x000000003a10ec50:   0000000000000000 0000000000000000
0x000000003a10ec60:   000000000016e360 fffffffffffffffe
0x000000003a10ec70:   0000000000000010 00007ffaf5efe04d
0x000000003a10ec80:   0000000000000000 000000003a10edf0
0x000000003a10ec90:   00000000200a0f30 0000000000000003
0x000000003a10eca0:   000000003cdfe080 0000000000000bb8
0x000000003a10ecb0:   000000003a10ecf8 000000003a10ed18
0x000000003a10ecc0:   0016e360ffffff00 0000005000000001
0x000000003a10ecd0:   000000001ffcad40 00007ffaf5fa038e
0x000000003a10ece0:   00000000200a0fa0 000001f4000003e8
0x000000003a10ecf0:   0000000034a10ae0 000000010016e360 

Instructions: (pc=0x00007ffaf5f07690)
0x00007ffaf5f07670:   44 8d 40 08 4c 8b cf 49 c1 e8 03 4d 8d 53 fe 42
0x00007ffaf5f07680:   8d 14 c5 00 00 00 00 4a 8d 0c c5 00 00 00 00 90
0x00007ffaf5f07690:   41 0f 10 01 41 0f 10 49 10 49 83 c1 20 0f 59 c6
0x00007ffaf5f076a0:   0f 59 ce 0f 58 c5 0f 58 cd 66 0f 5b d0 66 0f 5b 


Register to memory mapping:

RAX=0x000000000016e358 is an unknown value
RBX=0x000000003a10ec60 is pointing into the stack for thread: 0x000000001acbd800
RCX=0x000000000016e360 is an unknown value
RDX=0x000000000016e360 is an unknown value
RSP=0x000000003a10ec00 is pointing into the stack for thread: 0x000000001acbd800
RBP=0x0000000000002ee0 is an unknown value
RSI=0x0000000000000bb8 is an unknown value
RDI=0x0000000039ab0040 is an unknown value
R8 =0x000000000001e7ee is an unknown value
R9 =0x0000000039c99000 is an unknown value
R10=0x000000003ce78470 is an unknown value
R11=0x000000003cdfe082 is an unknown value
R12=0x0000000000000005 is an unknown value
R13=0x0000000000000000 is an unknown value
R14=0x00000000000000ff is an unknown value
R15=0x00007ffaf5f0a880 is an unknown value


Stack: [0x000000003a010000,0x000000003a110000],  sp=0x000000003a10ec00,  free space=1019k
Native frames: (J=compiled Java code, j=interpreted, Vv=VM code, C=native code)
C  [opencv_core341.dll+0x57690]
C  [opencv_core341.dll+0x5a8df]
C  [opencv_core341.dll+0x4e04d]
C  [jniopencv_core.dll+0x450cf]
C  0x0000000002525b74

Java frames: (J=compiled Java code, j=interpreted, Vv=VM code)
j  org.bytedeco.javacpp.opencv_core$Mat.convertTo(Lorg/bytedeco/javacpp/opencv_core$Mat;IDD)V+0
j  org.deeplearning4j.rl4j.learning.HistoryProcessor.transform(Lorg/nd4j/linalg/api/ndarray/INDArray;)Lorg/nd4j/linalg/api/ndarray/INDArray;+66
j  org.deeplearning4j.rl4j.learning.HistoryProcessor.add(Lorg/nd4j/linalg/api/ndarray/INDArray;)V+2
j  org.deeplearning4j.rl4j.learning.Learning.initMdp(Lorg/deeplearning4j/rl4j/mdp/MDP;Lorg/deeplearning4j/rl4j/learning/IHistoryProcessor;)Lorg/deeplearning4j/rl4j/learning/Learning$InitMdp;+130
j  org.deeplearning4j.rl4j.learning.async.AsyncThread.run()V+52
v  ~StubRoutines::call_stub

---------------  P R O C E S S  ---------------

Java Threads: ( => current thread )
  0x000000001acbd000 JavaThread "Thread-13" [_thread_in_native, id=8004, stack(0x000000003c400000,0x000000003c500000)]
=>0x000000001acbd800 JavaThread "Thread-12" [_thread_in_native, id=5228, stack(0x000000003a010000,0x000000003a110000)]
  0x000000001acbc000 JavaThread "Thread-11" [_thread_in_native, id=11544, stack(0x0000000039d90000,0x0000000039e90000)]
  0x000000001acbb800 JavaThread "Thread-10" [_thread_in_native, id=11464, stack(0x00000000391e0000,0x00000000392e0000)]
  0x000000001acc2000 JavaThread "Thread-9" [_thread_in_native, id=6532, stack(0x0000000038610000,0x0000000038710000)]
  0x000000001acc1800 JavaThread "Thread-8" [_thread_in_native, id=12096, stack(0x0000000037a50000,0x0000000037b50000)]
  0x000000001a97e000 JavaThread "Thread-7" [_thread_in_native, id=8476, stack(0x0000000036e90000,0x0000000036f90000)]
  0x000000001ab84800 JavaThread "Thread-6" [_thread_in_native, id=5436, stack(0x00000000362c0000,0x00000000363c0000)]
  0x00000000330d2800 JavaThread "Thread-5" [_thread_in_Java, id=11060, stack(0x00000000358f0000,0x00000000359f0000)]
  0x000000001a926000 JavaThread "NativeRandomDeallocator thread 0" daemon [_thread_blocked, id=11640, stack(0x0000000031e30000,0x0000000031f30000)]
  0x000000001a5fc000 JavaThread "JavaCPP Deallocator" daemon [_thread_blocked, id=10800, stack(0x0000000022540000,0x0000000022640000)]
  0x000000001a6a5800 JavaThread "Workspace deallocator thread" daemon [_thread_blocked, id=8080, stack(0x0000000022440000,0x0000000022540000)]
  0x000000001a698800 JavaThread "D3D Screen Updater" daemon [_thread_blocked, id=2800, stack(0x0000000021f00000,0x0000000022000000)]
  0x000000001a22e000 JavaThread "AWT-EventQueue-0" [_thread_blocked, id=564, stack(0x0000000021cf0000,0x0000000021df0000)]
  0x000000001a2b9800 JavaThread "AWT-Windows" daemon [_thread_in_native, id=11372, stack(0x000000001b340000,0x000000001b440000)]
  0x000000001a2b8800 JavaThread "AWT-Shutdown" [_thread_blocked, id=9644, stack(0x000000001b240000,0x000000001b340000)]
  0x000000001a2b7800 JavaThread "Java2D Disposer" daemon [_thread_blocked, id=9712, stack(0x000000001b040000,0x000000001b140000)]
  0x00000000195ea800 JavaThread "Service Thread" daemon [_thread_blocked, id=5720, stack(0x0000000019d90000,0x0000000019e90000)]
  0x000000001955f800 JavaThread "C1 CompilerThread2" daemon [_thread_blocked, id=10380, stack(0x0000000019c90000,0x0000000019d90000)]
  0x000000001955e800 JavaThread "C2 CompilerThread1" daemon [_thread_blocked, id=5676, stack(0x0000000019b90000,0x0000000019c90000)]
  0x000000001955e000 JavaThread "C2 CompilerThread0" daemon [_thread_blocked, id=9728, stack(0x0000000019a90000,0x0000000019b90000)]
  0x000000001954e000 JavaThread "Monitor Ctrl-Break" daemon [_thread_in_native, id=6192, stack(0x0000000019990000,0x0000000019a90000)]
  0x0000000017230800 JavaThread "Attach Listener" daemon [_thread_blocked, id=1408, stack(0x0000000018c90000,0x0000000018d90000)]
  0x000000001722f800 JavaThread "Signal Dispatcher" daemon [_thread_blocked, id=8416, stack(0x0000000018b90000,0x0000000018c90000)]
  0x00000000171f2800 JavaThread "Finalizer" daemon [_thread_blocked, id=7644, stack(0x0000000018a90000,0x0000000018b90000)]
  0x00000000171eb800 JavaThread "Reference Handler" daemon [_thread_blocked, id=11828, stack(0x0000000018990000,0x0000000018a90000)]
  0x000000000231c800 JavaThread "main" [_thread_in_native, id=2376, stack(0x0000000002210000,0x0000000002310000)]

Other Threads:
  0x000000000240e800 VMThread [stack: 0x0000000018890000,0x0000000018990000] [id=4412]
  0x00000000195eb800 WatcherThread [stack: 0x0000000019e90000,0x0000000019f90000] [id=6504]

VM state:not at safepoint (normal execution)

VM Mutex/Monitor currently owned by a thread: None

Heap:
 PSYoungGen      total 417792K, used 172314K [0x00000000d6100000, 0x00000000f3780000, 0x0000000100000000)
  eden space 380416K, 35% used [0x00000000d6100000,0x00000000de4cc038,0x00000000ed480000)
  from space 37376K, 99% used [0x00000000f0180000,0x00000000f25fa980,0x00000000f2600000)
  to   space 46080K, 0% used [0x00000000ed480000,0x00000000ed480000,0x00000000f0180000)
 ParOldGen       total 55808K, used 35680K [0x0000000082200000, 0x0000000085880000, 0x00000000d6100000)
  object space 55808K, 63% used [0x0000000082200000,0x00000000844d8138,0x0000000085880000)
 Metaspace       used 30722K, capacity 30875K, committed 31232K, reserved 1077248K
  class space    used 3655K, capacity 3726K, committed 3840K, reserved 1048576K

Card table byte_map: [0x00000000118d0000,0x0000000011cc0000] byte_map_base: 0x00000000114bf000

Marking Bits: (ParMarkBitMap*) 0x00000000533bd490
 Begin Bits: [0x0000000012560000, 0x00000000144d8000)
 End Bits:   [0x00000000144d8000, 0x0000000016450000)

Polling page: 0x0000000000830000

CodeCache: size=245760Kb used=8284Kb max_used=8284Kb free=237475Kb
 bounds [0x0000000002510000, 0x0000000002d30000, 0x0000000011510000]
 total_blobs=3270 nmethods=2104 adapters=1079
 compilation: enabled

Compilation events (10 events):
Event: 4.336 Thread 0x000000001955f800 2100  s!   3       sun.net.www.protocol.file.Handler::openConnection (269 bytes)
Event: 4.337 Thread 0x000000001955f800 nmethod 2100 0x0000000002d29b90 code [0x0000000002d2a020, 0x0000000002d2cec8]
Event: 4.341 Thread 0x000000001955f800 2102       3       sun.nio.fs.NativeBuffers::releaseNativeBuffer (103 bytes)
Event: 4.342 Thread 0x000000001955f800 nmethod 2102 0x0000000002d20c50 code [0x0000000002d20f40, 0x0000000002d222b8]
Event: 4.342 Thread 0x000000001955f800 2101       3       sun.nio.fs.NativeBuffer::release (5 bytes)
Event: 4.342 Thread 0x000000001955f800 nmethod 2101 0x0000000002d28f50 code [0x0000000002d290c0, 0x0000000002d29248]
Event: 4.342 Thread 0x000000001955f800 2104       3       sun.nio.fs.WindowsPath::toWindowsPath (32 bytes)
Event: 4.342 Thread 0x000000001955f800 nmethod 2104 0x0000000002d28810 code [0x0000000002d289a0, 0x0000000002d28e38]
Event: 4.343 Thread 0x000000001955f800 2106   !   3       java.lang.ClassLoader::findNative (86 bytes)
Event: 4.343 Thread 0x000000001955f800 nmethod 2106 0x0000000002d2ea50 code [0x0000000002d2ec00, 0x0000000002d2f4b8]

GC Heap History (10 events):
Event: 2.334 GC heap before
{Heap before GC invocations=9 (full 1):
 PSYoungGen      total 134144K, used 133742K [0x00000000d6100000, 0x00000000e3800000, 0x0000000100000000)
  eden space 120832K, 100% used [0x00000000d6100000,0x00000000dd700000,0x00000000dd700000)
  from space 13312K, 96% used [0x00000000dd700000,0x00000000de39ba68,0x00000000de400000)
  to   space 15360K, 0% used [0x00000000e2900000,0x00000000e2900000,0x00000000e3800000)
 ParOldGen       total 55808K, used 6800K [0x0000000082200000, 0x0000000085880000, 0x00000000d6100000)
  object space 55808K, 12% used [0x0000000082200000,0x00000000828a42e8,0x0000000085880000)
 Metaspace       used 24818K, capacity 24957K, committed 25216K, reserved 1071104K
  class space    used 3016K, capacity 3081K, committed 3200K, reserved 1048576K
Event: 2.348 GC heap after
Heap after GC invocations=9 (full 1):
 PSYoungGen      total 200704K, used 15344K [0x00000000d6100000, 0x00000000e5500000, 0x0000000100000000)
  eden space 185344K, 0% used [0x00000000d6100000,0x00000000d6100000,0x00000000e1600000)
  from space 15360K, 99% used [0x00000000e2900000,0x00000000e37fc138,0x00000000e3800000)
  to   space 19456K, 0% used [0x00000000e1600000,0x00000000e1600000,0x00000000e2900000)
 ParOldGen       total 55808K, used 9361K [0x0000000082200000, 0x0000000085880000, 0x00000000d6100000)
  object space 55808K, 16% used [0x0000000082200000,0x0000000082b24530,0x0000000085880000)
 Metaspace       used 24818K, capacity 24957K, committed 25216K, reserved 1071104K
  class space    used 3016K, capacity 3081K, committed 3200K, reserved 1048576K
}
Event: 2.597 GC heap before
{Heap before GC invocations=10 (full 1):
 PSYoungGen      total 200704K, used 200688K [0x00000000d6100000, 0x00000000e5500000, 0x0000000100000000)
  eden space 185344K, 100% used [0x00000000d6100000,0x00000000e1600000,0x00000000e1600000)
  from space 15360K, 99% used [0x00000000e2900000,0x00000000e37fc138,0x00000000e3800000)
  to   space 19456K, 0% used [0x00000000e1600000,0x00000000e1600000,0x00000000e2900000)
 ParOldGen       total 55808K, used 9361K [0x0000000082200000, 0x0000000085880000, 0x00000000d6100000)
  object space 55808K, 16% used [0x0000000082200000,0x0000000082b24530,0x0000000085880000)
 Metaspace       used 24819K, capacity 24957K, committed 25216K, reserved 1071104K
  class space    used 3016K, capacity 3081K, committed 3200K, reserved 1048576K
Event: 2.614 GC heap after
Heap after GC invocations=10 (full 1):
 PSYoungGen      total 204800K, used 19430K [0x00000000d6100000, 0x00000000e9d00000, 0x0000000100000000)
  eden space 185344K, 0% used [0x00000000d6100000,0x00000000d6100000,0x00000000e1600000)
  from space 19456K, 99% used [0x00000000e1600000,0x00000000e28f99f0,0x00000000e2900000)
  to   space 26112K, 0% used [0x00000000e8380000,0x00000000e8380000,0x00000000e9d00000)
 ParOldGen       total 55808K, used 18148K [0x0000000082200000, 0x0000000085880000, 0x00000000d6100000)
  object space 55808K, 32% used [0x0000000082200000,0x00000000833b9070,0x0000000085880000)
 Metaspace       used 24819K, capacity 24957K, committed 25216K, reserved 1071104K
  class space    used 3016K, capacity 3081K, committed 3200K, reserved 1048576K
}
Event: 2.920 GC heap before
{Heap before GC invocations=11 (full 1):
 PSYoungGen      total 204800K, used 204774K [0x00000000d6100000, 0x00000000e9d00000, 0x0000000100000000)
  eden space 185344K, 100% used [0x00000000d6100000,0x00000000e1600000,0x00000000e1600000)
  from space 19456K, 99% used [0x00000000e1600000,0x00000000e28f99f0,0x00000000e2900000)
  to   space 26112K, 0% used [0x00000000e8380000,0x00000000e8380000,0x00000000e9d00000)
 ParOldGen       total 55808K, used 18148K [0x0000000082200000, 0x0000000085880000, 0x00000000d6100000)
  object space 55808K, 32% used [0x0000000082200000,0x00000000833b9070,0x0000000085880000)
 Metaspace       used 25951K, capacity 26083K, committed 26240K, reserved 1073152K
  class space    used 3123K, capacity 3178K, committed 3200K, reserved 1048576K
Event: 2.930 GC heap after
Heap after GC invocations=11 (full 1):
 PSYoungGen      total 294400K, used 23063K [0x00000000d6100000, 0x00000000ea100000, 0x0000000100000000)
  eden space 268288K, 0% used [0x00000000d6100000,0x00000000d6100000,0x00000000e6700000)
  from space 26112K, 88% used [0x00000000e8380000,0x00000000e9a05ca0,0x00000000e9d00000)
  to   space 29184K, 0% used [0x00000000e6700000,0x00000000e6700000,0x00000000e8380000)
 ParOldGen       total 55808K, used 19580K [0x0000000082200000, 0x0000000085880000, 0x00000000d6100000)
  object space 55808K, 35% used [0x0000000082200000,0x000000008351f070,0x0000000085880000)
 Metaspace       used 25951K, capacity 26083K, committed 26240K, reserved 1073152K
  class space    used 3123K, capacity 3178K, committed 3200K, reserved 1048576K
}
Event: 3.426 GC heap before
{Heap before GC invocations=12 (full 1):
 PSYoungGen      total 294400K, used 291351K [0x00000000d6100000, 0x00000000ea100000, 0x0000000100000000)
  eden space 268288K, 100% used [0x00000000d6100000,0x00000000e6700000,0x00000000e6700000)
  from space 26112K, 88% used [0x00000000e8380000,0x00000000e9a05ca0,0x00000000e9d00000)
  to   space 29184K, 0% used [0x00000000e6700000,0x00000000e6700000,0x00000000e8380000)
 ParOldGen       total 55808K, used 19580K [0x0000000082200000, 0x0000000085880000, 0x00000000d6100000)
  object space 55808K, 35% used [0x0000000082200000,0x000000008351f070,0x0000000085880000)
 Metaspace       used 25967K, capacity 26083K, committed 26240K, reserved 1073152K
  class space    used 3125K, capacity 3178K, committed 3200K, reserved 1048576K
Event: 3.446 GC heap after
Heap after GC invocations=12 (full 1):
 PSYoungGen      total 297472K, used 29165K [0x00000000d6100000, 0x00000000f2600000, 0x0000000100000000)
  eden space 268288K, 0% used [0x00000000d6100000,0x00000000d6100000,0x00000000e6700000)
  from space 29184K, 99% used [0x00000000e6700000,0x00000000e837b588,0x00000000e8380000)
  to   space 37376K, 0% used [0x00000000f0180000,0x00000000f0180000,0x00000000f2600000)
 ParOldGen       total 55808K, used 28574K [0x0000000082200000, 0x0000000085880000, 0x00000000d6100000)
  object space 55808K, 51% used [0x0000000082200000,0x0000000083de7b90,0x0000000085880000)
 Metaspace       used 25967K, capacity 26083K, committed 26240K, reserved 1073152K
  class space    used 3125K, capacity 3178K, committed 3200K, reserved 1048576K
}
Event: 4.010 GC heap before
{Heap before GC invocations=13 (full 1):
 PSYoungGen      total 297472K, used 297453K [0x00000000d6100000, 0x00000000f2600000, 0x0000000100000000)
  eden space 268288K, 100% used [0x00000000d6100000,0x00000000e6700000,0x00000000e6700000)
  from space 29184K, 99% used [0x00000000e6700000,0x00000000e837b588,0x00000000e8380000)
  to   space 37376K, 0% used [0x00000000f0180000,0x00000000f0180000,0x00000000f2600000)
 ParOldGen       total 55808K, used 28574K [0x0000000082200000, 0x0000000085880000, 0x00000000d6100000)
  object space 55808K, 51% used [0x0000000082200000,0x0000000083de7b90,0x0000000085880000)
 Metaspace       used 29028K, capacity 29147K, committed 29440K, reserved 1075200K
  class space    used 3411K, capacity 3470K, committed 3584K, reserved 1048576K
Event: 4.038 GC heap after
Heap after GC invocations=13 (full 1):
 PSYoungGen      total 417792K, used 37354K [0x00000000d6100000, 0x00000000f3780000, 0x0000000100000000)
  eden space 380416K, 0% used [0x00000000d6100000,0x00000000d6100000,0x00000000ed480000)
  from space 37376K, 99% used [0x00000000f0180000,0x00000000f25fa980,0x00000000f2600000)
  to   space 46080K, 0% used [0x00000000ed480000,0x00000000ed480000,0x00000000f0180000)
 ParOldGen       total 55808K, used 35680K [0x0000000082200000, 0x0000000085880000, 0x00000000d6100000)
  object space 55808K, 63% used [0x0000000082200000,0x00000000844d8138,0x0000000085880000)
 Metaspace       used 29028K, capacity 29147K, committed 29440K, reserved 1075200K
  class space    used 3411K, capacity 3470K, committed 3584K, reserved 1048576K
}

Deoptimization events (10 events):
Event: 3.628 Thread 0x000000000231c800 Uncommon trap: reason=class_check action=maybe_recompile pc=0x0000000002adb1f0 method=org.reflections.vfs.ZipFile.openInputStream()Ljava/io/InputStream; @ 11
Event: 3.628 Thread 0x000000000231c800 Uncommon trap: reason=class_check action=maybe_recompile pc=0x000000000299fc48 method=java.util.regex.Matcher.match(II)Z @ 86
Event: 3.628 Thread 0x000000000231c800 Uncommon trap: reason=class_check action=maybe_recompile pc=0x0000000002adb1f0 method=org.reflections.vfs.ZipFile.openInputStream()Ljava/io/InputStream; @ 11
Event: 3.628 Thread 0x000000000231c800 Uncommon trap: reason=class_check action=maybe_recompile pc=0x0000000002adb1f0 method=org.reflections.vfs.ZipFile.openInputStream()Ljava/io/InputStream; @ 11
Event: 3.628 Thread 0x000000000231c800 Uncommon trap: reason=class_check action=maybe_recompile pc=0x0000000002adb1f0 method=org.reflections.vfs.ZipFile.openInputStream()Ljava/io/InputStream; @ 11
Event: 3.809 Thread 0x000000000231c800 Uncommon trap: reason=unreached action=reinterpret pc=0x000000000286dd74 method=java.util.concurrent.ConcurrentHashMap.putVal(Ljava/lang/Object;Ljava/lang/Object;Z)Ljava/lang/Object; @ 181
Event: 3.870 Thread 0x000000001a22e000 Uncommon trap: reason=unreached action=reinterpret pc=0x0000000002b8afe0 method=java.util.HashMap$HashIterator.<init>(Ljava/util/HashMap;)V @ 38
Event: 3.875 Thread 0x000000001a22e000 Uncommon trap: reason=unreached action=reinterpret pc=0x00000000029fcb38 method=java.util.HashMap$HashIterator.<init>(Ljava/util/HashMap;)V @ 38
Event: 4.143 Thread 0x000000000231c800 Uncommon trap: reason=null_check action=make_not_entrant pc=0x0000000002c35be0 method=java.lang.Class.privateGetDeclaredConstructors(Z)[Ljava/lang/reflect/Constructor; @ 35
Event: 4.152 Thread 0x000000001ab84800 Uncommon trap: reason=null_check action=make_not_entrant pc=0x0000000002ae517c method=java.lang.StringCoding.decode(Ljava/lang/String;[BII)[C @ 6

Internal exceptions (10 events):
Event: 4.341 Thread 0x000000001ab84800 Exception <a 'sun/nio/fs/WindowsException'> (0x00000000dddf72d8) thrown at [D:\re\workspace\8-2-build-windows-amd64-cygwin\jdk8u25\1677\hotspot\src\share\vm\prims\jni.cpp, line 716]
Event: 4.341 Thread 0x000000001ab84800 Exception <a 'sun/nio/fs/WindowsException'> (0x00000000dddf84d0) thrown at [D:\re\workspace\8-2-build-windows-amd64-cygwin\jdk8u25\1677\hotspot\src\share\vm\prims\jni.cpp, line 716]
Event: 4.341 Thread 0x000000001ab84800 Exception <a 'sun/nio/fs/WindowsException'> (0x00000000dddf96c8) thrown at [D:\re\workspace\8-2-build-windows-amd64-cygwin\jdk8u25\1677\hotspot\src\share\vm\prims\jni.cpp, line 716]
Event: 4.341 Thread 0x000000001ab84800 Exception <a 'sun/nio/fs/WindowsException'> (0x00000000dddfa9a8) thrown at [D:\re\workspace\8-2-build-windows-amd64-cygwin\jdk8u25\1677\hotspot\src\share\vm\prims\jni.cpp, line 716]
Event: 4.341 Thread 0x000000001ab84800 Exception <a 'sun/nio/fs/WindowsException'> (0x00000000dddfbbf0) thrown at [D:\re\workspace\8-2-build-windows-amd64-cygwin\jdk8u25\1677\hotspot\src\share\vm\prims\jni.cpp, line 716]
Event: 4.341 Thread 0x000000001ab84800 Exception <a 'sun/nio/fs/WindowsException'> (0x00000000dddfce88) thrown at [D:\re\workspace\8-2-build-windows-amd64-cygwin\jdk8u25\1677\hotspot\src\share\vm\prims\jni.cpp, line 716]
Event: 4.342 Thread 0x000000001ab84800 Exception <a 'sun/nio/fs/WindowsException'> (0x00000000dddfe080) thrown at [D:\re\workspace\8-2-build-windows-amd64-cygwin\jdk8u25\1677\hotspot\src\share\vm\prims\jni.cpp, line 716]
Event: 4.342 Thread 0x000000001ab84800 Exception <a 'sun/nio/fs/WindowsException'> (0x00000000dddff310) thrown at [D:\re\workspace\8-2-build-windows-amd64-cygwin\jdk8u25\1677\hotspot\src\share\vm\prims\jni.cpp, line 716]
Event: 4.342 Thread 0x000000001ab84800 Exception <a 'sun/nio/fs/WindowsException'> (0x00000000dde00558) thrown at [D:\re\workspace\8-2-build-windows-amd64-cygwin\jdk8u25\1677\hotspot\src\share\vm\prims\jni.cpp, line 716]
Event: 4.342 Thread 0x000000001ab84800 Exception <a 'sun/nio/fs/WindowsException'> (0x00000000dde017c8) thrown at [D:\re\workspace\8-2-build-windows-amd64-cygwin\jdk8u25\1677\hotspot\src\share\vm\prims\jni.cpp, line 716]

Events (10 events):
Event: 4.154 loading class java/nio/DirectByteBuffer$Deallocator
Event: 4.154 loading class java/nio/DirectByteBuffer$Deallocator done
Event: 4.154 loading class sun/nio/ch/IOStatus
Event: 4.154 loading class sun/nio/ch/IOStatus done
Event: 4.262 Executing VM operation: EnableBiasedLocking
Event: 4.263 Executing VM operation: EnableBiasedLocking done
Event: 4.282 loading class org/bytedeco/javacpp/annotation/Namespace
Event: 4.282 loading class org/bytedeco/javacpp/annotation/Namespace done
Event: 4.290 Thread 0x000000001ab84800 DEOPT PACKING pc=0x0000000002a433c8 sp=0x00000000363be3a0
Event: 4.290 Thread 0x000000001ab84800 DEOPT UNPACKING pc=0x00000000025575bf sp=0x00000000363be0f8 mode 0


Dynamic libraries:
0x00007ff7a7c90000 - 0x00007ff7a7cc4000 	C:\Program Files\jdk1.8.0_25\bin\java.exe
0x00007ffb365c0000 - 0x00007ffb36781000 	C:\Windows\SYSTEM32\ntdll.dll
0x00007ffb35a60000 - 0x00007ffb35b0d000 	C:\Windows\system32\KERNEL32.DLL
0x00007ffb32fd0000 - 0x00007ffb331b8000 	C:\Windows\system32\KERNELBASE.dll
0x00007ffb35350000 - 0x00007ffb353f7000 	C:\Windows\system32\ADVAPI32.dll
0x00007ffb36510000 - 0x00007ffb365ad000 	C:\Windows\system32\msvcrt.dll
0x00007ffb364a0000 - 0x00007ffb364fb000 	C:\Windows\system32\sechost.dll
0x00007ffb34f20000 - 0x00007ffb3503c000 	C:\Windows\system32\RPCRT4.dll
0x00007ffb35b70000 - 0x00007ffb35cc6000 	C:\Windows\system32\USER32.dll
0x00007ffb351c0000 - 0x00007ffb35346000 	C:\Windows\system32\GDI32.dll
0x00007ffb21dc0000 - 0x00007ffb22034000 	C:\Windows\WinSxS\amd64_microsoft.windows.common-controls_6595b64144ccf1df_6.0.10586.0_none_8c15ae12515e1c22\COMCTL32.dll
0x00007ffb35d40000 - 0x00007ffb35fbd000 	C:\Windows\system32\combase.dll
0x00007ffb331c0000 - 0x00007ffb3322a000 	C:\Windows\system32\bcryptPrimitives.dll
0x00007ffb35120000 - 0x00007ffb3515b000 	C:\Windows\system32\IMM32.DLL
0x0000000054040000 - 0x0000000054112000 	C:\Program Files\jdk1.8.0_25\jre\bin\msvcr100.dll
0x0000000052be0000 - 0x000000005343a000 	C:\Program Files\jdk1.8.0_25\jre\bin\server\jvm.dll
0x00007ffb36500000 - 0x00007ffb36508000 	C:\Windows\system32\PSAPI.DLL
0x00007ffb2e400000 - 0x00007ffb2e409000 	C:\Windows\SYSTEM32\WSOCK32.dll
0x00007ffb35cd0000 - 0x00007ffb35d3b000 	C:\Windows\system32\WS2_32.dll
0x00007ffb30f40000 - 0x00007ffb30f63000 	C:\Windows\SYSTEM32\WINMM.dll
0x00007ffb30ee0000 - 0x00007ffb30f0c000 	C:\Windows\SYSTEM32\WINMMBASE.dll
0x00007ffb33290000 - 0x00007ffb332d3000 	C:\Windows\system32\cfgmgr32.dll
0x0000000054030000 - 0x000000005403f000 	C:\Program Files\jdk1.8.0_25\jre\bin\verify.dll
0x0000000054000000 - 0x0000000054028000 	C:\Program Files\jdk1.8.0_25\jre\bin\java.dll
0x0000000053f30000 - 0x0000000053f53000 	C:\Program Files\jdk1.8.0_25\jre\bin\instrument.dll
0x0000000053fe0000 - 0x0000000053ff6000 	C:\Program Files\jdk1.8.0_25\jre\bin\zip.dll
0x00007ffb339c0000 - 0x00007ffb34f1f000 	C:\Windows\system32\SHELL32.dll
0x00007ffb33370000 - 0x00007ffb339b4000 	C:\Windows\system32\windows.storage.dll
0x00007ffb35400000 - 0x00007ffb35452000 	C:\Windows\system32\shlwapi.dll
0x00007ffb32c80000 - 0x00007ffb32c8f000 	C:\Windows\system32\kernel.appcore.dll
0x00007ffb32f10000 - 0x00007ffb32fc5000 	C:\Windows\system32\shcore.dll
0x00007ffb32c30000 - 0x00007ffb32c7b000 	C:\Windows\system32\powrprof.dll
0x00007ffb32c10000 - 0x00007ffb32c24000 	C:\Windows\system32\profapi.dll
0x00007ffb15730000 - 0x00007ffb1574a000 	C:\Program Files\JetBrains\IntelliJ IDEA Community Edition 2018.1.3\bin\breakgen64.dll
0x0000000053fc0000 - 0x0000000053fda000 	C:\Program Files\jdk1.8.0_25\jre\bin\net.dll
0x00007ffb32530000 - 0x00007ffb3258c000 	C:\Windows\system32\mswsock.dll
0x0000000053d90000 - 0x0000000053f28000 	C:\Program Files\jdk1.8.0_25\jre\bin\awt.dll
0x00007ffb35040000 - 0x00007ffb35101000 	C:\Windows\system32\OLEAUT32.dll
0x00007ffb313f0000 - 0x00007ffb31469000 	C:\Windows\system32\apphelp.dll
0x00007ffb30890000 - 0x00007ffb308b2000 	C:\Windows\system32\DWMAPI.DLL
0x00007ffb31510000 - 0x00007ffb315a6000 	C:\Windows\system32\uxtheme.dll
0x00007ffb35460000 - 0x00007ffb355ba000 	C:\Windows\system32\MSCTF.dll
0x00007ffb35910000 - 0x00007ffb35a53000 	C:\Windows\system32\ole32.dll
0x00007ffaf73a0000 - 0x00007ffaf75b0000 	C:\Windows\system32\d3d9.dll
0x00007ffaf61c0000 - 0x00007ffaf7397000 	C:\Windows\SYSTEM32\nvd3dumx.dll
0x00007ffb2ef40000 - 0x00007ffb2ef4a000 	C:\Windows\SYSTEM32\VERSION.dll
0x00007ffb16da0000 - 0x00007ffb17006000 	C:\Windows\system32\nvspcap64.dll
0x00007ffb32150000 - 0x00007ffb32181000 	C:\Windows\SYSTEM32\ntmarta.dll
0x0000000053d40000 - 0x0000000053d87000 	C:\Program Files\jdk1.8.0_25\jre\bin\fontmanager.dll
0x0000000069480000 - 0x000000006b070000 	C:\Users\vlatkozelka\.javacpp\cache\nd4j-native-1.0.0-alpha-windows-x86_64.jar\org\nd4j\nativeblas\windows-x86_64\libnd4jcpu.dll
0x0000000053fa0000 - 0x0000000053fb1000 	C:\Program Files\jdk1.8.0_25\jre\bin\nio.dll
0x0000000066880000 - 0x0000000066e41000 	C:\Users\vlatkozelka\.javacpp\cache\nd4j-native-1.0.0-alpha-windows-x86_64.jar\org\nd4j\nativeblas\windows-x86_64\jnind4jcpu.dll
0x000000006d7c0000 - 0x000000006f95e000 	C:\Users\vlatkozelka\.javacpp\cache\openblas-0.2.20-1.4.1-windows-x86_64.jar\org\bytedeco\javacpp\windows-x86_64\libopenblas.dll
0x0000000067800000 - 0x0000000068570000 	C:\Users\vlatkozelka\.javacpp\cache\openblas-0.2.20-1.4.1-windows-x86_64.jar\org\bytedeco\javacpp\windows-x86_64\jniopenblas.dll
0x00007ffb325e0000 - 0x00007ffb325f7000 	C:\Windows\SYSTEM32\CRYPTSP.dll
0x00007ffb32270000 - 0x00007ffb322a4000 	C:\Windows\system32\rsaenh.dll
0x00007ffb32800000 - 0x00007ffb32829000 	C:\Windows\SYSTEM32\bcrypt.dll
0x00007ffb323c0000 - 0x00007ffb323df000 	C:\Windows\SYSTEM32\USERENV.dll
0x00007ffb32700000 - 0x00007ffb3270b000 	C:\Windows\SYSTEM32\CRYPTBASE.dll
0x00007ffb2f1e0000 - 0x00007ffb2f218000 	C:\Windows\SYSTEM32\IPHLPAPI.DLL
0x00007ffb365b0000 - 0x00007ffb365b8000 	C:\Windows\system32\NSI.dll
0x00007ffb2f0b0000 - 0x00007ffb2f0c6000 	C:\Windows\SYSTEM32\dhcpcsvc6.DLL
0x00007ffb2f160000 - 0x00007ffb2f17a000 	C:\Windows\SYSTEM32\dhcpcsvc.DLL
0x00007ffb03ea0000 - 0x00007ffb03ef1000 	C:\Users\vlatkozelka\.javacpp\cache\hdf5-1.10.1-1.4.1-windows-x86_64.jar\org\bytedeco\javacpp\windows-x86_64\concrt140.dll
0x00007ffb03730000 - 0x00007ffb037cc000 	C:\Windows\SYSTEM32\MSVCP140.dll
0x00007ffb14430000 - 0x00007ffb14446000 	C:\Windows\SYSTEM32\VCRUNTIME140.dll
0x00007ffb31da0000 - 0x00007ffb31e94000 	C:\Windows\SYSTEM32\ucrtbase.dll
0x00007ffb03550000 - 0x00007ffb035ed000 	C:\Users\vlatkozelka\.javacpp\cache\hdf5-1.10.1-1.4.1-windows-x86_64.jar\org\bytedeco\javacpp\windows-x86_64\msvcp140.dll
0x00007ffb142f0000 - 0x00007ffb14307000 	C:\Users\vlatkozelka\.javacpp\cache\hdf5-1.10.1-1.4.1-windows-x86_64.jar\org\bytedeco\javacpp\windows-x86_64\vcruntime140.dll
0x00000000229a0000 - 0x00000000229a3000 	C:\Users\vlatkozelka\.javacpp\cache\hdf5-1.10.1-1.4.1-windows-x86_64.jar\org\bytedeco\javacpp\windows-x86_64\api-ms-win-crt-locale-l1-1-0.dll
0x00000000229b0000 - 0x00000000229b4000 	C:\Users\vlatkozelka\.javacpp\cache\hdf5-1.10.1-1.4.1-windows-x86_64.jar\org\bytedeco\javacpp\windows-x86_64\api-ms-win-crt-string-l1-1-0.dll
0x00000000229c0000 - 0x00000000229c4000 	C:\Users\vlatkozelka\.javacpp\cache\hdf5-1.10.1-1.4.1-windows-x86_64.jar\org\bytedeco\javacpp\windows-x86_64\api-ms-win-crt-stdio-l1-1-0.dll
0x00000000229d0000 - 0x00000000229d5000 	C:\Users\vlatkozelka\.javacpp\cache\hdf5-1.10.1-1.4.1-windows-x86_64.jar\org\bytedeco\javacpp\windows-x86_64\api-ms-win-crt-math-l1-1-0.dll
0x0000000032230000 - 0x0000000032233000 	C:\Users\vlatkozelka\.javacpp\cache\hdf5-1.10.1-1.4.1-windows-x86_64.jar\org\bytedeco\javacpp\windows-x86_64\api-ms-win-crt-heap-l1-1-0.dll
0x0000000032240000 - 0x0000000032244000 	C:\Users\vlatkozelka\.javacpp\cache\hdf5-1.10.1-1.4.1-windows-x86_64.jar\org\bytedeco\javacpp\windows-x86_64\api-ms-win-crt-runtime-l1-1-0.dll
0x0000000032250000 - 0x0000000032254000 	C:\Users\vlatkozelka\.javacpp\cache\hdf5-1.10.1-1.4.1-windows-x86_64.jar\org\bytedeco\javacpp\windows-x86_64\api-ms-win-crt-convert-l1-1-0.dll
0x0000000032260000 - 0x0000000032263000 	C:\Users\vlatkozelka\.javacpp\cache\hdf5-1.10.1-1.4.1-windows-x86_64.jar\org\bytedeco\javacpp\windows-x86_64\api-ms-win-crt-environment-l1-1-0.dll
0x0000000032270000 - 0x0000000032273000 	C:\Users\vlatkozelka\.javacpp\cache\hdf5-1.10.1-1.4.1-windows-x86_64.jar\org\bytedeco\javacpp\windows-x86_64\api-ms-win-crt-time-l1-1-0.dll
0x0000000032280000 - 0x0000000032283000 	C:\Users\vlatkozelka\.javacpp\cache\hdf5-1.10.1-1.4.1-windows-x86_64.jar\org\bytedeco\javacpp\windows-x86_64\api-ms-win-crt-filesystem-l1-1-0.dll
0x0000000035780000 - 0x0000000035783000 	C:\Users\vlatkozelka\.javacpp\cache\hdf5-1.10.1-1.4.1-windows-x86_64.jar\org\bytedeco\javacpp\windows-x86_64\api-ms-win-crt-utility-l1-1-0.dll
0x0000000035790000 - 0x0000000035795000 	C:\Users\vlatkozelka\.javacpp\cache\hdf5-1.10.1-1.4.1-windows-x86_64.jar\org\bytedeco\javacpp\windows-x86_64\api-ms-win-crt-multibyte-l1-1-0.dll
0x00007ffaf5eb0000 - 0x00007ffaf61b4000 	C:\Users\vlatkozelka\.javacpp\cache\opencv-3.4.1-1.4.1-windows-x86_64.jar\org\bytedeco\javacpp\windows-x86_64\opencv_core341.dll
0x00007ffaf4f80000 - 0x00007ffaf5385000 	C:\Users\vlatkozelka\.javacpp\cache\opencv-3.4.1-1.4.1-windows-x86_64.jar\org\bytedeco\javacpp\windows-x86_64\opencv_imgproc341.dll
0x00007ffaf5b20000 - 0x00007ffaf5eae000 	C:\Users\vlatkozelka\.javacpp\cache\opencv-3.4.1-1.4.1-windows-x86_64.jar\org\bytedeco\javacpp\windows-x86_64\jniopencv_core.dll
0x00007ffb2c1c0000 - 0x00007ffb2c34c000 	C:\Windows\SYSTEM32\dbghelp.dll

VM Arguments:
jvm_args: -javaagent:C:\Program Files\JetBrains\IntelliJ IDEA Community Edition 2018.1.3\lib\idea_rt.jar=57935:C:\Program Files\JetBrains\IntelliJ IDEA Community Edition 2018.1.3\bin -Dfile.encoding=UTF-8 
java_command: Main
java_class_path (initial): C:\Program Files\jdk1.8.0_25\jre\lib\charsets.jar;C:\Program Files\jdk1.8.0_25\jre\lib\deploy.jar;C:\Program Files\jdk1.8.0_25\jre\lib\ext\access-bridge-64.jar;C:\Program Files\jdk1.8.0_25\jre\lib\ext\cldrdata.jar;C:\Program Files\jdk1.8.0_25\jre\lib\ext\comm.jar;C:\Program Files\jdk1.8.0_25\jre\lib\ext\dnsns.jar;C:\Program Files\jdk1.8.0_25\jre\lib\ext\jaccess.jar;C:\Program Files\jdk1.8.0_25\jre\lib\ext\jfxrt.jar;C:\Program Files\jdk1.8.0_25\jre\lib\ext\localedata.jar;C:\Program Files\jdk1.8.0_25\jre\lib\ext\nashorn.jar;C:\Program Files\jdk1.8.0_25\jre\lib\ext\sunec.jar;C:\Program Files\jdk1.8.0_25\jre\lib\ext\sunjce_provider.jar;C:\Program Files\jdk1.8.0_25\jre\lib\ext\sunmscapi.jar;C:\Program Files\jdk1.8.0_25\jre\lib\ext\sunpkcs11.jar;C:\Program Files\jdk1.8.0_25\jre\lib\ext\zipfs.jar;C:\Program Files\jdk1.8.0_25\jre\lib\javaws.jar;C:\Program Files\jdk1.8.0_25\jre\lib\jce.jar;C:\Program Files\jdk1.8.0_25\jre\lib\jfr.jar;C:\Program Files\jdk1.8.0_25\jre\lib\jfxswt.jar;C:\Program Files\jdk1.8.0_25\jre\lib\jsse.jar;C:\Program Files\jdk1.8.0_25\jre\lib\management-agent.jar;C:\Program Files\jdk1.8.0_25\jre\lib\plugin.jar;C:\Program Files\jdk1.8.0_25\jre\lib\resources.jar;C:\Program Files\jdk1.8.0_25\jre\lib\rt.jar;C:\Users\vlatkozelka\IdeaProjects\MNIST\AI\out\production\classes;C:\Users\vlatkozelka\IdeaProjects\MNIST\AI\libs\gym-java-client-1.0.0-SNAPSHOT-javadoc.jar;C:\Users\vlatkozelka\IdeaProjects\MNIST\AI\libs\gym-java-client-1.0.0-SNAPSHOT-sources.jar;C:\Users\vlatkozelka\IdeaProjects\MNIST\AI\libs\rl4j-api-1.0.0-SNAPSHOT-javadoc.jar;C:\Users\vlatkozelka\IdeaProjects\MNIST\AI\libs\rl4j-core-1.0.0-SNAPSHOT-sources.jar;C:\Users\vlatkozelka\IdeaProjects\MNIST\AI\libs\rl4j-core-1.0.0-SNAPSHOT.jar;C:\Users\vlatkozelka\IdeaProjects\MNIST\AI\libs\rl4j-api-1.0.0-SNAPSHOT-sources.jar;C:\Users\vlatkozelka\IdeaProjects\MNIST\AI\libs\gym-java-client-1.0.0-SNAPSHOT.jar;C:\Users\vlatkozelka\IdeaProjects\MNIST\AI\libs\rl4j-api-1.0.0-SNAPSHOT.jar;
Launcher Type: SUN_STANDARD

Environment Variables:
JAVA_HOME=C:\Program Files\jdk1.8.0_25
PATH=C:\Program Files\NVIDIA GPU Computing Toolkit\CUDA\v8.0\bin;C:\Program Files\NVIDIA GPU Computing Toolkit\CUDA\v8.0\libnvvp;C:\Program Files\NVIDIA GPU Computing Toolkit\CUDA\v9.1\bin;C:\Program Files\NVIDIA GPU Computing Toolkit\CUDA\v9.1\libnvvp;C:\Program Files (x86)\NVIDIA Corporation\PhysX\Common;C:\ProgramData\Oracle\Java\javapath;C:\Program Files (x86)\Intel\iCLS Client\;C:\Program Files\Intel\iCLS Client\;C:\Windows\system32;C:\Windows;C:\Windows\System32\Wbem;C:\Windows\System32\WindowsPowerShell\v1.0\;C:\Program Files\jdk1.8.0_25\bin;C:\Program Files\Git\cmd;C:\Program Files\Intel\Intel(R) Management Engine Components\DAL;C:\Program Files (x86)\Intel\Intel(R) Management Engine Components\DAL;C:\Program Files\Intel\Intel(R) Management Engine Components\IPT;C:\wamp\bin\php\php5.5.12;C:\Users\vlatkozelka\AppData\Local\Android\Sdk\platform-tools;C:\Program Files (x86)\GtkSharp\2.12\bin;C:\Program Files\Microsoft SQL Server\Client SDK\ODBC\110\Tools\Binn\;C:\Program Files (x86)\Microsoft SQL Server\120\Tools\Binn\;C:\Program Files\Microsoft SQL Server\120\Tools\Binn\;C:\Program Files\Microsoft SQL Server\120\DTS\Binn\;C:\FFmpeg install\ffmpeg-20141115-git-933eca9-win64-static\bin;C:\Program Files\MATLAB\R2016a\runtime\win64;C:\Program Files\MATLAB\R2016a\bin;C:\Program Files\MATLAB\R2016a\polyspace\bin;C:\Program Files (x86)\IVI Foundation\VISA\WinNT\Bin;C:\Python;C:\Program Files\PuTTY\;C:\Program Files\nodejs\;C:\xianyi-OpenBLAS-6d2da63\;C:\Users\vlatkozelka\AppData\Local\Programs\Python\Launcher\;C:\Users\vlatkozelka\AppData\Roaming\Composer\vendor\bin;C:\Users\vlatkozelka\AppData\Roaming\npm
USERNAME=vlatkozelka
OS=Windows_NT
PROCESSOR_IDENTIFIER=Intel64 Family 6 Model 158 Stepping 10, GenuineIntel



---------------  S Y S T E M  ---------------

OS: Windows 8.1 , 64 bit Build 9600 

CPU:total 6 (6 cores per cpu, 1 threads per core) family 6 model 158 stepping 10, cmov, cx8, fxsr, mmx, sse, sse2, sse3, ssse3, sse4.1, sse4.2, popcnt, avx, avx2, aes, clmul, erms, rtm, lzcnt, tsc, tscinvbit, bmi1, bmi2

Memory: 4k page, physical 8247256k(2221140k free), swap 17463256k(6233404k free)

vm_info: Java HotSpot(TM) 64-Bit Server VM (25.25-b02) for windows-amd64 JRE (1.8.0_25-b18), built on Oct  7 2014 14:25:37 by "java_re" with MS VC++ 10.0 (VS2010)

time: Wed May 16 02:22:51 2018
elapsed time: 4 seconds (0d 0h 0m 4s)

