#
# A fatal error has been detected by the Java Runtime Environment:
#
#  EXCEPTION_ACCESS_VIOLATION (0xc0000005) at pc=0x00007ffaf5f07690, pid=800, tid=4440
#
# JRE version: Java(TM) SE Runtime Environment (8.0_25-b18) (build 1.8.0_25-b18)
# Java VM: Java HotSpot(TM) 64-Bit Server VM (25.25-b02 mixed mode windows-amd64 compressed oops)
# Problematic frame:
# C  [opencv_core341.dll+0x57690]
#
# Failed to write core dump. Minidumps are not enabled by default on client versions of Windows
#
# If you would like to submit a bug report, please visit:
#   http://bugreport.sun.com/bugreport/crash.jsp
# The crash happened outside the Java Virtual Machine in native code.
# See problematic frame for where to report the bug.
#

---------------  T H R E A D  ---------------

Current thread (0x000000001a94d000):  JavaThread "Thread-7" [_thread_in_native, id=4440, stack(0x0000000036cf0000,0x0000000036df0000)]

siginfo: ExceptionCode=0xc0000005, reading address 0x00000000398f2000

Registers:
RAX=0x000000000016e358, RBX=0x0000000036def0d0, RCX=0x000000000016e360, RDX=0x000000000016e360
RSP=0x0000000036def070, RBP=0x0000000000002ee0, RSI=0x0000000000000bb8, RDI=0x0000000039709040
R8 =0x000000000001e7ee, R9 =0x00000000398f2000, R10=0x000000003f143470, R11=0x000000003f0c9082
R12=0x0000000000000005, R13=0x0000000000000000, R14=0x00000000000000ff, R15=0x00007ffaf5f0a880
RIP=0x00007ffaf5f07690, EFLAGS=0x0000000000010206

Top of Stack: (sp=0x0000000036def070)
0x0000000036def070:   0000000000000000 0000000000000000
0x0000000036def080:   0000000000000003 00007ffaf5f0a8df
0x0000000036def090:   0000000036def1f0 00000000ffffffff
0x0000000036def0a0:   0000000000000000 00000000200ae250
0x0000000036def0b0:   0000000036def0d0 000001f4437f0000
0x0000000036def0c0:   0000000000000000 0000000000000000
0x0000000036def0d0:   000000000016e360 fffffffffffffffe
0x0000000036def0e0:   0000000000000010 00007ffaf5efe04d
0x0000000036def0f0:   0000000000000000 0000000036def260
0x0000000036def100:   00000000200ae250 000000000000006b
0x0000000036def110:   000000003f0c9080 0000000000000bb8
0x0000000036def120:   0000000036def168 0000000036def188
0x0000000036def130:   0016e36036def200 0000000000000001
0x0000000036def140:   0000000100002368 000000001a38cf60
0x0000000036def150:   000000001ac295c8 000001f4000003e8
0x0000000036def160:   000000001a94d000 000000010016e360 

Instructions: (pc=0x00007ffaf5f07690)
0x00007ffaf5f07670:   44 8d 40 08 4c 8b cf 49 c1 e8 03 4d 8d 53 fe 42
0x00007ffaf5f07680:   8d 14 c5 00 00 00 00 4a 8d 0c c5 00 00 00 00 90
0x00007ffaf5f07690:   41 0f 10 01 41 0f 10 49 10 49 83 c1 20 0f 59 c6
0x00007ffaf5f076a0:   0f 59 ce 0f 58 c5 0f 58 cd 66 0f 5b d0 66 0f 5b 


Register to memory mapping:

RAX=0x000000000016e358 is an unknown value
RBX=0x0000000036def0d0 is pointing into the stack for thread: 0x000000001a94d000
RCX=0x000000000016e360 is an unknown value
RDX=0x000000000016e360 is an unknown value
RSP=0x0000000036def070 is pointing into the stack for thread: 0x000000001a94d000
RBP=0x0000000000002ee0 is an unknown value
RSI=0x0000000000000bb8 is an unknown value
RDI=0x0000000039709040 is an unknown value
R8 =0x000000000001e7ee is an unknown value
R9 =0x00000000398f2000 is an unknown value
R10=0x000000003f143470 is an unknown value
R11=0x000000003f0c9082 is an unknown value
R12=0x0000000000000005 is an unknown value
R13=0x0000000000000000 is an unknown value
R14=0x00000000000000ff is an unknown value
R15=0x00007ffaf5f0a880 is an unknown value


Stack: [0x0000000036cf0000,0x0000000036df0000],  sp=0x0000000036def070,  free space=1020k
Native frames: (J=compiled Java code, j=interpreted, Vv=VM code, C=native code)
C  [opencv_core341.dll+0x57690]
C  [opencv_core341.dll+0x5a8df]
C  [opencv_core341.dll+0x4e04d]
C  [jniopencv_core.dll+0x450cf]
C  0x00000000025c5b74

Java frames: (J=compiled Java code, j=interpreted, Vv=VM code)
j  org.bytedeco.javacpp.opencv_core$Mat.convertTo(Lorg/bytedeco/javacpp/opencv_core$Mat;IDD)V+0
j  org.deeplearning4j.rl4j.learning.HistoryProcessor.transform(Lorg/nd4j/linalg/api/ndarray/INDArray;)Lorg/nd4j/linalg/api/ndarray/INDArray;+66
j  org.deeplearning4j.rl4j.learning.HistoryProcessor.add(Lorg/nd4j/linalg/api/ndarray/INDArray;)V+2
j  org.deeplearning4j.rl4j.learning.Learning.initMdp(Lorg/deeplearning4j/rl4j/mdp/MDP;Lorg/deeplearning4j/rl4j/learning/IHistoryProcessor;)Lorg/deeplearning4j/rl4j/learning/Learning$InitMdp;+130
j  org.deeplearning4j.rl4j.learning.async.AsyncThread.run()V+52
v  ~StubRoutines::call_stub

---------------  P R O C E S S  ---------------

Java Threads: ( => current thread )
  0x000000001a950000 JavaThread "Thread-13" [_thread_in_native, id=12052, stack(0x000000003e6d0000,0x000000003e7d0000)]
  0x000000001a94f000 JavaThread "Thread-12" [_thread_in_native, id=8408, stack(0x000000003bb30000,0x000000003bc30000)]
  0x000000001a94c000 JavaThread "Thread-11" [_thread_in_native, id=6512, stack(0x000000003b270000,0x000000003b370000)]
  0x000000001a94e800 JavaThread "Thread-10" [_thread_in_native, id=11396, stack(0x0000000038cc0000,0x0000000038dc0000)]
  0x000000001a951800 JavaThread "Thread-9" [_thread_in_native, id=9864, stack(0x0000000038970000,0x0000000038a70000)]
  0x000000001a94d800 JavaThread "Thread-8" [_thread_in_native, id=6736, stack(0x00000000378a0000,0x00000000379a0000)]
=>0x000000001a94d000 JavaThread "Thread-7" [_thread_in_native, id=4440, stack(0x0000000036cf0000,0x0000000036df0000)]
  0x0000000033b92800 JavaThread "Thread-6" [_thread_in_native, id=7608, stack(0x0000000036310000,0x0000000036410000)]
  0x00000000330b3000 JavaThread "Thread-5" [_thread_in_Java, id=10272, stack(0x0000000035960000,0x0000000035a60000)]
  0x000000001a89b800 JavaThread "NativeRandomDeallocator thread 0" daemon [_thread_blocked, id=11488, stack(0x0000000031e40000,0x0000000031f40000)]
  0x000000001a999800 JavaThread "JavaCPP Deallocator" daemon [_thread_blocked, id=10516, stack(0x0000000022550000,0x0000000022650000)]
  0x000000001a4d7800 JavaThread "Workspace deallocator thread" daemon [_thread_blocked, id=11100, stack(0x0000000022450000,0x0000000022550000)]
  0x000000001a6ed000 JavaThread "D3D Screen Updater" daemon [_thread_blocked, id=10064, stack(0x0000000022110000,0x0000000022210000)]
  0x000000001a6f2000 JavaThread "AWT-EventQueue-0" [_thread_blocked, id=7744, stack(0x0000000021d00000,0x0000000021e00000)]
  0x000000001a07f800 JavaThread "AWT-Windows" daemon [_thread_in_native, id=10960, stack(0x000000001b3a0000,0x000000001b4a0000)]
  0x000000001a07c800 JavaThread "AWT-Shutdown" [_thread_blocked, id=3052, stack(0x000000001b2a0000,0x000000001b3a0000)]
  0x000000001a07c000 JavaThread "Java2D Disposer" daemon [_thread_blocked, id=6332, stack(0x000000001b1a0000,0x000000001b2a0000)]
  0x00000000196a3800 JavaThread "Service Thread" daemon [_thread_blocked, id=1604, stack(0x0000000019e40000,0x0000000019f40000)]
  0x0000000019611000 JavaThread "C1 CompilerThread2" daemon [_thread_blocked, id=6888, stack(0x0000000019d40000,0x0000000019e40000)]
  0x0000000019610000 JavaThread "C2 CompilerThread1" daemon [_thread_blocked, id=11728, stack(0x0000000019c40000,0x0000000019d40000)]
  0x000000001960f000 JavaThread "C2 CompilerThread0" daemon [_thread_blocked, id=2188, stack(0x0000000019b40000,0x0000000019c40000)]
  0x0000000019609800 JavaThread "Monitor Ctrl-Break" daemon [_thread_in_native, id=11052, stack(0x0000000019a40000,0x0000000019b40000)]
  0x00000000172d2800 JavaThread "Attach Listener" daemon [_thread_blocked, id=6516, stack(0x0000000018d40000,0x0000000018e40000)]
  0x00000000172d1800 JavaThread "Signal Dispatcher" daemon [_thread_blocked, id=7612, stack(0x0000000018c40000,0x0000000018d40000)]
  0x0000000017293800 JavaThread "Finalizer" daemon [_thread_blocked, id=96, stack(0x0000000018b40000,0x0000000018c40000)]
  0x000000001728c800 JavaThread "Reference Handler" daemon [_thread_blocked, id=9056, stack(0x0000000018a40000,0x0000000018b40000)]
  0x000000000237c800 JavaThread "main" [_thread_in_native, id=6160, stack(0x0000000002270000,0x0000000002370000)]

Other Threads:
  0x000000000246e800 VMThread [stack: 0x0000000018940000,0x0000000018a40000] [id=11964]
  0x00000000196a4000 WatcherThread [stack: 0x0000000019f40000,0x000000001a040000] [id=4008]

VM state:not at safepoint (normal execution)

VM Mutex/Monitor currently owned by a thread: None

Heap:
 PSYoungGen      total 351744K, used 304357K [0x00000000d6100000, 0x00000000ee780000, 0x0000000100000000)
  eden space 318976K, 85% used [0x00000000d6100000,0x00000000e6a53640,0x00000000e9880000)
  from space 32768K, 99% used [0x00000000ebd80000,0x00000000edd65f50,0x00000000edd80000)
  to   space 37888K, 0% used [0x00000000e9880000,0x00000000e9880000,0x00000000ebd80000)
 ParOldGen       total 55296K, used 29441K [0x0000000082200000, 0x0000000085800000, 0x00000000d6100000)
  object space 55296K, 53% used [0x0000000082200000,0x0000000083ec0560,0x0000000085800000)
 Metaspace       used 30760K, capacity 30939K, committed 31232K, reserved 1077248K
  class space    used 3654K, capacity 3726K, committed 3840K, reserved 1048576K

Card table byte_map: [0x0000000011970000,0x0000000011d60000] byte_map_base: 0x000000001155f000

Marking Bits: (ParMarkBitMap*) 0x00000000533bd490
 Begin Bits: [0x0000000012600000, 0x0000000014578000)
 End Bits:   [0x0000000014578000, 0x00000000164f0000)

Polling page: 0x0000000000430000

CodeCache: size=245760Kb used=8483Kb max_used=8483Kb free=237276Kb
 bounds [0x00000000025b0000, 0x0000000002e10000, 0x00000000115b0000]
 total_blobs=3241 nmethods=2075 adapters=1079
 compilation: enabled

Compilation events (10 events):
Event: 4.506 Thread 0x0000000019611000 2072       3       sun.nio.fs.NativeBuffer::setOwner (6 bytes)
Event: 4.506 Thread 0x0000000019611000 nmethod 2072 0x0000000002df4b90 code [0x0000000002df4ce0, 0x0000000002df4e50]
Event: 4.506 Thread 0x0000000019611000 2073       3       sun.nio.fs.NativeBuffers::releaseNativeBuffer (103 bytes)
Event: 4.507 Thread 0x0000000019611000 nmethod 2073 0x0000000002dfdbd0 code [0x0000000002dfdec0, 0x0000000002dff238]
Event: 4.507 Thread 0x0000000019611000 2075       3       sun.nio.fs.WindowsPath::toWindowsPath (32 bytes)
Event: 4.507 Thread 0x0000000019611000 nmethod 2075 0x0000000002df8210 code [0x0000000002df83a0, 0x0000000002df8838]
Event: 4.507 Thread 0x0000000019611000 2076       3       sun.nio.fs.WindowsNativeDispatcher::asNativeBuffer (84 bytes)
Event: 4.507 Thread 0x0000000019611000 nmethod 2076 0x0000000002dffbd0 code [0x0000000002dffdc0, 0x0000000002e006f8]
Event: 4.507 Thread 0x0000000019611000 2077   !   3       java.lang.ClassLoader::findNative (86 bytes)
Event: 4.508 Thread 0x0000000019611000 nmethod 2077 0x0000000002e00ad0 code [0x0000000002e00c80, 0x0000000002e01538]

GC Heap History (10 events):
Event: 2.257 GC heap before
{Heap before GC invocations=9 (full 1):
 PSYoungGen      total 133632K, used 133629K [0x00000000d6100000, 0x00000000e2080000, 0x0000000100000000)
  eden space 122880K, 100% used [0x00000000d6100000,0x00000000dd900000,0x00000000dd900000)
  from space 10752K, 99% used [0x00000000dd900000,0x00000000de37f5e8,0x00000000de380000)
  to   space 13312K, 0% used [0x00000000e1380000,0x00000000e1380000,0x00000000e2080000)
 ParOldGen       total 55296K, used 7420K [0x0000000082200000, 0x0000000085800000, 0x00000000d6100000)
  object space 55296K, 13% used [0x0000000082200000,0x000000008293f050,0x0000000085800000)
 Metaspace       used 24833K, capacity 25021K, committed 25472K, reserved 1071104K
  class space    used 3016K, capacity 3081K, committed 3200K, reserved 1048576K
Event: 2.264 GC heap after
Heap after GC invocations=9 (full 1):
 PSYoungGen      total 178688K, used 13295K [0x00000000d6100000, 0x00000000e4680000, 0x0000000100000000)
  eden space 165376K, 0% used [0x00000000d6100000,0x00000000d6100000,0x00000000e0280000)
  from space 13312K, 99% used [0x00000000e1380000,0x00000000e207bed8,0x00000000e2080000)
  to   space 17408K, 0% used [0x00000000e0280000,0x00000000e0280000,0x00000000e1380000)
 ParOldGen       total 55296K, used 12171K [0x0000000082200000, 0x0000000085800000, 0x00000000d6100000)
  object space 55296K, 22% used [0x0000000082200000,0x0000000082de2d50,0x0000000085800000)
 Metaspace       used 24833K, capacity 25021K, committed 25472K, reserved 1071104K
  class space    used 3016K, capacity 3081K, committed 3200K, reserved 1048576K
}
Event: 2.483 GC heap before
{Heap before GC invocations=10 (full 1):
 PSYoungGen      total 178688K, used 178671K [0x00000000d6100000, 0x00000000e4680000, 0x0000000100000000)
  eden space 165376K, 100% used [0x00000000d6100000,0x00000000e0280000,0x00000000e0280000)
  from space 13312K, 99% used [0x00000000e1380000,0x00000000e207bed8,0x00000000e2080000)
  to   space 17408K, 0% used [0x00000000e0280000,0x00000000e0280000,0x00000000e1380000)
 ParOldGen       total 55296K, used 12171K [0x0000000082200000, 0x0000000085800000, 0x00000000d6100000)
  object space 55296K, 22% used [0x0000000082200000,0x0000000082de2d50,0x0000000085800000)
 Metaspace       used 24834K, capacity 25021K, committed 25472K, reserved 1071104K
  class space    used 3016K, capacity 3081K, committed 3200K, reserved 1048576K
Event: 2.493 GC heap after
Heap after GC invocations=10 (full 1):
 PSYoungGen      total 182784K, used 17406K [0x00000000d6100000, 0x00000000e7000000, 0x0000000100000000)
  eden space 165376K, 0% used [0x00000000d6100000,0x00000000d6100000,0x00000000e0280000)
  from space 17408K, 99% used [0x00000000e0280000,0x00000000e137f980,0x00000000e1380000)
  to   space 23552K, 0% used [0x00000000e5900000,0x00000000e5900000,0x00000000e7000000)
 ParOldGen       total 55296K, used 19995K [0x0000000082200000, 0x0000000085800000, 0x00000000d6100000)
  object space 55296K, 36% used [0x0000000082200000,0x0000000083586e50,0x0000000085800000)
 Metaspace       used 24834K, capacity 25021K, committed 25472K, reserved 1071104K
  class space    used 3016K, capacity 3081K, committed 3200K, reserved 1048576K
}
Event: 2.793 GC heap before
{Heap before GC invocations=11 (full 1):
 PSYoungGen      total 182784K, used 182782K [0x00000000d6100000, 0x00000000e7000000, 0x0000000100000000)
  eden space 165376K, 100% used [0x00000000d6100000,0x00000000e0280000,0x00000000e0280000)
  from space 17408K, 99% used [0x00000000e0280000,0x00000000e137f980,0x00000000e1380000)
  to   space 23552K, 0% used [0x00000000e5900000,0x00000000e5900000,0x00000000e7000000)
 ParOldGen       total 55296K, used 19995K [0x0000000082200000, 0x0000000085800000, 0x00000000d6100000)
  object space 55296K, 36% used [0x0000000082200000,0x0000000083586e50,0x0000000085800000)
 Metaspace       used 25958K, capacity 26083K, committed 26240K, reserved 1073152K
  class space    used 3123K, capacity 3178K, committed 3200K, reserved 1048576K
Event: 2.810 GC heap after
Heap after GC invocations=11 (full 1):
 PSYoungGen      total 250880K, used 21562K [0x00000000d6100000, 0x00000000e7900000, 0x0000000100000000)
  eden space 227328K, 0% used [0x00000000d6100000,0x00000000d6100000,0x00000000e3f00000)
  from space 23552K, 91% used [0x00000000e5900000,0x00000000e6e0ebf0,0x00000000e7000000)
  to   space 26624K, 0% used [0x00000000e3f00000,0x00000000e3f00000,0x00000000e5900000)
 ParOldGen       total 55296K, used 21371K [0x0000000082200000, 0x0000000085800000, 0x00000000d6100000)
  object space 55296K, 38% used [0x0000000082200000,0x00000000836dee50,0x0000000085800000)
 Metaspace       used 25958K, capacity 26083K, committed 26240K, reserved 1073152K
  class space    used 3123K, capacity 3178K, committed 3200K, reserved 1048576K
}
Event: 3.193 GC heap before
{Heap before GC invocations=12 (full 1):
 PSYoungGen      total 250880K, used 248890K [0x00000000d6100000, 0x00000000e7900000, 0x0000000100000000)
  eden space 227328K, 100% used [0x00000000d6100000,0x00000000e3f00000,0x00000000e3f00000)
  from space 23552K, 91% used [0x00000000e5900000,0x00000000e6e0ebf0,0x00000000e7000000)
  to   space 26624K, 0% used [0x00000000e3f00000,0x00000000e3f00000,0x00000000e5900000)
 ParOldGen       total 55296K, used 21371K [0x0000000082200000, 0x0000000085800000, 0x00000000d6100000)
  object space 55296K, 38% used [0x0000000082200000,0x00000000836dee50,0x0000000085800000)
 Metaspace       used 25978K, capacity 26147K, committed 26496K, reserved 1073152K
  class space    used 3124K, capacity 3178K, committed 3200K, reserved 1048576K
Event: 3.216 GC heap after
Heap after GC invocations=12 (full 1):
 PSYoungGen      total 253952K, used 26617K [0x00000000d6100000, 0x00000000edd80000, 0x0000000100000000)
  eden space 227328K, 0% used [0x00000000d6100000,0x00000000d6100000,0x00000000e3f00000)
  from space 26624K, 99% used [0x00000000e3f00000,0x00000000e58fe5c8,0x00000000e5900000)
  to   space 32768K, 0% used [0x00000000ebd80000,0x00000000ebd80000,0x00000000edd80000)
 ParOldGen       total 55296K, used 26536K [0x0000000082200000, 0x0000000085800000, 0x00000000d6100000)
  object space 55296K, 47% used [0x0000000082200000,0x0000000083bea360,0x0000000085800000)
 Metaspace       used 25978K, capacity 26147K, committed 26496K, reserved 1073152K
  class space    used 3124K, capacity 3178K, committed 3200K, reserved 1048576K
}
Event: 3.698 GC heap before
{Heap before GC invocations=13 (full 1):
 PSYoungGen      total 253952K, used 253945K [0x00000000d6100000, 0x00000000edd80000, 0x0000000100000000)
  eden space 227328K, 100% used [0x00000000d6100000,0x00000000e3f00000,0x00000000e3f00000)
  from space 26624K, 99% used [0x00000000e3f00000,0x00000000e58fe5c8,0x00000000e5900000)
  to   space 32768K, 0% used [0x00000000ebd80000,0x00000000ebd80000,0x00000000edd80000)
 ParOldGen       total 55296K, used 26536K [0x0000000082200000, 0x0000000085800000, 0x00000000d6100000)
  object space 55296K, 47% used [0x0000000082200000,0x0000000083bea360,0x0000000085800000)
 Metaspace       used 27375K, capacity 27535K, committed 27776K, reserved 1073152K
  class space    used 3279K, capacity 3340K, committed 3456K, reserved 1048576K
Event: 3.719 GC heap after
Heap after GC invocations=13 (full 1):
 PSYoungGen      total 351744K, used 32663K [0x00000000d6100000, 0x00000000ee780000, 0x0000000100000000)
  eden space 318976K, 0% used [0x00000000d6100000,0x00000000d6100000,0x00000000e9880000)
  from space 32768K, 99% used [0x00000000ebd80000,0x00000000edd65f50,0x00000000edd80000)
  to   space 37888K, 0% used [0x00000000e9880000,0x00000000e9880000,0x00000000ebd80000)
 ParOldGen       total 55296K, used 29441K [0x0000000082200000, 0x0000000085800000, 0x00000000d6100000)
  object space 55296K, 53% used [0x0000000082200000,0x0000000083ec0560,0x0000000085800000)
 Metaspace       used 27375K, capacity 27535K, committed 27776K, reserved 1073152K
  class space    used 3279K, capacity 3340K, committed 3456K, reserved 1048576K
}

Deoptimization events (10 events):
Event: 3.576 Thread 0x000000000237c800 Uncommon trap: reason=class_check action=maybe_recompile pc=0x0000000002a97998 method=org.reflections.util.FilterBuilder.apply(Ljava/lang/String;)Z @ 29
Event: 3.576 Thread 0x000000000237c800 Uncommon trap: reason=class_check action=maybe_recompile pc=0x00000000029d9ce8 method=java.util.regex.Matcher.match(II)Z @ 86
Event: 3.576 Thread 0x000000000237c800 Uncommon trap: reason=class_check action=maybe_recompile pc=0x0000000002a30534 method=org.reflections.util.FilterBuilder.apply(Ljava/lang/String;)Z @ 29
Event: 3.576 Thread 0x000000000237c800 Uncommon trap: reason=unreached action=reinterpret pc=0x00000000029d8258 method=org.reflections.util.ConfigurationBuilder.getMetadataAdapter()Lorg/reflections/adapters/MetadataAdapter; @ 4
Event: 3.577 Thread 0x000000000237c800 Uncommon trap: reason=class_check action=maybe_recompile pc=0x0000000002a33004 method=java.util.regex.Matcher.match(II)Z @ 86
Event: 3.774 Thread 0x000000000237c800 Uncommon trap: reason=unreached action=reinterpret pc=0x0000000002909c34 method=java.util.concurrent.ConcurrentHashMap.putVal(Ljava/lang/Object;Ljava/lang/Object;Z)Ljava/lang/Object; @ 181
Event: 3.852 Thread 0x000000001a6f2000 Uncommon trap: reason=unreached action=reinterpret pc=0x0000000002a7b1c8 method=java.util.HashMap$HashIterator.<init>(Ljava/util/HashMap;)V @ 38
Event: 3.855 Thread 0x000000001a6f2000 Uncommon trap: reason=unreached action=reinterpret pc=0x0000000002a671ec method=java.util.HashMap$HashIterator.<init>(Ljava/util/HashMap;)V @ 38
Event: 4.303 Thread 0x000000000237c800 Uncommon trap: reason=null_check action=make_not_entrant pc=0x0000000002ceffa0 method=java.lang.Class.privateGetDeclaredConstructors(Z)[Ljava/lang/reflect/Constructor; @ 35
Event: 4.326 Thread 0x000000001a94d000 Uncommon trap: reason=null_check action=make_not_entrant pc=0x0000000002ae4000 method=java.lang.StringCoding.decode(Ljava/lang/String;[BII)[C @ 6

Internal exceptions (10 events):
Event: 4.506 Thread 0x000000001a94d000 Exception <a 'sun/nio/fs/WindowsException'> (0x00000000e6880cc0) thrown at [D:\re\workspace\8-2-build-windows-amd64-cygwin\jdk8u25\1677\hotspot\src\share\vm\prims\jni.cpp, line 716]
Event: 4.506 Thread 0x000000001a94d000 Exception <a 'sun/nio/fs/WindowsException'> (0x00000000e6881eb8) thrown at [D:\re\workspace\8-2-build-windows-amd64-cygwin\jdk8u25\1677\hotspot\src\share\vm\prims\jni.cpp, line 716]
Event: 4.506 Thread 0x000000001a94d000 Exception <a 'sun/nio/fs/WindowsException'> (0x00000000e68830b0) thrown at [D:\re\workspace\8-2-build-windows-amd64-cygwin\jdk8u25\1677\hotspot\src\share\vm\prims\jni.cpp, line 716]
Event: 4.506 Thread 0x000000001a94d000 Exception <a 'sun/nio/fs/WindowsException'> (0x00000000e68842f8) thrown at [D:\re\workspace\8-2-build-windows-amd64-cygwin\jdk8u25\1677\hotspot\src\share\vm\prims\jni.cpp, line 716]
Event: 4.506 Thread 0x000000001a94d000 Exception <a 'sun/nio/fs/WindowsException'> (0x00000000e6885540) thrown at [D:\re\workspace\8-2-build-windows-amd64-cygwin\jdk8u25\1677\hotspot\src\share\vm\prims\jni.cpp, line 716]
Event: 4.507 Thread 0x000000001a94d000 Exception <a 'sun/nio/fs/WindowsException'> (0x00000000e68867d8) thrown at [D:\re\workspace\8-2-build-windows-amd64-cygwin\jdk8u25\1677\hotspot\src\share\vm\prims\jni.cpp, line 716]
Event: 4.507 Thread 0x000000001a94d000 Exception <a 'sun/nio/fs/WindowsException'> (0x00000000e68879d0) thrown at [D:\re\workspace\8-2-build-windows-amd64-cygwin\jdk8u25\1677\hotspot\src\share\vm\prims\jni.cpp, line 716]
Event: 4.507 Thread 0x000000001a94d000 Exception <a 'sun/nio/fs/WindowsException'> (0x00000000e6888c60) thrown at [D:\re\workspace\8-2-build-windows-amd64-cygwin\jdk8u25\1677\hotspot\src\share\vm\prims\jni.cpp, line 716]
Event: 4.507 Thread 0x000000001a94d000 Exception <a 'sun/nio/fs/WindowsException'> (0x00000000e6889ea8) thrown at [D:\re\workspace\8-2-build-windows-amd64-cygwin\jdk8u25\1677\hotspot\src\share\vm\prims\jni.cpp, line 716]
Event: 4.507 Thread 0x000000001a94d000 Exception <a 'sun/nio/fs/WindowsException'> (0x00000000e688b118) thrown at [D:\re\workspace\8-2-build-windows-amd64-cygwin\jdk8u25\1677\hotspot\src\share\vm\prims\jni.cpp, line 716]

Events (10 events):
Event: 4.326 loading class sun/nio/ch/Util$BufferCache
Event: 4.326 loading class sun/nio/ch/Util$BufferCache done
Event: 4.326 loading class java/nio/DirectByteBuffer$Deallocator
Event: 4.327 loading class java/nio/DirectByteBuffer$Deallocator done
Event: 4.327 loading class sun/nio/ch/IOStatus
Event: 4.327 loading class sun/nio/ch/IOStatus done
Event: 4.453 loading class org/bytedeco/javacpp/annotation/Namespace
Event: 4.453 loading class org/bytedeco/javacpp/annotation/Namespace done
Event: 4.462 Thread 0x000000001a94d000 DEOPT PACKING pc=0x0000000002ad3448 sp=0x0000000036dee5e0
Event: 4.462 Thread 0x000000001a94d000 DEOPT UNPACKING pc=0x00000000025f75bf sp=0x0000000036dee338 mode 0


Dynamic libraries:
0x00007ff7a7c90000 - 0x00007ff7a7cc4000 	C:\Program Files\jdk1.8.0_25\bin\java.exe
0x00007ffb365c0000 - 0x00007ffb36781000 	C:\Windows\SYSTEM32\ntdll.dll
0x00007ffb35a60000 - 0x00007ffb35b0d000 	C:\Windows\system32\KERNEL32.DLL
0x00007ffb32fd0000 - 0x00007ffb331b8000 	C:\Windows\system32\KERNELBASE.dll
0x00007ffb35350000 - 0x00007ffb353f7000 	C:\Windows\system32\ADVAPI32.dll
0x00007ffb36510000 - 0x00007ffb365ad000 	C:\Windows\system32\msvcrt.dll
0x00007ffb364a0000 - 0x00007ffb364fb000 	C:\Windows\system32\sechost.dll
0x00007ffb34f20000 - 0x00007ffb3503c000 	C:\Windows\system32\RPCRT4.dll
0x00007ffb35b70000 - 0x00007ffb35cc6000 	C:\Windows\system32\USER32.dll
0x00007ffb351c0000 - 0x00007ffb35346000 	C:\Windows\system32\GDI32.dll
0x00007ffb21dc0000 - 0x00007ffb22034000 	C:\Windows\WinSxS\amd64_microsoft.windows.common-controls_6595b64144ccf1df_6.0.10586.0_none_8c15ae12515e1c22\COMCTL32.dll
0x00007ffb35d40000 - 0x00007ffb35fbd000 	C:\Windows\system32\combase.dll
0x00007ffb331c0000 - 0x00007ffb3322a000 	C:\Windows\system32\bcryptPrimitives.dll
0x00007ffb35120000 - 0x00007ffb3515b000 	C:\Windows\system32\IMM32.DLL
0x0000000054040000 - 0x0000000054112000 	C:\Program Files\jdk1.8.0_25\jre\bin\msvcr100.dll
0x0000000052be0000 - 0x000000005343a000 	C:\Program Files\jdk1.8.0_25\jre\bin\server\jvm.dll
0x00007ffb36500000 - 0x00007ffb36508000 	C:\Windows\system32\PSAPI.DLL
0x00007ffb30f40000 - 0x00007ffb30f63000 	C:\Windows\SYSTEM32\WINMM.dll
0x00007ffb2e400000 - 0x00007ffb2e409000 	C:\Windows\SYSTEM32\WSOCK32.dll
0x00007ffb35cd0000 - 0x00007ffb35d3b000 	C:\Windows\system32\WS2_32.dll
0x00007ffb30ee0000 - 0x00007ffb30f0c000 	C:\Windows\SYSTEM32\WINMMBASE.dll
0x00007ffb33290000 - 0x00007ffb332d3000 	C:\Windows\system32\cfgmgr32.dll
0x0000000054030000 - 0x000000005403f000 	C:\Program Files\jdk1.8.0_25\jre\bin\verify.dll
0x0000000054000000 - 0x0000000054028000 	C:\Program Files\jdk1.8.0_25\jre\bin\java.dll
0x0000000053f30000 - 0x0000000053f53000 	C:\Program Files\jdk1.8.0_25\jre\bin\instrument.dll
0x0000000053fe0000 - 0x0000000053ff6000 	C:\Program Files\jdk1.8.0_25\jre\bin\zip.dll
0x00007ffb339c0000 - 0x00007ffb34f1f000 	C:\Windows\system32\SHELL32.dll
0x00007ffb33370000 - 0x00007ffb339b4000 	C:\Windows\system32\windows.storage.dll
0x00007ffb35400000 - 0x00007ffb35452000 	C:\Windows\system32\shlwapi.dll
0x00007ffb32c80000 - 0x00007ffb32c8f000 	C:\Windows\system32\kernel.appcore.dll
0x00007ffb32f10000 - 0x00007ffb32fc5000 	C:\Windows\system32\shcore.dll
0x00007ffb32c30000 - 0x00007ffb32c7b000 	C:\Windows\system32\powrprof.dll
0x00007ffb32c10000 - 0x00007ffb32c24000 	C:\Windows\system32\profapi.dll
0x00007ffb15730000 - 0x00007ffb1574a000 	C:\Program Files\JetBrains\IntelliJ IDEA Community Edition 2018.1.3\bin\breakgen64.dll
0x0000000053fc0000 - 0x0000000053fda000 	C:\Program Files\jdk1.8.0_25\jre\bin\net.dll
0x00007ffb32530000 - 0x00007ffb3258c000 	C:\Windows\system32\mswsock.dll
0x0000000053d90000 - 0x0000000053f28000 	C:\Program Files\jdk1.8.0_25\jre\bin\awt.dll
0x00007ffb35040000 - 0x00007ffb35101000 	C:\Windows\system32\OLEAUT32.dll
0x00007ffb313f0000 - 0x00007ffb31469000 	C:\Windows\system32\apphelp.dll
0x00007ffb30890000 - 0x00007ffb308b2000 	C:\Windows\system32\DWMAPI.DLL
0x00007ffb31510000 - 0x00007ffb315a6000 	C:\Windows\system32\uxtheme.dll
0x00007ffb35460000 - 0x00007ffb355ba000 	C:\Windows\system32\MSCTF.dll
0x00007ffb35910000 - 0x00007ffb35a53000 	C:\Windows\system32\ole32.dll
0x00007ffaf73a0000 - 0x00007ffaf75b0000 	C:\Windows\system32\d3d9.dll
0x00007ffaf61c0000 - 0x00007ffaf7397000 	C:\Windows\SYSTEM32\nvd3dumx.dll
0x00007ffb2ef40000 - 0x00007ffb2ef4a000 	C:\Windows\SYSTEM32\VERSION.dll
0x00007ffb16da0000 - 0x00007ffb17006000 	C:\Windows\system32\nvspcap64.dll
0x00007ffb32150000 - 0x00007ffb32181000 	C:\Windows\SYSTEM32\ntmarta.dll
0x0000000053d40000 - 0x0000000053d87000 	C:\Program Files\jdk1.8.0_25\jre\bin\fontmanager.dll
0x0000000069480000 - 0x000000006b070000 	C:\Users\vlatkozelka\.javacpp\cache\nd4j-native-1.0.0-alpha-windows-x86_64.jar\org\nd4j\nativeblas\windows-x86_64\libnd4jcpu.dll
0x0000000053fa0000 - 0x0000000053fb1000 	C:\Program Files\jdk1.8.0_25\jre\bin\nio.dll
0x0000000066880000 - 0x0000000066e41000 	C:\Users\vlatkozelka\.javacpp\cache\nd4j-native-1.0.0-alpha-windows-x86_64.jar\org\nd4j\nativeblas\windows-x86_64\jnind4jcpu.dll
0x000000006d7c0000 - 0x000000006f95e000 	C:\Users\vlatkozelka\.javacpp\cache\openblas-0.2.20-1.4.1-windows-x86_64.jar\org\bytedeco\javacpp\windows-x86_64\libopenblas.dll
0x0000000067800000 - 0x0000000068570000 	C:\Users\vlatkozelka\.javacpp\cache\openblas-0.2.20-1.4.1-windows-x86_64.jar\org\bytedeco\javacpp\windows-x86_64\jniopenblas.dll
0x00007ffb325e0000 - 0x00007ffb325f7000 	C:\Windows\SYSTEM32\CRYPTSP.dll
0x00007ffb32270000 - 0x00007ffb322a4000 	C:\Windows\system32\rsaenh.dll
0x00007ffb32800000 - 0x00007ffb32829000 	C:\Windows\SYSTEM32\bcrypt.dll
0x00007ffb323c0000 - 0x00007ffb323df000 	C:\Windows\SYSTEM32\USERENV.dll
0x00007ffb32700000 - 0x00007ffb3270b000 	C:\Windows\SYSTEM32\CRYPTBASE.dll
0x00007ffb2f1e0000 - 0x00007ffb2f218000 	C:\Windows\SYSTEM32\IPHLPAPI.DLL
0x00007ffb365b0000 - 0x00007ffb365b8000 	C:\Windows\system32\NSI.dll
0x00007ffb2f0b0000 - 0x00007ffb2f0c6000 	C:\Windows\SYSTEM32\dhcpcsvc6.DLL
0x00007ffb2f160000 - 0x00007ffb2f17a000 	C:\Windows\SYSTEM32\dhcpcsvc.DLL
0x00007ffb03ea0000 - 0x00007ffb03ef1000 	C:\Users\vlatkozelka\.javacpp\cache\hdf5-1.10.1-1.4.1-windows-x86_64.jar\org\bytedeco\javacpp\windows-x86_64\concrt140.dll
0x00007ffb03730000 - 0x00007ffb037cc000 	C:\Windows\SYSTEM32\MSVCP140.dll
0x00007ffb14430000 - 0x00007ffb14446000 	C:\Windows\SYSTEM32\VCRUNTIME140.dll
0x00007ffb31da0000 - 0x00007ffb31e94000 	C:\Windows\SYSTEM32\ucrtbase.dll
0x00007ffb03550000 - 0x00007ffb035ed000 	C:\Users\vlatkozelka\.javacpp\cache\hdf5-1.10.1-1.4.1-windows-x86_64.jar\org\bytedeco\javacpp\windows-x86_64\msvcp140.dll
0x00007ffb14320000 - 0x00007ffb14337000 	C:\Users\vlatkozelka\.javacpp\cache\hdf5-1.10.1-1.4.1-windows-x86_64.jar\org\bytedeco\javacpp\windows-x86_64\vcruntime140.dll
0x00000000229b0000 - 0x00000000229b3000 	C:\Users\vlatkozelka\.javacpp\cache\hdf5-1.10.1-1.4.1-windows-x86_64.jar\org\bytedeco\javacpp\windows-x86_64\api-ms-win-crt-locale-l1-1-0.dll
0x00000000229c0000 - 0x00000000229c4000 	C:\Users\vlatkozelka\.javacpp\cache\hdf5-1.10.1-1.4.1-windows-x86_64.jar\org\bytedeco\javacpp\windows-x86_64\api-ms-win-crt-string-l1-1-0.dll
0x00000000229d0000 - 0x00000000229d4000 	C:\Users\vlatkozelka\.javacpp\cache\hdf5-1.10.1-1.4.1-windows-x86_64.jar\org\bytedeco\javacpp\windows-x86_64\api-ms-win-crt-stdio-l1-1-0.dll
0x0000000033490000 - 0x0000000033495000 	C:\Users\vlatkozelka\.javacpp\cache\hdf5-1.10.1-1.4.1-windows-x86_64.jar\org\bytedeco\javacpp\windows-x86_64\api-ms-win-crt-math-l1-1-0.dll
0x00000000334a0000 - 0x00000000334a3000 	C:\Users\vlatkozelka\.javacpp\cache\hdf5-1.10.1-1.4.1-windows-x86_64.jar\org\bytedeco\javacpp\windows-x86_64\api-ms-win-crt-heap-l1-1-0.dll
0x00000000334b0000 - 0x00000000334b4000 	C:\Users\vlatkozelka\.javacpp\cache\hdf5-1.10.1-1.4.1-windows-x86_64.jar\org\bytedeco\javacpp\windows-x86_64\api-ms-win-crt-runtime-l1-1-0.dll
0x00000000334c0000 - 0x00000000334c4000 	C:\Users\vlatkozelka\.javacpp\cache\hdf5-1.10.1-1.4.1-windows-x86_64.jar\org\bytedeco\javacpp\windows-x86_64\api-ms-win-crt-convert-l1-1-0.dll
0x00000000334d0000 - 0x00000000334d3000 	C:\Users\vlatkozelka\.javacpp\cache\hdf5-1.10.1-1.4.1-windows-x86_64.jar\org\bytedeco\javacpp\windows-x86_64\api-ms-win-crt-environment-l1-1-0.dll
0x00000000334e0000 - 0x00000000334e3000 	C:\Users\vlatkozelka\.javacpp\cache\hdf5-1.10.1-1.4.1-windows-x86_64.jar\org\bytedeco\javacpp\windows-x86_64\api-ms-win-crt-time-l1-1-0.dll
0x00000000334f0000 - 0x00000000334f3000 	C:\Users\vlatkozelka\.javacpp\cache\hdf5-1.10.1-1.4.1-windows-x86_64.jar\org\bytedeco\javacpp\windows-x86_64\api-ms-win-crt-filesystem-l1-1-0.dll
0x0000000033500000 - 0x0000000033503000 	C:\Users\vlatkozelka\.javacpp\cache\hdf5-1.10.1-1.4.1-windows-x86_64.jar\org\bytedeco\javacpp\windows-x86_64\api-ms-win-crt-utility-l1-1-0.dll
0x0000000033510000 - 0x0000000033515000 	C:\Users\vlatkozelka\.javacpp\cache\hdf5-1.10.1-1.4.1-windows-x86_64.jar\org\bytedeco\javacpp\windows-x86_64\api-ms-win-crt-multibyte-l1-1-0.dll
0x00007ffaf5eb0000 - 0x00007ffaf61b4000 	C:\Users\vlatkozelka\.javacpp\cache\opencv-3.4.1-1.4.1-windows-x86_64.jar\org\bytedeco\javacpp\windows-x86_64\opencv_core341.dll
0x00007ffaf4f80000 - 0x00007ffaf5385000 	C:\Users\vlatkozelka\.javacpp\cache\opencv-3.4.1-1.4.1-windows-x86_64.jar\org\bytedeco\javacpp\windows-x86_64\opencv_imgproc341.dll
0x00007ffaf5b20000 - 0x00007ffaf5eae000 	C:\Users\vlatkozelka\.javacpp\cache\opencv-3.4.1-1.4.1-windows-x86_64.jar\org\bytedeco\javacpp\windows-x86_64\jniopencv_core.dll
0x00007ffb2c1c0000 - 0x00007ffb2c34c000 	C:\Windows\SYSTEM32\dbghelp.dll

VM Arguments:
jvm_args: -javaagent:C:\Program Files\JetBrains\IntelliJ IDEA Community Edition 2018.1.3\lib\idea_rt.jar=57858:C:\Program Files\JetBrains\IntelliJ IDEA Community Edition 2018.1.3\bin -Dfile.encoding=UTF-8 
java_command: Main
java_class_path (initial): C:\Program Files\jdk1.8.0_25\jre\lib\charsets.jar;C:\Program Files\jdk1.8.0_25\jre\lib\deploy.jar;C:\Program Files\jdk1.8.0_25\jre\lib\ext\access-bridge-64.jar;C:\Program Files\jdk1.8.0_25\jre\lib\ext\cldrdata.jar;C:\Program Files\jdk1.8.0_25\jre\lib\ext\comm.jar;C:\Program Files\jdk1.8.0_25\jre\lib\ext\dnsns.jar;C:\Program Files\jdk1.8.0_25\jre\lib\ext\jaccess.jar;C:\Program Files\jdk1.8.0_25\jre\lib\ext\jfxrt.jar;C:\Program Files\jdk1.8.0_25\jre\lib\ext\localedata.jar;C:\Program Files\jdk1.8.0_25\jre\lib\ext\nashorn.jar;C:\Program Files\jdk1.8.0_25\jre\lib\ext\sunec.jar;C:\Program Files\jdk1.8.0_25\jre\lib\ext\sunjce_provider.jar;C:\Program Files\jdk1.8.0_25\jre\lib\ext\sunmscapi.jar;C:\Program Files\jdk1.8.0_25\jre\lib\ext\sunpkcs11.jar;C:\Program Files\jdk1.8.0_25\jre\lib\ext\zipfs.jar;C:\Program Files\jdk1.8.0_25\jre\lib\javaws.jar;C:\Program Files\jdk1.8.0_25\jre\lib\jce.jar;C:\Program Files\jdk1.8.0_25\jre\lib\jfr.jar;C:\Program Files\jdk1.8.0_25\jre\lib\jfxswt.jar;C:\Program Files\jdk1.8.0_25\jre\lib\jsse.jar;C:\Program Files\jdk1.8.0_25\jre\lib\management-agent.jar;C:\Program Files\jdk1.8.0_25\jre\lib\plugin.jar;C:\Program Files\jdk1.8.0_25\jre\lib\resources.jar;C:\Program Files\jdk1.8.0_25\jre\lib\rt.jar;C:\Users\vlatkozelka\IdeaProjects\MNIST\AI\out\production\classes;C:\Users\vlatkozelka\IdeaProjects\MNIST\AI\libs\gym-java-client-1.0.0-SNAPSHOT-javadoc.jar;C:\Users\vlatkozelka\IdeaProjects\MNIST\AI\libs\gym-java-client-1.0.0-SNAPSHOT-sources.jar;C:\Users\vlatkozelka\IdeaProjects\MNIST\AI\libs\rl4j-api-1.0.0-SNAPSHOT-javadoc.jar;C:\Users\vlatkozelka\IdeaProjects\MNIST\AI\libs\rl4j-core-1.0.0-SNAPSHOT-sources.jar;C:\Users\vlatkozelka\IdeaProjects\MNIST\AI\libs\rl4j-core-1.0.0-SNAPSHOT.jar;C:\Users\vlatkozelka\IdeaProjects\MNIST\AI\libs\rl4j-api-1.0.0-SNAPSHOT-sources.jar;C:\Users\vlatkozelka\IdeaProjects\MNIST\AI\libs\gym-java-client-1.0.0-SNAPSHOT.jar;C:\Users\vlatkozelka\IdeaProjects\MNIST\AI\libs\rl4j-api-1.0.0-SNAPSHOT.jar;
Launcher Type: SUN_STANDARD

Environment Variables:
JAVA_HOME=C:\Program Files\jdk1.8.0_25
PATH=C:\Program Files\NVIDIA GPU Computing Toolkit\CUDA\v8.0\bin;C:\Program Files\NVIDIA GPU Computing Toolkit\CUDA\v8.0\libnvvp;C:\Program Files\NVIDIA GPU Computing Toolkit\CUDA\v9.1\bin;C:\Program Files\NVIDIA GPU Computing Toolkit\CUDA\v9.1\libnvvp;C:\Program Files (x86)\NVIDIA Corporation\PhysX\Common;C:\ProgramData\Oracle\Java\javapath;C:\Program Files (x86)\Intel\iCLS Client\;C:\Program Files\Intel\iCLS Client\;C:\Windows\system32;C:\Windows;C:\Windows\System32\Wbem;C:\Windows\System32\WindowsPowerShell\v1.0\;C:\Program Files\jdk1.8.0_25\bin;C:\Program Files\Git\cmd;C:\Program Files\Intel\Intel(R) Management Engine Components\DAL;C:\Program Files (x86)\Intel\Intel(R) Management Engine Components\DAL;C:\Program Files\Intel\Intel(R) Management Engine Components\IPT;C:\wamp\bin\php\php5.5.12;C:\Users\vlatkozelka\AppData\Local\Android\Sdk\platform-tools;C:\Program Files (x86)\GtkSharp\2.12\bin;C:\Program Files\Microsoft SQL Server\Client SDK\ODBC\110\Tools\Binn\;C:\Program Files (x86)\Microsoft SQL Server\120\Tools\Binn\;C:\Program Files\Microsoft SQL Server\120\Tools\Binn\;C:\Program Files\Microsoft SQL Server\120\DTS\Binn\;C:\FFmpeg install\ffmpeg-20141115-git-933eca9-win64-static\bin;C:\Program Files\MATLAB\R2016a\runtime\win64;C:\Program Files\MATLAB\R2016a\bin;C:\Program Files\MATLAB\R2016a\polyspace\bin;C:\Program Files (x86)\IVI Foundation\VISA\WinNT\Bin;C:\Python;C:\Program Files\PuTTY\;C:\Program Files\nodejs\;C:\xianyi-OpenBLAS-6d2da63\;C:\Users\vlatkozelka\AppData\Local\Programs\Python\Launcher\;C:\Users\vlatkozelka\AppData\Roaming\Composer\vendor\bin;C:\Users\vlatkozelka\AppData\Roaming\npm
USERNAME=vlatkozelka
OS=Windows_NT
PROCESSOR_IDENTIFIER=Intel64 Family 6 Model 158 Stepping 10, GenuineIntel



---------------  S Y S T E M  ---------------

OS: Windows 8.1 , 64 bit Build 9600 

CPU:total 6 (6 cores per cpu, 1 threads per core) family 6 model 158 stepping 10, cmov, cx8, fxsr, mmx, sse, sse2, sse3, ssse3, sse4.1, sse4.2, popcnt, avx, avx2, aes, clmul, erms, rtm, lzcnt, tsc, tscinvbit, bmi1, bmi2

Memory: 4k page, physical 8247256k(2383252k free), swap 17463256k(6370948k free)

vm_info: Java HotSpot(TM) 64-Bit Server VM (25.25-b02) for windows-amd64 JRE (1.8.0_25-b18), built on Oct  7 2014 14:25:37 by "java_re" with MS VC++ 10.0 (VS2010)

time: Wed May 16 02:20:16 2018
elapsed time: 4 seconds (0d 0h 0m 4s)

